3091.76
2919.22
3163.65
3122.7
3217.78
4414.48
3519.7
5002.54
5993.65
5720.23
6701.94
3587.48
338.764
4650.19
1547.85
2857.81
4647.15
6800.75
5105.08
7708.6
5132.08
3290.05
3584.95
3043.77
3866.9
3083.64
4029.34
3966.21
3755.32
3282.59
3977.66
4844.88
6633.76
2363.71
4925.98
3385.52
357.422
1238.29
4261.97
4151.8
3434.4
7507.84
6605.21
5123.11
7073.68
2494.83
2771.04
2690.96
3066.36
2831.39
2919.29
3887.55
3259.44
3674.08
3855.31
4776.73
4252.35
5220.36
1157.65
6329.13
3796.47
812.162
1538.87
4227.85
3294.58
4697.26
4181.18
6326.42
4538.82
2507.52
2634.67
2631.46
3079.68
3050.73
2976.27
2960.57
3114.19
3413.45
3138.02
8917.09
4428.93
5292.2
797.349
49.1412
926.606
6587.1
1867.3
4323.79
4543.37
4469.15
4934.68
4697.03
6932.56
3907.69
2588.03
4511.06
2668.13
3878.08
2994.62
3951.34
3306.92
3356.45
3529.16
5355.81
4348.76
8573.67
1461.71
3749.53
276.906
3290.95
3975.86
2088.97
3316.43
3973.71
4759.84
4770.08
4337.24
2542.9
2482.49
3989.69
3797.32
2941.2
3770.91
2980.2
2981.63
4061.56
3522.46
7926.85
6152.78
8883.92
4640.36
3365.55
439.486
840.903
4111.44
6490.61
2887.52
4445.1
4519.05
6190.48
4826.65
2618.42
2872.27
2646.84
2699.77
3520.12
3790.3
3315.47
4045.72
3938.87
4112.5
4555.79
7439.28
2480.62
1364.05
379.321
3544.14
1031.61
1908.84
2086.88
2909.76
4282.89
4577.26
7663.29
4593.07
3556.58
3593.34
3015.16
3709.44
3923.58
3318.62
3389.41
3394.34
3806.5
4149.95
5007.04
6365.05
2170.89
6869.08
301.969
3429.67
862.47
1657.73
2165.75
2741.96
3784.61
4737.42
4314.36
6606.82
3638.98
2800.36
2950.22
4311.6
3189.32
3194.82
3243.6
3987.47
3289.49
3518.78
5669.69
6977.79
5804.57
1436.13
269.573
620.287
804.273
1691.13
2466.42
2622.6
7393.63
4172.44
4960.09
4535.77
2550.05
2626.07
3646.59
2871.73
3666.02
3137.94
4154.99
3404.46
3301.55
3578.36
6766.31
4250.12
2721.7
1338.35
318.358
742.879
4881.77
3782.09
2474.37
2900.51
4211.39
4217.87
8453.03
4839.64
3569.9
2656.02
2994.85
2760.35
3639.22
3100.42
3215.75
3251.4
3924.47
4574.77
7236.88
4183.39
3079.63
6536.48
550.798
866.68
6748.28
1662.52
4400.55
2923.34
7084.62
4454.66
6352.62
5099.26
2672.83
2657.09
3662.23
3223.58
4345.37
3435.43
4236.26
4632.53
3270.98
3591.29
7606.57
4710.09
5817.47
1175.17
825.07
1016.09
3652.49
1316.36
2344.83
2933.12
4350.2
5222.66
5190.96
4718.81
3718.23
4127.86
4409.07
2948.93
3151.99
3217.97
3149.25
4210.14
3942.49
4040.52
8592.82
4723.43
6067.78
1113.11
821.544
4026.92
3490.37
1711.49
2937.89
5529.36
4583.54
4570.5
6905.33
6823.7
4353.72
2934.18
2857.38
2956.14
3453.25
3329.04
3244.35
3442.5
3295.85
3590.29
7072.89
4086.7
2490.78
1652.93
475.588
590.303
1118.9
5556.78
2750.41
3399.52
6023.86
6880.29
6813.11
6912.32
2358.52
2586.35
3050.05
2996.19
3167.32
3098.01
3226.01
4269.3
4048.43
4273.6
7699.64
4368.98
7680.54
1479.21
3725.72
5411.86
804.555
1467.88
6351.76
5114.93
6076.8
4970.71
4653.72
5123.31
3997.77
3723.23
2775.82
2891.56
3910.35
3081.55
3464.95
3278.53
4022.46
3405.38
5048.37
6834.42
5450.71
4619.43
475.629
3867.42
875.681
1788.82
2312.04
2914.87
4548.4
4438.16
4756.5
6441.49
2527.22
2492.09
3003.75
2980.07
3868.8
3867.15
4012.83
3513.79
4161.74
3672.63
7558.21
6733.14
2155.44
716.013
211.235
3661.82
3789.67
1775.31
2795.42
2944.89
4154.18
4483.15
8472.27
5146.23
3786.77
2517.58
2855.25
3679.89
3815.28
2974.27
4124.61
3305.73
4447.39
4365.82
5264.65
3587.49
5666.43
4604.01
160.69
1218.48
485.159
1391.71
6654.29
3346.5
4459.54
4539.95
5094.75
4647.59
2482.12
4008.52
3973.18
3261.93
4632.86
4188.95
3491.44
3427.27
3422.1
3664.1
5605.21
6694.4
2662.42
1070.46
3726.42
805.301
899.414
1607.93
2657.63
4701.01
4030.46
5086.52
6736.57
5105.22
2734.65
2648.82
3886.08
3191.55
3077.14
3309.32
3372.15
4286.51
3620.88
4219.23
5536.63
4047.42
2900.36
5284.38
3801.56
1101.01
390.957
1715.78
4740.55
5188.1
8061.94
7869.22
5283.24
4876.41
4230.27
2571.55
3945.34
3122.52
4190.11
3019.21
3357.81
3277.45
4720.18
3483.85
5544.25
3747.49
2598.61
1006.29
3376.19
4016.35
580.795
1655.47
6472.77
5079.53
4624.58
6942.12
5196.3
5078.65
2916.81
4322.38
2821.44
3132.68
3381.8
4070.9
3450.16
3277.72
3419.45
3355.79
5079.7
3762.22
5615.53
1304.91
249.628
1084.56
426.518
1221.02
2393.72
5576.51
4351.99
4695.24
4727.42
5244.72
3441.89
2834.97
4330.04
4108.74
4385.67
3927.17
3603
3429.17
3360.18
4658.15
4950.02
4326.35
2283.34
7181.04
3818.08
472.871
792.119
1335.22
4618.78
5096.86
4402.39
4929.7
5007.4
5498.98
2913.03
2438.6
3568.13
3173.25
3912.53
3378.78
3252.14
3289.84
3298.94
4735.78
7293.21
4076.41
2211.33
1309.34
235.083
3361.26
5157.58
1523.82
4416.69
2751.84
4136.1
6550.98
6859.52
4931.9
2825.74
2413.75
3097.02
3768.07
3113.49
3353
3197.59
3356.72
3256.35
3254.81
6941.74
6679.64
2409.17
1526.76
352.985
987.281
832.281
1691.16
4289.92
5461.8
7432.54
4556.89
4990.95
5213.97
4000.39
2937.8
4230.75
3115.62
4458.3
3211.3
3404.04
3373.55
3700.83
3376.45
5593.76
7829.43
6149.39
4664.08
358.196
3968.07
6328.98
4199.62
2425.04
2869.22
6183.66
4231.48
5223.95
5062.24
3736.04
2672.46
3132.42
3608.55
3155.58
3738.04
3542.07
3264.44
3457.65
3443.86
5531.95
3782.38
3016.9
4928.47
99.5889
3301.82
401.069
1061.19
2362.55
2487.86
4179.29
4557.68
4411.88
7514.3
3900.46
2634.09
4686.2
3188.95
3055.01
3830.09
3322.59
3211.62
3321.54
3309.72
7863.79
3715.25
2929.08
6647.65
3485.87
257.452
3420.94
1626.14
5004.31
3036.47
3833.99
6774.95
7866.26
7786.93
2628.06
3581.18
3911.22
3822.66
3300.87
3060.39
3981.86
4298.62
3506.38
3560.2
4952.34
4344.64
2372.82
1732.57
377.875
844.913
3781.81
1214.97
2233.26
2713.29
3643.41
7612.49
4574.2
7206.95
3599.19
2771.44
3157.31
4264.31
4241.42
4183.84
3233.86
4216.11
4076.13
3470.73
5043.27
3787.16
2949.88
1715.62
570.346
495.872
3330.83
1062.27
2084.16
4967.43
4075.09
4178.21
4630.04
8004.35
3016.23
3793.47
3122.72
3284.42
3132.91
3532.78
3643.25
3213.61
4303.11
3412.81
5304.7
4555.58
2520.99
1160.2
4954.16
3710.76
867.271
3748.08
4445.25
2616.15
3662.48
4535.59
4720.01
5813.61
2715.18
2914.23
3797.8
3017.3
4488.87
4014.35
3604.6
3480.72
4105.2
3486.72
5005.11
3675.21
2381.01
6641.36
-37.8904
4787.81
2989.83
1077.03
3828.9
5610.76
4040.32
4380.33
5167.24
5185.66
2965.8
3129.57
3066.48
3977.48
3145.55
3218.15
3550.08
3909.26
3553.3
3159.38
7489.76
3596.92
5741.93
1132.15
-186.296
-243.626
-83.4792
3407.63
1616.97
2679.2
3499.99
4866.36
7099.32
5597.88
3396
2788.13
3082.71
3350.78
3327.59
3200.11
3280.87
3465.42
3960.46
3492.02
7071.64
3835.78
5551.3
4942.35
-18.3348
4493.97
416.336
1084.02
1809.51
2739.14
5643.89
6761.22
5194.74
7698.37
3026.91
3675.49
4227.74
3974.98
3169.96
4159.94
3831.75
3374.49
3748.26
3262.64
7683.55
3661.51
1740.24
476.309
4876.61
-316.987
173.212
768.181
4109.38
4361.37
4052.07
4873.32
5261.9
5486.57
2756.11
2814.74
3588.62
4379.5
4070.71
3846.71
3661.64
3961.08
4649.35
3375.7
8237.78
3121.76
1972.18
1053.65
-299.031
-296.557
72.1704
793.76
1852.32
4475.05
3385.74
6106.05
4969.25
7076.95
2678.49
3864.09
3886.11
3006.79
3239.83
4102.5
3386.66
3354.62
3528.52
3081.18
9017.07
3199.92
2137.96
223.75
-39.4073
3161.43
4703.98
910.699
1401.84
4009.72
6570.57
4481.23
6254.47
6595.94
2637.16
2969.07
3094.33
3304.29
3208.8
3545.72
3512.25
4581.4
4587.46
4022.51
5575.81
3074.29
6782.72
717.532
-294.629
2589.61
2631.71
823.154
1251.18
2253.06
8084.78
6631.62
5037.63
4677.77
3552.93
3468.09
3713.86
3940.9
3676.37
3762.18
3493.62
3539.04
3367.62
3123.23
5285.14
5964.24
7092.45
17.6842
3080.66
-179.522
-554.561
4932.04
1065.67
5291.29
6858.12
6863.1
6432.36
4638.53
4006.99
3608.48
3259.14
3850.87
4214.94
4475.16
3365.46
3392.38
3672.3
3113.55
5446.11
3599.74
4704.63
5843.13
84
-287.142
-306.197
402.322
1265.62
1900.76
5221.61
5946.52
4506.35
6473.2
3556.25
2834.93
4271.92
3198.2
4422.83
3394.29
3298.72
4104.59
3936.58
3419.99
4622.95
5998.14
1380.14
426.633
2916.68
3033.6
-431.713
3357.16
987.739
1526.3
6198.96
6245.63
4587.86
6812.79
3661.04
2725.87
3028.45
2881.62
3047.34
3938.08
3803.37
4058.59
3920.11
4049.14
7050.78
2754.9
1064.17
-250.737
2647.28
2552.35
2908.4
166.106
760.885
3861.51
5649.42
6150.32
5027.45
4310.19
2731.38
2711.27
2889.42
3197.08
3883.87
3921.81
3474.13
3789.41
3408.75
2994.81
6892.43
2628.09
1232.27
6271.56
4315.51
2750.66
-612.732
-203.196
419.365
3822.8
2456.05
3481.29
4665
4577.36
3664.51
2806.67
4201.17
3151.11
3631.34
3095.78
3116.52
3171.54
3383.83
4002.55
8876.8
6150.75
1245.67
3873.03
2417.75
-413.086
-927.292
-67.9548
2859.89
1068.58
2371
3390.95
6058.25
4951.64
2443.44
3607.61
2919.7
3113.15
3920.42
3303.05
4235.85
3423.2
3792.11
4087.58
6888.34
5595.17
868.964
-234.833
-737.216
2399.18
2033.46
2989.79
3411.4
1091.32
3141.41
5794.71
8047.05
4167.36
3365.87
2530.41
3482.83
3544.62
3268.67
3240.42
2983.19
3152.69
3296.93
3291.52
7277.53
3149.38
1301.97
-574.277
2372.53
-620.755
1908.89
2888.4
853.87
1000.25
2119.29
5021.49
4673.13
4055.4
3330.99
2359.6
2701.92
3036.85
3044.51
2987.48
3561.92
3748.29
3396.31
2923.08
4501.58
7231.75
4773.54
3669.67
-920.644
-944.573
-986.017
5.07342
4518.76
1121.98
2652.85
3539.63
4296.32
5581.99
2431.36
3196.38
2493.95
2701.48
2986.73
3714.31
3818.12
3235.71
3225.84
3035.45
7414.39
5433.43
3957.16
-810.702
-1164.07
-873.115
-816.729
-437.251
75.4296
4477.73
1789.75
6052.36
5844.05
6582.69
2279.42
3665.39
2633.97
3538.46
3915.24
3154.95
2939.25
3522.73
3262.1
2874.84
4890.42
7151.59
511.469
-782.988
5634.49
-995.421
-954.456
3685.51
123.512
3454.7
4350.68
5170.24
4039.1
4456.9
2158.08
2705.03
2486.89
2900.29
3453.84
2864.45
2799.37
2959.79
2933.9
3826.65
7951.54
5629.82
3826.21
-592.872
-854.998
-757.002
-630.451
-335.335
281.562
654.601
2174.73
6403.51
3891.36
4544.95
2520.8
2718.53
3684.43
3174.6
3101.54
3343.39
3095.78
3426.83
3039.34
3103.21
8183.16
6799.57
6108.42
3285.34
-1178.05
-1262.8
-933.872
-269.437
467.326
3462.07
1719.28
3208.74
3770.2
4724.3
2324.4
2771.33
2741.48
2924.5
2698.17
3066.46
3167.49
3754.31
3147.36
2987.98
4591.96
2520.59
-16.642
-885.811
-1239.66
-1151.93
-963.772
-50.0807
183.137
2928.96
3807.03
3391.33
5262.52
5597.27
3447.27
3438.72
2671.31
3507.34
4041.43
2855.62
3462.47
2697.9
3039.4
3664.42
5871.32
4699.55
735.841
5126.61
1957.35
-930.742
2242.48
3865.53
419.884
1118.27
1628.12
3176.12
4394.33
5368.58
2227.1
2268.31
3045.45
3697.6
2610.99
3271.64
3483.19
3093.22
3040.81
3965.24
5700.23
1751.4
67.4005
-875.321
-1403.54
2024.06
-908.902
3604.72
3583.85
451.372
1496.82
4779.02
7117.18
6118.87
3465.76
3148.36
2469.29
2450.01
2872.73
2906.68
3262.45
3077.66
3742.77
3506.59
8388.94
4901.48
3939.3
-1021.01
3701.71
-1138.61
1781.97
2116.73
613.308
4244.01
4338.22
4352.81
3624.87
4320.36
2319.24
2563.5
2253.65
3499.33
2725.79
2824.41
2722.28
2731.78
3086.44
3472.76
6038.39
1820.91
3711.09
-629.919
-911.131
1857.38
-969.34
-481.28
133.393
362.435
1842.11
2997.6
5736.6
5361.54
2225.94
3177.99
2487.72
2454.45
3426.55
3269.18
2778.08
3018.21
3475.86
3674.55
4159.5
2320.3
5072.17
-891.251
1998
-1319.65
3370.7
-733.31
-2.18018
829.078
6372.07
2522.69
4242.91
3636.5
2211.61
2578.18
3129.51
2695.83
3637.79
3578.78
2922.29
3045.48
2779.76
2843.01
7966.37
1852.63
3928.98
4902.71
1709.31
-1300.25
4744.59
3642.84
2221.46
2743.66
1123.43
4457.16
5089.32
4000
2357.85
2400.49
3060.71
2454.85
2920.13
2765.07
3005.12
3560.83
2685.83
2714.5
4080.22
1965.21
154.046
2539.74
1706.02
1863.38
1423.79
-826.282
2661.28
477.71
4114.82
2826.36
3384.36
5253.86
2291.14
2912.3
3275.11
2619.24
2831.43
3285.61
3474.29
3541.82
2746.56
2950.11
2653.37
4147.56
2887.4
-1973.51
3535.45
-2123.52
-1564.14
3529.13
-274.536
4087.59
1498.56
2339.35
3556.58
6339.59
3227.28
2079.82
2188.13
2641.24
2730.6
2769.72
3361.19
2851.97
2786.76
2309.01
5016.21
3752.65
-1295.75
-2167.83
-1946.64
3278.03
-1514.11
1932.48
-394.772
-45.6351
1622.31
2656.45
5508.4
3592.11
3737.26
3042.53
2364.16
3077.13
3251.09
3471.93
3656.7
3279.39
3465.99
2961.48
2899.85
442.693
-1351.47
-1979.49
1532.45
-2033.54
-2236.5
1516.87
-792.234
-187.597
958.974
4646.2
3202.39
3841.49
3032.37
2162.41
3182.26
2332.56
3753.28
2772.48
2577.45
2558.69
4104.47
2241.79
2517.76
4123.75
6722.69
1961.67
-1896.58
-1921.62
2631.53
-1552.25
-688.385
2114.07
718.446
2681.9
5296.34
5760.23
1961.38
2353
2361.9
3270.31
2305.82
2534.66
2884.61
2500.19
2472.94
2255.31
2078.21
549.252
-953.827
-1647.15
1408.23
-1965.22
-2298.18
-1538.15
-918.576
22.3627
802.682
2251.12
2928.53
3657.09
1808.6
2099.38
3046.83
2519.35
2678.27
2616.03
2739.7
2521.02
3048.83
2171.54
2089.33
138.675
-1344.7
1924.15
-2550.52
1243.98
-2399.18
3117.28
-1075.71
2578.82
3453.37
4014.84
6113.86
4771.86
2695.69
2000.91
2298.48
3608.46
2966.33
3333.83
2826.59
2829.63
2672.52
2146.79
4533.83
1.26697
2779.17
1734.35
5041.67
-2369.64
546.649
1201.31
1480.49
2147.96
291.335
2143.84
3282.79
4974.43
2031.45
2202.69
3015.32
2912.38
3493.07
3032.55
2562.99
2484.68
2735.67
1889.3
6285.65
3407.99
2211.33
-2160.57
1007.77
378.945
-2476.98
-1637.8
2836.02
-624.653
526.727
1263.84
2852.22
5005.22
2595.49
2683.27
2108.95
2416.59
3551.59
2368.61
2600.8
2518.92
2610.81
3043.07
2649.17
272.817
-1531.87
-2629.57
759.158
-2704.59
903.81
665.714
2768.44
-249.515
4321.41
1677.78
5829.55
4532.25
1891.38
2886.64
2924.34
3151.33
3245.29
2483.75
3087.11
3310.54
2986.09
1957.78
2137.8
111.192
-1806.69
-2560.11
-2642.7
513.557
-2741.58
879.351
-1447.01
-954.179
-483.259
1087.65
2476.87
3116.76
1967.79
2556.26
3100.93
2945.36
2906.14
3243.15
2542.82
2406.63
2991.84
1833.11
2270.22
3632.45
4339.39
-2960.87
-2815.91
-2813.15
2571.38
-2020.08
-1228.96
-777.313
22.1147
1243.81
4773.92
2908.67
2674.56
2811.32
1964.33
2209.62
3441.84
3182.36
2380.41
2719.51
2283.13
1753.09
2223.74
-86.8313
1462.38
-2981.72
246.276
489.052
-2428.8
-2014.31
-1313.38
-477.786
-331.19
3286.76
2691.21
2811.6
1857.86
2871.74
2010.2
2152.4
2344.82
2524.62
2608.07
3409.08
3367.42
1750.06
1871.22
-659.653
-1723.56
3181.38
-2745.76
-2782.14
155.861
-2234.96
2564.67
-799.295
-433.342
1062.21
2335.82
4330
1573.32
2527.86
2353.18
2811.11
2708.02
2284.46
3095.11
2747.99
2543.69
1750.97
272.91
-1168.23
-2791.74
3307.56
-3414.79
-3065.66
-3018.57
749.36
-1452.41
-465.324
632.003
2240.56
4546.37
3275.67
2012.94
2253.52
2804.05
2856.18
2929.69
2606.43
2520.11
2482.42
2233.5
1427.52
200.72
2108.28
-2653.41
-3442.79
-3067.4
-104.374
-3196.48
-2259.53
-1793.34
-204.017
1238.37
2583.99
4322.14
3676.67
2073.51
1900.56
2680.32
2777.23
3202.68
3443.67
2306.87
2424.06
2152.48
2772.57
3372.73
1631.32
-3270.94
-3887.03
-3375.8
-87.6683
2074.67
287.803
-1745.61
-587.457
1266.62
3611.34
4868.6
3609.15
1775.08
2868.67
2973
2380.63
2103.75
3186.4
2701.05
3168.51
2609.23
2432.56
3055.53
2025.08
-3074.33
-3771.38
-194.615
1754.31
-3159.2
-2497.11
-1522.65
1788.98
447.392
2264.97
2506.84
2785.56
2054.1
1882.86
3170.15
2633.52
2023.31
3242.92
2635.6
2805.07
3374.57
2703.03
419.875
1494.34
2709.67
-4389.58
-3505.93
2014.98
1822.33
-2542.29
-1878.78
-817.577
827.244
4045.31
2428.9
4866.34
1788.07
1770.58
2169.72
2856.57
2376.01
3227.12
2311.95
2523.85
2183.87
2850.45
282.224
-2138.04
3019.21
-3776.24
-3476.75
-3522.35
-3664.82
-2607.03
4181.52
-387.831
780.13
1573.67
2611.67
4305.88
1592.15
1869.87
2736.21
1889.88
2241.67
2669.07
3029.15
2483.98
2750.04
1238.28
2580.29
1303.32
-3118.62
15.7957
-3686.05
-3368.87
-3476.02
-2806.32
-2032.32
1427.98
2766.94
1434.79
2372.11
2749.26
1631.56
1638.31
1992.62
2074.33
2798.12
2382.05
2467.05
2595.08
2243.79
1423.81
-453.163
-1613.27
609.002
-4367.25
-3745.91
-3807.91
-3253.99
-2656.6
-2011.01
1332.83
4036.42
2070.78
2823.12
2549.97
3227.16
1559.64
3129.08
2105.48
2235.84
2396.88
2988.8
2233.9
2344.42
2356.74
2783.48
-2019.95
-3644.88
233.091
-3428.73
-3741.83
-415.226
-2486.75
3808.06
2325.66
4629.79
1590.55
4654.53
2649.64
1567.03
1732.25
2923.65
2098.9
3264.5
2212.96
2618.41
2536.4
2696.29
1389.13
-551.31
-1702.79
-3194.22
-4230.16
-403.083
-113.935
-3158.87
-2527.45
1685.08
1085.9
2885.62
2020.82
2475.45
3891.26
1551.33
1617.66
1858.94
1731.7
1891.85
2470.04
2092.25
2901.31
1896.79
1297.16
-502.841
1074.07
-3138.32
-4046.95
-92.017
-3521.87
-269.979
1667.67
-1887
-833.466
418.383
1954.81
1919.43
2509.62
1543.89
2384.74
1672.95
1958.92
1859.91
2675.59
2804.69
2894.51
3040.05
1305.48
2481.57
-2065.23
-3679.51
-4055.53
-484.461
-3789.49
-3467.06
-2866.65
2211.26
2438.46
-81.0174
4600.72
4069.62
2383.17
2087.98
1610.09
1662.03
2803.72
2144.62
2702.25
2057.83
2269.52
2376.1
905.48
-597.285
-2354.47
217.919
-209.272
-729.987
-3923.54
-3891.42
1803.95
-2530.7
2273.83
335.952
3547.16
4687.58
4223.73
1502.28
2119.36
1675.47
2523.58
1687.53
2603
2907.1
2326.44
1860.46
1933.56
-851.538
-2412.64
-3801.45
-4533.7
-4063.99
-4313.91
-4163.98
-483.865
-2424.06
2030.51
0.761333
1746.47
3293.54
2345.03
1849.86
1409.78
1767.26
2463.48
1864.65
2034.24
2565.76
2566.96
2991.46
1982.85
-735.811
-2311.47
-3768.5
-623.801
-653.854
-4421.11
-4065.11
1461.34
-242.232
1101.26
4072.67
1263.18
1922.97
2495.39
1393.06
1617.19
2369.35
2210.37
2387.22
1850.61
2396.41
1988.9
1756.25
867.102
-1230.5
334.821
-4014.2
-758.808
-724.864
-896.12
1195.03
-3393.75
-2874.93
729.553
-548.918
959.597
1864.24
3814.9
1971.25
1100.6
1304.31
1669.12
1660.09
1757.39
2778.69
2668.16
1902.84
699.272
2222.87
-2566.02
-4407.84
-4739.42
-1171.08
-4104.72
-4545.27
-3912.47
-2995.97
-1538.67
-801.403
3120.78
2767
3764.12
1146.32
1333.45
2202.43
1787.86
1927.5
2889.04
2665.45
2682.98
2695.46
974.566
-1301.78
-2705.04
-888.232
-1160.24
-4414.27
-4690.77
841.915
-514.064
-3290.93
670.966
-1091.31
959.485
3224.5
1258.81
1361.94
1278.72
2016.43
1507.54
2231.43
1965.87
1804.46
1706.94
1791.8
-3.49311
-2141.38
-4263.7
4517.68
-1736.71
581.092
-5123.51
-1373.81
-4642.63
-898.654
1625.92
-345.827
1400.57
4112.99
1496.28
1189.52
1488.93
1970.64
1652.64
1587.02
1894.07
2795.48
1973.82
1834.5
1377.27
-2292.04
-3937.57
-5613.62
-6202.42
-1082.54
-1238.26
830.77
-4148.34
-823.635
584.823
1988.98
2478.44
2856.89
3433.96
1554.89
1359.7
1769
2148.05
1830.12
1737.68
2110.32
1749.79
1229.39
2293.06
685.877
-3746.95
1123.25
-5910.42
-4722.68
-5058.51
-4771.5
-4447.01
3308.85
305.254
2629.47
2798.55
1479.92
2376.29
1201.43
2233.6
1366.95
1678.01
2811.59
1710.42
2285
1902.11
1810.64
1527.62
-2333.96
-4103.32
4444.03
-1680.81
-5086.21
-4936.11
-4953.16
-1163.43
-4053.68
-2015.11
-993.183
2672.74
1786.15
1461.59
1325.79
1430.37
1255.73
1668.35
1555.08
1626.71
1925.48
2420.08
1012.71
-1.26036
2719.71
-616.611
-5900.4
-6197.99
-5086
-4669.73
-1266.74
-4493.55
-3694.29
-1972.07
-626.81
863.381
1306.1
3554.58
2143.92
2400.11
2766.08
1407.11
1732.91
2174.63
2003.49
1991.83
1900.62
74.8459
-2421.31
-4434.38
-5686.61
-6393.26
-4839.45
-4886
-1547.99
-5031.03
-4078.73
511.3
1198.54
2534.33
1316.51
1525.44
1930.52
2068.94
1278.54
1505.06
1423.42
1921.9
1636.21
1694.92
1021.16
1455.66
-3166.93
-4270.24
-6099.62
-5953.36
-5282.93
-1437.03
372.816
-4982.73
1138.01
-2002.11
1727.23
561.204
1678.8
1920.12
979.198
1325.65
1230.95
1992.66
1466.21
2174.65
1580.1
1887.49
784.497
1919.2
2495.31
-4344.36
-5796.97
-6018.27
-5256.23
-1348.79
-5280.95
-4974.54
-862.283
468.33
3087.16
3504
4577.64
4276.3
2027.49
1387.33
2176.07
1526.92
1404.4
2283.57
2250.43
2282.1
982.628
-363.761
-76.9819
-4525.87
-1703.21
907.92
540.367
-5256.95
-1804.82
-5123.08
-4029.22
-2251.49
1670.46
3050.7
1435.91
3279.27
894.151
1075.43
1236.45
1980.52
1496.39
1780.81
1732.88
1581.08
2246.18
-363.778
2365.18
-949.273
-1583.48
-6656.96
-4943.96
-5396.46
-5412.17
-4734.75
-3873.15
1386.46
-736.559
874.048
1534.24
3954.77
1288.29
1457.18
2052.38
1667.19
2512.8
2061.59
1569.71
1927.54
954.607
-417.1
2150.54
-4707.72
-6178.98
-6730.94
-5203.19
-5451.37
-5170.62
-4570.89
614.198
33.3629
-586.16
173.921
1652.63
1515.01
1364.82
1081.77
1952.53
1509.21
2076.18
1774.01
1590.66
1635.11
935.351
1298.97
-3019.49
1390.37
-6427.97
-6293.06
-5349.41
-1567.67
154.648
-1198.63
-486.073
530.281
2262.36
2253.91
1338.93
1269.98
2228.68
1247.82
1193.74
2066.6
1509.51
1495.95
1994.02
1746.7
1676.87
-195.061
350.533
-4701.6
-1803.85
-5999.17
-5246.66
-1585.26
0.122577
582.01
-3548.54
1796.32
996.389
928.669
1440.65
3202.69
1295.08
1442.48
2470.38
2198.49
1531.55
2255.37
2471.84
1835.67
1585.08
-192.774
-3076.22
-1113.05
-6409.35
-6166.64
247.403
189.075
-4944.35
-4412.67
-3154.13
525.99
814.924
273.529
2975.63
3430.03
1360.28
1197.49
2172.86
1989.65
1583.33
1657.75
1694.13
1427.56
1770.62
-193.186
-3243.45
-760.142
-6126.61
-2138.04
474.6
-1399.09
587.167
-1023.84
-3584.11
366.521
1583.27
3015.75
4234.6
2752.49
1746.15
1938.62
1426.06
1634.48
1383.51
2186.16
1535.53
1411.86
1639.91
942.508
-3477.21
1348.14
-1459.47
-1649.18
-1566.96
-1652.21
-5427.31
-4211.18
693.873
944.457
-1237.3
338.381
3370.11
1476.48
1751.13
1109.91
2180.82
1944.26
1300.1
1741.5
1664.03
1457.46
342.313
-443.793
-3150.56
-5148.96
-1652.85
-6587.35
-5086.09
-1858.13
-5236.58
-4739.98
-4044.83
1515.87
1119.83
2106.97
447.144
1470.08
786.15
1110.36
1116.17
1533.34
1455.02
1630.74
1432.22
2289.02
1254.16
1707.96
-67.9282
945.993
-6374.33
-6666.12
-5485.2
-5201.92
-5289.15
-4907.95
449.883
-2100.46
-1510.08
434.092
2611.49
3023.6
1627.77
1043.53
1124.87
1161.45
1314.67
1850.36
1591.65
1791.36
1639.47
718.677
-3294.14
-5316.89
-6560.6
-2133.78
-5262
-5237.87
313.246
135.944
-3988.83
-2410.25
-1544.27
368.364
1083.87
1258.91
1613.74
1460.06
1330.06
1923.28
1516.94
1366.08
2296.94
2084.76
625.566
828.047
-3463.52
-5277.31
-1700.19
-6364.13
-5284.75
-5525.46
-1837.19
-5104.07
-3644.75
-110.279
434.813
1.46823
376.253
1129.63
801.441
1191.98
1351.54
1464.24
1314.05
1602.47
1520.69
1671.23
438.246
-774.039
-3888.15
-4745.83
-6398.15
-6441.58
-5449.51
-5459.74
-5590.53
-4929.04
-1139.71
-66.1766
-1349.07
2429.16
515.608
1359.32
1541.47
913.85
1629.42
1126.79
1395.74
1406.61
2088
1600.88
237.862
788.481
1185.45
-5389.91
-6146.62
-2338.93
-5367.79
-269.345
-5709.3
-4797.74
-1344
-2849.92
-1628.24
2771.25
1141.26
1102.08
1048.82
1768.06
1047.75
1478.66
1519.07
1162.01
1548.81
1313.59
480.688
-865.253
-3444.81
-5291
-2294.61
-1997.08
2087.28
-2008.89
-5435.06
-1817.14
-3660.07
-2421.1
1969.82
69.9322
1150.55
1013.21
762.694
934.129
1577.51
1265.03
2003.83
1450.37
1418.16
1572.12
1472.96
805.115
-3439.95
-5036.87
-6331.99
-6625.49
-5444.21
-2226.87
-5482.13
-4915.89
-940.39
-580.808
-1879.61
1328.54
1026.16
2798
924.063
1250.82
1878.18
1941.12
1557.33
1711.89
2065.31
1976.52
433.938
-719.175
1707.14
-5292.95
-2349.41
-6624.49
-5572.19
-2219.6
-5958.89
-1649.14
-1297.69
865.178
-1734.72
-206.504
610.182
2542.18
1456.92
1238.2
1100.66
1803.68
1507.19
2013.08
1520.86
1919.33
1557.64
1071.47
-3419.26
-5232.18
-6185.9
-6449.12
-2023.67
-5751.04
-1943.86
-5186.86
-4194.98
-2872.98
-1977.82
-234.81
284.246
3261.72
1449.54
1619.04
1535.08
1436.15
1409.44
1452.95
2143.86
1479.05
1755.16
-753.575
-3499.96
-5396.93
-6139.99
-6615.51
-5366.91
-5493.64
-5528.95
-5027.75
-4270.41
-221.724
-1442.84
-13.9767
2416.43
796.596
762.192
1635.76
1287.15
1476.67
1450.02
1523.93
2030.22
1855.33
352.328
676.667
-3764.05
-5059.66
-6253.79
-6964.63
-5638.65
-5302.33
-5582.34
-5240.54
-4082.79
-520.713
-1628.42
-651.098
562.72
2078.13
1029.72
1289.42
1641.62
1459.1
1519.86
1539.8
1237.43
1839.15
485.612
-844.275
-730.896
-4828.88
-6165.05
-6818.03
2211.84
-462.416
-5544.15
-4977.61
-0.47249
569.033
0.527149
-317.424
164.214
2191.45
562.555
1047.18
1274.1
1415.64
1083.73
1659.12
1445.05
1471.06
-15.5477
-861.933
-4204.46
-5356.49
-6060.07
-2688.07
-5547.58
-5687.5
-1983.95
-1863.36
-3758.55
-2971.73
-1799.85
-300.486
17.9169
1058.52
728.66
1476.41
862.553
1627.61
1364.5
1483.65
1273.54
566.749
-75.1404
-1078.93
2879.95
-5746.69
-7219.57
-3557.29
-2875.1
-6596.27
-6890.01
-2358.97
-4616.09
-3268.88
139.129
1041.26
47.1589
1234.02
1161.23
770.084
846.624
1156.11
1751.78
1270.64
1261.22
752.588
-81.5277
873.29
-4432.07
-1935.95
-7126.38
-8398.42
-6792.93
-6809.68
-2617.36
-5880.66
-1633.86
426.418
-2267.61
-493.081
-21.9199
457.941
984.329
1039.72
1098.05
1118.32
1234.7
1183.21
1443.61
737.348
-109.466
687.724
-4171.41
-5104.1
-2822.7
-8570.33
-6820.16
-6639.89
-2847.5
-2396.06
-1268.04
-640.492
753.484
931.805
1277.85
1247.07
1111.78
917.668
769.937
1667.62
1106.43
1240.42
1415.51
700.44
-34.0073
-1032.94
-4220.06
-5208.88
-2721.25
-8279.41
-2415.53
-2888.74
1582.11
-5968.81
-1778.03
-895.476
-1933.11
1164.27
2197.06
1084.39
902.344
763.777
1431.04
901.875
999.729
1585.11
2001.02
648.305
-270.235
-1180.48
-4624.27
-1931.08
-6836.77
-2994.31
-6635.81
-2414.87
-6865.96
-2059.93
-4824.05
-3020.06
-2156.9
-237.339
1785.78
2012.01
1116.53
999.111
797.071
1204.52
1124.54
1206.6
1156.55
1332.83
-185.718
-1166.37
-4052.19
-5073.8
-6813.32
-792.892
-2398.52
-6971.06
-6657.62
-5958.83
-4810.11
-3597.06
-2116
-872.951
255.516
101.668
985.982
1265.26
1182.11
1525.76
1637.25
1180.71
1358.41
1375.19
-286.099
-1185.12
-1494.14
-5059.35
-2442.71
-8298.59
-2872.27
-2743.97
-6771.14
-2355.88
1541.5
-1048.62
-457.762
-813.071
-170.789
2497.45
1751.75
1251.75
1217.94
1031.42
994.657
1102.52
1182.56
688.742
-164.005
-46.0006
-1257.19
-5078.75
-6581.06
-8286.76
-6888.02
-6817.74
-2654.14
-6109.95
41.5329
-3404.41
68.856
1094.26
2408.07
1768.57
1099.87
939.883
737.88
990.533
1611.96
1671.04
1226.53
647.172
-363.303
-1191.45
-4036.86
-40.555
-229.49
-7794.39
-6632.99
-6517.46
-6397.07
-2400.83
-4357.81
497.787
-2343.74
1466.37
-146.242
1859.29
1420.82
533.233
1478.03
1444.12
1444.6
1117.8
1299.31
704.838
-194.424
-1013.07
-4454.05
-2079.92
-724.183
-7850.11
-6514.05
-6337.61
-6511.77
-5513.45
-4353.64
-575.087
-1842.95
-317.739
235.51
180.956
1390.14
740.762
563.645
1506.94
1454.95
922.709
1727.41
706.017
-282.281
-1188.1
-4755.16
-5357.8
-2355.05
-8322.92
-6845.24
-6748.19
-6434.31
-5987.8
-4655.96
-3576.52
-2317.14
-877.687
280.238
104.121
463.045
1119.63
1772.81
795.372
732.428
873.112
1379.92
422.552
410.487
139.258
-4268.07
-5029.02
-6767.3
-7723.56
-2611.36
-6724.73
-305.7
-5840.01
-74.3179
-744.593
-2112.65
-356.746
416.758
411.473
1264.91
738.418
963.014
769.149
803.024
1469.52
980.323
615.082
-549.994
750.765
-4392.33
-1624.01
-6555.08
-8025.81
-2802.57
-6614.24
-6282.98
-5475.58
-4353.59
147.867
-1862.15
1314.39
93.2949
1052.31
871.626
1205.06
1042.07
943.675
920.946
848.518
1007.71
533.593
-235.361
-1137.04
-976.848
-5100.93
-6480.9
-302.241
-2734.57
-2460.83
-2376.45
-5586.31
-228.155
-565.953
-1771.45
947.088
646.358
598.975
1071.53
465.378
1080.08
738.152
853.346
1245.01
1163.68
1137.79
468.928
82.8898
-4159.87
-5109.59
-6977.64
-8098.11
-6658.17
-546.01
-6250.15
-5770.29
-1355.94
-3070.37
-1701.84
-354.912
-61.218
434.75
460.49
827.982
1049.27
1081.39
1419.02
1290.13
1019.88
1264.33
-525.555
-1387.59
-1250.02
-1834.18
-2633.17
-2871.74
-2329.8
-2333.5
-5854.98
-5181.83
-4507.88
-3154.49
141.508
-173.238
1369.16
699.52
954.558
826.099
1065.61
789.308
1180.86
1015.04
1522.62
760.558
-302.804
-1248.36
-1333.52
-5106.25
-2145.6
-3097.26
-6056.06
-421.479
-6173.49
2.20012
327.184
-3308.64
-1623.91
-726.241
309.739
2456.17
1006.72
570.67
845.757
1031.86
1147.13
1246.98
1139.84
392.584
561.742
155.172
-4041.01
-281.303
-6336.17
-7998.79
-6093.02
-6303.85
-6098.42
-5435.23
-1147.79
-2791.3
319.408
-451.173
500.397
1592.48
898.667
892.046
753.237
1012.15
1543.09
1255.01
957.763
713.759
631.343
-1333.89
-3845.76
-5369.16
-28.3273
-3158.88
-2261.12
-6329.13
-6025.65
-219.313
-1527.6
-3013.42
386.199
-394.533
129.015
2132.1
503.801
772.303
897.124
1029.98
1605.27
1273.13
1300.22
1222.63
-485.794
-1304.66
-4335.65
-47.5087
-6387.36
-3265.71
-692.405
-6466.25
-5673.18
-5022.49
-4000.37
-2592.41
-1624.27
-439.318
1606.4
987.44
1013.92
1017.4
1082.92
869.615
1308.32
1105.71
1175.88
1479.73
351.504
-1060.57
-4033.48
-4954.6
-6472.2
-7401.5
-2381.24
-161.094
-274.429
-5334.86
-1250.48
-2856.21
480.047
-9.86183
549.696
1248.66
490.94
776.293
716.57
1048.72
1141.7
1171.49
1084.07
651.375
-380.526
-1223.77
-946.678
-4791.64
-6621.29
-7561.27
-5832.39
-6287.77
-5435.11
-5037.38
1960.4
-353.59
137.125
-325.707
1550.31
1167.27
804.911
678.107
985.664
1184.68
956.447
1495.57
1538.49
859.109
591.187
737.883
-1442.69
-5163.38
-6316.27
-7209.03
-5863.79
-633.128
-1699.11
-4647.43
-3584.64
-2555.57
1407.08
-552.295
468.27
673.894
598.619
976.232
1279.7
1110.57
1061.26
983.465
1443.48
421.29
-426.551
-1064.09
-1226.13
-197.096
-6097.77
-7498.38
-6181.35
-2403.07
-1755.25
-4652.97
-1180.6
-2607.54
-1132.05
-294.118
1833.93
946.851
1120.68
1000.33
1086.11
756.601
1423.23
1428.2
893.66
558.244
1351.71
-1154.4
-4237.75
-1.72349
-2191.64
-367.563
-2189.81
-427.344
-153.491
-4641.64
-3735.31
-2349.01
-1288.14
-555.21
717.106
1503.83
796.149
966.64
1067.43
1108.52
811.677
915.108
1310.43
1196.07
456.206
-1309.55
-1238.3
-5020.97
-2291.89
-7593.22
-5998.62
-5638.24
-408.462
-4622.77
-3389.45
-2100.04
-1092.68
1.76629
351.101
870.968
826.099
1240.15
1235.82
1051.22
1076.7
1010.49
1156.5
742.646
539.114
-1264.02
-4107.37
-5052.7
-5840.01
-3016.09
-5677.94
-5863.42
-5392.23
-4614.92
-3696.46
-2444.59
-1163.36
1173.29
454.825
641.891
877.874
983.16
916.683
1026.69
931.587
1061.94
1108.61
750.658
-509.04
584.241
-1269.22
-326.388
-5974.28
-2529.16
-2420.89
-6038.13
-2065.73
-1632.81
-813.132
-2002.29
-1222.35
-356.809
1066.93
1083.84
1082.54
1128.75
1109.18
768.393
814.44
1318.08
1448.48
488.6
-535.866
-1191.37
-3893.91
-4287.72
-5736.28
-2620.12
-2206.96
-2040.12
-5269.89
-4524.04
-3459.29
-2148.08
570.747
-468.044
517.294
1261.22
767.05
790.745
1299.12
707.313
772.938
1121.52
794.589
577.53
380.975
-1134.15
-4022.36
-4355.24
-5733.79
-7463.79
-5689.26
-5698.21
-5193.22
331.27
-3320.05
-1971.52
134.127
1110.69
1248.99
1432.82
1063.36
714.908
1096.85
1012.81
1082.94
752.598
1077.15
705.629
283.395
-1185.92
523.988
-4698.37
-6258.87
-7134.82
-5613.13
-5445.63
-5184.05
-4355.47
-3278.12
-530.104
-1245.54
-26.2852
976.689
1267.29
1221.1
817.97
843.762
1194.25
1313.52
1135.83
798.046
106.435
-552.158
-1384.58
2204.71
-285.737
-6711.29
-7141.92
-5711.38
-6053.05
-5560.65
336.759
-3682.62
-473.951
-1645.28
1659.68
1515.26
558.803
515.976
810.081
981.795
871.259
910.835
912.265
1417.02
249.083
-479.849
-1307.35
-1311.9
238.162
-6616.22
-228.928
-6046.89
-5750.06
-5434.15
-1395.06
-3790.04
-260.396
-1263.18
1267.78
1483.61
942.577
851.34
796.442
761.446
1011.51
873.762
1260.43
1285.5
826.088
-396.989
-397.336
-1438.1
-5596.97
-211.356
-6377.49
-6126.31
-5981.52
-5388.87
-4572.58
734.686
-2660.41
-1236.28
1137.51
692.239
1896.81
657.318
1012.36
992.132
845.799
1134.48
1245.93
1100.35
433.535
-694.73
-1297.89
1763.25
-5030.29
-6415.64
-6613.58
-5929.79
-5899.91
-5147.33
-4664.41
760.015
-2384.42
1127.41
-40.8561
1285.78
1573.95
1030.28
777.694
736.352
949.072
839.705
619.842
1159.24
210.145
296.436
-1208.65
-3770.11
-5127.94
-2198.28
-6256.9
-5821.37
-5800.67
-142.09
-4471.51
-3443.28
-482.339
-1552.03
797.221
96.1431
469.146
406.527
1185.74
670.01
856.836
1141.13
646.614
962.316
244.216
-465.141
-1184.7
-3860.21
-5403.51
-1940.13
-6206.55
-25.3846
-5577.47
-1634.72
-4464.19
-569.873
-1997.56
-1156.91
1.78855
884.915
1298.07
639.656
591.142
837.874
1138.22
627.727
880.034
1194.13
422.744
188.266
-1169.8
-1389.58
152.678
-25.7615
-2048.22
-335.181
-5480.41
2119.49
-4197.59
-3365.49
-2443.51
-1612.51
-294.389
551.559
1074.16
660.234
545.098
1019.74
558.753
607.004
572.392
1087.59
-32.576
-470.449
-279.333
-3916.27
-1582.47
-6308.09
-1868.89
-5424.81
-1823.46
-5306.07
-4690.62
-3562.59
-2560.68
-1435.46
-182.704
1215.8
1165.35
305.576
402.54
873.221
752.085
793.547
962.095
876.875
452.609
-712.343
-1253.97
-1643.32
-4890.33
-2067.19
-6660.16
-20.2594
-5807.72
2123.72
-4216.63
-3645.51
-2365.77
277.318
1703.24
1033.34
1207.83
541.611
607.389
905.582
632.592
765.278
1149.27
911.147
202.39
103.749
-108.585
19.0172
-270.779
-5855.96
-6233.77
-1738.95
-5331.59
224.589
-4206.89
-3248.89
-2205.27
1063.39
1143.31
562.988
1539.24
598.546
473.598
648.774
508.683
732.185
583.586
658.517
213.488
-501.489
-1449.48
-3930.05
-5440.24
-6213.34
-6289.07
-5698.73
-5259.93
-4795
537.464
-3263.27
942.471
2215.89
-18.9082
410.122
1590.91
668.708
949.976
590.745
814.754
714.587
564.009
857.729
239.258
-50.5707
-359.485
-3784.34
-5260.04
-6071.18
-2013.41
-1796.06
-5497.75
-5218.59
-4063.22
-3215.32
-133.988
390.776
159.998
191.174
813.021
616.327
460.107
607.725
392.758
483.916
973.957
601.01
625.123
-533.774
-1540.64
-3658.06
-1724.22
-1674.62
-6315.17
-5721.13
-5439.06
-4879.31
-4127.74
-3433.43
-2224.9
-953.193
161.875
1482.05
917.45
642.087
838.918
889.859
616.107
722.768
759.401
517.199
43.1576
-62.7394
-1232.75
-1160.38
-1813.36
-5847.23
-6130.13
-5757.15
-5524.81
-4883.78
-4191.09
-3158.52
-32.7478
-911.68
-99.2812
1651.85
304.729
364.927
645.608
483.707
823.228
782.788
820.954
451.363
-195.332
-87.6598
-427.054
-3666.53
-1612.24
-0.549086
467.973
-5201.45
-5339.62
2809.38
560.75
-3219.93
-1726.19
2072.04
1301.17
1603.72
536.644
468.224
415.37
369.136
1028.22
673.769
602.674
966.946
164.886
-803.602
-1166.38
-1388.74
570.111
-5929.53
-5805.29
-5401.9
-1756.52
-4821.37
-3882.86
577.052
-1657.49
-1055.27
1.99253
339.445
642.274
529.895
574.687
556.088
876.849
389.455
749.941
655.448
513.086
-720.471
-1170.58
-3426.07
-5149.63
-5467.23
-5953.77
-5279.29
-4992.33
-4997.89
907.815
758.271
-1523.26
-1097.53
394.555
435.021
912.088
899.521
536.634
729.765
751.477
407.319
873.633
663.132
623.718
-500.702
-1097.19
42.6388
-1424.33
-5879.99
-5616.81
-5046.67
-1261.81
2813
-3960.06
-2640.89
-1550.83
-602.432
1174.25
475.784
1042.04
684.236
633.3
393.791
470.172
495.637
784.234
451.725
158.916
-89.6077
-1294.36
-3675.35
-5206.04
-5901.39
-1859.14
135.361
-5066.94
-4731.87
-4131.24
-2848.87
-1284.99
942.551
1134.16
896.755
1883.83
746.945
709.467
794.599
939.925
568.541
756.313
784.544
79.1932
-533.728
-180.254
-1009.45
-5120.41
-5483.7
-5528.28
-5091.22
-4682.73
-4817.19
-669.776
-2670.42
-1427.15
-354.278
1690.36
547.161
1212.41
484.763
501.7
693.023
805.033
436.09
531.423
470.596
66.4566
20.0449
267.252
-3931.76
-5204.64
-5589.06
-1409.28
-1475.36
406.496
-4713.9
-3878.98
-2819.11
-1789.75
565.688
1682.61
501.8
1261.68
1037.42
554.744
971.114
396.224
536.801
785.114
873.096
-18.1513
-749.391
-243.046
1758.17
-4583.72
-5924.62
-1455.76
-5322.21
-4901.97
-4829.47
-550.283
-437.921
-1582.73
-1122.89
1105.53
1225.01
624.562
565.355
523.654
365.288
818.197
532.799
531.739
946.418
0.427255
398.754
-1239.71
-3666.86
-4705.7
-1404.34
501.535
-1539.34
-4741.96
-4376.15
-814.623
-2770.2
-1662.45
-716.311
0.692347
1040.86
960.062
809.857
655.848
444.928
759.969
649.787
685.978
652.239
678.992
-858.135
-160.17
-36.9973
-4757.86
-1919.22
-5843.43
-5321.32
-4731.46
-4264.31
-3544.05
-306.265
1342.64
-991.037
186.684
862.75
1048.89
650.4
721.007
844.449
746.984
628.759
574.294
812.823
164.361
-511.52
-1435.29
-3560.27
-4879.72
681.216
-5707.22
174.868
-5114.61
-1010.18
-3958.67
1238.13
-1357.35
-1016.05
1552.77
1842.15
526.522
606.422
634.619
701.315
557.683
583.353
909.947
593.925
-169.153
-674.485
-1447.47
-883.701
-4867.92
-5885.89
-5805.39
-5377.84
693.419
-4442.75
-3869.6
870.703
-1629.11
710.269
476.505
1927.73
1465.05
402.78
889.228
760.921
738.818
880.442
485.043
799.562
428.994
-50.2062
-1248.74
-3418.54
-4653.99
-1743.73
-5622.78
-5160.25
-5026.59
-4220.04
-1024.14
-2494.85
-1460.35
-565.799
2324.77
1234.02
1242.29
638.571
358.831
754.181
721.83
657.465
464.593
554.424
-84.2283
-733.182
-1249.14
-4046.59
-4742.67
-5285.64
-5959.58
-1376.45
-4969.15
-4757.74
-821.788
-2699.2
-1612.11
-731.464
144.865
842.116
913.557
646.403
636.033
691.128
904.571
369.664
687.106
1087.29
716.986
510.878
-143.153
-3518.48
520.056
41.4574
-5729.89
-4870.57
-5122.87
-4791.78
1084.77
-2492.25
-1492.98
1049.41
474.279
512.487
737.902
567.552
467.117
659.58
760.109
417.571
542.895
1070.81
157.043
-567.472
-1465.35
-3880.25
-4849.63
-5867.36
-1910.34
-1389.94
-5077.27
-4685.12
-972.876
-2897.89
1342.32
1587.11
679.457
913.413
697.732
734.117
621.339
663.255
536.789
765.129
722.375
682.327
212.869
-579.614
-1516.9
-4345.47
638.843
-6651.83
700.851
-1730.26
-4392.95
-4758.53
-3844.85
-236.412
-1527.47
-686.223
644.424
1080.68
1830.73
703.606
648.369
617.356
790.962
822.641
875.037
620.904
-21.9165
-636.408
-447.472
-4102.23
-4929.39
-6011.8
-6640.5
-5814.73
-4765.69
-945.015
-3713.9
1341.17
-1147.69
-769.104
516.533
2038.74
1101.92
744.152
366.479
750.513
635.346
469.517
882.464
734.752
-6.58463
522.918
251.654
1775.48
-1866.99
-6062.63
-6160.86
-5516.06
-960.028
-4333.08
-866.56
-2308.7
-1373.42
-929.71
677.147
1150.07
725.621
542.54
679.225
639.653
670.078
514.552
779.183
769.255
466.571
-930.12
141.07
-4163.27
-5050.8
-1646.04
-5994.41
390.168
-987.062
-4514.05
-3490.31
-2379.46
-1623.64
926.522
742.319
1266.93
1190.03
447.72
599.282
733.268
561.443
673.577
801.667
725.702
631.273
-941.871
-1505.51
-4226.35
-5359.49
2964.21
646.791
-5357.28
-4625.95
-4430.89
-3473.2
-2717.09
-1368.74
2125.1
275.689
1441.37
866.987
735.296
681.983
597.034
675.797
691.469
642.428
566.535
123.468
293.653
-1281.58
-3807.41
-5052.97
-5882.28
139.327
-5360.92
-4598.98
-985.041
-749.084
-155.868
-1816.79
-319.457
1485.37
1161.13
953.582
404.864
668.007
676.267
628.418
561.902
428.464
854.273
264.98
-31.5147
-224.708
-4001.91
-5212.7
1.12316
-6481.04
-5269.1
-4384.04
-4401.63
-500.944
1195.35
-1694.63
-787.122
266.876
2018.38
865.839
411.107
381.714
410.014
500.616
635.705
751.601
616.263
513.024
-657.795
-1537.83
-4076.25
-4792.72
-5887.17
-6464.83
-5445.05
-999.581
-4255.04
-3761.21
-2490.34
1929.34
2007.07
254.736
1821.07
1263.43
505.067
811.572
439.233
392.64
401.47
642.182
668.494
225.535
-79.8091
-1455.54
-1311.89
-5152.36
-6003.11
-6271.47
3186.26
1313.67
-4472.6
-356.938
-2438.52
-1256.39
-763.545
622.532
1844.13
880.353
446.362
563.249
833.994
831.744
686.911
733.62
517.19
-67.1222
402.931
-1475.39
-3857.66
-5126.78
-5704.78
-6398.41
-5031.77
-4265.68
1010.5
-3600.06
-2269.19
-1225.61
-101.016
1923.73
821.945
1076.44
388.941
404.158
519.492
624.533
566.13
430.378
465.756
562.067
-97.5606
-1465.57
-3742.33
-1425.91
-5904.48
-6342.06
-4998.64
-948.788
-3910.7
-3219.63
111.154
-1339.5
-96.4726
2190.95
1446.58
959.268
699.197
778.015
937.022
660.172
676.473
547.732
835.156
334.133
-107.47
-1228.19
-4090.01
-1408.59
-5605.09
-6038.38
-1415.85
-931.822
-3954.27
-3394.8
3001.49
1009
1871.78
500.309
1989.19
1300.89
859.534
427.831
749.319
515.576
568.252
684.405
552.203
645.122
-536.684
-1140.74
-913.446
-1333.08
-5828.7
-5787.37
-5015.53
-4298.99
-3571.46
-3129.86
120.175
673.633
1928.17
977.724
2420.25
2141.93
766.953
659.852
435.042
591.924
816.836
739.269
465.054
762.136
35.7404
-1455.94
-3745.22
-4569.98
-5580.05
-1412.03
-4954.19
-4343.72
3543.07
-2896.11
1.5235
558.142
-215.293
792.745
1719.52
1729.53
563.912
807.48
463.744
752.39
585.996
787.474
781.982
482.126
-796.4
-181.988
-3456.81
-4762.78
-5690.75
-5758.49
-5289.08
-4478.63
965.301
-2909.9
2733.78
-1048.79
-421.286
1563.85
825.772
1414.72
656.296
514.502
821.278
686.743
554.951
806.825
364.379
-54.4854
-721.168
-1128.61
-3962.76
-4892.08
-6073.86
-1450.23
-1331.74
-1026.12
-3567.85
-3073.3
-2224.2
-1032.44
-349.564
902.956
1584.02
1128.04
949.127
953.427
489.383
741.993
714.864
603.892
905.5
613.638
-695.984
-1387.88
2309.17
-1044.4
-5786.84
-6185.79
-4892.47
-4596.76
-4066.25
-2992.2
3442.68
-1112.48
-221.25
491.238
1219.11
1138.04
819.039
461.879
859.449
452.494
482.318
733.55
498.308
-23.7933
-693.252
-132.774
-815.502
-1254.65
-1897.3
-6124.93
-1429.73
-4349.43
-3826.39
-3307.14
1427.42
-957.983
-48.4899
1200.55
1520.96
1313.61
815.584
555.734
717.272
748.775
426.525
717.237
450.82
-45.6105
-674.55
-172.493
456.41
-4917.07
171.224
-1735.31
-1496.62
-4524.17
-355.927
-484.921
-1984.44
1774.46
-222.517
2794.43
1712.24
1274.57
728.842
558.116
721.631
603.618
695.924
980.37
774.402
238.93
-616.823
-1424.46
-4076.52
-1215.05
-5726.72
-5614.61
-5290.97
-4505.23
-3588.93
-2986.22
-2090.64
-1156.87
-393.845
1314.32
2196.3
1694.35
1048.31
630.526
839.116
869.946
619.744
606.996
480.618
471.965
-132.324
-1198.34
-4043.16
-4452.18
-5763.96
-5700.38
-4808.86
-4423.06
-662.865
-3162.86
-2222.29
-1118.71
249.515
794.491
1039.3
1327.48
951.943
767.125
864.411
675.443
868.638
679.985
718.511
77.7995
-21.2108
-73.875
-3469.83
758.218
-6025.9
-5370.76
-1409.08
-926.416
-3624.32
-433.234
-1674.84
-1233.73
285.791
660.702
2110.39
1742.77
729.627
617.418
476.639
458.095
696.345
579.05
852.511
54.2184
969.771
-93.144
-3360.28
-4377.97
165.21
-5888.57
-5251.26
-4328.08
-3561.41
-416.454
-1781.36
-640.511
-213.44
1158.35
1532.8
1604.46
830.593
612.168
618.202
595.995
726.835
885.033
641.651
-14.5128
209.149
329.293
-3954.52
-4501.41
-5997.46
-5694.39
-5136.68
-4221.14
-3709.45
1455.35
1342.49
-808.228
-74.6904
1792.15
1551.45
1706.36
774.341
1000.35
866.345
576.843
684.04
498.645
575.671
272.891
674.47
-1204.14
292.02
-943.065
-5762.51
931.939
-5208.55
-4258.2
1456.16
-3256.22
1466.64
754.55
136.996
881.476
1083.23
1855.78
634.2
515.981
657.581
841.757
682.573
510.941
763.918
674.437
114.928
-1318.9
-802.56
-4773.69
-5973.13
-5976.28
-1087.97
-1058.33
-3817.17
-3263.41
-1715.61
455.16
-178.105
1083.5
1772.85
1094.25
830.242
833.464
561.718
590.553
812.02
447.751
958.347
254.682
-605.1
-102.636
-3404.12
-884.343
-5777.11
-5565.67
-5115.57
-867.829
-3607.61
2.62785
3105.75
-771.855
425.664
868.793
1302.81
1640.83
706.979
728.593
1025.78
691.972
878.046
862.743
509.422
378.564
787.129
-1376.72
-3521.55
-4339.39
-5566.24
-1779.79
-4455.7
-688.352
-3572.99
1499.71
263.456
-1136.14
1600.99
2545.17
2309.47
1467.95
857.24
734.831
452.575
764.747
639.43
640.999
533.091
459.4
-567.1
-1276.91
-3958.43
-4280.73
-1789.86
1120.91
-4813.53
-731.033
-3673.15
-2948.99
-1828.64
990.093
313.057
804.444
1833.52
993.304
539.457
566.813
1052.81
427.017
768.544
665.64
442.698
202.228
48.1365
-1266.19
-3793.75
-881.795
-5775.21
402.404
-4747.93
1394.75
-3976.17
-333.098
-1968.32
-943.991
17.1234
2232.72
1684.12
1678.04
934.806
647.78
693.428
779.168
919.698
635.166
581.488
540.485
618.289
-1200.56
289.02
-4421.68
-1515.26
-5623.31
1044.46
-4027.05
3263.39
-513.389
-1583.81
739.238
1672.29
2288.25
962.674
1809.26
819.2
707.449
817.383
770.987
1049.62
799.415
844.869
522.908
-301.515
-1059.58
2675.54
-1119.94
-1128.43
-5120.36
-4121.8
-3952.27
3093.18
-2850.77
-1585.45
-181.959
431.043
1756.08
1825
1862.78
941.038
761.207
648.493
544.434
541.149
789.737
567.169
537.989
-437.496
-936.901
-714.279
-725.542
520.849
-1324.43
-4514.82
-3814.7
-3286.21
-2728.68
-1947.36
-635.814
416.28
1039.41
1421.49
1585.1
786.753
492.173
756.83
567.613
425.852
616.61
730.491
705.655
-327.177
-850.299
520.699
-4088.34
-4870.1
-1208.84
-4568.94
1168.87
-3695.88
-264.22
-1614.07
-389.065
343.397
2359.01
1804.45
1369.13
862.951
875.087
946.077
436.072
716.438
950.643
440.307
415.045
-447.775
-1011.2
-3270.73
-4384.38
-4922.57
1278.55
-4679.44
-3826.21
-3424.04
-292.79
-1963.16
2183
1588.86
2112.71
1712.31
1648.27
660.448
813.387
917.068
528.071
692.015
621.31
491.549
538.159
-391.711
-857.585
-3317.25
878.994
-1147.14
-5042.33
-4435.51
-3859.11
-3402.59
-2467.96
2931.03
807.122
952.887
1075.39
1734.63
1545.96
637.459
570.208
839.579
720.776
580.325
867.265
770.959
755.94
-195.056
-226.902
-994.591
-4215.38
-4513.55
-4854.61
-4180.57
-4153.05
2769.48
-2605.64
445.522
1290.8
755.649
1087.3
1350.93
2026.37
910
973.295
729.285
605.388
748.352
510.234
854.187
698.414
454.579
-1005.28
-1038.58
-4421.65
-5110.11
-4922.55
546.198
-702.537
-3303.36
-2437.72
-2024.96
1199.05
375.546
2080.3
1101.59
2098.29
644.278
496.712
639.935
635.126
778.976
508.055
870.317
677.639
-447.764
-1119.42
-3167.58
-3928.12
-1262.14
-5146.11
-4525.87
-4097.32
-832.119
-2715.64
-2081.49
1293.31
726.271
1372.8
1634.88
1341.47
667.591
509.974
644.376
581.877
748.623
881.673
629.993
645.89
-195.513
-1034.68
-818.268
-4246.99
-884.161
-1355.58
-4713.24
-3915.53
-487.717
-2836.52
-1812.22
-565.367
1332.12
1304.76
1616.82
1773.83
647.234
780.45
659.141
519.247
979.689
787.419
610.842
378.031
-372.074
-981.802
-3335.05
-3866.8
-4645.23
-5089.87
-1232.64
1055.84
1244.75
1239.28
1248.65
1321
88.4151
1177.37
1518.22
1045.8
886.754
519.92
513.864
718.385
545.135
725.552
754.618
295.105
442.478
-1064.93
-3773.23
-4414.06
-1387.92
-5154.12
-4266.22
-736.286
-3439.7
1.92861
338.226
-426.87
10.9787
2010.64
1782.3
970.288
744.224
671.327
495.739
527.868
857.244
808.861
528.09
538.453
-333.78
-1046.21
74.8892
-4139.96
-5109.41
-5273.82
-4595.39
-4192.17
-3618.53
-2554.33
-2197.2
-614.522
-121.288
656.509
1710.17
1472.97
455.098
809.176
854.285
689.096
511.58
792.026
597.757
424.235
-108.057
-880.002
-3425.06
-4288.16
-4990.62
-4976.63
-4361.78
-3956.32
-3522.89
-2714.31
-1574.62
-815.624
1626.87
1552.61
1096.78
1398.27
446.986
754.533
1003.57
492.819
908.898
569.636
547.614
554.839
-438.071
-1204.93
65.3132
-4555.48
-1066.98
-5149.89
-4698.45
-3928.09
-3840.45
-2668.03
-2094.11
1910.87
1849.18
1924.81
1354.54
818.151
531.04
603.839
600.748
773.449
617.308
788.441
957.453
683.686
-159.596
-217.374
-3466.06
-4169.9
543.107
701.117
204.99
-4227.95
-3549.1
1499.58
2478.9
-1044.07
2123.85
522.906
875.442
889.136
801.423
657.062
741.079
542.675
497.872
443.645
908.645
655.978
572.308
-983.832
1912.16
712.574
-1072.14
-5308.58
-1312.69
-4375.63
-3445.49
-3130.75
-2224.46
888.439
-71.5506
764.072
1872.99
1903.05
782.631
544.561
539.211
684.371
601.044
587.125
757.696
494.03
372.769
-186.871
11.405
497.838
-5160.22
-5483
-4586.16
-4223.21
-3899.87
-375.488
-1756.47
-647.056
1566.61
494.657
1614.45
1360.96
869.223
794.464
709.86
795.014
706.106
901.249
580.839
667.935
-305.162
-1107.09
-3590.39
-4441.25
-1132.76
-4981.1
-4579.82
-4383.84
-3418.87
-3007.76
-2126.98
-755.833
-287.923
372.085
1174.18
647.902
456.933
696.646
429.393
835.258
644.085
485.687
805.447
516.55
-268.776
-1223.86
-3975.48
-4598.45
-4715.11
-1627.99
-4706.56
-4265.91
-3800.13
-2453.71
-1933.55
-987.814
545.576
1069.3
726.076
1452.42
481.548
560.56
993.141
450.561
467.77
423.735
448.198
601.645
-424.331
-1054.47
1630.87
-1576.76
2823.62
-4965.33
-4564.54
936.189
-3753.89
-2774.73
-1959.67
-538.984
242.237
362.595
1387.23
678.53
391.935
553.364
671.742
679.349
666.015
546.164
547.095
365.699
215.94
-992.465
-1377.98
-1533.91
-5381.99
-5158.68
210.344
834.713
548.792
-2847.79
-2154.82
1014.86
160.45
634.27
628.416
614.761
819.434
528.654
786.358
759.741
742.592
606.555
724.096
657.372
-436.395
-1066.17
629.21
-93.7348
-1666.94
-5187.12
-1264.25
-3960.89
-3489.52
-2667.25
-2024.47
-711.109
-237.518
627.195
1329.55
968.102
515.158
711.302
709.631
669.883
599.076
587.783
691.747
274.503
387.849
-1002.02
-3667.34
-4603.79
-4946.78
-5599.58
735.028
-4365.87
-898.805
-2657.84
2680.21
1872.1
1194.14
1024.34
1181.13
1693.73
294.807
803.266
709.936
599.192
806.371
582.483
731.562
532.424
573.706
-1091.82
-1437.38
109.729
-5159.84
-1252.2
-1593.12
-4184.7
-3672.22
-2708.4
135.515
1259.88
2369.36
320.318
1226.69
484.803
912.845
503.61
637.729
848.419
691.365
499.823
722.054
460.394
-496.865
-1200.27
-3479.81
-1492.9
328.666
-5449.8
-4735.01
-4120.48
-3676.08
-190.119
-2324.2
-822.959
1546.07
726.141
1637.03
611.533
296.892
638.713
353.797
402.354
648.503
414.271
589.04
403.845
947.243
-1217.69
-3647.7
-1576.31
-5043.94
-5270.06
-4614.54
-4247.01
653.504
-3201.28
-2174.25
1548.6
1611.68
1925.71
1170.04
639.278
702.46
544.044
809.736
616.38
361.681
768.162
727.636
833.694
-419.382
-1125.11
211.701
-143.849
-5354.33
-5477.27
-4447.93
-1405.61
-3567.91
-285.356
986.036
-1181.73
1268.59
991.881
747.829
1359.89
618.26
773.63
446.662
760.774
344.954
932.672
371.395
697.13
-383.47
-1201.46
-890.946
-4763.16
-5674.17
-5223.27
-1341.85
-4582.34
-641.057
-2724.24
-2421.55
-1188.38
-354.185
246.246
978.588
1805.01
574.595
883.042
534.653
510.488
703.828
512.283
617.748
470.779
-443.691
475.71
-3697.53
-4284.8
-1669.75
-1355.54
-4903.21
-1139.34
-3617.33
-2892.27
-268.224
-861.671
346.901
275.644
795.183
1074.84
463.738
717.905
610.215
547.433
983.596
600.701
632.647
627.656
-473.029
-1046.16
323.126
-4394.14
162.241
-5308.6
-4768.5
-4553.48
-3716.6
-2978.8
-1985
1709.07
878.687
1609.7
647.537
619.746
653.393
797.016
509.741
564.046
850.339
794.501
638.056
449.523
-272.124
-1122.06
-3817.89
-4812.52
-1816.47
-5757.46
-1441.26
-4611.14
-4047.74
-2831.76
21.0146
-773.382
-312.141
1906.32
1349.34
808.325
755.833
766.004
638.551
486.821
551.02
564.885
696.939
743.067
-33.5511
-726.653
-3002.97
-3942.42
-1233.66
-5175.48
-4105.31
-3964.97
-3648.15
-356.089
-1181.97
-107.512
598.903
675.623
1205.63
706.061
469.882
834.956
761.96
855.506
653.018
643.017
750.863
685.725
-69.3529
-641.014
-3227.39
-4273.09
-1567.65
-5595.08
-4395.07
-4269.58
-3504.93
-2798.9
-1229.55
1187.04
396.966
985.966
1717.44
696.464
388.826
360.551
696.583
381.398
976.387
641.089
441.897
807.989
73.4389
477.655
-1108.6
-1480.84
438.236
-5446.31
2505.29
-3918.55
-3272.33
-2597.27
1452.78
-276.039
259.775
476.258
354.57
1423.52
656.455
508.35
688.967
646.834
700.017
739.909
453.584
769.139
361.651
15.4611
-3394.85
-4182.56
-5382.71
-5399.42
-1299.64
-4128.78
-573.197
-2706.48
-1262.24
-289.264
185.744
1476.48
539.664
653.336
434.509
625.626
773.618
808.223
395.305
512.182
506.059
522.045
249.673
-735.487
-3294.85
-1344.04
-5242
-5215.73
-1352.83
-1132.99
-3577.78
-2813.37
1135.83
-298.425
882.703
468.855
1343.76
818.964
572.683
501.553
536.741
617.904
714.911
672.676
552.296
466.654
226.629
-796.964
-204.764
358.606
-4897.57
37.3912
-4697.99
-4498.03
-3678.54
-338.762
-1380.92
-536.213
358.148
415.381
669.292
1300.17
399.443
849.076
778.475
720.061
392.696
386.921
528.452
666.818
734.76
261.177
1961.75
-4024.76
2413.54
-5961.11
-4645.04
-4012.95
-3686.35
-603.826
1295.27
-529.323
866.761
408.498
394.51
1638.92
573.759
403.366
363.619
732.414
912.619
695.982
640.977
764.182
8.05879
68.0662
-3414.47
-4411.2
-4985.95
-5907.27
-4362.42
-4402.93
-757.871
-259.007
836.097
1449.81
-246.558
1298.29
996.229
298.269
884.066
508.707
733.509
776.247
1069.42
493.324
999.615
502.639
502.919
-932.15
-3468.51
-4271.67
-1570.92
-5593.45
303.772
-4394.72
-3832.44
-2695.58
168.992
417.62
-70.6709
1202.79
599.002
319.169
573.528
522.567
455.839
609.573
530.531
733.019
514.431
959.864
345.1
-910.705
-3572.61
-1425.46
-48.2968
-2175.89
-4923.99
-1195.02
-4108.17
-3012.09
-181.255
963.79
-243.244
256.042
228.144
505.644
807.177
402.741
641.06
825.219
939.554
1026.75
848.315
936.731
50.1062
207.131
-3634.35
-4205.94
-169.012
-2169.91
-1527.4
-7.07358
-3955.84
-2979.36
-1576.16
-471.695
-269.983
834.181
274.11
1191.31
399.436
603.207
564.208
580.245
584.955
854.507
925.42
600.898
-42.9667
-682.11
-3311.52
-1560.69
-5506.01
-2307.88
-4694.56
97.7158
-1064.91
-2904.75
-1953.87
-510.613
217.483
426.457
625.202
756.644
581.019
518.989
403.253
393.818
700.458
569.411
578.467
782.471
465.557
-711.197
-1263.47
-1348.2
-5437.45
-5895.29
206.935
-4517.68
-963.336
-2984.67
995.869
-407.633
1366
1453.75
640.203
375.497
237.558
554.516
358.869
482.231
796.096
901.879
702.104
940.024
120.639
172.656
-3650.65
-4642.89
-5322.3
-6213.44
-5048.61
-4909.19
-4291.21
-2940.45
-2082.59
-637.88
1179.03
1.92855
1406.99
1041.81
658.74
513.187
336.143
1019.24
547.628
706.568
858.036
936.773
982.371
-620.806
-3399.13
-1312.37
-5459.8
-2292.65
-1907.27
-1533.83
-1498.46
-3082.11
-49.6774
467.668
1077.76
582.212
728.647
465.899
246.008
942.741
918.894
769.863
920.322
842.602
710.577
967.836
260.501
-795.898
1371.83
-4763.56
-5491.15
-5994
-1469.36
-1349.14
-4160.25
-3328.8
-1743.74
258.699
0.24314
549.567
1367.75
381.175
657.096
640.76
1026.43
710.911
1141.89
846.869
863.97
983.826
202.734
585.584
-3530.79
-4737.31
-2264.08
-6505.53
-4797.65
131.202
-3921.12
-3293.34
-2239.83
-674.963
501.535
15.8612
1833.62
1836.12
256.765
625.738
873.759
785.505
639.637
1041.27
789.248
1080.33
166.025
-729.157
-3426.6
-4719.1
-5703.17
-606.746
-5280.94
-1423.63
-4414.42
-3586.58
0.471383
196.746
1115.19
784.189
385.573
1242
919.275
596.994
841.412
759.018
864.554
1265.56
1182.29
1398.01
921.926
-673.909
-3166.08
-4825.58
-5591.68
-6024.21
-445.368
-2002.65
-4256.39
-3291.13
-2058.92
-835.103
-31.2303
638.518
658.246
746.525
618.887
544.855
898.532
833.345
702.523
1081.06
950.579
887.747
221.879
-538.54
-3194.96
-4587.4
-5753.86
-563.613
-5100.16
-4857.6
-1628.49
-927.491
-2297.36
1188.52
591.393
475.231
661.795
1078.14
561.668
1000.06
629.978
909.231
969.461
1128.59
1088.93
1203.59
589.604
-512.895
-3110.46
-4486.55
-6040.67
-636.028
-5498.31
-4746.23
-4317.04
-3264.24
-429.149
-773.367
-182.192
361.396
748.055
1548.78
783.622
570.504
1175.11
1051.62
1545.31
777.624
996.615
1257.88
634.38
-419.342
-3469.7
-5033.69
-5891.03
-369.274
-5002.98
-333.571
-4400.72
-901.633
-85.4522
591.142
-140.92
1579.93
1642.81
1715.29
955.373
800.137
1255.82
864.162
842.279
1087.86
1097.99
1366.24
1115.08
490.057
-3118.4
-4519.5
-5903.33
-6894.16
-5341.25
-5040.8
1563.74
-3332.43
-2101.88
-702.615
1646.99
150.933
1535.55
1217.99
637.351
840.479
675.002
924.865
947.96
1305.43
1006.42
1266.35
483.445
-568.67
-3032.54
-4665.6
-5818.44
-2370.2
-5439.99
-1717.1
-1445.66
-3772.19
-2110.09
-482.21
521.74
1157.1
1334.94
1229.91
573.611
562.874
991.06
885.219
903.281
816.92
874.539
1014.01
1625.19
1062.79
-3343
-5052.03
-6369.14
-6484.3
-1906.24
-5233.54
-1496.83
-896.239
1835.98
93.2431
1035.8
1100.52
942.893
1702.31
330.278
661.733
590.711
927.402
804.203
783.025
1181.83
889.416
315.497
625.226
510.943
-5142.18
-6347.47
-6762.8
-5671.61
-5492.98
-4518.21
-3753.33
-2120.63
-432.761
226.359
282.321
1663.37
1393.15
450.134
712.553
1010.51
973.139
816.136
1007.45
1174.68
1213.39
1221.45
275.525
-3431.63
-5068.39
-2175.33
-2327.82
-5716.2
-5166.69
-4614.29
-91.189
-599.794
-518.891
321.872
1638.17
999.277
1515.24
886.384
998.944
1113.01
1020.2
1344.88
1241.48
1096.46
991.467
348.026
1181.22
-634.526
-4868.67
-5933.89
-2583.76
-5309.23
-5094.66
-170.722
-1168.47
1865.82
-580.668
-149.664
677.949
1824.38
1521.11
854.836
810.925
967.924
1085.17
1101.83
1187.95
1002.07
1336.77
1274.31
-219.302
-2708.43
-1354.42
-5860.67
-6633.69
-5582.44
-2278.75
-46.3386
-1000.42
476.322
1215.41
1595.78
402.883
897.18
1855.66
893.836
1058.42
1147.96
1322.84
1277.85
1409.63
1127.79
1546.02
1351.16
-488.938
-2788.62
-4686.81
-6200.2
-6926.1
-5760.86
-2258.45
-1733.41
-3582.71
-2470.2
-813.856
461.868
560.203
1573.8
1531.47
558.82
1392.44
969.718
1428.68
1043.36
1052.65
1350.05
1212.78
1664.8
154.975
-2205.56
-3615.21
-1334.35
-4813.63
-4117.2
-3954.9
-3269.17
-2611.53
-1237.23
609.313
0.0612797
886.33
594.987
2314.86
1181.67
1353.28
1593.6
1177.45
1071.74
1462.92
1294.32
1551.45
1658.74
-129.348
-373.658
-1416.04
0.725549
-1477
-4602.84
-3891.17
-3474.62
-419.533
-1588.85
1341.97
309.84
462.077
2290.7
1782.55
699.447
621.439
914.329
951.878
1555.91
1476.77
1248.67
1116.07
1326.77
1076.4
-1977.49
-3524.28
-4623.22
-5171.32
1696.97
-4082.34
-2992.95
-439.357
1816.36
-350.229
475.825
1013.77
1497.73
2383.7
528.408
974.957
1388.52
1340.26
1267.6
1076.5
1390.3
1327.96
1923.77
337.045
-2366.22
-3911.52
-114.079
-5184.96
-1290.78
-3560.3
-3310.41
-2442.53
-1719.89
-668.284
1141.19
727.01
2921.61
1116.83
790.568
980.461
1262.19
1303.94
1002.54
1441.79
1191.75
1477.04
1689.99
37.0183
-90.9644
-929.958
358.376
-5259.66
-4432.98
-3734.43
-1117.91
-2824.64
-1223.69
961.174
1664.74
808.089
926.748
745.098
636.867
848.363
1015.2
1227.56
1222.1
1052.57
1261.56
1260.45
1103.87
1533.78
-26.1383
-3389.21
-4033.04
-5025.52
-4041.36
-973.914
-3128.37
-2625.1
1165.69
-313.216
1461.65
644.295
2796.43
1555
653.952
1333.66
1331.88
1305.87
1228.74
1226.31
1561.77
1281.39
1106.73
372.068
-1909.31
-3484.78
-4298.61
-4921.14
-4256.36
-3777.16
-675.042
407.646
-1626.31
-233.916
529.07
360.305
1386.86
1849.27
615.182
1163
1111.15
1165.15
1362.06
1450.33
1477.59
1238.51
1473.03
174.04
1149.73
-1016.31
-4510.54
-1875.3
-3889.34
-1187.33
1905.4
-2503.81
-1528.68
-198.17
716.004
1978.8
1010.88
1272.87
969.081
1315.37
1540.62
1347.35
1007.14
1330.46
1293.98
1262.83
1323.72
236.929
-1702.45
-3177.43
-3890.11
-1869.32
-4367.16
-3538.41
-3046.18
865.953
-1419
-376.16
838.069
864.505
1605.05
1127.93
668.379
1178.16
1228.77
1094.69
1205.73
1258.96
1670.54
2090.11
1234.03
422.321
-1878.68
-3062.53
-1163.54
-4710.34
-4054.73
-3715.16
1685.64
-428.864
-1239.15
925.797
136.897
1313.92
2436.09
2320.75
797.501
1541.16
1778.96
1369.14
1991.29
1892.8
1352.75
1735.14
1576.4
148.748
-1482.21
-780.064
-4475.11
-4582.05
-4017.85
-3747.43
-3521.98
-2492.8
1080.31
-458
333.348
1393.37
1630.42
2153.74
851.611
878.967
1335.85
1075.05
1138.03
1583.04
2061.82
1665.98
1226.78
196.171
1648.39
-3794.32
-4035.11
-5062.24
-4321.03
491.028
1863.39
-586.788
187.036
-595.47
805.278
1866.34
2118.5
1873.73
866.996
1454.14
1050.26
1171.04
1191.32
1574.4
1775.33
1402.03
1603.9
565.201
896.933
-3078.8
686.304
-5070.56
-4212.85
-1293.59
-616.223
-281.227
-1220.47
-199.554
2205.31
1767.07
2129.67
2513.47
853.541
1230.13
1645.52
1520.15
1547.76
1854.16
1914.11
1856.48
1209.17
1867.86
-1737.88
-3525.74
-840.514
-4602.08
-1464.67
-1320.53
-3582.64
-2386.21
-1503.13
81.2306
2123.39
902.247
1694.33
1880.22
1005.67
976.415
1418.45
1477.66
1572.89
1278.57
1556.55
1564.08
1982.86
1500.58
-1345.52
-3244.11
-874.421
-1182.17
-3875.79
375.113
-2998.75
-2450.2
-1451.07
-139.069
953.03
1320.91
1787.03
1871.64
1061.29
1284.08
1230.75
1585.23
1901.01
1724.68
1625.48
1996.51
1441.85
599.377
2154.66
1078.86
-4289.83
-4358.05
-4031.17
-1077.3
-747.069
-2348.26
-1078.19
1152.46
1994.72
2277.63
2854.63
2038.96
1547.57
1413.93
1477.75
1673.52
1553.34
1624.79
1452.27
1498.1
1979.41
365.419
1783.06
-3167.67
-4114.72
-4506.07
-4022.22
-3499.52
-634.777
399.646
131.405
-176.663
3052.39
1454.76
2235.97
2939.96
1651.5
1806.03
1437.64
1445.6
1369.07
2079.16
2286.08
1857.54
2108.66
463.667
606.602
-3399.57
-866.269
-1047.43
-1151.91
-3835.38
-3341.98
-737.574
2160.1
1533.99
637.94
973.533
1553.13
2982.77
885.787
1541.51
1364.9
1354.61
1619.93
1716.37
1557.44
1763.51
1287.25
398.342
1032.34
1756.89
-676.008
-4460.74
-3807.97
594.343
-833.904
-517.934
-698.746
1599.01
971.399
1673.03
2808.9
2830.21
1901.12
1377.93
1788.03
1600.73
1376.07
1772.19
1767.08
1815.2
1675.9
1571.11
-1640.25
-3332.46
-4351.77
-4507.41
-4337.32
-1013.96
-3572.33
-2559
-752.361
-84.9894
1007.95
1342.84
1655.97
1739
1171.59
1542.5
1691.83
1399.4
1241.25
1673.52
1594.07
1586.85
1692.87
361.622
-1721.65
-3110.46
-695.963
-5168.18
-1387.22
-898.738
-3417.02
-2481.65
-1304.19
68.7994
2409.01
1466.75
2657.77
1634.42
1284.9
1156.41
1442.67
1501.58
1543.17
2002.75
1745.01
1725.6
1869.24
527.364
-1184.16
1628.65
-3931.43
-4946.5
-4073.04
-3744.62
-3827.16
1072.59
-1073.33
1254.6
2305.61
1755.53
1980.72
2764.76
1758.38
1020.26
1134.29
1453.01
1381.62
2298.24
2083.13
1778.12
1473.01
656.311
1352.65
-30.6787
-4511.33
-5202.61
-1070.01
-3502.53
-3680.02
-268.334
-989.302
178.024
680.542
2901.19
1140.53
3590.28
1622.68
1587.42
1017.27
1194.61
1825.98
1664.12
1575.49
2086.85
1819.56
1849.3
-1719.46
-3101.07
-801.244
-5087.36
-1066.89
-3758.44
-3830.12
-524.197
-942.389
296.101
2961.85
1287.78
1793.52
2720.23
899.422
1348.17
1431.49
1310.81
1594.29
1802.72
1709.92
1589.89
1293.55
628.025
-1533.16
-3281.52
-4528.58
-5215.46
-4078.73
-3703.57
367.264
-240.078
-943.534
345.009
1965.58
2447.99
1603.95
2551.46
851.188
994.667
1261.08
1843.81
1715.76
1961.75
1331.03
2194.48
1302.23
694.665
-1181.05
-3072.53
-391.227
-5022.01
-3980.97
-3811.12
-1138.13
-2671.12
-1123.86
158.382
562.13
1346.58
1756.24
2135.82
1466.66
1776.72
1342.38
1164.44
1774.07
1574.99
1584.03
1748.26
1293.04
395.111
-1305.87
-231.265
-4288.7
-802.677
-3805.79
278.246
-3482.28
-352.365
-1068.69
270.055
2384.27
1548.1
2494.36
1375.53
2233.48
1821.84
1202.65
1689.37
1126.48
1515.33
1330.58
1541.44
1902.65
730.042
-1222.3
-3386.51
-380.746
-4748.54
-3838.38
-3546.56
-3611.18
-2240.17
-533.936
2593.98
2858.3
1038.8
3148.36
2128.85
1120.1
1619.76
1717.21
1187.52
1881.54
1724.13
2629.66
1758.7
1741.92
564.91
-824.894
-3144.15
-3964.44
-4625.97
-892.069
-3480.42
-3156.75
-2328.02
708.833
436.083
3679.34
2923.2
1862.63
1874.56
1233.35
1301.66
1290.1
1210.72
1205.03
2122.86
2065.14
1506.18
1306.3
1742.49
-1202.24
-2875
-398.362
-1142.61
-4253.73
-790.772
-3354.86
-2248.06
-554.313
2112.81
2236.59
2839.68
2717.02
1878.45
899.481
1358.7
1536.91
1577.12
1332.31
1310.48
2200.38
1570.03
1774.7
822.226
-734.553
2196.13
-424.23
-893.718
500.916
536.438
-3072.06
-222.414
683.984
917.102
2483.2
1836.65
3397.35
2104.92
1479.85
2072.1
1159.9
1214.83
2103.84
2030.32
2203.82
1494.6
2189.29
1325.92
-231.937
-2276.07
-106.664
1439.61
-3784.27
-3152.75
-2666.65
-1571.06
2173.68
401.701
1450.71
3531.99
1917.81
3660.47
1691
1114.96
1434.22
1609.99
1779.49
1940.2
1731.01
1461.48
2390.62
1428.62
4697.94
-2688.2
-213.214
-4304.51
-487.349
-3305.25
-12.839
1705.52
-662.55
1029.95
2979.3
3640.13
1840.12
1688.33
1663.56
1461.22
1155.08
1818.88
1393.57
2443.59
1795.65
1851.86
1796.78
2353.94
-20.9397
825.717
-378.13
-4501.84
-3898.22
-3190.82
-435.199
-1654.19
1051.72
341.155
2570.55
1947.04
2138.68
3534.76
1175.73
1350.71
1996.77
2168.85
1689.88
2320.96
2789.09
2397.64
2450.7
1813.01
-270.939
-2502.24
-3752.57
-4476.07
-3498.37
-566.937
-4.28018
549.364
3298.24
2483.36
1734.04
2116.83
1699.3
4188.9
1112.52
1287.28
2046.73
1959.29
1566.68
1781.92
2016.72
1710.28
1793.14
2383.78
270.266
-2205.77
-3354.43
-4400.53
-262.293
-134.57
-139.99
1746.31
2501.37
852.044
1429.27
3167.97
1715.26
3708.49
1931.77
2175.61
2420.15
1319.89
1417.42
2006.68
1678.06
2669.49
2558.08
1381.18
-72.2862
-2250.48
-3573.01
-419.923
-3582.93
-3010.58
1217.25
-1092.2
1551.94
986.495
3420.55
3527.28
2039.26
1953.5
2145.77
1363.96
2099.67
1419.8
1977.61
1552.32
1652.15
1855.02
1913.22
1320.67
426.417
-1470.21
-3284.24
-4352.42
1449.12
-167.057
364.559
-722.405
177.481
929.822
1836.98
2209.03
3414.43
4030.07
1893.82
2360.11
1754.03
1771.4
1518.49
1758.41
2051.52
1900.02
2680.5
2438.73
635.762
1463.29
-3161.05
-623.95
-547.112
1270.67
-2398.19
1974.14
253.611
2309.73
2261.89
3369.16
2028.22
2402.41
1285.14
1298.16
1697.2
2183.61
1579.16
1840.79
1874.39
1921.64
1839.69
1545.08
442.036
-1909.84
-3005.66
-3765.64
-178.211
1801.82
-2437.29
-1206.55
-72.5992
2247.84
3498.69
3403.33
3433.83
2319.81
2221.76
1651
2652.27
2687.5
1942.88
1785.36
2278.29
2532.55
2089.58
1664.35
476.291
3158.65
-3002.07
-4039.91
-2884.19
-2621.56
163.792
-788.42
264.945
1495.75
1961.71
2371.36
2697.84
2719.49
1383.55
1771.68
2102.93
1934.73
2777.24
2402.17
1886.6
2088.63
2354.14
1807.49
2868.56
1888.31
-3179.1
-133.075
1415.74
-2883.32
-2221.62
-839.11
188.691
2664.85
1759.27
2628.1
2462.7
4156
1280.79
2333.91
2457.17
2805.53
1931.69
2106.81
1912.11
1985.16
2113.37
2362.59
5793.83
-1256.32
135.795
-3728.33
162.696
-2854.25
207.752
-1073.95
220.13
1303.98
2266.99
2057.2
2176.05
4509.91
2152.98
1541.8
1650.01
2160.12
1810.45
1737.98
2060.68
2001
2165.19
1705.83
3364.33
-1465.71
-3069.62
-3264.28
-3221.22
-2548.05
1768.12
-995.01
60.0052
3282.4
3333.65
3203.97
2680.31
2088.39
2212.05
2092.18
2267.42
2413.43
1866.65
2398.6
2209
2399.69
2244.61
2425.35
914.635
-1093.21
690.011
-3610.38
-2740.78
1623.28
-2042.59
-813.175
124.821
2509.57
1555.76
2363.12
2608.73
3423.05
2000.54
1571.7
1791.02
1707.8
1731.1
2801.92
1861.45
2105.36
1971.67
2260.81
6112.47
-1214.36
-2849.6
-3601.14
-3009.6
436.188
2428.72
-616.475
104.926
1690.52
3910.24
2365.93
4001.56
3503.67
1608.9
1597.93
1843.79
2915.7
2435.63
1997.45
2014.74
2220.03
1856.51
2854.82
1334.88
-1471.01
514.786
-3574.79
-2964.2
1795.09
-2018.98
-761.363
0.558756
3403.51
3408.51
2127.48
2374.6
2602.82
1586.2
1525.96
1520.3
2597.52
3173.25
2003.08
1942.94
2102.63
2793.65
2675.71
1336.28
1782.72
1011.12
-3556.22
-3053.77
-2539.84
795.173
2304.64
290.445
3236.81
1967.59
2266.96
3697.88
2349.94
2847.21
1436.88
2783.89
2996.63
2070.98
2215.34
2008.19
2253.19
2146.34
1980.68
1304.54
2649.15
-2573.06
796.018
-2336.6
-2424.32
-1456.65
-516.774
2277.84
1592.61
2610.54
2649.24
5329.43
3112.88
2248.36
1599.31
2589.46
2706.89
2414.6
3082.64
2006.13
2423.75
2909.01
2640.62
3862.68
2727.28
-1977.78
-2948.12
-2710.57
133.53
2357.69
2742.23
452.271
2829.48
2370.69
2880.79
2886.11
2783.64
1619.78
1787.61
1784.04
2866.66
2539.21
2521.22
2071.1
2211.52
1986.47
1920.17
4430.95
-1044.52
-2439.72
262.739
-2802.73
-2405.63
-1439.84
-510.33
813.938
1404.63
2042.43
4843.21
2414.39
4293.77
1297.81
1696.44
2540.45
1684.67
2477.17
2094.24
2150.32
2251.73
2085.3
1900.1
3822.26
-1120.75
-2317.74
-3272.28
-2213.25
435.87
1290.74
2489.17
501.708
1487.18
2336.99
2546.95
3737.32
3196.51
1362.54
1746.38
2647.92
3072.38
2024.39
2252.01
2306.04
3096.34
2123.84
1570.64
1705.92
-647.831
1079.5
-3002.72
1918.2
-2077.05
-1184.95
-396.383
3585.05
1446.15
5029.96
5109.59
5041.09
4567.69
1746.19
2181.38
2442.64
1937.34
1822.91
1959.67
2509.73
2269.28
1960.52
2002.8
3607.19
2531.15
1589.53
-3132.04
-2092.09
1069.07
977.623
-74.9767
507.89
3262.91
5153.87
4673.71
6095.96
4208.89
2572.5
1798.49
1613.73
2009.6
1959.92
2221.43
2244.94
1979.15
2432.92
2739.88
1034.4
-527.473
-1870.99
3615.6
-2026.58
-1795.05
2311.41
-156.887
2362.91
1541.55
4773.69
2524.51
5571.29
3176.08
2964.24
2946.61
2586.03
1878.06
3533.97
2176.05
2995.18
2094.85
2023.78
1984.69
1214.48
2316.57
-1993.92
-2862.02
515.101
-2418.7
-1161.31
1712.41
940.094
1975.02
2171.93
4001.56
3117.02
5550.02
2356.23
2599.61
1730.47
1894.1
1779.4
2011.71
2411.02
2363.01
2339.35
1860.26
1374.86
-858.616
-2036.99
1302.73
-2130.09
-2222.74
-988.071
107.707
629.307
1532.76
2842.9
3919.62
2648.68
3087.03
1454.14
1911.08
2085.65
1978.45
2935.81
2329.28
2393.17
2244.21
2956.71
1807.62
4155.64
-354.86
-1474.59
-2934.98
-1960.36
-1903.45
-1070.58
2414.7
2958.93
2015.41
2666.47
4730.48
2975.68
4398.53
2593.72
1951.76
2117.21
1990.65
3031.42
2435.69
2216.81
2465.82
2585.85
1950.25
1411.78
-399.182
1686.21
-2140.09
836.297
-1823.93
3221.63
1885.3
1218.32
4505.4
2796.57
2677.36
5210.59
4521.39
2911.07
2912.85
1991.39
3260.2
2761.64
2472.09
2170.36
2288.9
3037.9
1965.64
1837.68
-273.929
-1145.31
-2233.68
-1589.96
-1495.42
-704.796
2228.9
4846.23
3343.42
2627.05
5041.87
2824.78
3183.41
2687.8
3172.03
2179.48
2211.11
3657.18
2282.6
2508.65
2394.14
2919.26
2318.89
1595.7
-241.254
-1005.88
-2474.06
4555.9
-1593.66
1786.94
3615.18
1454.3
2727.84
3283.86
2845.21
3097.97
3663.35
1939.23
2111.72
3424.1
2309.69
3109.85
2482.53
3496.32
2632.46
2787.42
2660.36
3098.71
975.97
-8.24286
-964.277
-844.811
-1144.48
-510.903
519.858
1516.09
2791.81
3524
5432.51
3280.89
3222.29
1895.62
2251.1
3414.58
2313.89
2429.08
2497.73
2720.97
2767.46
2452.43
2718.36
3342.31
1773.2
4865.02
-597.961
-668.203
-649.311
-368.902
978.761
4667.53
3908.63
3024.84
3610.64
4734.35
5557.2
2092.15
2135.2
3754.97
3347.5
3083.51
2528.91
2453.24
2715.45
3506.87
2870.16
4958.56
2031.6
5179.45
-839.47
-943.693
2051.81
5054.53
516.551
1818.79
2839.95
3553.04
3766.16
3139.86
3851.36
2808.91
2021.93
2598.38
2343.88
2740.47
2842.37
2907.46
3209.94
2589.59
2702.02
7321.38
4319.98
677.4
3062.7
-473.917
-435.124
344.397
799.378
2374.9
2773.49
5274.9
5145.07
6346.52
4342.5
2953.51
2564.65
2478.05
3295.42
3191.49
2734.59
2826.87
2772.72
2937.21
2718.78
3323.45
1826.28
5504.7
-647.485
-279.786
2451.39
2738.71
1441.75
3704.27
2999.9
3976.38
3865.16
3610
6832.27
2517.16
2416.57
2490.61
3152.68
2921.34
2872.73
3417.47
3314.28
2975.93
3653.9
3362.11
6229.5
1102.63
-648.077
-263.595
2162.92
2533.62
1399.76
3869.02
4225.16
3841.92
4167.82
5531.36
6249.14
3303.27
2333.31
2590.41
2881.18
3326.45
3010.22
2930.17
3064.46
3493.91
3177.41
3826.61
2214.45
214.041
-37.3708
-241.222
-176.402
3629.03
1103.68
2765.09
3054.28
4471.02
5507.15
4300.62
6241.1
3490.96
2670.72
3603.46
2706.62
3749.89
2894.98
2942.19
2896.78
3686.2
3192.02
4309.34
5039.37
726.176
2844.2
2861.29
-203.01
3707.25
1417.81
2849.56
3382.26
4510.67
4248.71
4447.22
4833.73
2294.88
2636.42
2714.14
3381.19
2720.47
2913.04
3170.9
3271.55
3895.48
3504.08
5839.11
4891.72
938.744
3314.43
-102.109
-222.647
564.375
1926.29
2773.05
4351.04
4252.01
4315.45
6617.47
4373.41
2990.64
2574.82
2764.64
3180.9
2985.6
2962.85
3107.8
3823.4
3007.15
4054.53
4471.76
2928.53
1053.94
3.28279
-244.618
-98.7945
939.413
2112.14
4182.97
3885.64
4256.39
4808.46
6160.35
4513.82
2561.43
2700.93
2770.11
3119.97
3290.93
3248.57
3100.73
3336.39
3307.46
3657.84
4112.85
2881.84
6213.77
300.552
86.6785
2656.46
973.925
2087.05
5742.35
3677.83
4601.87
5097.05
4775.6
4666.42
4088.96
3062.98
2836.19
3261.73
3449.51
3885.31
3015.88
3361.16
3335.46
3087.31
5916.69
5354.24
1337.58
3604.4
-130.819
4506.43
4658.38
1820.83
2944.14
4109.2
6475.67
4718.61
5263.99
5223.79
3363.16
3766.95
3204.01
3718.7
3877.35
3065.08
3221.93
3187.43
3464.95
3229.87
8202.18
5044.39
1598.6
5385.17
-168.553
1.19853
1028.41
4777.69
5912.52
4963.14
5208.26
5155.78
5392.27
5215.87
3739.38
2749.21
3031.17
3805.15
4249.36
3854.24
3505.28
3577.95
3190.25
3289.57
4093.46
2597.85
1343.9
3890.05
2728.47
2920.33
3574.41
5216.46
2858.27
4068.06
4646.33
4757.26
4768.2
4896.76
2630.1
2824.38
3070.35
3113.27
3388.78
3360.69
3115.61
3367.76
3204.03
3409.58
6576.32
3037.39
6386.95
4248.95
3151.17
130.511
1154.39
2312.8
5009.02
4000.57
7012.11
4685.95
4953
4878.34
3592.62
3387.83
2947.29
3228.68
3469.52
3847.77
3309.21
3339.17
3113.31
3982.84
4273.41
2781.15
936.003
3723.6
162.925
1.44074
1028.41
4081.09
3455.85
3660.65
4920.34
5128
6826.37
6348.02
2875.92
2763.9
3794.15
3283.3
3061.4
3879.6
3359.49
4006.94
3231.01
3013.06
4801.16
5908.5
1352.84
433.611
-245.899
2865.83
3585.65
1897.9
3302.41
4156.86
4908.33
4620.37
5440.11
5060.67
2860.5
3151.13
2865.78
3196.76
3187.59
3264.01
3659.86
3431.67
3728.6
3304.82
6960.18
2481.37
1284.24
4495.96
96.5337
-54.923
4642.76
4746.66
3098.35
4928.78
4787.94
5010.89
5364.42
4981.78
2756.27
3259.09
3630.89
3347.62
3144.79
3320.77
3455.39
3306.97
3208.65
3177.52
4447.67
5865.28
5077.17
681.327
307.816
627.292
1067.33
2008
3162.74
5639.81
4653.22
6267.06
6557.41
5475.59
3005.99
3023.91
3796.58
2967.52
3976.97
3840.58
3758.27
3283.84
4285.19
3163.56
4942.69
7417.2
1571.3
675.135
-186.964
663.257
3741.42
2024.74
3133.05
3738.72
4750.61
4911.89
5002.19
7920.25
2813.97
3848.32
3902.57
3121.28
3447.14
3084.05
3315.86
4332.82
3432.07
3243.73
6878.03
2609.39
4591.77
284.966
-54.44
510.666
820.173
2574.36
3104.61
3706.49
8152.07
5236.32
7004.06
5560.67
2929.29
3016.94
3646.99
2967.36
4178.51
4100.86
3493.68
3292.55
3818.39
3189.2
6578.61
3255.57
1814.49
437.681
-203.577
3278.67
1054.23
2133.24
3078.1
4005.78
6466.33
6470.59
5296
5208.28
3062.42
3046.04
3126.04
3026.09
4432.87
3752.57
3865.15
3264.07
3272.68
4344.67
7073.75
3067.34
1180.67
667.248
-168.682
27.0267
3356.76
5213.5
3536.27
4072.21
6397.57
6954.39
5084.15
5248.99
4134.3
3112.81
3987.9
3126.35
3220.12
3375.17
4037.21
3525.53
3204.22
3481.32
7627.38
3436.2
1886.84
254.437
4565.99
685.146
962.094
2350.68
4940.79
4248.75
5204.05
4791.81
4935.5
5465.43
2846.75
4220
4276.78
3038.57
3096.94
2997.44
3850.35
3723.56
3185.8
3303.9
6706.16
3497.86
1941.9
4728.01
3524.33
833.029
1260.8
4078.05
3446.81
4079.79
4989.97
7299.56
8160.92
6710.52
2725.09
3183.58
3169
3548.34
3711.92
3142.41
3122.42
3044.2
3221.6
3154.82
4928.29
7507.85
1693.87
4083.97
3212.15
64.8864
3729
4382.17
3614.2
4126.27
4806.48
4877.1
7017.81
4877.99
4241.74
3952.58
3602.84
3896.99
4346.98
2997.68
3425.25
4114.32
3187.18
3765.59
4933.47
2937.1
5176.3
786.269
4582.66
3663.99
924.535
1972.27
3314.24
5073.33
6507.43
4697.02
4695.83
6767
2937.7
3095.21
3816.17
3583.43
3551.77
3991.09
3160.92
3232.73
4101.69
3385.18
6444.47
2690.84
1746.78
4101.99
3187.08
105.169
1323.7
3962.65
5483.93
3969.17
5021.95
4887.32
5105.94
6856.26
2518.34
2737.01
3703.3
3873.82
3112.4
3031.46
3781.26
4356.49
3699.28
3174.9
6481.41
5837.79
4661.68
670.964
200.862
3021.73
966.9
2289.34
3134.23
6055.42
6773.21
5021.45
4968.41
6535.73
2794.04
2771.73
2820.31
3889.18
2984.83
3144.85
4006.43
3469.11
3276.2
3480.41
6750.99
3052.2
5092.29
327.088
3445.68
192.919
5054.33
2124.32
5377.52
5608.92
6412.61
7187.79
4782.5
7138.55
2639.9
3842.79
3040.63
3023.05
3305.44
3354.47
3219.47
3474.67
4478.2
3282.33
5011.05
2926.52
6175.57
4639.88
77.8405
491.612
4004.16
4271.05
3212.15
5497.97
5154.33
6491.42
4714.47
5433.09
3984.61
