4109.49
3944.13
4159.33
4159.68
4251.72
4225.24
4565.78
8635.17
8274.6
8473.73
8298.5
6397.57
5676.24
5436.44
5789.67
6444.62
6179.09
7622.21
8311.94
7708.6
8329.12
4069.03
4342.29
4474.33
4214.32
4433.24
4347.28
4602.09
4372.31
4516.57
4566.6
8400.33
8963.44
8190.03
8243
6161.12
5379.1
5772.36
5950.04
5435.47
6089.34
6943.26
7712.67
7627.08
7245.92
3772.63
4003.07
3832.3
4211.88
3900.05
3940.65
4210.89
4196.73
3961.53
4087.89
7658.02
8208.69
7246.41
7243.16
5406.64
5929.1
5296.76
5446.91
5470.69
5882.15
7328.31
6731.4
7191.93
7030.1
3748.35
3839.26
3747.6
4161.35
4138.88
3949.83
3909.57
3990.93
4283.25
3944.51
7927.41
8166.46
6994.11
6417.45
4954.43
5260.83
4909.69
4887.64
4605.54
4451.84
5829.09
6022.48
5655.11
6201.78
3087.39
2992.77
3249.83
2925
3386.43
3169.69
3477.11
3499.28
3574.51
3706.78
6992.71
7046.86
6618.26
6379.58
4858.5
4097.64
3967.95
4351.6
4056.49
4866.4
5365.97
5907.21
5884.66
5427.35
3060.76
2983.59
3255.29
3457.95
3349.2
3401.03
3313.63
3314.07
3668.42
3689.77
6693.46
6345.21
6638.68
5839.25
4248.54
4039.94
4231.19
4412.07
4680.68
4508.94
5956.06
5747.1
5544.56
5858.58
3228.28
3407.38
3106.62
3206.33
3267.19
3518.39
3737.14
3754.96
3564.75
3662.21
6030.63
6294.07
6200.05
6116.77
4651.76
4788.08
4895.11
4937.37
4557.45
5129.41
6434.96
6621.03
7048.93
6718.13
3808.27
3835.79
4072.12
3991.08
4172.08
4227.9
4310.82
4242.31
3862.18
4152.91
7332.47
7533.41
7092.1
7674.48
5476.26
5400.66
5242.88
5278.01
5080.23
5197.53
6409.87
7268.28
6732.99
7313.24
4071.8
4011.09
4015.37
4236.09
4253.33
4187.46
4230.08
4243.12
4174.66
4327.33
8462.8
8468.67
7840.94
7616.55
5463.7
5262.81
5312.13
5490.82
5550.14
5305.88
7072.26
6582.32
7391.31
7109.26
3863.83
3817.21
3866.16
3811.27
3788.53
3871.92
4149.49
3981.95
3734.64
3915.27
6590.32
6964.67
6558.33
6068.98
4514.75
4767.07
4480.67
4350.63
4792.14
5514.68
6523.04
6105.6
5962.56
6065.04
3478.86
3314.7
3171.93
2417.07
1749.98
2370.54
3497.96
4422.72
4035.98
4306.32
7468.73
7407.25
7768.82
6903.39
5386.34
5862.52
5881.51
5494.23
5402
5564.1
7083.33
7562.63
7592.16
8247.15
4355.92
4097.47
4133.09
4570.63
4495.99
4604.03
4931.1
4979.95
4382.44
4758.82
9173.27
9184.37
8307.75
7939.04
6696.23
6101.83
5617.53
5191.98
5278.91
5817.49
7692.48
8881.74
8753.04
8280.9
4660.31
4562.68
4809.58
4463.62
4624.21
4607.65
4538.93
4904.98
4617.29
4724.03
9229.47
9131.88
8303.6
7289.5
5915.88
5874.74
5335.77
5754.75
6087.28
5806.77
7555.88
7492.96
8143.76
8145.78
4183.71
4673.47
4459.43
4470.83
4753.66
4558.22
4414.84
4634.29
4378.64
4670.37
8393.83
8409.26
7964.6
8174.37
6123.38
6078.03
6391.52
6222.88
6197.14
6534.99
7301.92
8067.81
7861.89
7886.56
3790.44
3850.21
4067.2
3952.79
4196.28
4141.6
4185.65
4588.59
4370.97
4622.57
8983.52
8719.48
8346.09
7942.66
6023.25
6077.95
5983.25
5942.68
5867.08
6517.32
7509.51
8286.93
7845.48
8390.63
4186.98
4350.34
4153.71
4187.14
4377.95
4283.07
4576.3
4399.5
4388.86
4507.33
8402.66
8817.21
7990.07
7688.65
6670.16
6690.15
6513.44
6610.6
6249.55
6572.89
8401.78
8289.75
8609.89
8418.44
4616.75
4426.27
4696.46
4582.12
4647.78
4646.12
4748.94
4944.34
4836.54
5079.72
9561.3
9284.82
8633.07
8249.83
6475.6
6487.3
6474.49
6526.16
6687.15
6597.49
8007.56
8237.64
8472.27
8999.62
4283.04
4451.76
4547.96
4458.87
4572.62
4532.23
4860.72
4736.28
4794.81
5069.36
9278.25
8772.93
8907.2
8176.98
6300.71
6995.48
6025.57
6128
6654.29
7005.3
8312.93
8294.44
8752.24
8305.08
4416.31
4467.28
4796.66
4776.61
4632.86
4946.29
4841.04
4816.95
4732.39
5031.12
9535.5
9229.34
8640.28
7843.16
6306.38
5887.82
6087.59
5798.16
5802.78
5778.52
6945.9
7903.8
7518.94
7723.21
4031.59
3819.01
3998.14
4011.87
3856.96
3995.42
3847.36
4021.63
4035.17
4077.08
7998.43
7619.44
7615.64
6958.64
5284.16
5284.99
4479.13
4848.19
4887.85
5246.75
5849.53
6550.41
6303.11
5782.3
3151.99
2785.68
3109.07
2989.08
2836.95
2787.51
2928.95
2829.16
3154.48
2913.16
5754.92
5162.63
5022.23
4455.99
3376.36
3796.93
3083.48
3427.72
3129.78
3644.35
4689.08
5078.84
4838.06
4718.14
2691.36
2700.08
2323.68
2451.98
2574.7
2525.76
2401.04
1956.6
1902.17
1763.26
3300.77
3074.19
2838.31
2248.28
1436.01
1877.93
1141.76
1150.72
1215.18
1793.81
2988.07
3663.95
4121.01
5240.85
2673.67
3085.59
3237.7
3411.62
3326.66
3292.3
3653.67
3531.66
3434.85
3674.84
6207.61
6490.87
5485.6
5076.17
3679.79
3261.45
3414.9
3127.58
3429.76
3833.56
4703.9
5048.15
4865.53
5378.43
2878.68
2424.15
2451.89
2804.02
2664.68
2887.76
2732.72
2799.29
2750.43
3243.16
5796.88
5828.06
5439.69
5400.14
3774.39
3697.49
3782.6
3733.81
3714
3771.66
4919.71
5115.82
5350.96
5125.8
3002.37
2600.52
3126.24
2975.87
3025.92
3355.48
2924.78
3091.26
2930.2
2964.96
5528.83
5999.99
5492.73
5356
3986.1
4399.13
4242.49
4203.51
3832.69
3958.47
5623.53
5551.82
5890.41
6098.35
3130.43
3414.51
3302.48
3271.58
3502.69
3336.11
3442.84
3506.9
3809.24
3597.69
7467.47
7083.35
7207.71
6015.5
4592.87
4980.6
4680.13
4951.69
4925.07
5082.32
6639.94
6460.24
7409.07
7165.14
3900.73
3753.71
3995.15
3661.35
3870.24
3767.32
4204.23
3982.56
4112.17
4201.79
8319.71
7716.29
7932.69
7112.73
5472.34
5349.35
5260.12
5086.44
5761.09
5457.31
7453.39
7543.83
7206.3
7629.59
3957.26
4024.65
4291.09
4308
4091.15
4147.45
4236.75
4071.19
4081.52
4033.64
7456.7
7267.75
7494.18
6548.46
5081.77
4636.21
5050.68
5235.94
4956.34
5674.59
6749.56
7584.74
7731.57
7656.05
3901.75
3999.52
4260.94
4093.36
4215.32
3998.01
4221.24
4228
4370.12
4519.5
8149.25
8542.78
7768.54
7820.08
5972.17
5918.56
5852.95
5443
5704.26
5783.58
7018.13
7932.96
7402.67
8235.24
4137.15
4118.96
4439.05
4361.56
4340.06
4619.13
4312.81
4666.96
4485.41
4558.4
8562.38
8269.72
8358.39
8041.59
6316.17
5942.37
5524.54
5500.9
5659.74
6329.22
7563.91
7277.51
7462.62
8248.22
4344.82
4323.76
4431.12
4424.68
4238.07
4651.41
4649.67
4227.07
4286.74
4380.19
8431.46
8837.88
7864.07
7372.04
5768.51
6086.38
5695.31
5454.62
5578.89
5253.85
6461.43
6909.62
6778.18
7637.73
3606.83
3790.39
3807.89
3611.35
4071.1
3940.37
4152.22
4160.79
4171.51
4490.14
8226.33
8432.84
8199.39
7450.41
5897.19
5504.9
5196.63
5807.89
5403.6
5937.67
7437.52
7316.87
7852.12
7721
4283.56
4367.63
4311.24
4366.87
4152.46
4183.29
4426.93
4200.07
4383.12
4272.86
8620.41
8107.44
8030.06
7275.88
5212.06
5068.48
5158.34
5319.91
5325.95
5747.06
6801.66
7749.87
8104.85
8215.77
3934.08
4080.3
4348.14
4508.66
4456.98
4308.65
4313.74
4570.93
4392.04
4848.86
8721.02
8980.96
8522.98
8407.45
6235.68
5985.96
6431.72
6214.13
5818.99
6051.81
7253.92
8118.62
7912.6
8079.04
4383.26
4224.56
4359.87
4399.65
4213.79
4558.8
4232.63
4430.78
4746.44
4751.79
8667.59
9203.12
8202.6
7900.7
6188.4
5707.02
6265.23
5937.74
6202.62
6163.79
7689.79
8102.82
8208.94
8419.03
4164.82
4176.19
4126.68
4520.07
4538.96
4287.03
4693.24
4416.31
4775.81
4730.93
8861.43
8187.75
8251.08
8211.76
5675.56
5493.3
5917.48
5554.42
5842.82
5854.79
6773.41
7194.44
7485.39
7960.34
3909.08
4266.04
4264.2
4011
4215.81
4396.49
4213.87
4118.7
4161.57
3937.56
7528.26
7009.29
6904.61
5693.28
4487.8
4042.7
3677.43
3695.69
3452.8
3202.94
3999.12
4435.97
4330.49
4667.23
2437.07
2665.69
2628.91
2753.14
2668.3
2984.94
2989.39
3232.7
3265.41
3126.26
6459.14
5611.91
5364.09
5275.21
3754.52
3247.14
3218.82
3645.52
3290.28
3626.69
5009.73
4593.01
5156.98
4600.44
2503.09
2289.6
2480.03
2364.38
2381.57
2404.68
2771.97
2797.64
2604.98
2670.41
5672.54
5481.42
5637.07
4970.62
4142.93
3977.92
3567.77
3931.56
3567.97
4251.24
5566.95
5602.82
5829.36
5871.1
3294.11
3239.21
3562.79
3401.4
3436.51
3683.75
3551.5
3656.99
3991.98
3767.03
7891.55
7805.56
6640.22
6224.52
5329.01
5564.87
5078.36
5197.77
5278.81
5352.35
6401.99
6767.16
6504.32
6922.94
3741.77
3715.26
3988.7
3927.26
3813.33
4013.66
4023.24
4246.21
4102.45
4486.17
7818.87
8077.54
7565.84
7835.43
5745.27
5904.13
5420.25
5712.01
5367.39
5375.82
6740.6
7601.77
7208.2
7827.54
4119.07
3891.85
4113.21
3854.88
3996.5
4207.11
4090.73
4357.14
4210.43
4490.32
8473.2
7753.28
7634.46
7290.74
5499.86
5167.58
5590.41
5356.37
5062.52
5574
7331.91
7628.09
7833.86
7213.95
4111.53
3909.92
3946.67
4123.08
4057.66
3973.81
4189.31
3969.05
4212.33
4106.54
8136.76
7664.84
7662.3
7950.42
5403.78
5932.32
5396.45
5052.87
5068.77
6092.03
6938.59
7332.88
7862.04
7953.64
4065.02
4278.89
4201.17
4461.4
4248.33
4220.95
4277.21
4332.24
4514.83
4693.29
8857
8903.72
8113.9
7449.08
5684.95
6099.9
5077.73
5343.42
5439.93
5448.28
6742.23
7145.44
7347.6
7855.82
3803.08
3679.13
3935.58
3973.66
3993.94
3848.16
3517.68
3756.07
3397.11
3434.53
6827.53
6421.94
5687.8
5451.82
3993.48
4185.11
3399.41
3811.36
3835.47
3383.93
4959.31
5047.7
5381.31
4955.84
2843.61
2638.85
2861.03
2890.53
3118.18
3093.44
2921.34
3125.62
3278.69
3595.6
6045.22
6182.21
5549.1
4244.2
3206.41
3585.04
2592.48
3080.5
2978.33
2588.29
3011.39
3471.66
4417.49
4130.45
2536.65
2241.68
2561.78
2914.01
2835.44
2746.2
2852.77
3112.32
3407.15
3280.17
6435.62
7029.38
6415.64
6100.52
4323.6
4250.01
3845.45
4338.55
4661.09
4655.59
6228.59
6578.87
6612.38
6380.26
3655.28
3526.96
3474.53
3580.62
3748.82
3867.75
3699.92
3957.66
3910.43
3952.67
7439.79
7178.37
6400.44
6155.58
4445.7
4841.12
4688.42
3956.97
3983.66
4339.31
4571.25
4643.01
4529.86
3957.38
2341.54
2571.23
2734.15
3033.14
3196.45
3401.43
3044.52
2883.23
3085.28
2910.61
6033.05
5772.13
4748.51
4237.08
3669.68
3424.88
3196.62
2830.32
2444.04
2741
2945.17
3497.38
3616.14
3996.91
1803.13
2222.88
2191.18
2646.53
2698.72
2871.33
3049.71
3315.85
3343.86
3747.87
6245.08
6329.25
4784.15
4603.51
3404.38
3607.42
3528.58
2920.74
3285.49
3504.87
5033.44
5597.09
5183.79
5875.75
3167.48
3179.41
3119.38
2940.34
3452.41
3197.66
3592.65
3381.19
3593.19
3962.39
7229.53
7361.24
6746.37
6184.57
4417.33
4398.32
4296.23
4254.12
4497.1
4993.73
5486.19
6197.67
5796.21
6730.75
3345.61
3620.5
3611.85
3706.97
3432.06
3818.49
3917.33
3964.82
3933.62
4029.93
7769.32
7565.89
6492.23
6163.91
4740.36
4618.33
4739.52
5014.3
4661.76
4937.86
5753.29
6957.91
6440.66
6751.54
3653.53
3595.73
3865.15
3931.73
3807.02
3758.43
3782.26
3637.8
3921.77
3674.44
7029.04
6771.3
6831.72
5968.76
4616.87
4370.09
4586.51
4391.9
4402.69
5022.67
5649.84
6355.07
6738.47
6145.01
3340.48
3245.61
3332.09
3620.36
3395.69
3459.4
3694.77
3922.42
3838.39
3951.25
6973.18
6877.98
6505.74
6149.65
4639.84
4815.5
4611.52
4389.69
4240.01
4636.21
5694.96
6400.74
6799.59
7547.78
3833.81
3823.15
3858.97
3683.99
4069.69
4031.85
3842.8
4274.62
4326.03
4212.29
8323.6
7680.95
7132.8
6340.59
5251.73
4903.29
4889
4853.9
5215.38
5294.63
6682.17
6327.11
6649.14
7178.19
3791.46
3873.79
3603.25
4097.82
3886.49
3949.58
3847.45
3892.48
4217.42
4160.43
7932.72
7403.09
6851.71
6773.43
5332.4
4912.11
4791.94
4639.54
4813.43
4867.24
6426.23
6849.19
7248.74
6831.68
3656.49
3833.13
3837.31
3651.42
4006.9
3831.77
3868.45
4178.91
4041.36
4363.3
7917.83
7782.29
6582.93
6135.78
5242.27
4550.57
4892.11
4624.04
4602.04
5204.14
6345.83
6473.08
7267.17
6576.77
3642.17
3888.48
3784.66
3892.8
3927.96
4141.37
4012.66
4170.65
3910.74
4222.52
7841.55
7331.87
7224.31
6852.92
4925.9
4942.93
4644.31
4809.83
4522.75
4957.89
5934.59
6531.12
6644.25
7024.26
3872.53
3750.09
3735.51
3688.84
4117.09
3925.77
4165.82
4141.18
3852.34
3962.13
7606.85
7239.05
6736.13
5461.09
4470.16
4784.82
4491.62
4316.65
4714.65
4607.97
5868.98
6143.47
5982.03
6286.71
3528.78
3369.07
3722.11
3570.88
3834.94
3633.52
3815.67
3630.62
3930.72
3730.59
7342.05
7120.58
6149.11
5673.75
4788.54
4141.23
4633.17
4337.4
4282.3
4737.17
5815
5650.52
5943.15
6029.94
3076.54
2989.84
3060.43
3396.86
3549.24
3497.18
3445.83
3488.74
3539.93
3691.62
6398.44
5906.8
5542.04
5181.75
4712.58
4268.96
4374.03
4176.86
4017.11
3855.93
5529.08
5803.17
6270.7
5867.93
3395.7
3391.7
3364.31
3395.26
3608.54
3786.41
3672.45
3597.65
3881.42
3680.29
7470.97
6580.86
5832.96
5947.09
4411.15
3902.47
3596.21
3746.25
3711.94
3908.38
5031.55
5464.83
4885.16
4910.35
2557.1
2259.76
2572.14
2440.26
3045.51
2855.92
2260.94
2064.11
2144.41
2246.34
4413.35
4786.19
3994.27
4102.59
3763.99
3462.15
2655.71
2330.16
2826.38
2907.46
4118.03
5073.79
5267.18
4852.18
2660.77
2999.39
2924.53
3145.23
2916.46
3089.29
3413.78
3110.32
3256.07
3579.83
5930.25
6110.7
5878.98
5533.1
3826.4
3614.6
3031.83
3214.77
3338.24
3948.6
4533.99
4767.09
4492.81
4792.38
2350.71
2547.14
2591.75
2541.53
2739.52
2613.24
2724.86
2516.4
2476.26
2937.61
4965.13
4664.28
4610.46
4091.12
2865.94
2896.41
2161.21
2436.2
2109.74
2871.5
3385.95
3466.38
4235.68
3409.62
1889.4
1841.46
2048.18
2361.98
2060.37
2358.91
2436.66
2463.06
2525.53
2551.32
4158.69
3766.87
3555.02
2600.88
1789.86
1430
1171.85
1596.46
1230.71
1643.16
2052.82
2909.49
3274.19
2901.55
1819.78
1902.92
1974.63
1832.9
2151.71
2053.64
2118.89
1988.97
2408.85
2138.87
4295.55
3680.9
3436.3
3253.21
2431.14
1189.7
1459.2
1434.86
858.417
866.202
1222.79
592.739
1111.29
1104.05
530.613
749.289
898.874
1302
1750.1
1595.86
1812.62
1745.48
2120.97
2283.54
4466.56
4166.03
3556.39
3040.12
2477.97
1803.36
2120.82
1424.07
1774.1
2513.36
2796.92
3429.65
3947.5
3336.37
2058.74
2221.01
2160.7
2355.61
2524.05
2377.92
2302.37
2499.47
2261.17
2474.38
4474.97
4295.42
3251.82
2773.91
2018.55
1860.9
1286.15
1507.3
1707.42
1742.65
2314.06
2833.03
3321.82
3462.26
2017.3
1776.68
2185.07
1991.03
1969.02
1973.43
2168.02
2113.49
2282.76
2337.76
4826.41
4674.03
4142.38
2825.85
2224.18
2158.34
2203.67
1965.6
2163.15
1939.1
2835.94
2883.99
2736.19
3111.24
1936.77
2017.39
1679.79
1763.3
1792.09
2208.09
1953.62
2281.2
2011.69
2078.45
4430.21
4207.48
3398.62
2925.46
2348.51
2521.6
2373.03
2234.84
2083.08
2219.75
2327.22
2743.4
3510.23
3173.04
1991.64
1853.71
1902.26
1957.83
2299.93
2525.26
2559.54
2518.57
2458.78
2255.64
4121.13
2890.1
2689.04
1425.4
1157.96
996.403
545.363
1008.63
819.66
1064.81
1185.78
1932.5
2197.39
2061.31
1077.12
1237.96
1549.71
1288.61
1198.61
1391.97
1554.27
1846.38
1921.15
1878.63
2464.1
2373.61
2056.18
1714.88
697.527
1279.27
984.836
1012.43
1373.37
1323.94
1596.19
2296.92
2310.71
2440.69
1491.57
1557.58
1369.9
1361.25
1322.63
1386.72
1213.52
1181.23
1207.72
1137.77
2027.97
1950.95
1693.48
1459.01
1344.5
719.375
1163.36
1264.66
1178.88
2314.36
3155.83
3593.67
3246.48
4072.97
2263.17
1989.09
2109.51
2354.88
2537.75
2785.42
2562.39
2755.5
2713.51
3052.55
5048.59
4216.79
4029.99
3661.03
3151.25
2790.32
3397.18
3040.58
3369.92
3820.06
5354.86
5057.85
6338.73
6386.11
2906.23
3279.55
3270.95
3249.53
2913.59
3345.42
3326.6
3190.84
3290.56
2745.02
4387.37
3649.62
3609.22
2778.3
1716.57
794.186
361.768
435.677
848.657
768.265
825.675
2502.05
2824.77
3405.31
2306.27
1946.42
1978.91
1987.6
1923.17
2268.67
2438.78
1989.01
2256.62
2132.05
3442.58
2170.11
1806.67
1422.01
1513.15
1130.48
528.988
1207.65
523.776
351.1
480.327
643.433
328.113
1566.8
824.981
846.296
1332.8
1352.3
1756
1763.41
1656.85
1926.99
1856.84
1702.24
3093
1281.99
1472.69
1300.95
1414.57
1084.87
1252.82
1898.09
2607.43
2633.5
3542.91
3482.7
4078.71
4077.84
1917.34
2006.8
2060.95
1666.86
1773.13
1508.7
1339.34
1026.2
441.507
-103.533
-1261.19
-1999.36
-2148.13
-2576.69
-2329.74
-2006.85
-2009.76
-1881.4
-1727.64
-1383.49
-1206.71
-1243.07
-854.835
-559.017
-212.929
-216.372
0.610111
132.275
419.131
765.827
991.645
1214.93
1151.43
1004.11
782.025
878.753
411.674
272.549
46.6484
72.713
631.666
692.289
675.229
922.236
2058.65
2552.79
2876.05
2446.51
1701.65
1379.46
1678.53
1860.21
1920.58
2132.26
2136.9
1897.17
2221.36
1948.7
3181.97
2660.53
2078.94
2253.8
1543.9
1386.32
1233.44
1819.43
2303.44
2105.59
2800.09
3386.85
3804.75
3956.58
2029.85
2065.26
2223.83
2194.37
2114.41
2114.83
1976.37
2445.96
2306.94
2274.87
3125.02
3619.2
2995.23
2270.26
1886.37
2266.26
1984.21
2385.75
1893.21
2395.77
3946.81
4172.63
4237.56
4157.21
2276.69
2378.08
2516.16
2399.53
2496.63
2545.31
2700.87
2732.93
2711.89
2874.37
4805.17
4142.64
4113.1
3726.59
3013.83
3014.08
2924.95
3238.53
3417.95
3607.52
4961.75
5337.45
4943.7
5449.89
2893.48
2722.14
2869.92
3155.89
2985.08
2956.88
3349.88
3422.66
3352.84
3233.78
5004.38
4713.23
3792.61
4309.6
3029.7
2700.33
2937.92
2493.3
3193.74
3257.37
3745.1
4777.35
4189.71
4688.36
2463.2
2711.68
2623.78
2854.7
3037.59
3052.77
2977.8
3292.47
3002.16
2871.17
5332.53
4682.32
4535.15
4611.01
3032.43
2749.45
2561.46
3151.16
3125.41
3369.02
4899.05
5286.68
5443.65
4979.8
2891.96
2794.16
2909.45
3140.58
2812.7
2884.29
3179.7
3349.38
3114.44
2895.39
4993.94
4809.73
4483.21
4101.73
3170.14
2442.89
2671.59
2388.73
2932.97
2737.11
4016.96
4504.08
4054.69
4515.76
2013.36
2249.15
2473.29
2506.7
2417.61
2592.57
2565.64
2575.84
2493.1
2471.47
4271.34
3821.47
3436.51
3011.19
2108.89
1653.13
1961.11
1893.39
1551.94
2307.26
2452.19
3189.07
3506.08
4058.23
2042.72
2245.48
2302.83
2150.2
2299.49
2323.03
2272.77
2284.23
2299.57
2157.64
3169.75
2703.21
2863.55
2207.49
1500.06
586.222
928.002
967.057
731.282
991.458
1348.86
1591.14
2195.92
2486.28
1176.46
1015.95
1081.35
1446.3
1399.6
1490.75
1374.69
1727.42
1650.83
1245.92
2458.07
1916.11
956.704
901.292
-46.2751
595.788
-272.571
-90.4006
411.043
699.693
863.596
1889.53
1161.44
2086.91
858.119
1003.45
1165.76
1384.76
1475.37
1515.13
1557.7
1327.96
1419.78
1488.1
1770.82
2066.55
816.834
454.826
782.287
189.712
293.795
738.229
258.919
1023.67
847.49
1741.41
1967.2
1668.78
1356.06
1351.41
1310.33
1515.42
1557.37
1909.63
1688.79
1624.66
1629.83
1625.48
2918.86
2042.34
1641.83
784.944
698.931
383.073
899.815
970.353
650.636
1214.71
2285.02
2650.12
2531.56
2185.02
1328.2
1626.48
1312.78
1599.54
1396.03
1629.86
1655.09
1659.37
1395.2
1295.63
2027.68
1608.72
732.794
837.009
582.62
186.056
752.457
895.069
444.319
1376.29
2212.9
2196.25
2346.65
2850.09
1772.23
1592.12
1972.93
1814.01
2058.89
1953.53
2338
1978.3
2373.34
2098.7
2826.91
2604.84
1539.81
1794.43
1320.96
775.217
1450.31
1276.95
1807.49
1642.76
2215.61
3020.76
2884.4
3688.93
1622.81
1984.51
1661.16
1907.74
1846.75
1781.11
1942.53
2107.54
1914.09
2003.05
3119.67
2547.98
2646.46
1668.94
962.919
1287.64
1337.38
1076.04
1054.46
1894.61
2145.02
3073.05
3627.19
3136.15
2056.23
2195.35
1986.85
2416.3
2266.3
2331.35
2665.48
2649.7
2771.12
2586.57
4053.66
3575.13
3250.07
3193
2696.53
2778.09
2802.61
2866.61
3130.85
3152.53
4266.62
4615.51
4591.94
4754.94
2290.7
2510.78
2549.72
2348.98
2655.35
2537.46
3128.66
3112.55
2923.06
2983.14
4943.87
4273.61
4079.81
3416.79
2649.62
2407.18
2076.17
2089.69
2051.6
2928.98
3233.86
3927.28
3960.07
3902.6
2257.69
2285.97
1997.65
2062.08
1859.21
2196.14
1998.8
2133.56
2461.17
2333.92
3074.12
3442.36
2733.09
3042.26
1801.41
2141.03
2039.67
2085.33
2714.19
3042.07
3818.05
3670.39
4159.02
3868.2
1667.06
1851.32
1675.6
1809.36
1873.73
2002.97
2054.45
2451.98
2392.03
2299.75
3929.16
3835.33
3339.13
2798.91
2214.03
2464.21
2327.27
1674.7
1980.93
2682.94
3383.07
3389.3
3309.09
3708.85
1706.51
1960.2
2077.9
1922.13
1787.49
2015.46
1791.58
1726.64
1947.51
1649.35
2508.94
2881.23
1816.39
2065.95
1090.7
1628.76
1506.73
1372.16
1434.07
1976.88
2979.03
2786.05
3178.99
3081.08
1412.75
1617.75
1826.19
1992.91
2150.93
2457.73
2428.95
2246.87
2291.12
2022.2
2864.95
2457.2
2644.81
2049.1
1748.05
1438.57
1986.21
2044.01
2006.97
2312.18
3391.6
3909.83
3989.35
4042.8
2139.63
2196.7
1801.48
2084.33
2062.35
1854.46
1899.13
2204.53
2175.81
1696.88
2578.43
2338.3
2142.35
1290.63
998.205
998.938
1808.78
1184.67
784.659
1133.65
1631.14
1119.02
2200.58
1952.52
1418.46
1053.78
1365.54
1455.02
1506.75
1716.06
1594.9
1675.46
1838.36
1601.06
1811.46
1412.57
533.843
580.257
-104.22
227.038
-15.8215
398.685
898.666
1199.27
1026.36
1692.27
2042.27
1593.69
939.942
1117.47
835.006
909.355
1051.72
980.861
935.57
1347.27
1293.8
1303.68
1777.92
1427.92
492.008
1298.8
795.524
315.352
245.503
585.763
605.252
1114.82
1123.98
2257.84
2367.37
2434.26
1379.32
1442
1324.2
1497.71
1316.31
1505.3
1242.59
1659.18
1338.55
1363.58
1437.73
846.233
495.154
329.228
-110.101
1.45114
308.005
242.752
265.46
633.751
6.42449
675.164
722.577
1803.58
1084.3
945.723
981.255
1346.73
1519.67
1692.08
1831.8
1666.73
2023.17
1900.87
2136.77
2164.94
1745.02
997.957
1565.24
1600.87
1374.39
1645.67
1109.85
1926.92
2819.31
2882.18
3192.81
2915.61
1468.58
1858.43
1843.93
1951.4
1693.18
2058.95
1944.45
1800.19
1876.44
1493.37
1458.06
1379.15
1205.73
422.915
0.238911
339.571
-174.168
253.876
323.517
122.023
302.054
893.096
1484.39
1448.97
966.787
691.03
887.327
782.58
537.799
947.524
904.616
791.204
618.348
581.674
705.385
400.746
797.409
66.1357
521.919
4.90261
609.949
414.204
414.601
1142.31
1458.65
1753.15
1171.46
1834.43
757.432
965.127
932.747
1249.38
1251.83
1451.09
1289.37
1474.77
1211.37
1482.9
2226.3
1844.8
1327.19
1164.83
1433.78
1256.38
1621.45
914.144
1447.61
2077.13
2178.04
3301.74
2645.84
3509.2
1746.28
1609.81
1602.51
1476.11
1586.82
1632.62
1870.98
1625.07
1891.41
1295.36
1653.24
900.342
621.415
-54.6733
159.226
139.942
1.77287
61.5135
-246.674
243.1
706.176
1748.38
2084.53
1910.79
1279.94
1107.13
1338.28
1292.4
1345.95
1184.81
1522.32
1375.79
1625.92
1252.56
1457.19
764.673
1385.89
1216.5
696.584
972.333
637.184
409.191
887.382
1105.03
855.516
1443.27
1184.01
1607.02
827.047
1205.31
1339.34
1421.82
1342.82
1616.71
1551.01
1256.96
1404.79
846.328
849.602
1157.96
150.896
253.848
2.66151
214.648
80.7726
37.5848
-18.4604
522.374
913.428
911.255
750.953
1377.55
488.904
532.497
650.325
490.67
716.134
660
729.067
994.456
625.126
631.121
-173.134
-358.992
-197.933
-547.803
-209.058
-616.324
-663.613
-490.097
-746.008
-825.347
-819.987
-487.645
-538.708
-968.311
-277.617
-273.391
-523.187
-244.832
-220.984
-425.297
-43.268
-108.377
1.52707
-379.525
-671.087
-1496.99
-1539.1
-1537.85
-1126.58
-1415.26
-1246.52
-1842.64
-1127.4
-996.978
-1330.59
-1081.52
-865.241
-1221.79
-540.962
-435.796
-276.287
-70.7812
84.2043
317.574
422.852
670.3
528.336
251.886
-512.82
-1179.02
-1507.08
-1931.43
-1630.8
-2030.7
-1453.65
-1517.06
-1548.57
-1856.41
-2433.72
-2102.29
-1866.89
-1943.89
-1087.71
-1023.39
-1084.59
-896.065
-980.492
-1172.28
-964.969
-767.79
-895.075
-1263.7
-2941.33
-3531.99
-3490.78
-3342.17
-2627.77
-2936.96
-2978.07
-2348.36
-2516.55
-2161.75
-2766.26
-2485.65
-2161.71
-1609.46
-943.542
-543.299
-615.432
-339.508
-507.27
-60.3815
-14.3893
85.0597
-85.4693
-264.985
-585.774
-1084.06
-1063.36
-1105.94
-907.947
-1038.61
-737.807
-834.603
-557.946
-119.132
146.27
890.599
1007.76
2145.27
1074.62
1237.62
1210.36
1503.69
1580.03
1624.16
1768.79
1814.12
1700.32
1326.79
2308.84
1400.93
1736.32
1352.95
1243.88
1219.91
1436.95
1350.03
1301.54
2065.12
2730.42
3357.55
3149.31
3146.71
1720.55
2054.48
2096.06
1853.56
2258.92
2277.71
2407.1
2291.99
2175.26
2041.82
2822.09
2316
2035.83
1661.89
1462.31
1679.16
1924.87
1917.02
1966.29
2066.25
2992.69
2634.66
3203.23
3301.69
1988.08
1693.88
2032.13
1835.99
1910.37
2293.57
1964.61
2261.87
2273.64
1593.36
2627.82
2704.89
2003.73
1325.43
1927.53
746.921
1552.81
1699.6
1215
1668.83
1940.86
2526.92
2388.12
2981.69
1383.15
1884.63
1877.14
1958.65
1534.63
1868.31
1934.47
1788.96
1125.72
954.252
647.756
198.204
728.999
-207.492
-19.8641
-315.624
-11.9084
-318.708
-27.1418
-58.9811
150.982
404.976
1.79632
250.983
166.772
426.472
273.889
677.189
868.44
984.535
933.911
159.687
-18.9617
-685.769
-577.889
-1398.29
-3037.31
-3364.18
-1792.77
-643.952
-1713.32
-1494.03
-352.088
-153.825
-167.212
169.523
622.769
-191.491
-240.084
-248.891
-312.921
-340.284
-421.109
-596.061
-530.047
-874.894
-1440.66
-2017.84
-3493.6
-3229.3
-2258.51
-1562.96
-505.422
-402.099
-483.327
-167.405
-287.163
-23.9877
-199.357
181.821
404.582
749.942
452.456
753.979
554.469
169.616
1.82893
82.7061
353.837
694.697
616.765
-60.4538
-592.499
-809.553
-1361.33
-1407.44
-676.249
-214.746
-403.619
-226.07
522.691
764.931
457.426
1252.29
1138.74
2131.74
981.914
1213.92
1099.37
1595.84
1491.74
1659.47
1753.3
1628.1
1678.75
1328.82
1931.12
1805.31
958.444
1804.59
1644.32
1237.45
1311.17
1633.97
1307.98
1820.98
2681.14
2887.58
2832.94
3407.91
1413.82
1630.44
1835.5
1655.65
1808.64
1773.55
2171.46
1935.57
1702.2
1429.15
1742.59
1753.05
2054.85
1868.92
1545.37
1932.51
1236.55
1934.87
1424.16
2176.88
2198.51
2963.39
3154.53
3306.7
1628
1895.66
1634.53
1595.03
1933.45
1960.37
1863.65
1976.01
1837.61
1514.51
2456.6
2188.95
1915.48
1804.98
1685.87
1072.7
1204.61
1373.84
1354.07
1355.31
2247.18
2170.54
2896.02
2522.19
1497.46
1489.4
1572.62
1707.56
2027.76
1907.88
2040.17
2004.62
1706.3
1416.11
1679.09
2268
1761.89
1832.02
1237.58
1375.32
1644.95
1177.14
1541.5
1756.65
1889.12
2258.61
2330.02
3060.73
1751.75
1685.08
1608.45
1732.63
1748.43
1778.39
1678.52
1707.96
1613.03
1145
1833.82
1579.32
1718.37
832.359
845.627
1151.29
500.231
406.388
943.127
699.349
1081.86
1359.66
1627.6
1472.61
642.961
1109.05
861.131
1081.1
1416.6
1479.01
1364.57
1343.93
1044.77
862.515
1729.77
754.305
876.163
1154.94
321.845
701.87
391.913
27.9982
362.512
689.286
411.461
845.614
922.046
1682.93
1141.95
975.391
1338.04
1539.72
1598.7
1768.93
1932.25
1913.3
1559.35
1372.22
1494.08
834.614
1053.28
1474.12
1319.33
1596
970.991
1596.21
1532.59
1736.25
1933.46
2035.01
2293.68
1915.16
1371.05
1407.34
1157.43
1503.23
1636.74
1598.57
1727.41
1914.33
1664.07
1442.47
1397.29
1721.28
2512.78
1498.72
1315.27
1180.91
1431
1285.54
1538.16
1373.23
1852.57
1980.49
2920.74
2385.27
1485.99
1359.22
1718.81
1576.39
1459.6
1574.32
1733.48
1656.37
1404.51
1522.28
2006.01
2032.17
1850.1
1885.16
1324.35
1413.8
1747.19
1265.35
1590.9
2083.29
1996.9
2544.03
2982.46
2558.94
1504.5
1634.97
1744.03
1470.35
1454.16
1632.31
1613.26
1822.97
1314.83
1415.34
1931.47
2110.66
2251.06
1731.14
1552.24
1451.47
1160.2
1707.1
1786.81
1580.61
2219.47
2753.81
2488.67
3038.03
1319.9
1623.79
1432.58
1619.54
1572.08
1499.66
1470.64
1486.67
1419.69
1107.26
1356.81
1158.45
1240.57
1358.97
776.732
864.819
312.812
454.38
182.481
953.296
746.544
1032.44
1650.3
1285.27
881.461
699.615
909.31
904.054
1043.63
1163.26
1362.05
1311.64
1089
1174.05
1795.51
1119.1
748.297
478.553
602.602
945.686
370.347
597.019
1094.56
1519.8
1641.01
1755.43
1534.31
1593.95
910.786
1255.83
1061.58
1344
1390.72
1535.53
1265.5
1244.16
988.799
730.665
1437.99
1044.13
1188.97
1119.13
1029.91
1299.61
1028.14
1436.41
887.636
1277.67
1827.95
2101.12
1631.99
2199.45
1345.07
1553.27
1391.18
1369.91
1460
1573.31
1793.84
1824.08
1512.22
1154.7
2016.79
1881.35
2088.32
1265.91
1842.73
1646.44
1224.85
1761.93
2062.02
1656.71
2306.97
1992.21
2730.25
2988.26
1383.61
1297.84
1472.78
1612.46
1705.4
1526.11
1661.1
1455.29
1477.94
1470.37
1938.17
1322.46
1798.47
1436.63
1120.01
1008.17
673.535
895.806
1454.86
1759.22
1793.52
1695.95
2164.82
1817.46
867.668
802.526
847.033
1006.61
1076.57
1093.8
722.35
970.617
614.711
-16.2725
-100.229
-1017.48
-64.0814
-1064.17
-509.236
-873.321
-947.432
-581.003
-845.002
-706.509
-667.725
-966.833
-1165.38
-1117.36
-743.573
-581.23
-551.898
-512.592
-495.465
-661.349
-363.558
-574.852
-783.747
-922.482
-2165.77
-1769.27
-1888.57
-2561.21
-1788.05
-1594.63
-1581.73
-1030.52
-952.941
-674.482
-1206.34
-1086.89
-749.37
-1027.32
-544.674
-394.093
-440.191
-686.821
-783.561
-608.73
-597.888
-527.191
-931.061
-904.904
-2274.89
-2010.57
-2329.59
-1724.09
-1556.7
-854.155
-1385.31
-1614.97
-1118.12
-1008.86
-917.353
-719.819
-739.391
-621.319
-715.348
-727.275
-1011.41
-1185.39
-1257.94
-1483.63
-1534.79
-1281.57
-1233.73
-1171.34
-2178.29
-2044.36
-2091.62
-1795.44
-1565.83
-1822.88
-1998.68
-1833.96
-1952.2
-2154.44
-3558.78
-3979.62
-4060.34
-4254.83
-2505.1
-2502.27
-2570.81
-2336.04
-2827.9
-2787.43
-3024.63
-3421.07
-3366.14
-3501.08
-7793.02
-7577.61
-7447.39
-8129.09
-8227.76
-10056
-10235.8
-10145.3
-10216.3
-10853.9
2316.17
1880.7
2487.42
2082.86
-5822.85
-5466.69
-5407.12
-5124.09
-6637.04
1409.15
1655.34
-6914.67
-6283.51
-5602.78
-10757.9
-11398.3
-11180.9
-11731.9
-9691.25
-9629.64
-8915.78
-9058.73
-9002.55
-8765.54
-10110.7
-9867.86
-9652.6
-8937.58
-4357.32
-3984.44
-3871.39
-3853.93
-3268.94
-3103.08
-2955.63
-2573.81
-2748.26
-2964.68
-6217.21
-5648.52
-5727.58
-5227.26
-4350.09
-4043.85
-3924.83
-3141.25
-3065.03
-2596.6
-3031.29
-3028.61
-2145.73
-2281.1
-935.185
-805.065
-933.292
-710.551
-954.549
-853.257
-522.356
-502.524
-786.718
-1194
-2278.1
-2456.63
-2089.79
-2479.33
-1619.2
-1188.37
-1909.68
-1535.55
-1090.32
-844.544
-1223.43
-810.223
-968.104
-795.227
-119.126
-5.00339
-18.3102
49.1557
-2.21705
57.5634
248.559
404.218
200.864
-242.09
-747.556
-736.559
-364.74
-538.277
-180.068
-424.692
-626.621
-337.777
-528.626
-353.179
-48.8829
28.2279
-121.903
-302.659
216.571
201.645
-51.9812
91.1463
-6.51329
-31.1502
1.79958
185.989
-333.798
-290.789
-1102.14
-1533.41
-911.013
-1126.63
-970.851
-1080.21
-850.806
-277.415
20.0108
132.838
0.573101
29.602
240.814
757.054
491.961
671.83
879.254
559.48
579.636
830.088
880.971
792.584
449.359
340.151
355.797
1308.28
928.896
674.621
588.852
600.418
540.168
908.035
1006.39
1381.87
1537.03
1037.61
1449.62
1739.09
893.4
790.775
1071.61
664.819
656.009
807.615
650.424
924.137
637.548
386.106
1.23326
745.423
1160.51
-225.395
435.259
135.843
447.384
706.348
497.33
888.126
326.945
240.331
563.307
541.438
607.698
455.418
677.437
613.296
886.234
621.262
971.485
716.692
690.002
537.338
985.005
919.31
773.936
1033.48
733.801
1107.38
1177.5
1206.78
1320.84
828.414
1226.83
1478.46
1027.13
1082.5
913.796
835.884
840.959
1015.13
951.719
1157.18
849.086
760.419
780.261
584.916
1551.34
898.019
672.774
918.335
1241.94
627.452
988.573
1351.36
1476.03
1262.63
1375.32
1961.69
1964.78
1408.95
891.598
1018.97
1381.68
1271.14
1085.46
1277.89
1510.27
1213.75
1182.22
1028.11
1587.12
2114.95
1548.9
1979.29
1539.35
1628.13
1754.93
1917.39
1711.67
2057.98
2386.38
2431.36
1874.83
2114.11
1119.6
1214.23
1161.33
1411.39
1223.02
1435.06
1471.99
1298.32
1258.05
806.187
1507.66
1546.72
1552.04
2334.49
1474.95
1423.48
1577.93
1722.47
2181.84
1593.6
2219.04
1754.73
2261.08
2482.57
1172.66
1212.3
1183.38
1211.42
1301.17
1420.55
1457.46
1204.31
864.264
930.83
1743.45
2140.71
1282.3
1582.45
1206.91
877.221
1704.14
1185
2089.82
1543.52
1572.35
1579.44
1536.69
1583.46
935.479
626.457
767.51
965.94
836.111
641.166
1008.01
845.845
804.815
747.149
1277.59
1303.74
1083.78
1539.56
839.649
903.477
770.662
1175.34
1211.57
916.383
885.334
924.744
556.661
440.948
274.078
682.04
400.233
534.317
554.079
278.121
384.072
440.701
345.388
266.015
351.478
22.8288
579.529
843.679
18.8977
-110.19
-11.8267
0.0487119
414.033
254.614
0.296777
-270.108
-154.617
-163.021
-392.348
-295.648
-150.492
-88.3138
-374.134
-147.583
-62.6039
-359.411
-262.112
-186.462
-1012.94
-391.058
-384.324
-441.308
-525.022
242.266
-447.362
22.7363
-45.674
-52.3295
-552.697
-608.199
-336.119
-246.615
-443.12
-282.411
-132.245
-281.964
-272.014
-319.041
-116.777
-352.65
-178.491
-397.832
-761.168
-304.703
-685.137
20.9007
-136.337
-149.963
-183.747
-159.304
177.986
54.0474
47.6466
77.9551
-85.4943
345.849
-177.961
-221.442
3.38697
-134.596
-312.21
-91.8143
-412.347
-474.422
-569.647
-497.449
-1682.52
-785.524
-1087.61
-1175.37
-672
-1016.64
-408.156
-509.759
-895.321
-618.621
-882.513
-663.361
-1034.88
-606.311
-599.233
-590.933
-357.825
-397.538
-408.877
-31.7983
-32.6777
-108.064
-280.76
-164.734
-973.44
-1043.56
-186.527
-40.505
-74.2265
-134.339
-258.751
0.0689111
528.057
2.31221
-499.299
-112.091
-223.8
-233.099
-68.0263
-203.112
-217.577
-175.904
-7.34249
-117.074
-6.80976
41.9033
23.742
-234.336
-406.295
-226.188
-141.446
32.9544
-203.6
439.417
1073.82
311.374
367.165
288.291
-252.383
-241.967
-107.792
0.479682
52.9973
32.2229
-111.119
-135.499
-64.1556
-184.903
-86.1712
0.476669
-353.464
-468.01
-777.527
-903.785
-943.177
-712.58
-619.231
-886.502
-923.187
-747.844
-716.485
-1260.67
-2079.42
-2067.33
-2655.72
-2536.43
-1493.06
-1225.58
-1107.06
-1227.22
-1110.7
-893.059
-934.881
-730.593
-680.503
-900.169
-969.338
-963.675
-619.964
-383.938
-385.512
-228.622
293.227
546.108
318.738
169.314
347.1
226.108
93.5584
-110.839
83.6193
14.755
51.1262
-10.0746
2.20746
173.787
5.09749
153.738
-30.604
135.061
-41.4017
1.02087
784.938
1030.53
316.687
685.308
1137.02
1042.39
1164.2
1036.76
996.485
568.504
794.395
329.695
387.616
696.514
545.193
923.254
939.682
1170.21
623.524
501.635
469.963
440.377
1367.28
1511.49
1231.59
2040.36
1814.12
2026.34
1666.11
1702.14
1731.88
1876.5
2013.66
1498.2
1268.87
379.049
387.295
267.337
148.786
501.37
302.192
195.506
182.915
77.4751
-349.111
-101.237
-785.635
-144.918
-596.396
-65.9405
-367.256
-248.702
52.0741
587.44
176.379
964.442
348.099
116.015
-278.288
-423.56
-339.204
-143.397
-351.683
-203.561
-566.062
-277.345
-454.765
-479.898
-417.407
-186.574
-395.227
-759.1
-348.496
-544.222
-548.065
-394.577
-870.401
-606.587
-1136.46
-676.566
-1728.39
-1558.56
-2197.72
-2316.64
-1389.78
-1578.65
-1668.11
-2096.79
-2379.64
-2469.99
-2459.4
-2133.54
-2454.33
-2411.44
-5615.81
-4782.72
-4030.34
-3277.26
-2110.76
-1790.47
-1008.1
-1324.86
-1185
-1508.05
-2306.18
-2878.38
-3267.11
-3594.49
-1865.6
-1864.32
-1846.34
-1799.52
-2507.94
-2623.49
-3120.72
-2996.46
-3368.43
-3084.93
-5839.72
-5668.94
-5153.59
-4712.81
-3186.95
-2407.63
-2658.63
-2571.12
-2455.56
-2455.03
-3332.39
-3493.48
-3189.78
-3358.7
-2032.9
-1857.13
-1644.46
-1820.48
-1893.54
-1574.1
-1580.57
-1618.09
-1516.06
-1477.88
-3100.02
-3149.69
-2169
-1297.82
-804.853
-406.481
-783.783
-448.183
-486.036
-299.674
-342.636
-912.325
-1443.48
-1388.36
-890.112
-1102.9
-1460.02
-1554.68
-2195.45
-2515.98
-2628.09
-2432.86
-2183.88
-2163.35
-4976.44
-5694.89
-5480.22
-7020.85
-5127.52
-4314.38
-4585.86
-4695.52
-3315.67
-1696.87
-4093.14
-5259.76
-7289.87
-8174.91
-3143.03
-2654.35
-2891.43
-3359.09
-3327.85
-2538.15
-2341.84
-3100.77
-4323.3
-3640.86
-5742.27
-6246.89
-7084.47
-6392.79
-4793.74
-4040.01
-3892.16
-2883.84
-2773.59
-2266.16
-2802.36
-2757.15
-2134.21
-2669.66
-1331.32
-1424.34
-1664.36
-1641.5
-2157.55
-2384.94
-2379.63
-2591.64
-2759.09
-2671.54
-5026.13
-4598.63
-4348.79
-4609.55
-4033.82
-3617.62
-3684.83
-3765.25
-3217.52
-3456.14
-4082.12
-4398.39
-3818.33
-4426.87
-1865.22
-1844.69
-1664.63
-1380.62
-1057.34
-913.734
-944.371
-773.793
-955.732
-564.985
-1497.88
-717.169
-536.843
-78.1608
18.015
156.478
320.018
185.25
-425.302
-404.515
-365.886
-230.969
-442.369
-720.262
-372.075
-512.783
-277.255
-317.318
-290.918
-482.416
-555.054
-311.103
-280.266
-450.529
-458.685
-1205.46
-701.436
-507.783
443.876
274.202
876.975
552.386
865.146
1250.34
589.771
808.495
551.612
-398.217
0.596524
34.3488
-38.8292
-58.8847
-272.696
-59.9538
-111.305
-222.255
-154.991
-267.452
82.414
634.155
715.891
1584.56
970.304
1335.83
1123.4
1172.49
700.967
932.003
689.273
802.373
657.254
-181.078
-7.48165
285.968
451.032
342.383
427.417
372.258
591.682
276.681
352.544
457.82
1142.82
1101.17
885.138
778.082
716.817
729.084
1663.79
972.712
1634.66
1252.84
1631.46
1597.04
1462.42
1258.98
603.105
253.998
500.692
350.155
272.959
83.3444
100.074
268.576
251.087
446.846
381.473
833.166
1074.85
696.747
1287.82
1135.91
1171.91
1539.07
1572.52
1508.38
1725.96
1412
1357.66
1142.92
676.152
607.354
603.083
596.545
192.165
469.35
634.645
514.29
475.883
550.688
1087.52
1251.72
1169.62
1606.22
2049.53
1297.71
1564.73
1913.03
2143.96
1835.2
1847.58
1667.77
871.988
709.858
428.419
266.8
114.697
228.35
6.91744
-6.14929
353.521
455.364
409.653
165.01
827.754
1341.31
1607.5
1958.41
1825.01
1550
1853.99
1690.98
1766.87
1627.51
1571.7
2054.22
1457.81
869.454
411.091
388.813
570.66
421.528
463.882
638.404
631.215
698.64
723.805
711.212
1236.36
2031.24
1705.01
2593.88
2108.08
2574.14
1985.32
1941.88
1922.96
2260.96
2434.81
2472.36
2036.75
1907.86
921.018
788.712
724.71
849.879
601.559
790.949
678.369
522.671
692.853
450.871
1487.81
1700.69
2185.63
1917.83
1545.01
2081.69
2278.47
1879.81
2235.61
2686.2
2441.75
2423.95
2388
2143.4
1199.33
748.976
1083.9
779.678
772.612
1019.81
875.096
720.182
964.535
1005.62
1353.52
1927.37
2963.54
2878.26
2571.04
2540.96
2757.53
2393.49
2855.15
2705.25
2544.15
2550.8
2247.07
1423.37
793.644
828.604
586.094
721.976
552.633
790.179
808.544
629.326
359.803
508.984
1347.52
1982.55
2608.6
2609.33
1879.26
2475.72
2080.48
2267.52
2462.63
2090.93
2339.03
2626.48
2674.72
1731.88
870.334
964.906
1051.27
850.108
817.909
1076.37
1020.36
1020.91
543.2
768.752
1742.64
1795.62
2540.99
3055.15
2403.7
2665.32
2696.65
2730.32
2036.34
2577.96
2697.37
2069.27
1742.89
1521.53
961.941
533.028
509.82
693.004
680.479
487.757
359.736
502.619
274.124
654.365
1433.23
1904.01
2252.1
1364.81
1429.22
2139.98
1710.77
1394.45
1439.91
961.141
1520.88
718.046
638.656
45.3588
-142.907
-32.42
-64.3613
-99.412
-167.805
-312.357
-160.574
-90.5982
-289.024
-107.874
205.29
-89.2832
271.197
680.677
995.309
1303.26
941.799
884.922
894.157
764.365
546.038
134.575
240.718
-591.968
-437.688
-586.021
-613.766
-589.508
-513.223
-619.082
-603.99
-768.404
-632.38
-722.49
-664.706
-518.927
-228.552
-362.522
-70.6017
-32.2709
1.72315
377.899
145.524
111.759
-264.785
-657.414
-658.763
-898.1
-721.512
-560.133
-925.426
-1041.1
-1115.72
-961.177
-1043.57
-1073.84
-1244.14
-1150.55
-2101.07
-1561.49
-1009.86
-1023.42
-40.3418
-284.949
-904.461
-598.232
-266.733
-300.33
-1187.95
-915.357
-1301.55
-1461.18
-685.724
-579.609
-476.301
-465.923
-447.679
-377.935
-508.786
-561.558
-331.36
-278.203
-101.452
177.277
1032.4
327.441
1239.51
1481.59
1185.3
1440.4
1443.24
1653.36
1988.07
1638.91
654.339
485.363
-15.523
-121.905
-56.5919
-25.4293
-103.274
-210.349
-190.342
-39.3512
-313.769
-318.865
-108.681
-76.0701
608.927
659.697
1524.59
1432.29
1616.09
1526.24
1343.83
1461.58
1620.49
1122.8
505.557
249.711
415.152
348.662
588.831
525.059
608.96
411.115
739.126
515.899
510.014
901.457
1710.43
2288.52
3018.9
2735
2363.02
2621.84
2862.86
3172.19
2733.52
3337.89
3460.16
2512.43
2618.57
2222.33
1068.43
761.214
908.318
790.276
829.444
945.597
679.263
835.665
994.107
1205.02
2036.37
2275.08
2690.75
3289.09
2655.48
2748.19
2982.43
2991.68
2836.97
2813.75
3476.96
2931.01
2722
2565.31
1166.83
977.851
738.137
866.623
947.432
987.404
719.164
952.808
849.036
806.166
2199.02
2747.22
2926.08
2956.98
3168.93
3264.61
2877.1
3166.87
2611.08
2710.6
2888.09
2664.42
2934.56
2576.3
981.695
966.48
752.408
1027.09
834.131
1035.61
848.773
866.603
662.097
1052.49
2398.43
2221.5
3001.5
3220.27
2394.66
2429.64
2606.85
2936.66
2174.11
2535.26
2036.06
1693.38
1201.49
1098.31
733.945
540.278
846.086
525.449
593.904
716.514
420.638
499.108
558.397
1013.07
1753.09
1773
1931.86
2577.07
2334.48
2794.63
3184.17
2929.94
2586.82
3033.3
2774.58
2804.73
2753.46
1939.03
1140.38
1097.76
764.082
990.128
950.384
721.652
1032.56
992.027
744.811
817.824
1974.98
2232.65
2497.64
2135.61
2904.5
2149.88
2490.84
3362.27
2999.13
2450.56
2733.38
1959.42
1926.89
1455.04
937.545
491.374
853.643
410.69
441.082
547.929
276.124
385.319
366.7
714.145
1490.62
1747.33
1371.2
1621.56
1708.99
1919.37
2388.92
2093.59
2224.14
2887.49
2772.05
3103.42
2646.38
2089.85
1198.08
858.829
854.622
810.809
674.66
834.997
692.317
714.608
781.997
1033.47
1878.78
1931.05
2199.82
2748.63
2643.28
2450.77
2858.84
2590.82
2738.9
2646.69
2804.28
3172.99
2252.56
2050.81
1111.34
846.781
982.823
851.753
931.444
1039.25
889.061
998.751
854.52
805.533
1537.52
2493.42
2873.03
3242.19
2333.4
2379.31
3087.47
3048.42
2916.3
2514.73
2685.33
3219.61
2476.25
2470.59
1239.56
933.622
1127.78
818.485
470.53
278.972
365.08
535.383
359.259
853.973
1179.9
2345.19
2825.66
2907.16
2514.21
2248.83
2451.47
2303.11
1655.45
1876.48
2900.52
2332.33
1791.23
2103.72
1047.57
1070.22
985.055
755.628
907.017
561.6
579.395
560.011
491.302
911.416
1751.89
2062.62
1969.51
2967.39
1977.79
2276.69
2379.82
2600.99
2548.97
2144.42
2697.11
1714.88
1701
1551.62
604.934
282.701
-39.6549
-156.007
-52.3721
-61.0494
43.4854
94.1185
296.952
538.064
1285.21
1337.77
1184.52
1507.14
1111.24
1062.46
1413.09
952.268
910.648
1253.81
524.457
827.106
513.877
244.096
33.2571
-37.0197
-62.8766
2.56479
47.9204
361.389
235.019
35.6625
1.68873
413.13
513.458
1599.91
1449
2201.34
1904.3
1729.63
1774.17
1716.63
1120.73
1595.05
1344.59
1292.15
721.942
1161.07
487.447
526.334
595.083
325.192
328.708
243.382
274.893
466.69
53.6856
508.144
592.147
1783.34
1437.06
2279.96
1780.71
1658
2636.8
2034.9
2256.09
2445.55
2778.47
2733.82
2166.13
2227.03
983.456
790.68
918.773
1077.28
738.409
551.022
629.644
644.416
648.155
593.474
1439.19
1537.62
1602.74
2143.21
2252.14
1914.85
2391.54
2161.18
2583.76
2004.48
2257.12
2414.56
1869.57
1401.32
904.251
653.43
424.116
251.636
505.733
32.8702
305.298
-78.5385
1.23279
296.791
899.59
1051.83
983.238
2223.41
1094.14
1180.74
1657.77
2273.94
1664.37
1825.71
2134.51
1584.14
1357.85
1095.56
420.009
528.079
685.513
458.443
633.832
573.779
198.493
189.261
192.464
278.023
953.328
1034.68
1223.27
987.868
2039.3
1608.43
1857.24
1601.23
1293.72
1199.38
1718.09
1743.23
1158.24
766.381
659.527
494.187
214.31
529.574
408.21
254.533
342.651
449.774
491.685
603.497
1284.91
2031.34
1496.56
2600.56
2029.24
2312.52
2262.63
1845.08
1774.98
1719.96
2067.08
1218.84
887.683
230.081
42.17
2.15176
160.335
-245.28
-34.3711
-183.077
-521.715
-430.093
-665.067
-699.766
-1606.28
-870.107
-1040.13
-1382.79
-459.172
-551.873
-809.384
-621.546
-661.736
-560.852
-593.494
-212.077
-371.87
-427.259
-169.453
-387.893
-415.956
-205.487
-183.875
-296.482
-405.666
-146.673
-388.283
-127.259
-566.618
14.2957
51.4921
771.955
1025.29
1199.41
973.501
816.666
1675.46
898.612
1266.33
1504.35
432.554
1095.02
248.661
128.451
326.562
246.034
215.476
6.09141
92.5723
-137.308
-241.758
-295.181
277.703
-197.072
90.9694
809.529
1299.42
448.499
743.87
692.913
880.267
1129.61
368.375
266.448
-243.863
-231.691
77.1937
-165.736
-269.738
-157.712
-88.8507
51.6925
-94.5942
-44.4754
-169.874
91.2998
484.741
1042.39
704.789
1182.72
587.285
1048.86
1044.19
328.325
75.9379
117.409
26.0159
217.453
21.6823
-249.352
30.0347
-186.332
0.670618
-82.7246
-194.565
-142.277
2.6523
96.105
-57.7551
149.786
86.8842
667.449
807.837
757.313
657.436
1318.6
949.006
1062.77
1275.86
1273.56
657.532
781.559
-43.0531
-38.1035
-93.5709
-83.8378
-3.95444
-265.684
-91.5749
9.41319
-254.859
-187.641
-328.782
-129.056
1.68282
124.863
498.163
1067.01
640.953
1161.92
1321.4
1134.26
1039.01
1413.78
759.537
1001.28
743.75
530.139
-142.55
-42.5121
72.2758
-236.437
-329.025
-260.419
-416.488
-471.147
-419.178
-14.8784
-134.875
359.663
1061.48
663.689
321.293
870.514
338.826
708.793
676.359
477.973
1083.92
641.175
615.314
235.573
-111.386
-195.611
-115.268
-244.117
-410.246
-159.117
-392.211
-160.621
-291.725
-417.909
-524.38
-93.7871
735.713
1055.85
1182.93
1223.52
754.556
1489.35
1567.36
1857.52
1813.02
1607.45
779.717
1181.48
670.449
588.18
204.958
330.116
422.905
134.281
374.237
413.663
394.193
243.668
405.897
620.772
718.397
1668.38
1083.79
1779.82
1710.14
2054.14
1448.47
1976.95
1738.64
2021.66
1149.93
1596.63
436.186
223.582
168.13
238.049
179.81
-15.3209
266.295
63.2866
-132.029
5.23674
473.01
1124.9
850.203
1280.06
789.049
783.174
832.138
934.295
580.149
1201.51
1234.36
1272.93
402.613
349.565
-36.35
-15.8889
1.70632
-1.92756
0.764173
201.128
-137.974
-3.09061
23.8732
75.0016
284.72
749.814
1509.25
915.922
426.518
1097.06
1125.11
852.866
929.421
860.218
548.634
958.092
691.087
285.191
-32.2546
-111.158
-202.832
-254.348
-57.4013
-99.5693
-200.595
-272.293
-262.84
-81.8794
32.9162
1258.2
998.061
1163.75
708.751
1366.85
1286.41
1058.35
994.348
1592.96
1104.59
1322.94
623.434
435.767
410.748
-68.4286
-159.469
-131.475
-313.839
-251.79
-115.965
-264.144
-95.2468
51.3158
1.77991
484.808
985.61
1023.28
1433.58
1240.91
1052.43
1162.79
1266.75
1398
750.661
1200.33
568.92
19.3347
7.18189
67.2165
-73.0659
0.0104963
185.96
314.385
0.971128
212.301
84.3342
130.033
23.3444
886.729
891.836
1152.83
1304.13
1241.47
1435.53
1787.4
1330.1
1767.07
1410.82
1507.06
1571.02
1675.82
469.065
800.607
827.611
701.987
509.837
770.457
486.519
531.538
784.772
818.156
1354.42
1662.67
1704.58
2001.64
1838.57
2012.72
1923.4
2233.47
2393.31
1818.09
2255.45
1525.69
1556.44
1714.9
510.192
764.655
755.944
479.689
705.878
493.846
482.44
434.976
303.763
314.39
741.061
1258.52
2171.17
1777.26
1776.94
2647.09
1852.24
2365.92
2131.52
2593.31
3014.75
2728.78
2354.92
1594.39
834.135
865.031
712.419
1008.97
840.649
977.777
1069.12
1014.39
966.295
774.702
1719.68
2200.85
2277.49
2438.59
1681.17
2276.78
2710.23
3101.65
2077.6
2036.62
2640.7
2114.31
1875.82
1340.95
942.543
613.925
671.535
614.443
537.953
462.574
793.027
651.76
681.457
804.87
1565.56
2269.27
2858.14
2318.36
2563.09
2092.34
3128.83
2290.58
2137.11
2514.92
2193.96
2257.39
2373.18
2105.8
782.631
819.261
588.017
742.808
629.739
581.955
776.965
642.14
795.955
790.714
1618.31
2277.03
2080.45
2133.59
2265.25
1963.26
1984.87
2424.52
2651.92
2467.31
2065.19
2088.99
1864.54
1766.45
1028.22
863.139
945.38
1056.21
929.447
1007.04
636.674
1010.76
783.592
725.27
1745.49
2085.11
2519.88
2870.36
2276.08
2084.51
2753.12
2351.12
2266.64
2449.31
2044.42
1912.61
2134.55
1458.89
790.316
971.346
664.914
965.854
702.965
709.028
1028.79
859.289
829.7
616.896
1117.24
1590.66
2429.36
2175.86
1960.76
2221.3
1972.27
2500.12
1986.01
1699.02
2563.63
1393.97
1191.95
1319.06
535.539
551.561
737.355
460.523
340.737
403.022
414.884
658.835
335.933
482.044
968.173
885.307
2067.23
2288.22
1865.26
2086.34
1586.88
1944.06
2230.18
2107.48
2023.57
1205.45
1760.88
944.035
466.906
581.5
701.499
722.957
568.201
456.682
609.61
537.252
603.199
670.005
587.377
1233.89
1077.98
1954.53
1433.06
1775.68
1288.47
1936.77
1598.9
1991.61
1878.07
1599.64
1107.46
978.601
747.845
407.924
764.953
581.792
722.721
394.577
673.085
688.444
286.375
486.242
1410.46
821.553
1193.9
1661.14
1565.5
2060.46
2345.06
2363.08
1909.8
1981.77
1392.19
1621.56
1870.69
1314.97
596.5
730.59
589.705
679.52
620.339
589.19
661.573
303.789
240.737
424.017
532.394
733.712
1351.49
672.877
1372.2
1207.41
1476.97
1966.43
2136.21
2075.08
1733.91
1954.03
989.801
1104.32
216.924
487.637
242.186
423.428
498.13
408.618
568.245
306.966
451.54
390.873
389.122
971.076
1377.52
1766.46
1246.53
1918.4
2028.87
2165.94
2104.46
1703.49
1828.75
1406.16
1344.26
976.163
911.406
625.074
608.034
824.929
812.602
464.959
691.076
669.7
421.411
481.418
1475.83
1454.45
2378.94
2194.3
1854.37
2605.32
2484.36
2530.54
2092.96
2340.44
2729.22
2328.84
1637.03
1495.11
679.389
777.91
446.284
452.507
657.913
347.995
474.552
408.75
588.124
372.359
1235.05
1655.04
2243.23
2522.22
2640.41
2241.94
2164.19
2477.28
2369.59
2325.12
2150.62
2381.3
2211.53
1486.04
1068.09
847.139
954.068
688.546
650.345
833.46
963.156
922.615
672.323
734.642
1496.55
1620.26
2187.63
2238.78
2525.45
1967.71
2360.78
2478.97
2386.85
1992.4
2456.25
1813.32
1789.31
2170.89
983.884
925.178
735.326
873.997
457.211
835.43
445.824
879.875
538.884
438.799
1445.17
1273.79
1047.52
2239.87
1727.86
1604.81
2089.78
1977.48
1405.95
1338.66
1079.24
883.779
1054.66
1040.76
474.23
588.43
385.577
400.138
615.243
316.419
546.282
573.365
417.739
693.281
926.512
1366.3
1127.42
1832.2
1023.42
1476.18
1645.52
1692.4
1407.44
1663.15
1911.87
1048.2
1002.24
992.591
301.243
208.636
220.59
74.1086
204.224
-52.1673
-205.675
1.32147
-194.051
33.881
474.011
698.774
827.107
1225.37
1178.84
1054.14
1301.37
1082.62
1429.31
1376.57
793.829
1243.81
501.799
277.015
385.414
471.502
187.509
243.62
418.169
358.253
285.689
208.544
279.743
152.9
265.46
569.175
816.53
1380.81
898.777
930.427
1155.75
1402.53
1523.44
1551.42
916.356
1394.8
876.278
660.078
604.072
543.714
424.353
258.863
192.055
353.988
498.702
559.694
366.373
323.582
313.346
791.552
792.965
934.141
685.061
812
594.944
858.68
1037.42
960.419
1145.88
857.35
1077.98
525.55
366.304
592.092
685.018
642.971
450.075
463.739
512.179
628.815
454.358
605.478
391.049
718.833
1598.88
1435.31
1173.88
1346.13
1237.51
1380.27
1620.22
1756.46
1733.04
1110.01
1392.03
981.786
468.903
391.731
720.84
395.038
732.587
692.614
451.187
851.441
765.675
706.959
1133.64
1391.53
2084.05
2205.59
2505.29
2312.19
2401.43
2411.44
2297.24
2445.03
2381.13
1981.71
1438.27
1884.24
847.703
675.042
1006.97
935.498
805.692
670.85
476.813
686.678
596.079
707.335
980.803
1402.36
1524.56
2547.23
1635.27
1942.1
2250.71
1978.83
2460.74
2194.12
2248.34
2251.52
1623.37
1574.77
800.133
959.009
1076.71
952.555
683.969
800.846
754.194
776.171
1119.53
875.986
1372.76
1791.08
1932.3
2379.51
1616.33
1654.95
1700.28
1389.75
1660.35
1981.67
1293.8
1307.33
959.712
552.701
546.217
421.019
441.565
536.294
458.095
556.2
598.644
561.221
1111.27
776.592
885.457
2035.89
2459.89
1974.93
1638.07
1524.23
1740.64
1915.33
1891.88
1593.46
2036.37
1490.69
1373.03
1161.57
621.378
832.969
745.012
823.216
491.863
465.47
533.727
649.85
686.802
411.763
1529.18
1364.58
1910.32
1205.61
1414.25
1873.42
1685.96
1415.03
1927.52
2019.88
1873.7
1865.16
1521.55
1899.29
1009.97
785.863
697.003
1065.8
1071.62
847.53
902.169
1031.34
891.438
949.905
1131.32
1598.14
2220.45
1699.61
1951.45
1706.64
2015.85
2056.95
1793.67
2184.53
1649.15
1978.23
2167.76
1339.75
1102.17
908.588
820.823
1109.63
1069.42
811.323
1071.78
797.276
949.596
670.212
1138.59
1804.71
1889.8
1888.07
1469.66
1446.42
1404.66
1676.56
1689.42
1383
1355.48
1045.93
1310.69
859.794
782.869
710.603
644.671
606.024
699.431
1082.27
817.526
1268.93
1259.61
707.87
1258.25
1760.25
1543.85
1548
1486.93
2096.11
1330.2
1931.59
1618.46
1597.21
1605.92
1616.46
1445.31
1589.34
925.847
838.954
863.521
1008.03
1106.25
1201.38
1151.41
1245.79
965.956
1111.29
980.01
1454.78
1309.75
1297.29
1457.34
1341.45
1861.53
1674.28
1776.52
1664.42
1249.45
1196.35
1091.63
1366.52
700.288
874.134
600.89
780.185
934.21
1220.13
1243.42
924.855
877.009
979.435
1494.6
1541.68
1690.1
1707.13
1200.04
1804.3
1713.18
1969.84
1771.17
1944.23
2235.69
1884.33
1889.18
1883.69
1096.36
993.669
839.466
811.601
1082.96
951.908
927.723
1121.81
937.095
942.31
1166.89
1716.25
1900.09
1935.04
2202.33
1665.87
1863.7
1791
1870.24
2134.76
1828.02
2230.88
1904.18
1502.54
774.08
791.856
795.082
900.014
1178.59
1084.69
900.302
1082.74
827.818
810.895
442.715
745.944
1182.51
741.505
721.055
494.291
573.886
1213.23
843.189
1143.21
1244.96
478.032
484.222
1244.42
451.77
511.25
313.311
644.906
477.603
621.454
785.056
849.155
776.77
721.738
571.828
955.891
1198.1
839.696
403.37
1180.71
858.619
1228.59
1236.32
1126.86
1329.8
1254.57
1300.49
847.498
398.397
757.406
697.66
769.131
641.205
532.63
608.212
854.411
739.389
438.927
363.062
248.065
986.335
1078.18
846.59
965.016
1030.76
766.904
1348.33
897.438
1204.16
1245.41
1072.67
916.129
910.535
541.299
899.319
763.226
709.811
803.242
811.017
934.774
759.453
606.629
323.918
413.416
543.962
500.079
933.613
829.201
1413.72
859.403
590.333
989.91
682.447
651.403
1363.18
1344.91
458.134
539.941
1041.97
960.453
796.758
1204.64
966.021
1232
868.879
658.07
587.206
524.415
607.599
913.873
254.787
882.925
322.177
263.491
1087.61
585.949
1051.15
541.085
701.611
732.602
665.132
560.61
562.832
733.912
794.731
993.235
638.281
897.178
528.118
339.68
184.21
166.806
253.965
322.648
-431.79
-575.957
-228.834
-156.425
-497.536
-471.637
-452.889
-239.729
-382.431
-626.908
-177.029
-335.109
-60.2041
-97.7718
-325.441
-48.4449
-158.042
-273.735
-398.689
-432.874
-1541.44
-1768.68
-2096.66
-2546.32
-1833.05
-2114.21
-2400.54
-2352.25
-2817.42
-2648.85
-4143.87
-4215.4
-4352.12
-4464.39
-2373.27
-2418.96
-2417.74
-2148.16
-2086.22
-1953.68
-1925.63
-1928.97
-1679.47
-1786.23
-3471.46
-3163.72
-3307.4
-3183.27
-2747.87
-2136.56
-2300.23
-2094.86
-2341.6
-2230.71
-2853.38
-2573.47
-2310.38
-2613.48
-899.755
-1084.91
-698.9
-666.086
-367.072
-575.355
-291.404
-78.9068
106.684
-3.20892
-864.711
-744.971
-329.715
-424.432
-259.752
-445.146
-424.13
1.13415
151.893
186.639
-124.099
243.731
115.078
528.781
434.633
292.662
518.191
607.299
538.498
524.02
946.035
1100.3
912.724
976.608
879.233
1040.51
574.408
395.767
470.094
1016.3
501.268
898.923
916.642
1080.07
1127.86
1109.17
1445.99
1911.25
980.685
1084.24
877.177
1104.6
1044.26
1162.98
1048.71
971.37
1074.33
690.465
891.519
662.964
357.191
348.982
56.1126
662.534
571.786
266.645
342.222
892.347
245.23
784.79
556.636
766.849
654.908
601.8
1045.68
975.496
971.39
934.961
1000.54
1120.22
1200.32
1002.24
521.427
447.383
50.9027
1175.42
595.563
546.34
412.028
612.415
773.387
336.988
651.507
620.737
1081.64
1013.26
340.331
577.017
489.101
843.851
640.287
580.749
680.639
605.344
608.846
750.924
5.27486
-527.861
-688.57
-455.491
-815.985
-663.575
-560.448
-624.475
-582.96
-120.912
-428.344
-511.209
1.05795
181.289
-82.9456
4.80385
365.816
350.366
128.518
277.436
366.388
79.6034
15.8961
-242.542
-1261.28
-1394.26
-976.995
-1086.8
-1240.9
-952.766
-1082.1
-1067.67
-1024.3
-488.04
-720.497
-381.149
-373.718
-113.956
-20.9609
-260.305
0.293173
-120.985
-154.045
-188.401
-145.877
-177.183
-202.991
-34.1371
-1029.67
-1475.43
-1559.52
-1600.62
-1505.8
-1396.5
-2050
-1707.07
-1864.7
-2005.22
-3140.8
-2900.04
-3020.93
-2961.24
-1561.09
-1749.45
-1823.06
-1793.15
-1817.1
-1813.16
-1988.1
-1585.83
-1506.69
-1513.02
-3198.42
-3183.14
-3374.03
-3112.29
-2456.43
-2351.06
-2094.59
-1790.43
-1778.08
-1287.01
-1668.69
-1494.45
-1156.91
-870.116
-93.1879
1.36426
193.118
189.806
278.432
553.991
613.884
889.688
1042.82
554.294
939.978
649.344
115.79
244.856
238.995
357.416
371.013
1042.63
570.895
1102.77
1792.45
1920.24
2030.84
3047.56
1312.59
1561.41
1573.23
1579.55
1601.63
1610.92
1607.73
1771.05
1829.31
1550.25
1971.46
1929.54
1143.18
1325.74
1355.49
713.014
1088.66
1395.74
1511.12
1511.31
1494
2274.04
1817.68
2268.73
1140.61
1289.31
1515.57
1586.23
1454.95
1444.69
1830.84
1841.75
1988.12
1435.01
1949.08
1308.59
1240.77
1613.83
908.982
981.41
1260.4
1485.13
1009.3
1418.64
1616.1
1732.63
1661.9
1915.67
1159.6
966.591
1170.24
1186.24
1130.66
1321.85
1315.67
1232.98
1492.12
1325.03
1538.45
1474.49
375.04
344.113
481.274
225.252
1044.75
975.374
576.083
972.225
1155.15
1664.82
1171.3
2055.6
588.907
753.653
593.809
162.015
271.74
-183.666
1.20627
58.1323
279.228
100.485
-1053.76
-950.701
-1048.76
-839.462
-655.797
-376.662
-207.101
89.2162
-429.523
-197.874
171.966
926.67
1396.1
1258.49
833.639
916.836
832.399
1100.06
855.544
1164.48
1192.43
1545.69
1606.21
1196.36
1259.87
1020.31
339.617
-62.9938
-775.825
-591.685
-851.051
-875.441
-426.44
-472.197
-528.86
-507.053
-749.615
-628.474
-221.388
-192.124
-47.0456
1.69365
30.1851
1.74977
47.1079
77.7495
3.85409
215.167
-664.666
-431.967
-327.229
-904.393
-100.8
-71.247
96.7385
356.797
895.506
880.272
1124.22
1376.12
1840.49
2394.14
1048.89
1290.99
1284.92
1522.58
1482.95
1477.67
1743.91
1478.56
1462.75
1702.79
2101.71
1779.1
1133.13
1304.44
1118.88
1351.18
1563.34
1084.71
1124.79
2160.2
2132.77
1804.59
2440.7
1935.16
984.231
1431.2
1282.46
1124.26
1256.23
430.699
-40.8682
-29.3062
131.082
-230.64
-1999.03
-3115.09
-2587.15
-2448.6
-2079.86
-2710.51
-3097.37
-2675.05
-2716.88
-2203.3
-2432.06
-1935.61
-1048.07
-190.673
676.427
991.951
1461.64
1688.44
1454.61
1704.48
1562.34
1580.77
1733.35
1642.32
2188.36
1466.48
1311.32
51.5868
450.039
962.667
1330.85
1294.06
1216.37
1381.65
1713.1
1209.75
707.46
796.903
425.649
459.317
782.847
599.183
696.877
650.289
580.338
482.327
-176.199
-698.281
-4170.95
-5791.82
-6528.25
-5619.02
-3893.24
-2140.68
-1180.41
-269.435
-580.568
-738.237
-583.914
224.74
561.035
570.914
255.217
552.041
582.435
541.256
745.898
581.821
418.639
365.5
301.247
-25.0825
-439.831
-1214.72
-1770.95
-1189.22
-1010.83
-1470.49
-1737.26
-1541.92
-1424.11
-1468.88
-1703.14
-834.958
-618.924
-783.413
-293.915
-310.149
1.9312
-180.826
-73.4998
164.743
141.448
35.4467
-266.211
-376.354
-1370.05
-2037.67
-1691.78
-2143.61
-1930.87
-1102.8
-1154.79
-1199.19
-776.805
-693.921
-73.7669
154.627
571.223
1272.62
519.545
725.899
758.75
872.046
950.932
1061.15
1268.08
1234.25
1603.83
1515.97
2101.8
1694.36
1363.21
1347.59
1024.66
872.997
1451.93
1587.65
1735.71
1829.28
2352.34
2423.33
2700.86
3026.75
1503.56
1580.73
1804.45
1672.7
1678.29
1967.96
2031.31
1983.63
1758.08
2054.14
2462.73
1862.19
1841.27
1544.88
822.648
687.01
933.018
1274.18
1018.71
1669.18
2057.92
1658.16
2273.63
2254.81
1104.14
955.795
1009.84
1042.35
1420.12
1069.63
1303.58
1281.7
1430.66
1328.75
1473.26
999.973
637.826
348.76
366.233
1.01847
472.981
371.684
19.9538
555.737
929.626
1187.61
1568.81
1475.04
861.605
982.072
931.754
1283.45
1309.64
1451
1235.52
1252.46
1105.55
1117.97
1149.3
433.371
-132.882
295.444
-571.687
-651.207
-696.772
-616.601
-839.478
-717.044
-1048
-661.367
-49.6516
246.789
351.084
665.73
891.788
861.379
1102.89
1115.91
948.663
899.834
1041.57
552.189
-147.408
-260.837
-908.732
-909.707
-749.445
-701.546
-620.866
-874.292
-593.597
-389.196
162.886
542.569
504.606
1197.93
731.552
655.231
776.424
781.97
757.497
1173.1
1261.4
1280.18
954.638
962.174
966.493
761.711
552.472
558.227
122.096
-20.5422
266.395
116.512
879.478
844.264
1119.18
1461.91
1980.36
2522.82
1037.52
1280.05
1484.68
1490.56
1741.28
1835.13
1698.7
1923.61
1614.99
1698.07
2756.67
2464.28
2086.36
1518.93
1384.07
954.47
861.812
921.737
1359.57
1772.89
1939.82
2599.94
2304.46
2709.72
1630.88
1665.52
1714.76
1891.16
1668.37
1689.41
1688.75
2064.16
2052.86
2022.95
2577.71
2249.26
1857.42
1942.97
779.486
1156.39
1164.71
1412.52
1674.35
1444.95
2176.69
2370.74
2565.09
2493.61
1521.7
1422.63
1557.67
1631.2
1462.96
1861.79
1791.62
1764.8
1587.88
1636.15
2305.35
2393.13
2005.99
833.13
703.284
1235.37
1320.01
1597.62
1024.77
1690.97
2626.95
2717.2
2844.27
2648.29
1808.65
1628.97
1950.25
2006.66
2064.59
1964.33
2246.77
1834.46
2017.62
2002.04
3281.57
2696.03
2254.06
1624.08
1476.98
1154.85
1080.95
1627.37
1554.32
1862.74
2852.47
3376.47
3547.8
3326.33
2053.42
1696.92
1801.34
2105.79
1974.36
2307.01
2280.3
2366.01
2171.8
2312.25
3619.71
3166.25
2100.9
1829.53
1765.19
1981.59
1460.44
1833.29
1885.32
2120.62
2592.27
3230.03
3257.14
4086.71
2117.83
2035.69
1913.82
2091.15
2035.35
2501.58
2412.95
2491.31
2302.93
2319.98
3601.19
3686.36
3019.37
2314.8
2175.21
1888.61
1666.98
1959.87
2277.19
2551.58
3525.13
3568.93
3568.75
3331.21
1708.69
2031.04
2091.77
1957.29
2166.95
1942.05
2282.05
2136.01
1995.27
2229.75
3125.99
2546.82
1748.79
1345.13
1326.14
1020.4
1135.81
1405.64
1417.94
1827.32
2083.32
2720.32
2945.75
2781.18
1491.19
1513.1
1767.7
1914.18
1761.35
1994.44
1796.08
2026.09
1900.15
2258.76
3560.39
2940.23
2723.07
1774.96
1579.32
1201.48
1172.05
1564.34
1609.3
2051.23
2370.08
3175.37
3411.14
3654.12
1733.43
1965.96
1968.89
1777.78
1924.16
2152.64
2161.98
2295.72
1954.53
1951.17
3435.53
2796.44
1911.46
2645.08
2002.57
1262.49
1525.47
1550.72
1529
2004.6
2847.23
3291.62
2926.79
2897.26
1882.47
1958.82
1824.35
1807.5
1710.02
2096.33
1915.33
2132.7
2089.29
2356.68
3589.31
2607.74
2667.61
1765.22
1626.97
996.386
565.155
1156.69
1439.92
1936.34
2068.73
2181.73
3044.92
3084.87
1605.62
1478.4
1592.29
1530.76
1747.71
1578.74
1979.82
1955.33
2022.16
1699.69
3048
1946.76
1548.91
1181.98
1130.63
1040.14
1192.66
869.258
1207.8
1541.86
2269.49
2948.86
2953.37
2992.13
1747.15
1709.02
1685.86
1587.48
1587.61
1999.6
1968.61
1842.75
1758.14
2097.96
2944.66
2814.57
2229.4
1391.75
968.859
1176.67
1157.11
1338.26
1531.39
2040.75
1974.95
2690.11
2438.14
2753.04
1304.13
1699.35
1889.33
1913.92
1700.42
1684
2123.78
1970.7
2308.16
2262.69
3632.45
3009.83
2561.79
2295.58
1380.04
1287.01
2002.36
1434.02
1867.45
2675.41
2819.85
3373.3
3120.96
3651.91
1667.11
1956.22
1832.96
1883.19
2297.51
2218.84
2401.94
2109.95
2355.44
2451.27
3818.9
3418.89
3154.72
2484.91
1710.69
1796.78
1863.89
1652.89
2258.87
2019.11
2975.59
3395.93
3486.65
3415.16
1833.86
1731.89
2056.02
2193.95
1845.76
1971.9
2238.12
1902.24
2313.57
2320.45
3426.15
2613.2
2637.58
2298.7
1613.76
1217.09
1509.24
1399.11
1039.06
1909.05
2359.77
2556.13
2520.82
2309.87
1276.43
1502.89
1052.7
1106.93
1149.17
1332.08
1322.6
1295.02
1238.2
1088.29
1572.67
926.214
304.484
94.769
-433.618
-72.1246
-242.992
-234.062
58.5327
258.908
769.59
1541.73
1519.77
1507.18
622.158
574.673
211.806
593.728
637.184
348.955
551.171
772.95
645.351
554.04
717.08
208.427
-198.723
-180.763
-221.988
-159.41
86.1893
82.7804
716.115
451.228
1121.35
1515.96
1089.26
1667.74
722.89
895.109
1138.68
1089.45
1322.37
1523.43
1288.09
1548.18
1675.62
1752.23
3318.3
2525.94
2215.09
1820.44
1680.58
1886.01
1476.33
1833.06
2449.08
2500.65
3136.2
3729.66
3486.34
4270.22
2254.82
2507.47
2240.49
2445.06
2507.79
2534.83
2734.36
2925.22
3069.56
2895.78
4763.19
4204.24
3802.43
3981.5
2725.88
2172.66
2324.19
2626.15
2800.56
3112.77
4335.62
4501.64
4232.21
4125.44
2229.72
2351.75
2471.94
2341.56
2522.8
2575.27
2675.1
2877.97
2903.52
2768.46
5139.27
5043.75
3842.37
3290.8
2840.69
2612.27
3005.44
3068.27
3119.13
3141.51
4140.89
4701.41
4686.18
5301.82
2492.31
2650.28
2844.4
2861.78
2574.79
2748.71
3041.82
2890.32
3159.68
3160.7
5336.12
4824.49
4168.4
3478.46
2866.43
2589.54
2664.83
2905.19
3408.63
3503.74
4881.7
4737.91
4725.83
5100.03
2519.12
2532.14
2857.9
2763.96
2704.33
2897.09
2930.69
2944.59
2862.64
3060.09
5225.76
4584.24
4402.93
4307.1
2903.55
2899.42
2392.32
2501.79
2525.71
2767.06
3941.03
3724.45
3629.18
3827.47
2169.64
2277.59
2287.87
2282.46
2326.23
2095.78
1991.66
2250.1
2353.2
2394.08
3771.45
3362.3
2914.19
2133.45
2140.89
2009.87
1649.66
2111.88
2186.8
2530.43
2810.19
3113.58
3370.79
3276.09
1441.1
1843.4
1493.52
1869.29
1672.21
1857.54
1860.73
2119.84
1863.68
2302.47
3288.64
3369.88
2252.46
2231.33
1458.14
1390.04
1630.15
1852.86
2288.94
2838.62
3120.17
3886.38
3817.28
4300.81
1932.88
2376.01
2185.09
2529.55
2450.45
2611.74
2297.11
2328.07
2498.12
2544.5
4763.28
4468.67
3567.75
3519.14
3153.65
2290.79
2604.9
2771.8
3548.6
3857.03
5043.95
4697.71
4873.66
5204.15
2788.86
2852.1
2810.71
2722.71
2866.75
2794.28
3083.62
3023.95
3221.49
3221.51
5734.51
4880.52
4200.49
4494.21
3121.61
3305.27
3179.72
3114.94
3522.22
3995.27
4762.57
4610.87
5457.26
4946.22
2867.2
2747.33
2865.9
2993.78
2922.95
2926.75
3231.94
2927.84
3300.91
3182.81
5675.48
5388.48
4582.44
4329.75
3723.29
3089.63
2964.97
3265.58
3485.48
3857.54
4496.03
5157.73
5466.56
4893.18
2675.34
2961.38
3025
2904.77
2821.48
3074.51
2748.64
2944.48
2820.27
2723.74
5374.95
4636.19
3858.07
3539.16
2733.95
2736.17
2882.44
2803.95
2636.62
3539.04
4152.24
3647.34
3648.44
3594.83
2471.5
2393.87
2487.17
2736.39
2630.78
2711.55
2640.69
2810.82
2456.08
2684.84
4983.09
3702.48
3493.18
3371.62
2414.81
2456.87
2289.02
2601.8
2426.9
2838.83
3184.98
3017.81
3055.52
3433.11
1884.75
1836.83
1772.13
1915.89
2269.89
2355.49
2216.04
2411.94
2257.72
2636.09
4624.16
3730.42
3563.81
3020.23
2136.78
2340.46
2664.29
2495.17
2914.77
3789.05
4112.45
4400.59
4408.82
4690.94
2553.98
2620.32
2927.62
3314.57
3231.68
3376.03
3064.49
3343.56
3271.51
3337.11
5679.69
5442.79
4125.44
4246.69
3469.95
2695.77
3115.77
3013.94
3381.91
3720.02
4871.73
4758.43
5410.92
5322.3
2637.19
2707.65
2947.74
3049.59
2730.46
3089.23
2738.85
3136.82
3110.78
3019.68
5480.31
5269.78
4802.7
3990.8
2526.54
2308.32
2691.32
2795.29
2863.71
3162.34
4030.5
4344.24
4273.31
4134.67
2272.45
2427.69
2264.49
2343.6
2327.22
2300.38
2354.95
2481.78
2254.16
2655.7
4048.4
4099.35
3609.51
3289.42
2577.84
2471.1
2758.56
2841.65
3342.05
3219.16
4003.28
4554.5
4355.5
4776.2
2341.4
2799.16
2866.01
2675.08
2850.36
3095.02
3094.69
3228.08
3029.76
3210.87
5584.35
4900.37
4466.78
4062.7
3808.84
3227.18
3479.56
3010.2
3199.85
3685.47
4723.48
5020.29
4716.75
5698.66
2610.54
2952.33
3058.73
3134.08
3036.41
3224.8
3215.76
3153.83
3059.39
2963.82
6130.33
5461.82
4654.11
4510.7
3183.92
3557.07
3562.29
3587.93
4088.43
3926.83
5383.07
5584.81
5435.19
5766.79
3123.66
2771.88
3137.48
3286.94
3133.2
3231.42
3126.72
3466.25
3157.49
3622.71
6072.58
5931.06
5502.43
4921.43
4345.89
4250.06
3720.47
4219.33
3941.13
4761.62
5134.07
5526.78
6095.96
5763.81
2961.99
3270.71
3003.42
3319.9
3231.68
3455.42
3441.91
3176.12
3629.88
3549.69
6000.72
6181.88
5794.9
5544.78
4423.01
4105.82
3634.23
3913.45
3756.1
4045.01
5036.89
5299.32
4945.15
5665.99
2912.69
2754.42
2639.05
2513.13
2786.75
2700.85
2534.28
2566.79
2507.32
2861.96
4753.85
4418.69
4133.79
3719.73
2540.67
2390.06
2954.11
2646.37
3001.96
3517.11
3703
3926.47
4583.02
4546.92
2238.38
2396.84
2183.88
2265.51
2023.62
1917.82
2245.88
2134.68
2095.12
1953.09
3354.71
2798.19
2419.44
2462.97
1798.23
1311.08
1780.9
1894.26
1400.82
1609.57
2558.06
2119.85
2459.94
2856.51
1040.13
1239.15
1180.13
839.332
873.671
625.384
824.195
725.166
723.069
405.917
469.23
-56.9298
-353.067
-1106.81
-933.282
-1392.81
-1625.41
-1384.21
-1293.75
-1201.55
-1350.34
-862.738
-805.541
-783.035
-68.1664
32.2272
286.135
193.34
608.593
596.161
456.917
956.883
1237.7
1009.94
1429.09
1156.73
483.099
921.9
357.554
464.915
891.522
542.444
1064
1823.39
1976.51
2117.41
2189.58
2335.81
1360.79
1698.56
1439.41
1627.86
1518.83
1862.23
1579.01
1621.92
1718.27
1627.06
3158.52
2938.33
3021.83
2776.01
2268.06
2181.89
2260.06
1884.06
2538.18
2598.29
3270.53
4269.66
3607.47
3931.46
2301.96
2422.5
2568.02
2555.01
2715.63
2678.94
2909.93
2675.54
2577.43
3024.36
4809.68
4513.14
4574.47
3373.28
2876.4
2998.9
3285
3359.39
3444.22
4182.28
4781.18
4622.21
4891.37
5467.81
2822.92
2919.61
3125.58
3008.38
3188.3
3164.01
3273.13
3276.82
3451.56
3306.5
6022.39
5176.51
5182.97
4642.09
3782.12
3153.59
3329.17
3520.12
3713.66
4479.35
5342.32
5126.03
5284.79
5140.83
2740.24
3021.66
2787.88
2933.13
2949.03
2955.27
3120.91
3113.55
2812.03
3083.83
5818.05
5634.17
4792.63
5083.35
3697.41
3481.5
3216.18
3766.74
3441.67
4033.1
4601.73
5463.01
4898.42
5694.12
2776.56
2665.14
2845.52
2642.12
2619.48
2490.38
2424.03
2653.81
2669.18
2854.35
4514.11
4816.76
3878.8
3162.57
2503.25
2664.72
3242.61
2928.11
3517.44
4235
5158.28
5828.45
5176.53
5873.86
2991.36
2917.95
3399.21
3089.45
3491.28
3592.17
3653.23
3391.18
3355.27
3482.24
6588.97
6200.65
6261.33
5738.4
4691.28
4504.37
4790.68
4235.27
4904.2
4884.78
6106.89
6180.82
6580.56
6927.34
3430.28
3666.75
3475.64
3664.28
3547.17
3641.04
3700.17
3577.19
3800.87
3596.04
6782.36
6706.94
6605.06
5669.14
4928.6
4929.26
4653.94
4963.33
4882.67
5228.07
6467.07
6634.26
6382.24
7263.52
3717.72
3451.2
3277.22
3227.68
3363.2
3108.63
3181.72
3215.69
3603.67
3867.26
6736.17
7145.59
7301.87
6281.67
5250.73
4751.9
4845.22
5319.42
5324.36
5495.67
6782.19
7289.08
7086.28
7005.21
3660.9
3682.9
3824.39
4078.14
3889.03
4100.6
4020.54
4054.76
4039.1
4319.93
7375.82
7110.82
6084.91
6334
4746.9
4587.18
4135.84
4432.77
5080.68
4900.12
6647.02
6320.81
6700.77
6326.4
3520.97
3705.2
3613.83
3593.99
3782.78
3749.95
3747.71
3684.47
3758.67
4112.75
7694.16
7172.77
6544.04
5981.55
5133.48
4644.64
4515.5
4811.56
5280.85
5405.79
6863.72
6680.68
6840.89
7189.71
3278.13
3422.29
3212.08
3037.37
2689.4
2606.49
2736.62
3088.78
3258.44
3401.02
6861.56
6842.99
6511.28
6102.6
5087.82
4739.38
5193.03
5480.51
5475.79
5552.19
7028.97
7270.28
7352.53
6964.33
3427.85
3534.3
3576.73
3828.71
3550.72
3485.19
3563.45
3637.01
3303.56
3580.22
6526.8
6219.13
5427.22
4953.14
3750.4
3668.67
3983.48
4550.3
4411.54
5125.54
5570.71
6429.89
6528.19
6240.21
3380.55
3359.5
3320.16
3619.38
3702.03
3643.38
3379.93
3559.22
3608.58
3622.31
6885.86
7078.1
6774.43
6556.58
5149.13
4854.31
5022.98
5324.45
5279.02
5589.99
6753.9
7358.96
7110
6944.31
3887.92
4134.81
3961.36
4318.03
4407.87
4132.89
4038.83
4351.46
4358.41
4229.84
7785.11
7940.97
7584.2
7091.23
5468.11
5728.9
5590.74
5384.95
5729.82
6446.46
7150.07
7592.56
8121.82
8081.63
4058
4066.19
4329.18
4263.89
4356.53
4088.03
4244.87
4210.38
4487.9
4407.95
8168.03
7617.31
7987.84
7087.17
5367.91
5379.74
5455.05
5585.77
5912.52
6097.81
7828.07
7950.39
8250.1
7992.82
4076.78
3946.17
4121.54
4350.34
4488.95
4365.71
4495.58
4568.26
4246.55
4467.67
7849.33
7778.17
7589.39
7180.64
5330.61
5514.17
5648.62
6083.41
5578.92
6405.39
7343.95
7551.87
7626.03
7673.71
3740.35
3717.38
3715.32
3602.28
3532.99
3314.67
2938.53
3174.09
3050.37
3425.05
6244.12
6097.3
5820.4
5827.05
4463.53
4078.84
4070.63
4196.74
3843.38
4584.37
5933.18
6215.6
6660.05
6703.94
3791.75
3563.39
3666.93
3982.43
4067.77
3683.99
3954.94
3992.27
3763.71
3742.74
7082.33
7116.63
6427.7
6171.89
5487.34
4913.56
5110.42
5307.14
5685.95
5545.58
7153.47
7487.33
7711.18
7283.96
4037.78
3834.31
4187.55
4290.09
3913.01
4204.29
4282.86
4321.14
4214.53
4049.79
8284.56
8021.07
7300.37
7040.89
5219.03
5246.07
5434.02
5221.03
5708.8
6143.14
7295.12
7065.27
7663.55
7231.23
3974.7
4140.09
3841.43
4205.73
4078.72
4290.87
4069.61
4443.14
4131.67
4485.18
8592.06
7552.26
7563.15
7849.56
5913.11
5137.71
5374.26
5383.81
5691.49
5839.46
7466.79
7737.32
8023.83
7567.44
4032.2
4342.19
4028.58
4425.82
4076.17
4517.74
4652.35
4540.95
4480.41
4544.51
8583.22
8663.14
8229.75
7992.59
6378.29
6256.87
5615.54
5474.56
5873.97
6273.89
7850.26
7876.19
8112.34
8499.86
4478.2
4373.5
4432.46
4239.27
4539.55
4457.57
4375.26
4517.83
4603.13
4530.52
9000.73
8806.53
8248.85
8032.47
6025.24
6370.45
6044.3
5753.7
6019.39
6211.83
7860.47
8033.16
8112.04
8676.32
4328.65
4523.12
4557.71
4393.03
4607.83
4318.03
4549.85
4641.32
4742.36
4650.75
8899.73
7806.64
7371.82
7056.47
5360.44
5623.17
4877.76
5576.55
5089.43
5104.1
6702.47
7044.52
7310.76
7465.03
3832.86
3837.76
3800.92
3764.87
4022.53
3996.66
4314.47
4163.74
4072.48
4112.39
7720.23
7831.43
7651.28
6890.8
5048.33
5166.83
5163.84
5098.93
5167.84
5654.05
6923.08
6967.23
7183.67
6965.4
3906.5
3716.68
3755.25
3662.05
4080.05
3717.9
3841.2
3856.43
3914.52
4078.11
7932.73
7356.74
6556.06
6730.24
5059.45
5012.59
5017.38
5473.45
5760.79
5900.32
7161.25
7794.59
7383.12
7465.59
3833.24
4058.32
4278.39
4050.32
4030.77
4271.08
4265.18
4282.69
3910.68
4135.62
7323.48
7505.24
6960.75
6101.85
4933.82
5230.96
4789.13
5099.69
5184.04
5486.2
6634.11
6031.09
6148.97
6530.93
3320.43
3498.46
3487.47
3238.07
3123.73
3175.74
3396.75
3297.6
3428.15
3529.85
6603.15
6921.39
6594.87
6520.14
5018.08
5138.02
4574.61
4690.98
5090.26
5272.46
6380.78
6274.06
6208.69
6154.03
3159.3
3556.43
3479.78
3247.15
3377.97
3517.69
3493.24
3446.18
3696.6
3699.39
7403.63
7471.58
6829.88
6145.63
5184.51
4612.65
5068.74
5333.02
5670.86
5800.02
6842.11
6867.94
7359.41
6561.1
3467.44
3505.52
3361.77
3192.68
3244.72
3129.18
3485.2
3557.86
3367.59
3424.88
7166.53
6743.41
6866.64
6518.4
4686.85
5168.76
4482.03
4755.54
5095.38
5151.08
6682.31
6439.31
6471.42
6956.63
3783.1
3908.29
3961.35
3801.45
3814.06
3957.03
4107.21
4221.61
4522.18
4509.33
8427.66
8214.15
8525.28
7789.51
6150.95
5744.62
6153.8
5919.55
5932.49
6328.04
7869.58
7803.94
8302.98
8411.18
4076.3
4209.22
4253.51
4395.98
4248.55
4160.33
4174.1
4384.63
3975.01
4064.69
7711.95
7882.6
7235.11
7512.49
5832.66
4987.53
5010.05
5205.61
4941.22
5353.41
5826.19
6492.02
6394.85
6211.57
3376.96
3171.93
3197.19
3440.76
3107.42
3227.15
3277.86
3273.6
3048.57
3219.32
5498.46
5135.13
4840.66
4534.51
3968.02
3198.57
3713.79
3815.91
3814.46
4048.78
5510.99
5609.93
5583.2
5656.36
3058.78
3433.79
3328.93
3260.15
3418.27
3440.73
3198.29
3416.07
3474.8
3225.96
6322.75
5826.37
5148.33
5584.9
4150.4
3921.2
4362.19
4108.34
4244.55
4734.24
5781.82
5584.49
5370.91
6110.04
3208.9
