3117.26
2919.22
3163.65
3122.7
3217.78
4105.99
3465.7
5100.54
6090.65
5720.23
6701.94
3587.48
338.764
4650.19
1547.85
2857.81
4563.15
6898.75
5202.08
6153.67
5132.08
3290.05
3584.95
3043.77
3866.9
3083.64
4029.34
3966.21
3755.32
3282.59
3923.66
4942.88
6730.76
2363.71
4925.98
3385.52
357.422
1238.29
4261.97
4151.8
3350.4
4209.77
6702.21
5123.11
7073.68
2494.83
2771.04
2690.96
3066.36
2831.39
2919.29
3887.55
3259.44
3674.08
3801.31
4874.73
4349.35
5220.36
1157.65
4776.21
3796.47
812.162
1538.87
4227.85
3210.58
4795.26
4278.18
6326.42
4538.82
2507.52
2634.67
2631.46
3079.68
3050.73
2976.27
2960.57
3114.19
3413.45
3084.02
7099.8
4525.93
5292.2
797.349
49.1412
926.606
1142.43
1867.3
4323.79
4459.37
4567.15
5031.68
4697.03
6932.56
3907.69
2588.03
2953.1
2668.13
3878.08
2994.62
3951.34
3306.92
3356.45
3475.16
5453.81
4445.76
2478.5
1461.71
3749.53
276.906
3290.95
3975.86
2088.97
3232.43
4071.71
4856.84
4770.08
4337.24
2542.9
2482.49
3989.69
3797.32
2941.2
3770.91
2980.2
2981.63
4061.56
3468.46
8024.85
6249.78
5835.45
4640.36
3365.55
439.486
840.903
4111.44
4547.25
2803.52
4543.1
4616.05
6190.48
4826.65
2618.42
2872.27
2646.84
2699.77
3520.12
3790.3
3315.47
4045.72
3938.87
4058.5
4653.79
7536.28
2480.62
1364.05
379.321
3544.14
1031.61
1908.84
2086.88
2825.76
4380.89
4674.26
7663.29
4593.07
3556.58
3593.34
3015.16
3709.44
3923.58
3318.62
3389.41
3394.34
3806.5
4095.95
5105.04
6462.05
2170.89
6869.08
301.969
3429.67
862.47
1657.73
2165.75
2657.96
3882.61
4834.42
4314.36
6606.82
3638.98
2800.36
2950.22
4311.6
3189.32
3194.82
3243.6
3987.47
3289.49
3464.78
5767.69
7074.79
5804.57
1436.13
269.573
620.287
804.273
1691.13
2466.42
2538.6
7491.63
4269.44
4960.09
4535.77
2496.05
2626.07
3646.59
2871.73
3666.02
3137.94
4154.99
3404.46
3301.55
3524.36
6864.31
4347.12
2721.7
1338.35
318.358
742.879
4881.77
3782.09
2474.37
2816.51
4309.39
4314.87
4698.44
4839.64
3569.9
2656.02
2994.85
2760.35
3639.22
3100.42
3215.75
3251.4
3924.47
4520.77
7334.88
4280.39
3079.63
6536.48
550.798
866.68
1019.32
1662.52
4400.55
2839.34
7182.62
4551.66
6352.62
5099.26
2672.83
2657.09
3662.23
3223.58
4345.37
3435.43
4236.26
4632.53
3270.98
3537.29
7704.57
4807.09
5817.47
1175.17
825.07
1016.09
3652.49
1316.36
2344.83
2849.12
4448.2
5319.66
5190.96
4718.81
3718.23
4127.86
4409.07
2948.93
3151.99
3217.97
3149.25
4210.14
3942.49
3986.52
8690.82
4820.43
6067.78
1113.11
821.544
4026.92
3490.37
1711.49
2937.89
5445.36
4681.54
4667.5
6905.33
6823.7
2518.7
2934.18
2857.38
2956.14
3453.25
3329.04
3244.35
3442.5
3295.85
3536.29
7170.89
4183.7
2490.78
1652.93
475.588
590.303
1118.9
5556.78
2750.41
3315.52
6121.86
6977.29
6813.11
6912.32
2358.52
2586.35
3050.05
2996.19
3167.32
3098.01
3226.01
4269.3
4048.43
4219.6
7797.64
4465.98
7680.54
1479.21
3725.72
5411.86
804.555
1467.88
2371.74
5030.93
6174.8
5067.71
4653.72
5123.31
3997.77
3723.23
2775.82
2891.56
3910.35
3081.55
3464.95
3278.53
4022.46
3351.38
5146.37
6931.42
5450.71
4619.43
475.629
3867.42
875.681
1788.82
2312.04
2830.87
4646.4
4535.16
4756.5
6441.49
2527.22
2492.09
3003.75
2980.07
3868.8
3867.15
4012.83
3513.79
4161.74
3618.63
7656.21
6830.14
2155.44
716.013
211.235
3661.82
3789.67
1775.31
2795.42
2860.89
4252.18
4580.15
6594.97
5146.23
3786.77
2517.58
2855.25
3679.89
3815.28
2974.27
4124.61
3305.73
4447.39
4311.82
5362.65
3684.49
5666.43
4604.01
160.69
1218.48
485.159
1391.71
2766.54
3262.5
4557.54
4636.95
5094.75
4647.59
2482.12
4008.52
3973.18
3261.93
3896.75
4188.95
3491.44
3427.27
3422.1
3610.1
5703.21
6791.4
2662.42
1070.46
3726.42
805.301
899.414
1607.93
2657.63
4617.01
4128.46
5183.52
6736.57
5105.22
2734.65
2648.82
3886.08
3191.55
3077.14
3309.32
3372.15
4286.51
3620.88
4165.23
5634.63
4144.42
2900.36
5284.38
3801.56
1101.01
390.957
1715.78
4740.55
5104.1
4186.23
7966.22
5283.24
4876.41
4230.27
2571.55
3945.34
3122.52
4190.11
3019.21
3357.81
3277.45
4720.18
3429.85
5642.25
3844.49
2598.61
1006.29
3376.19
4016.35
580.795
1655.47
2492.31
4995.53
4722.58
7039.12
5196.3
5078.65
2916.81
4322.38
2821.44
3132.68
3381.8
4070.9
3450.16
3277.72
3419.45
3301.79
5177.7
3859.22
5615.53
1304.91
249.628
1084.56
426.518
1221.02
2393.72
5492.51
4449.99
4792.24
4727.42
5244.72
3441.89
2834.97
4330.04
4108.74
4385.67
3927.17
3603
3429.17
3360.18
4604.15
5048.02
4423.35
2283.34
7181.04
3818.08
472.871
792.119
1335.22
4618.78
5012.86
4500.39
5026.7
5007.4
5498.98
2913.03
2438.6
3568.13
3173.25
3912.53
3378.78
3252.14
3289.84
3298.94
4681.78
7391.21
4173.41
2211.33
1309.34
235.083
3361.26
5157.58
1523.82
4416.69
2667.84
4234.1
6647.98
6859.52
4931.9
2825.74
2413.75
3097.02
3768.07
3113.49
3353
3197.59
3356.72
3256.35
3200.81
7039.74
6776.64
2409.17
1526.76
352.985
987.281
832.281
1691.16
4289.92
5377.8
7530.54
4653.89
4990.95
5213.97
4000.39
2937.8
4230.75
3115.62
4458.3
3211.3
3404.04
3373.55
3700.83
3322.45
5691.76
7926.43
6149.39
4664.08
274.196
3968.07
586.608
4199.62
2425.04
2785.22
6281.66
4328.48
5223.95
5062.24
3736.04
2672.46
3132.42
3608.55
3155.58
3738.04
3542.07
3264.44
3457.65
3389.86
5629.95
3879.38
3016.9
4928.47
99.5889
3301.82
401.069
1061.19
2362.55
2403.86
4277.29
4654.68
4411.88
7514.3
3900.46
2634.09
3039.24
3188.95
3055.01
3830.09
3322.59
3211.62
3321.54
3255.72
7961.79
3812.25
2929.08
6647.65
3485.87
257.452
3420.94
1626.14
5004.31
2952.47
3931.99
6871.95
7866.26
7786.93
2628.06
3581.18
3911.22
3822.66
3300.87
3060.39
3981.86
4298.62
3506.38
3506.2
5050.34
4441.64
2372.82
1732.57
377.875
844.913
3781.81
1214.97
2233.26
2629.29
3741.41
7709.49
4574.2
7206.95
3599.19
2771.44
3157.31
4264.31
4241.42
4183.84
3233.86
4216.11
4076.13
3416.73
5141.27
3884.16
2949.88
1715.62
570.346
495.872
3330.83
1062.27
2084.16
4883.43
4173.09
4275.21
4630.04
8004.35
3016.23
3793.47
3122.72
3284.42
3132.91
3532.78
3643.25
3213.61
4303.11
3358.81
5402.7
4652.58
2520.99
1160.2
4954.16
3710.76
867.271
3748.08
4445.25
2532.15
3760.48
4632.59
4720.01
5813.61
2715.18
2914.23
3797.8
3017.3
4488.87
4014.35
3604.6
3480.72
4105.2
3432.72
5103.11
3772.21
2381.01
6641.36
-37.8904
4787.81
2989.83
1077.03
3828.9
5526.76
4138.32
4477.33
5167.24
5185.66
2965.8
3129.57
3066.48
3977.48
3145.55
3218.15
3550.08
3909.26
3553.3
3105.38
7587.76
3693.92
5741.93
1132.15
-186.296
-243.626
-83.4792
3407.63
1616.97
2595.2
3597.99
4963.36
7099.32
5597.88
3396
2788.13
3082.71
3350.78
3327.59
3200.11
3280.87
3465.42
3960.46
3438.02
7169.64
3932.78
5551.3
4942.35
-18.3348
4493.97
416.336
1084.02
1809.51
2655.14
5741.89
6858.22
5194.74
7698.37
3026.91
3675.49
4227.74
3974.98
3169.96
4159.94
3831.75
3374.49
3748.26
3208.64
7781.55
3758.51
1740.24
476.309
4876.61
-384.787
252.212
847.181
4109.38
4277.37
4150.07
4970.32
5261.9
5486.57
2756.11
2814.74
3588.62
4379.5
4070.71
3846.71
3661.64
3961.08
4649.35
3321.7
8335.78
3218.76
1972.18
1053.65
-299.031
-364.357
151.17
872.76
1852.32
4391.05
3483.74
6203.05
4969.25
7076.95
2678.49
3864.09
3886.11
3006.79
3239.83
4102.5
3386.66
3354.62
3528.52
3027.18
5215.59
3296.92
2137.96
223.75
-39.4073
3161.43
4703.98
910.699
1401.84
3925.72
6668.57
4578.23
6254.47
6595.94
2637.16
2969.07
3094.33
3304.29
3208.8
3545.72
3512.25
4581.4
4587.46
3968.51
5673.81
3171.29
6782.72
717.532
-294.629
2589.61
2631.71
823.154
1251.18
2169.06
4002.83
6728.62
5037.63
4677.77
3552.93
3468.09
3713.86
3940.9
3676.37
3762.18
3493.62
3539.04
3367.62
3069.23
5383.14
6061.24
7092.45
17.6842
3080.66
-179.522
-554.561
4932.04
1065.67
5207.29
6956.12
6960.1
6432.36
4638.53
4006.99
3608.48
3259.14
3850.87
4214.94
4475.16
3365.46
3392.38
3672.3
3059.55
5544.11
3696.74
4704.63
5843.13
-508.106
-287.142
-306.197
402.322
1265.62
1816.76
5319.61
6043.52
4506.35
6473.2
3556.25
2834.93
4271.92
3198.2
4104.89
3394.29
3298.72
4104.59
3936.58
3365.99
4720.95
6095.14
1380.14
426.633
2916.68
3033.6
-431.713
3357.16
987.739
1442.3
6296.96
6342.63
4587.86
6812.79
3661.04
2725.87
3028.45
2881.62
3047.34
3938.08
3803.37
4058.59
3920.11
3995.14
7148.78
2851.9
1064.17
-250.737
2647.28
2552.35
2908.4
166.106
760.885
3777.51
5747.42
6247.32
5027.45
4310.19
2731.38
2711.27
2889.42
3197.08
3883.87
3921.81
3474.13
3789.41
3408.75
2940.81
6990.43
2725.09
1232.27
6271.56
4315.51
2750.66
-612.732
-270.996
498.365
3821.8
2554.05
3578.29
4665
4577.36
3664.51
2806.67
3506.33
3151.11
3631.34
3095.78
3116.52
3171.54
3383.83
3948.55
5144.25
6247.75
1245.67
3873.03
2417.75
-413.086
-927.292
-135.755
2938.89
1067.58
2469
3487.95
6058.25
4951.64
2443.44
3607.61
2919.7
3113.15
3920.42
3303.05
3945.67
3423.2
3792.11
4033.58
6986.34
5692.17
868.964
-234.833
-737.216
2399.18
2033.46
2989.79
3411.4
1007.32
3239.41
5891.71
4937.2
4167.36
3365.87
2530.41
3482.83
3544.62
3268.67
3240.42
2983.19
3152.69
3296.93
3237.52
7375.53
3246.38
1301.97
-574.277
2372.53
-688.555
1987.89
2967.4
853.87
916.246
2217.29
5118.49
4673.13
4055.4
3330.99
2359.6
2701.92
3036.85
3044.51
2987.48
3561.92
3748.29
3396.31
2869.08
4599.58
7328.75
4773.54
3669.67
-920.644
-944.573
-986.017
5.07342
4518.76
1037.98
2750.85
3636.63
4296.32
5581.99
2431.36
3196.38
2493.95
2701.48
2986.73
3714.31
3818.12
3235.71
3225.84
2981.45
7512.39
5530.43
3957.16
-810.702
-1164.07
-873.115
-816.729
-505.051
154.43
4476.73
1887.75
6149.36
5844.05
6582.69
2279.42
3665.39
2633.97
3538.46
3915.24
3154.95
2939.25
3522.73
3262.1
2820.84
4988.42
7248.59
511.469
-782.988
-1067.29
-995.421
-954.456
3685.51
123.512
3370.7
4448.68
5267.24
4039.1
4456.9
2158.08
2705.03
2486.89
2900.29
3453.84
2864.45
2799.37
2959.79
2933.9
3772.65
7076.77
5726.82
3826.21
-592.872
-854.998
-757.002
-630.451
-403.135
360.562
653.601
2272.73
6500.51
3891.36
4544.95
2520.8
2718.53
3684.43
3174.6
3101.54
3343.39
3095.78
3426.83
3039.34
3049.21
6321.6
6896.57
6108.42
3285.34
-1178.05
-1262.8
-933.872
-337.237
546.326
3461.07
1817.28
3305.74
3770.2
4724.3
2324.4
2771.33
2741.48
2924.5
2698.17
3066.46
3167.49
3754.31
3147.36
2933.98
4689.96
2617.59
-16.642
-885.811
-1239.66
-1151.93
-963.772
-117.881
262.137
2927.96
3905.03
3488.33
5262.52
5597.27
3447.27
3438.72
2671.31
3507.34
2844.47
2855.62
3462.47
2697.9
3039.4
3610.42
5969.32
4796.55
735.841
5126.61
1957.35
-998.542
2321.48
3944.53
419.884
1034.27
1726.12
3273.12
4394.33
5368.58
2227.1
2268.31
3045.45
3697.6
2610.99
3271.64
3483.19
3093.22
3040.81
3911.24
5798.23
1848.4
67.4005
-875.321
-1403.54
2024.06
-908.902
3604.72
3583.85
367.372
1594.82
4876.02
4092.91
6118.87
3465.76
3148.36
2469.29
2450.01
2872.73
2906.68
3262.45
3077.66
3742.77
3452.59
4513.8
4998.48
3939.3
-1021.01
3701.71
-1206.41
1860.97
2195.73
613.308
4160.01
4436.22
4449.81
3624.87
4320.36
2319.24
2563.5
2253.65
3499.33
2725.79
2824.41
2722.28
2731.78
3086.44
3418.76
6136.39
1917.91
3711.09
-629.919
-911.131
1857.38
-969.34
-549.08
212.393
361.435
1940.11
3094.6
5736.6
5361.54
2225.94
3177.99
2487.72
2454.45
3426.55
3269.18
2778.08
3018.21
3475.86
3620.55
4257.5
2417.3
5072.17
-891.251
1998
-1387.45
3449.7
-670.51
-2.18018
745.078
1628.58
2619.69
4242.91
3636.5
2211.61
2578.18
3129.51
2695.83
3637.79
3578.78
2922.29
3045.48
2779.76
2789.01
4160.79
1949.63
3928.98
4902.71
1709.31
-1368.05
3148.12
3721.84
2221.46
2659.66
1221.43
4554.16
5089.32
4000
2357.85
2400.49
3060.71
2454.85
2920.13
2765.07
3005.12
3560.83
2685.83
2660.5
4178.22
2062.21
154.046
2539.74
1706.02
1863.38
1423.79
-894.082
2740.28
476.71
4212.82
2923.36
3384.36
5253.86
2291.14
2912.3
3275.11
2619.24
2831.43
3285.61
3474.29
3541.82
2746.56
2896.11
2751.37
4244.56
2887.4
-1973.51
3535.45
-2123.52
-1564.14
3529.13
-274.536
4003.59
1596.56
2436.35
3556.58
6339.59
3227.28
2079.82
2188.13
2641.24
2730.6
2769.72
3361.19
2851.97
2786.76
2255.01
5114.21
3849.65
-1295.75
-2167.83
-1946.64
3278.03
-1514.11
1932.48
-394.772
-113.435
1720.31
2753.45
5508.4
3592.11
2265.04
3042.53
2364.16
3077.13
3251.09
3471.93
3656.7
3279.39
3465.99
2907.48
2997.85
539.693
-1351.47
-1979.49
1532.45
-2033.54
-2236.5
1516.87
-792.234
-255.397
1056.97
4743.2
3202.39
3841.49
3032.37
2162.41
3182.26
2332.56
3753.28
2772.48
2577.45
2558.69
2669.47
2187.79
2615.76
4220.75
2499.85
1961.67
-2021.35
-1989.42
2710.53
-1489.45
-688.385
2030.07
816.446
2778.9
5296.34
5760.23
1961.38
2353
2361.9
3270.31
2305.82
2534.66
2884.61
2500.19
2472.94
2201.31
2176.21
646.252
-953.827
-1647.15
1408.23
-1965.22
-2298.18
-1538.15
-918.576
-49.3098
900.682
2348.12
2928.53
3657.09
1808.6
2099.38
3046.83
2519.35
2678.27
2616.03
2739.7
2521.02
3048.83
2117.54
2187.33
235.675
-1344.7
1924.15
-2550.52
1243.98
-2399.18
3117.28
-1075.71
2494.82
3551.37
4111.84
6113.86
4771.86
2695.69
2000.91
2298.48
3608.46
2966.33
3333.83
2826.59
2829.63
2672.52
2092.79
4631.83
26.4302
2850.27
1805.46
-2530.78
-2437.44
625.649
1280.31
1480.49
2063.96
389.335
2240.84
3282.79
4974.43
2031.45
2202.69
3015.32
2912.38
3493.07
3032.55
2562.99
2484.68
2735.67
1835.3
6383.65
3504.99
2211.33
-2160.57
1007.77
378.945
-2476.98
-1705.6
2915.02
-625.653
624.727
1360.84
2852.22
5005.22
2595.49
2683.27
2108.95
2416.59
3551.59
2368.61
2600.8
2518.92
2610.81
2989.07
2747.17
369.817
-1531.87
-2629.57
759.158
-2772.39
982.81
744.714
2768.44
-317.315
4419.41
1774.78
5829.55
4532.25
1891.38
2886.64
2924.34
3151.33
3245.29
2483.75
3087.11
3310.54
2986.09
1903.78
2235.8
208.192
-1806.69
-2560.11
-2642.7
513.557
-2741.58
879.351
-1447.01
-1021.98
-395.159
1184.65
2476.87
3116.76
1967.79
2556.26
3100.93
2945.36
2906.14
3243.15
2542.82
2406.63
2991.84
1779.11
2368.22
3729.45
4339.39
-2960.87
-2815.91
-2880.95
2650.38
-1957.28
-1228.96
-845.113
120.115
1340.81
4773.92
2908.67
2674.56
2811.32
1964.33
2209.62
2170.09
3182.36
2380.41
2719.51
2283.13
1699.09
2321.74
-87.8313
1559.38
-2982.72
325.276
568.052
-2428.8
-2014.31
-1313.38
-545.586
-243.09
3383.76
2691.21
2811.6
1857.86
2871.74
2010.2
2152.4
2344.82
2524.62
2608.07
3409.08
3367.42
1696.06
1969.22
-582.453
-1723.56
3181.38
-2745.76
-2849.94
234.861
-2235.96
2643.67
-800.295
-345.242
1159.21
2335.82
4330
1573.32
2527.86
2353.18
2811.11
2708.02
2284.46
3095.11
2747.99
2543.69
1696.97
370.91
-1091.03
-2791.74
3307.56
-3414.79
-3065.66
-3018.57
749.36
-1452.41
-533.124
730.003
2337.56
4546.37
3275.67
2012.94
2253.52
2804.05
2856.18
2929.69
2606.43
2520.11
2482.42
2233.5
1373.52
298.72
2205.28
-2653.41
-3442.79
-3067.4
-104.374
-3196.48
-2259.53
-1793.34
-271.817
1336.37
2680.99
4322.14
3676.67
2073.51
1900.56
2680.32
2777.23
3202.68
3443.67
2306.87
2424.06
2152.48
2718.57
3470.73
1728.32
-3270.94
-3887.03
-3375.8
-155.468
2153.67
366.803
-1745.61
-655.257
1364.62
3708.34
4868.6
3609.15
1775.08
2868.67
2973
2380.63
2103.75
3186.4
2701.05
3168.51
2609.23
2378.56
3153.53
2122.08
-3074.33
-3771.38
-194.615
1754.31
-3159.2
-2497.11
-1522.65
1704.98
545.392
2361.97
2506.84
2785.56
2054.1
1882.86
2044.98
2633.52
2023.31
3242.92
2635.6
2805.07
3374.57
2649.03
517.875
1591.34
2709.67
-4389.58
-3505.93
2014.98
1822.33
-2542.29
-1878.78
-885.377
925.244
4142.31
2428.9
4866.34
1788.07
1770.58
2169.72
2856.57
2376.01
3227.12
2311.95
2523.85
2183.87
2796.45
380.224
-2139.04
3116.21
-3699.04
-3476.75
-3522.35
-3664.82
-2607.03
-1665.43
-455.631
878.13
1670.67
2611.67
4305.88
1592.15
1869.87
2736.21
1889.88
2241.67
2669.07
3029.15
2483.98
2750.04
1184.28
2678.29
1400.32
-3118.62
15.7957
-3686.05
-3368.87
-3476.02
-2806.32
-2032.32
1343.98
2864.94
1531.79
2372.11
2749.26
1631.56
1638.31
1992.62
2074.33
2798.12
2382.05
2467.05
2595.08
2243.79
1369.81
-365.063
-1614.27
706.002
-4290.05
-3745.91
-3807.91
-3253.99
-2656.6
-2011.01
1248.83
4134.42
2167.78
2823.12
2549.97
2572.01
1559.64
1968.38
2105.48
2235.84
2396.88
2988.8
2233.9
2344.42
2302.74
2881.48
-1942.75
-3644.88
233.091
-3428.73
-3741.83
-415.226
-2554.55
853.693
2324.66
114.067
1687.55
4654.53
2649.64
1567.03
1732.25
2923.65
2098.9
2719.31
2212.96
2618.41
2536.4
2696.29
1335.13
-463.21
-1625.59
-3194.22
-4230.16
-403.083
-113.935
-3158.87
-2595.25
1764.08
1084.9
2983.62
2117.82
2475.45
3891.26
1551.33
1617.66
1858.94
1731.7
1891.85
2470.04
2092.25
2901.31
1896.79
1243.16
-414.741
1171.07
-3138.32
-4046.95
-92.017
-3521.87
-269.979
1667.67
-1887
-901.266
516.383
2051.81
1919.43
2509.62
1543.89
2384.74
1672.95
1958.92
1859.91
2675.59
2804.69
2894.51
3040.05
1251.48
2579.57
-1988.03
-3679.51
-4055.53
-484.461
-3789.49
-3467.06
-2934.45
2290.26
2517.46
-70.1174
4600.72
4069.62
2383.17
2087.98
1610.09
1662.03
2803.72
2144.62
2702.25
2057.83
2269.52
2376.1
851.48
-509.185
-2355.47
314.919
-132.072
-729.987
-3923.54
-3891.42
1803.95
-2530.7
2189.83
433.952
3644.16
4687.58
4223.73
1502.28
2119.36
1675.47
2523.58
1687.53
2603
2907.1
2326.44
1860.46
1879.56
-763.438
-2335.44
-3801.45
-4533.7
-4063.99
-4313.91
-4163.98
-483.865
-2424.06
1998.54
41.0488
1783.39
3293.54
2345.03
1849.86
1409.78
1767.26
2463.48
1864.65
2034.24
2565.76
2566.96
1702.52
1928.85
-647.711
-2234.27
-3768.5
-623.801
-653.854
-4421.11
-4065.11
1461.34
-242.232
1101.26
-496.478
1263.18
1922.97
2495.39
1393.06
1617.19
2369.35
2210.37
2387.22
1850.61
2396.41
1988.9
1756.25
813.102
-1142.4
431.821
-4014.2
-758.808
-724.864
-963.92
1274.03
-3330.95
-2874.93
729.553
-538.018
959.597
1864.24
3814.9
1971.25
1100.6
1304.31
1669.12
1660.09
1757.39
2506.09
2668.16
1902.84
645.272
2320.87
-2488.82
-4407.84
-4739.42
-1171.08
-4104.72
-4545.27
-3912.47
-2995.97
-1606.47
-713.303
3217.78
2767
3764.12
1146.32
1333.45
2202.43
1787.86
1927.5
2889.04
2665.45
2682.98
2695.46
920.566
-1213.68
-2627.84
-888.232
-1160.24
-4414.27
-4758.57
920.915
-451.264
-3290.93
670.966
-1080.41
959.485
3224.5
1258.81
1361.94
1278.72
2016.43
1507.54
2231.43
1965.87
1804.46
1706.94
1791.8
-47.2931
-2053.28
-4186.5
-5333.93
-1736.71
581.092
-5123.51
-1373.81
-4642.63
-898.654
1625.92
-334.927
1400.57
4112.99
1496.28
1189.52
1488.93
1970.64
1652.64
1587.02
1894.07
2795.48
1973.82
1834.5
1323.27
-2203.94
-3860.37
-5613.62
-6202.42
-1082.54
-1306.06
909.77
-4085.54
-823.635
500.823
2086.98
2575.44
2856.89
3433.96
1554.89
1359.7
1769
2148.05
1830.12
1737.68
2110.32
1749.79
1229.39
2239.06
783.877
-3747.95
1220.25
-5833.22
-4722.68
-5058.51
-4771.5
-4447.01
-3538.42
221.254
2727.47
2895.55
1479.92
2376.29
1201.43
2233.6
1366.95
1678.01
1686.42
1710.42
2285
1902.11
1810.64
1473.62
-2245.86
-4026.12
-5499.09
-1680.81
-5086.21
-4936.11
-4953.16
-1163.43
-4053.68
-2082.91
-905.083
2769.74
1786.15
1461.59
1325.79
1430.37
1255.73
1668.35
1555.08
1626.71
1925.48
2420.08
1012.71
-45.0604
2817.71
-539.411
-5900.4
-6197.99
-5086
-4669.73
-1266.74
-4493.55
-3694.29
-2039.87
-538.71
960.381
1306.1
3554.58
2143.92
2400.11
1569.12
1407.11
1732.91
2174.63
2003.49
1991.83
1900.62
20.8459
-2333.21
-4357.18
-5686.61
-6393.26
-4907.25
-4886
-1547.99
-5031.03
-4078.73
427.3
1296.54
2631.33
1316.51
1525.44
1930.52
2068.94
1278.54
1505.06
1423.42
1921.9
1636.21
1694.92
1021.16
1401.66
-3078.83
-4193.04
-6099.62
-5953.36
-5282.93
-1504.83
451.816
-4983.73
1217.01
-2003.11
1825.23
658.204
1678.8
1920.12
979.198
1325.65
1230.95
1992.66
1466.21
2174.65
1580.1
1887.49
784.497
1865.2
2593.31
-4267.16
-5796.97
-6018.27
-5256.23
-1348.79
-5280.95
-4974.54
-862.283
384.33
3185.16
3601
1467.79
4276.3
2027.49
1387.33
2176.07
1526.92
1404.4
2283.57
2250.43
2282.1
982.628
-407.561
11.1181
-4448.67
-1703.21
907.92
540.367
-5256.95
-1804.82
-5123.08
-4029.22
-2319.29
1768.46
3147.7
1435.91
3279.27
894.151
1075.43
1236.45
1980.52
1496.39
1780.81
1732.88
1581.08
2246.18
-407.578
2463.18
-872.073
-1583.48
-6656.96
-4943.96
-5396.46
-5412.17
-4734.75
-3873.15
1386.46
-725.659
874.048
1534.24
3954.77
1288.29
1457.18
2052.38
1667.19
2512.8
2061.59
1569.71
1927.54
954.607
-460.9
2248.54
-4630.52
-6178.98
-6730.94
-5203.19
-5451.37
-5170.62
-4638.69
693.198
112.363
-575.26
173.921
1652.63
1515.01
1364.82
1081.77
1952.53
1509.21
2076.18
1774.01
1590.66
1635.11
935.351
1244.97
-2931.39
1487.37
-6427.97
-6293.06
-5349.41
-1635.47
233.648
-1135.83
-486.073
446.281
2360.36
2350.91
1338.93
1269.98
1031.71
1247.82
1193.74
2066.6
1509.51
1495.95
1994.02
1746.7
1676.87
-238.861
448.533
-4624.4
-1803.85
-5999.17
-5246.66
-1589.42
4.96438
586.852
-3548.54
1712.32
1094.39
1025.67
1440.65
3202.69
1295.08
1442.48
1447.43
2198.49
1531.55
2255.37
1481.54
1835.67
1585.08
-236.574
-2988.12
-1035.85
-6409.35
-6166.64
247.403
189.075
-4944.35
-4412.67
-3154.13
441.99
912.924
370.529
2975.63
3430.03
1360.28
1197.49
1182.56
1989.65
1583.33
1657.75
1694.13
1427.56
1770.62
-236.986
-3155.35
-682.942
-6126.61
-2138.04
474.6
-1466.89
666.167
-961.041
-3584.11
282.521
1681.27
3112.75
1376.77
2752.49
1746.15
1938.62
1426.06
1634.48
1383.51
2186.16
1535.53
1411.86
1639.91
888.508
-3389.11
1445.14
-1459.47
-1649.18
-1566.96
-1652.21
-5427.31
-4278.98
772.873
1023.46
-1226.4
338.381
3370.11
1476.48
1751.13
1109.91
2180.82
1944.26
1300.1
1741.5
1664.03
1457.46
342.313
-487.593
-3062.46
-5071.76
-1652.85
-6587.35
-5086.09
-1858.13
-5236.58
-4739.98
-4044.83
1431.87
1217.83
2203.97
447.144
1470.08
786.15
1110.36
1116.17
1533.34
1455.02
1630.74
1432.22
2289.02
1254.16
1653.96
20.1718
1042.99
-6374.33
-6666.12
-5485.2
-5201.92
-5289.15
-4975.75
528.883
-2101.46
-1421.98
531.092
2611.49
3023.6
1627.77
1043.53
1124.87
1161.45
1314.67
1850.36
1591.65
1791.36
1639.47
664.677
-3206.04
-5239.69
-6560.6
-2133.78
-5262
-5305.67
392.246
214.944
-3988.83
-2478.05
-1456.17
465.364
1083.87
1258.91
1613.74
1460.06
1330.06
1923.28
1516.94
1366.08
2296.94
2084.76
625.566
774.047
-3375.42
-5200.11
-1700.19
-6364.13
-5284.75
-5525.46
-1837.19
-5104.07
-3644.75
-178.079
532.813
46.3547
427.835
1181.21
801.441
1191.98
1351.54
1464.24
1314.05
1602.47
1520.69
1671.23
438.246
-817.839
-3800.05
-4668.63
-6398.15
-6441.58
-5449.51
-5459.74
-5590.53
-4929.04
-1139.71
-133.977
-1260.97
2526.16
515.608
1359.32
1541.47
913.85
1629.42
1126.79
1395.74
1406.61
2088
1600.88
237.862
734.481
1283.45
-5312.71
-6146.62
-2338.93
-5367.79
-269.345
-5709.3
-4797.74
-1344
-2917.72
-1540.14
2868.25
1141.26
1102.08
1048.82
1768.06
1047.75
1478.66
1519.07
1162.01
1548.81
1313.59
480.688
-909.053
-3356.71
-5213.8
-2294.61
-1997.08
-5461.32
-2008.89
-5435.06
-1817.14
-3660.07
-2488.9
2067.82
166.932
1150.55
1013.21
762.694
934.129
1577.51
1265.03
2003.83
1450.37
1418.16
1572.12
1472.96
751.115
-3351.85
-4959.67
-6331.99
-6625.49
-5444.21
-2226.87
-5482.13
-4915.89
-940.39
-648.608
-1791.51
1425.54
1026.16
2798
924.063
1250.82
1878.18
1941.12
1557.33
1711.89
2065.31
1976.52
433.938
-762.975
1805.14
-5215.75
-2349.41
-6624.49
-5572.19
-2219.6
-5958.89
-1649.14
-1297.69
865.178
-1723.82
-288.704
707.182
2639.18
1456.92
1238.2
1100.66
1803.68
1507.19
2013.08
1520.86
1919.33
1557.64
1017.47
-3331.16
-5154.98
-6185.9
-6449.12
-2023.67
-5751.04
-1943.86
-5186.86
-4194.98
-2940.78
-1889.72
-235.81
381.246
3358.72
1449.54
1619.04
1535.08
1436.15
1409.44
1452.95
2143.86
1479.05
1755.16
-797.375
-3411.86
-5319.73
-6139.99
-6615.51
-5366.91
-5493.64
-5528.95
-5027.75
-4270.41
-289.524
-1354.74
-14.9767
2513.43
893.596
762.192
1635.76
1287.15
1476.67
1450.02
1523.93
2030.22
1855.33
352.328
622.667
-3675.95
-4982.46
-6253.79
-6964.63
-5638.65
-5302.33
-5582.34
-5240.54
-4082.79
-588.513
-1540.32
-652.098
659.72
2175.13
1029.72
1289.42
1641.62
1459.1
1519.86
1539.8
1237.43
1839.15
485.612
-888.075
-642.796
-4751.68
-6165.05
-6818.03
-1675.29
-462.416
-5544.15
-4977.61
-0.47249
546.893
31.7751
-378.222
261.214
2288.45
562.555
1047.18
1274.1
1415.64
1083.73
1659.12
1445.05
1471.06
-15.5477
-905.733
-4116.36
-5279.29
-6060.07
-2688.07
-5547.58
-5687.5
-1983.95
-1863.36
-3758.55
-3039.53
-1711.75
-301.486
114.917
1155.52
728.66
1476.41
862.553
1627.61
1364.5
1483.65
1273.54
566.749
-75.1404
-1122.73
-4143.89
-5669.49
-7219.57
-3557.29
-2875.1
-6596.27
-6890.01
-2358.97
-4616.09
-3336.68
237.129
1138.26
47.1589
1234.02
1161.23
770.084
846.624
1156.11
1751.78
1270.64
1261.22
752.588
-81.5277
819.29
-4343.97
-1858.75
-7126.38
-8398.42
-6792.93
-6809.68
-2617.36
-5880.66
-1633.86
426.418
-2256.71
-493.081
-21.9199
457.941
984.329
1039.72
1098.05
1118.32
1234.7
1183.21
1443.61
737.348
-109.466
633.724
-4083.31
-5026.9
-2822.7
-8570.33
-6820.16
-6639.89
-2847.5
-2396.06
-1268.04
-708.292
851.484
1028.81
1277.85
1247.07
1111.78
917.668
769.937
1667.62
1106.43
1240.42
1415.51
700.44
-34.0073
-1076.74
-4131.96
-5131.68
-2721.25
-8279.41
-2415.53
-2888.74
-800.636
-5968.81
-1778.03
-963.276
-1845.01
1261.27
2197.06
1084.39
902.344
763.777
1431.04
901.875
999.729
1585.11
2001.02
648.305
-270.235
-1224.28
-4536.17
-1853.88
-6836.77
-2994.31
-6635.81
-2414.87
-6865.96
-2059.93
-4824.05
-3087.86
-2068.8
-238.339
1882.78
2109.01
1116.53
999.111
797.071
1204.52
1124.54
1206.6
1156.55
1332.83
-185.718
-1210.17
-3964.09
-4996.6
-6813.32
-792.892
-2398.52
-6971.06
-6657.62
-5958.83
-4810.11
-3664.86
-2027.9
-873.951
352.516
198.668
985.982
1265.26
1182.11
1525.76
1637.25
1180.71
1358.41
1375.19
-286.099
-1228.92
-1406.04
-4982.15
-2442.71
-8298.59
-2872.27
-2743.97
-6771.14
-2355.88
-4883.45
-1116.42
-369.662
-735.871
-170.789
2497.45
761.445
1251.75
1217.94
1031.42
994.657
1102.52
1182.56
688.742
-164.005
-89.8006
-1169.09
-5001.55
-6581.06
-8286.76
-6888.02
-6817.74
-2654.14
-6177.75
120.533
-3405.41
166.856
1191.26
2408.07
1768.57
1099.87
939.883
737.88
990.533
1611.96
1671.04
1226.53
647.172
-363.303
-1235.25
-3948.76
45.8063
-229.49
-7794.39
-6632.99
-6517.46
-6397.07
-2400.83
-4357.81
497.787
-2332.84
1466.37
-146.242
1859.29
1420.82
533.233
1478.03
1444.12
1444.6
1117.8
1299.31
704.838
-194.424
-1056.87
-4365.95
-2002.72
-724.183
-7850.11
-6514.05
-6337.61
-6511.77
-5513.45
-4353.64
-642.887
-1754.85
-318.739
332.51
277.956
1390.14
740.762
563.645
1506.94
1454.95
922.709
1386.53
706.017
-282.281
-1231.9
-4667.06
-5280.6
-2355.05
-8322.92
-6845.24
-6748.19
-6434.31
-5987.8
-4655.96
-3644.32
-2229.04
-878.687
377.238
201.121
463.045
1119.63
881.355
795.372
732.428
873.112
1379.92
422.552
410.487
85.2582
-4179.97
-4951.82
-6767.3
-7723.56
-2611.36
-6724.73
-305.7
-5840.01
-74.3179
-812.393
-2024.55
-357.746
513.758
508.473
1264.91
738.418
963.014
769.149
803.024
1469.52
980.323
615.082
-549.994
696.765
-4304.23
-1546.81
-6555.08
-8025.81
-2802.57
-6614.24
-6282.98
-5475.58
-4353.59
147.867
-1851.25
1314.39
93.2949
1052.31
871.626
1205.06
1042.07
943.675
920.946
848.518
1007.71
533.593
-235.361
-1180.84
-888.748
-5023.73
-6480.9
-302.241
-2734.57
-2460.83
-2376.45
-5586.31
-228.155
-633.753
-1683.35
1044.09
646.358
598.975
1071.53
465.378
1080.08
738.152
853.346
1245.01
1163.68
1137.79
468.928
28.8898
-4071.77
-5032.39
-6977.64
-8098.11
-6658.17
-546.01
-6250.15
-5770.29
-1355.94
-3138.17
-1613.74
-277.712
-61.218
434.75
460.49
827.982
1049.27
1081.39
1419.02
1290.13
1019.88
1264.33
-525.555
-1431.39
-1161.92
-1756.98
-2633.17
-2871.74
-2329.8
-2333.5
-5854.98
-5181.83
-4507.88
-3222.29
239.508
-174.238
1466.16
796.52
954.558
826.099
1065.61
789.308
1180.86
1015.04
1522.62
760.558
-302.804
-1292.16
-1245.42
-5029.05
-2145.6
-3097.26
-6056.06
-421.479
-6173.49
-47.5227
385.12
-3327.45
-1535.81
-727.241
406.739
2553.17
1006.72
570.67
845.757
1031.86
1147.13
1246.98
1139.84
392.584
561.742
101.172
-3952.91
-204.103
-6336.17
-7998.79
-6093.02
-6303.85
-6098.42
-5435.23
-1147.79
-2859.1
417.408
-452.173
597.397
1689.48
898.667
892.046
753.237
1012.15
1543.09
1255.01
957.763
713.759
631.343
-1377.69
-3757.66
-5291.96
-28.3273
-3158.88
-2261.12
-6329.13
-6025.65
-219.313
-1527.6
-3081.22
484.199
-395.533
226.015
2229.1
503.801
772.303
897.124
1029.98
1130.59
1273.13
1300.22
1222.63
-485.794
-1348.46
-4247.55
37.1142
-6387.36
-3265.71
-692.405
-6466.25
-5673.18
-5022.49
-4000.37
-2660.21
-1536.17
-440.318
1703.4
1084.44
1013.92
1017.4
1082.92
869.615
853.146
1105.71
1175.88
1479.73
351.504
-1104.37
-3945.38
-4877.4
-6472.2
-7401.5
-2381.24
-161.094
-274.429
-5334.86
-1250.48
-2924.01
578.047
-10.8618
646.696
1345.66
490.94
776.293
716.57
1048.72
1141.7
1171.49
1084.07
651.375
-380.526
-1267.57
-858.578
-4714.44
-6621.29
-7561.27
-5832.39
-6287.77
-5435.11
-5037.38
-3887.72
-421.39
235.125
-326.707
1647.31
1264.27
804.911
678.107
985.664
1184.68
956.447
1495.57
1538.49
859.109
591.187
683.883
-1354.59
-5086.18
-6316.27
-7209.03
-5863.79
-633.128
-1699.11
-4647.43
-3584.64
-2623.37
1505.08
-553.295
565.27
770.894
598.619
976.232
1279.7
1110.57
1061.26
983.465
1443.48
421.29
-426.551
-1107.89
-1138.03
-119.896
-6097.77
-7498.38
-6181.35
-2403.07
-1755.25
-4652.97
-1180.6
-2675.34
-1043.95
-295.118
980.959
1043.85
1120.68
1000.33
1086.11
756.601
1423.23
1428.2
893.66
558.244
450.144
-1198.2
-4149.65
94.3456
-2191.64
-367.563
-2189.81
-427.344
-153.491
-4641.64
-3735.31
-2416.81
-1200.04
-556.21
814.106
1600.83
796.149
966.64
1067.43
1108.52
811.677
915.108
1310.43
1196.07
456.206
-1353.35
-1150.2
-4943.77
-2291.89
-7593.22
-5998.62
-5638.24
-408.462
-4622.77
-3389.45
-2167.84
-1004.58
75.8624
373.771
893.639
826.099
1240.15
1235.82
1051.22
1076.7
1010.49
1156.5
742.646
539.114
-1307.82
-4019.27
-4975.5
-5840.01
-3016.09
-5677.94
-5863.42
-5392.23
-4614.92
-3696.46
-2512.39
-1075.26
1270.29
454.825
641.891
877.874
983.16
916.683
1026.69
931.587
1061.94
1108.61
750.658
-509.04
530.241
-1181.12
-249.188
-5974.28
-2529.16
-2420.89
-6038.13
-2065.73
-1632.81
-813.132
-2070.09
-1134.25
-357.809
1163.93
1180.84
1082.54
1128.75
1109.18
768.393
814.44
1318.08
1262.71
488.6
-535.866
-1235.17
-3805.81
-4210.52
-5736.28
-2620.12
-2206.96
-2040.12
-5269.89
-4524.04
-3459.29
-2215.88
668.747
-469.044
614.294
1358.22
767.05
790.745
1299.12
707.313
772.938
1121.52
794.589
577.53
380.975
-1177.95
-3934.26
-4278.04
-5733.79
-7463.79
-5689.26
-5698.21
-5193.22
331.27
-3320.05
-2039.32
232.127
1207.69
1248.99
1432.82
1063.36
714.908
1096.85
1012.81
1082.94
752.598
1077.15
705.629
283.395
-1229.72
621.988
-4621.17
-6258.87
-7134.82
-5613.13
-5445.63
-5184.05
-4355.47
-3278.12
-597.904
-1157.44
-27.2852
1073.69
1364.29
1221.1
817.97
843.762
1194.25
1138.89
1135.83
798.046
106.435
-552.158
-1428.38
487.308
-208.537
-6711.29
-7141.92
-5711.38
-6053.05
-5560.65
336.759
-3682.62
-541.751
-1557.18
1756.68
1515.26
558.803
515.976
810.081
981.795
871.259
910.835
912.265
1417.02
249.083
-479.849
-1351.15
-1223.8
335.162
-6616.22
-228.928
-6046.89
-5750.06
-5434.15
-1395.06
-3790.04
-328.196
-1175.08
1364.78
1483.61
942.577
851.34
796.442
761.446
1011.51
873.762
1260.43
1285.5
826.088
-396.989
-441.136
-1350
-5519.77
-211.356
-6377.49
-6126.31
-5981.52
-5388.87
-4640.38
813.686
-2661.41
-1148.18
1234.51
692.239
1896.81
657.318
1012.36
992.132
845.799
1134.48
1245.93
1100.35
433.535
-694.73
-1341.69
-4115.7
-4953.09
-6415.64
-6613.58
-5929.79
-5899.91
-5147.33
-4732.21
839.015
-2385.42
1225.41
-41.8561
1382.78
1670.95
1030.28
777.694
736.352
949.072
839.705
619.842
1159.24
210.145
296.436
-1252.45
-3682.01
-5050.74
-2198.28
-6256.9
-5821.37
-5800.67
-142.09
-4471.51
-3443.28
-550.139
-1463.93
894.221
96.1431
469.146
406.527
1185.74
670.01
856.836
1141.13
646.614
962.316
244.216
-465.141
-1228.5
-3772.11
-5326.31
-1940.13
-6206.55
-25.3846
-5577.47
-1634.72
-4464.19
-569.873
-2065.36
-1068.81
78.0666
905.425
1318.59
639.656
591.142
837.874
1138.22
627.727
880.034
1194.13
422.744
188.266
-1213.6
-1301.48
249.678
-25.7615
-2048.22
-335.181
-5480.41
-1843.6
-4197.59
-3365.49
-2511.31
-1524.41
-295.389
648.559
1171.16
660.234
545.098
1019.74
558.753
607.004
572.392
1087.59
-32.576
-470.449
-323.133
-3828.17
-1505.27
-6308.09
-1868.89
-5424.81
-1823.46
-5306.07
-4690.62
-3562.59
-2628.48
-1347.36
-183.704
1312.8
1262.35
305.576
402.54
873.221
752.085
793.547
962.095
876.875
452.609
-712.343
-1297.77
-1555.22
-4813.13
-2067.19
-6660.16
-20.2594
-5807.72
-5382.58
-4216.63
-3645.51
-2433.57
375.318
1800.24
1033.34
1207.83
541.611
607.389
905.582
632.592
765.278
1149.27
911.147
202.39
103.749
-152.385
117.017
-193.579
-6167.44
-6233.77
-1738.95
-5399.39
303.589
-4144.09
-3248.89
-2273.07
1161.39
1240.31
562.988
1539.24
598.546
473.598
648.774
508.683
732.185
583.586
658.517
213.488
-501.489
-1493.28
-3841.95
-5363.04
-6213.34
-6289.07
-5698.73
-5259.93
-4795
537.464
-3263.27
942.471
-1254.23
-101.108
507.122
1687.91
668.708
949.976
590.745
814.754
714.587
564.009
857.729
239.258
-50.5707
-403.285
-3696.24
-5182.84
-6071.18
-2013.41
-1796.06
-5497.75
-5218.59
-4063.22
-3215.32
-201.788
488.776
256.998
191.174
813.021
616.327
460.107
607.725
392.758
483.916
973.957
601.01
625.123
-533.774
-1584.44
-3569.96
-1647.02
-1674.62
-6315.17
-5721.13
-5439.06
-4879.31
-4127.74
-3433.43
-2292.7
-865.093
258.875
1482.05
917.45
642.087
838.918
889.859
616.107
722.768
759.401
517.199
43.1576
-62.7394
-1276.55
-1072.28
-1736.16
-5847.23
-6130.13
-5757.15
-5524.81
-4883.78
-4191.09
-3158.52
-100.548
-823.58
-100.281
1748.85
401.729
364.927
645.608
483.707
823.228
782.788
820.954
451.363
-195.332
-87.6598
-470.854
-3578.43
-1535.04
-0.549086
467.973
-5201.45
-5339.62
-4863.37
560.75
-3219.93
-1793.99
2170.04
1398.17
1603.72
536.644
468.224
415.37
369.136
1028.22
673.769
602.674
966.946
164.886
-803.602
-1210.18
-1300.64
667.111
-5929.53
-5805.29
-5401.9
-1756.52
-4821.37
-3950.66
656.052
-1658.49
-967.174
98.2607
340.169
642.998
529.895
574.687
556.088
876.849
389.455
749.941
655.448
513.086
-720.471
-1214.38
-3337.97
-5072.43
-5467.23
-5953.77
-5279.29
-4992.33
-4997.89
907.815
758.271
-1591.06
-1009.43
491.555
435.021
912.088
899.521
536.634
729.765
751.477
407.319
873.633
663.132
623.718
-500.702
-1140.99
140.639
-1347.13
-5879.99
-5616.81
-5046.67
-1261.81
-4734.94
-3960.06
-2640.89
-1618.63
-514.332
1271.25
475.784
1042.04
684.236
633.3
393.791
470.172
495.637
784.234
451.725
158.916
-89.6077
-1338.16
-3587.25
-5128.84
-5901.39
-1859.14
135.361
-5066.94
-4731.87
-4131.24
-2848.87
-1352.79
1040.55
1231.16
896.755
1883.83
746.945
709.467
794.599
939.925
568.541
756.313
784.544
79.1932
-533.728
-224.054
-921.351
-5043.21
-5483.7
-5528.28
-5091.22
-4682.73
-4817.19
-669.776
-2670.42
-1494.95
-266.178
1787.36
547.161
1212.41
484.763
501.7
693.023
805.033
436.09
531.423
470.596
66.4566
20.0449
213.252
-3843.66
-5127.44
-5589.06
-1409.28
-1475.36
406.496
-4713.9
-3878.98
-2819.11
-1857.55
663.688
1779.61
501.8
1261.68
582.246
554.744
971.114
396.224
536.801
785.114
873.096
-18.1513
-749.391
-286.846
-3932.06
-4506.52
-5924.62
-1455.76
-5322.21
-4901.97
-4829.47
-550.283
-437.921
-1650.53
-1034.79
1202.53
1225.01
624.562
565.355
523.654
365.288
818.197
532.799
531.739
946.418
-5.81066
405.733
-1277.41
-3578.76
-4628.5
-1404.34
501.535
-1539.34
-4741.96
-4376.15
-814.623
-2770.2
-1730.25
-628.211
-0.307653
1137.86
1057.06
809.857
655.848
390.928
759.969
649.787
685.978
652.239
678.992
-858.135
-203.97
51.2534
-4680.66
-1919.22
-5843.43
-5321.32
-4731.46
-4264.31
-3544.05
-306.265
1342.64
-980.137
186.684
862.75
1048.89
650.4
721.007
844.449
746.984
628.759
574.294
663.509
164.361
-511.52
-1479.09
-3472.17
-4880.72
778.216
-5708.22
253.868
-5051.81
-1010.18
-4026.47
1317.13
-1358.35
-927.954
1649.77
1842.15
526.522
606.422
634.619
701.315
557.683
583.353
909.947
593.925
-169.153
-674.485
-1491.27
-795.601
-4790.72
-5885.89
-5805.39
-5377.84
693.419
-4442.75
-3937.4
949.703
-1630.11
808.269
573.505
1927.73
1465.05
402.78
889.228
760.921
738.818
736.11
485.043
799.562
428.994
-50.2062
-1292.54
-3330.44
-4576.79
-1743.73
-5622.78
-5160.25
-5026.59
-4220.04
-1024.14
-2494.85
-1528.15
-477.699
2421.77
1234.02
1242.29
638.571
358.831
754.181
721.83
657.465
464.593
554.424
-84.2283
-733.182
-1292.94
-3958.49
-4665.47
-5285.64
-5959.58
-1376.45
-4969.15
-4757.74
-821.788
-2699.2
-1679.91
-643.364
241.865
842.116
913.557
646.403
636.033
691.128
904.571
369.664
687.106
774.644
716.986
510.878
-186.953
-3430.38
617.056
41.4574
-5729.89
-4870.57
-5122.87
-4791.78
1084.77
-2492.25
-1560.78
1147.41
571.279
512.487
737.902
567.552
467.117
659.58
760.109
417.571
542.895
772.118
157.043
-567.472
-1509.15
-3792.15
-4772.43
-5867.36
-1910.34
-1389.94
-5077.27
-4685.12
-972.876
-2897.89
1258.32
1685.11
776.457
913.413
697.732
734.117
621.339
663.255
536.789
765.129
722.375
682.327
212.869
-579.614
-1560.7
-4257.37
735.843
-6651.83
700.851
-1730.26
-4392.95
-4758.53
-3844.85
-236.412
-1595.27
-598.123
741.424
1080.68
1830.73
703.606
648.369
617.356
790.962
671.093
875.037
620.904
-21.9165
-636.408
-491.272
-4014.13
-4852.19
-6011.8
-6640.5
-5814.73
-4765.69
-945.015
-3781.7
1420.17
-1148.69
-681.004
613.533
2038.74
1101.92
744.152
366.479
750.513
635.346
469.517
882.464
734.752
-50.3846
571.918
250.654
-4372.96
-1789.79
-6062.63
-6160.86
-5516.06
-960.028
-4333.08
-866.56
-2308.7
-1441.22
-841.61
774.147
1150.07
725.621
542.54
679.225
639.653
670.078
514.552
779.183
769.255
466.571
-930.12
87.07
-4075.17
-4973.6
-1646.04
-5994.41
390.168
-987.062
-4514.05
-3490.31
-2379.46
-1691.44
1024.52
839.319
1266.93
1190.03
415.159
599.282
733.268
561.443
673.577
801.667
725.702
631.273
-941.871
-1549.31
-4138.25
-5282.29
-1963.34
646.791
-5357.28
-4625.95
-4430.89
-3473.2
-2717.09
-1436.54
2223.1
372.689
1441.37
866.987
735.296
681.983
597.034
675.797
691.469
642.428
566.535
123.468
293.653
-1325.38
-3719.31
-4975.77
-5882.28
139.327
-5360.92
-4598.98
-985.041
-749.084
-155.868
-1884.59
-231.357
1582.37
1161.13
953.582
404.864
668.007
676.267
628.418
561.902
428.464
854.273
264.98
-31.5147
-268.508
-3913.81
-5179.42
55.5966
-6437.68
-5269.1
-4384.04
-4401.63
-568.744
1274.35
-1695.63
-699.022
363.876
2018.38
865.839
411.107
381.714
410.014
500.616
635.705
751.601
616.263
513.024
-657.795
-1581.63
-3988.15
-4715.52
-5887.17
-6464.83
-5445.05
-999.581
-4534.98
-3761.21
-2490.34
1845.34
2105.07
351.736
1821.07
1263.43
451.067
811.572
439.233
392.64
401.47
642.182
668.494
225.535
-79.8091
-1499.34
-1223.79
-5075.16
-6003.11
-6271.47
-5175.74
1313.67
-4472.6
-356.938
-2438.52
-1324.19
-675.445
719.532
1844.13
880.353
446.362
563.249
833.994
831.744
686.911
733.62
517.19
-110.922
451.931
-1476.39
-3769.56
-5049.58
-5704.78
-6398.41
-5031.77
-4333.48
1089.5
-3537.26
-2269.19
-1293.41
-12.9159
2020.73
821.945
1076.44
388.941
404.158
519.492
624.533
566.13
430.378
465.756
562.067
-97.5606
-1509.37
-3654.23
-1348.71
-5904.48
-6342.06
-4998.64
-948.788
-3910.7
-3287.43
190.154
-1340.5
-8.37259
2287.95
1446.58
959.268
699.197
778.015
937.022
660.172
676.473
547.732
835.156
334.133
-107.47
-1271.99
-4001.91
-1331.39
-5605.09
-6038.38
-1415.85
-931.822
-3954.27
-3406.76
14.2825
939.633
1969.78
597.309
1989.19
1300.89
859.534
427.831
749.319
515.576
568.252
684.405
552.203
645.122
-536.684
-1184.54
-825.346
-1255.88
-5828.7
-5787.37
-5015.53
-4298.99
-3571.46
-3197.66
199.175
672.633
2026.17
1074.72
2420.25
2141.93
766.953
659.852
435.042
591.924
816.836
739.269
465.054
762.136
35.7404
-1499.74
-3657.12
-4492.78
-5580.05
-1412.03
-4954.19
-4343.72
-3579.71
-2947.76
61.7016
618.32
-204.393
792.745
1719.52
1729.53
563.912
807.48
463.744
752.39
585.996
787.474
781.982
482.126
-796.4
-225.788
-3368.71
-4685.58
-5690.75
-5758.49
-5289.08
-4546.43
1044.3
-2910.9
1358.33
-1049.79
-333.186
1660.85
825.772
1414.72
656.296
514.502
821.278
686.743
554.951
806.825
364.379
-54.4854
-721.168
-1172.41
-3874.66
-4814.88
-6073.86
-1450.23
-1331.74
-1026.12
-3567.85
-3073.3
-2224.2
-1100.24
-261.464
999.956
1584.02
1128.04
949.127
953.427
489.383
741.993
714.864
603.892
905.5
613.638
-695.984
-1431.68
-3682.08
-967.201
-5786.84
-6185.79
-4892.47
-4596.76
-4066.25
-2992.2
-1786.9
-1180.28
-133.15
588.238
1219.11
1138.04
819.039
461.879
859.449
452.494
482.318
733.55
498.308
-23.7933
-693.252
-176.574
-727.402
-1177.45
-1897.3
-6124.93
-1429.73
-4349.43
-4078.12
-3374.94
1506.42
-958.983
39.6101
1297.55
1520.96
1313.61
815.584
555.734
717.272
748.775
426.525
717.237
450.82
-45.6105
-674.55
-216.293
554.41
-4918.07
268.224
-1658.11
-1496.62
-4524.17
-355.927
-484.921
-1984.44
1774.46
-211.617
2794.43
1712.24
1274.57
728.842
558.116
721.631
603.618
695.924
980.37
774.402
238.93
-616.823
-1468.26
-3988.42
-1137.85
-5726.72
-5614.61
-5290.97
-4505.23
-3588.93
-2986.22
-2090.64
-1224.67
-305.745
1411.32
2196.3
1694.35
1048.31
630.526
839.116
869.946
619.744
606.996
480.618
471.965
-132.324
-1242.14
-3955.06
-4374.98
-5763.96
-5700.38
-4808.86
-4423.06
-662.865
-3162.86
-2222.29
-1186.51
347.515
891.491
1039.3
1327.48
951.943
767.125
864.411
675.443
868.638
679.985
718.511
77.7995
-21.2108
-117.675
-3381.73
855.218
-6025.9
-5370.76
-1409.08
-926.416
-3624.32
-433.234
-1674.84
-1301.53
383.791
757.702
2110.39
1742.77
729.627
617.418
476.639
458.095
696.345
579.05
852.511
54.2184
-532.985
-136.944
-3272.18
-4378.97
262.21
-5811.37
-5251.26
-4328.08
-3561.41
-416.454
-1781.36
-708.311
-125.34
1255.35
1532.8
1604.46
830.593
612.168
618.202
595.995
726.835
885.033
641.651
-58.3128
258.149
328.293
-3866.42
-4424.21
-5997.46
-5694.39
-5136.68
-4221.14
-3709.45
1455.35
1342.49
-876.028
13.4096
1889.15
1551.45
1706.36
774.341
1000.35
866.345
576.843
684.04
498.645
575.671
272.891
-758.119
-1247.94
390.02
-865.865
-5762.51
931.939
-5208.55
-4326
1535.16
-3257.22
1545.64
753.55
234.996
978.476
1083.23
1855.78
634.2
515.981
657.581
841.757
682.573
510.941
763.918
674.437
114.928
-1362.7
-714.46
-4696.49
-5973.13
-5976.28
-1087.97
-1058.33
-3817.17
-3263.41
-1715.61
455.16
-167.205
1083.5
1772.85
1094.25
830.242
833.464
561.718
590.553
812.02
447.751
958.347
254.682
-605.1
-146.436
-3316.02
-807.143
-5777.11
-5565.67
-5115.57
-867.829
-3607.61
-56.7616
500.35
-781.141
523.664
965.793
1302.81
1640.83
706.979
728.593
1025.78
691.972
878.046
862.743
509.422
378.564
-659.233
-1420.52
-3433.45
-4262.19
-5566.24
-1779.79
-4748.83
-688.352
-3572.99
1499.71
263.456
-1203.94
1698.99
2642.17
1267.98
1467.95
857.24
734.831
452.575
764.747
639.43
640.999
533.091
459.4
-567.1
-1320.71
-3870.33
-4203.53
-1789.86
1120.91
-4813.53
-731.033
-3673.15
-2948.99
-1828.64
906.093
411.057
901.444
1833.52
993.304
539.457
566.813
1052.81
427.017
768.544
665.64
442.698
202.228
48.1365
-1309.99
-3705.65
-804.595
-5775.21
402.404
-4747.93
1394.75
-3976.17
-333.098
-1968.32
-1011.79
115.123
2329.72
1684.12
1678.04
934.806
647.78
693.428
779.168
919.698
635.166
581.488
540.485
-782.622
-1244.36
387.02
-4344.48
-1515.26
-5623.31
1044.46
-4094.85
1352.8
-450.589
-1583.81
655.238
1770.29
2385.25
962.674
1809.26
819.2
707.449
817.383
770.987
987.59
799.415
844.869
522.908
-301.515
-1103.38
-2853.73
-1042.74
-1128.43
-5120.36
-4121.8
-4020.07
1277.17
-2787.97
-1585.45
-249.759
529.043
1853.08
1825
1862.78
941.038
761.207
648.493
544.434
541.149
789.737
567.169
537.989
-437.496
-980.701
-626.179
-726.542
617.849
-1247.23
-4514.82
-3814.7
-3286.21
-2728.68
-1947.36
-703.614
514.28
1136.41
1421.49
1585.1
786.753
492.173
756.83
567.613
425.852
616.61
730.491
705.655
-327.177
-894.099
618.699
-4011.14
-4870.1
-1208.84
-4568.94
1168.87
-3695.88
-264.22
-1614.07
-456.865
441.397
2456.01
1804.45
1369.13
862.951
875.087
946.077
436.072
716.438
950.643
440.307
415.045
-447.775
-1055
-3182.63
-4307.18
-4922.57
1278.55
-4679.44
-3826.21
-3424.04
-292.79
-1963.16
2099
1686.86
2209.71
1712.31
1648.27
660.448
813.387
917.068
528.071
480.427
621.31
491.549
538.159
-391.711
-901.385
-3229.15
975.994
-1147.14
-5042.33
-4435.51
-3859.11
-3402.59
-2535.76
455.921
806.122
1050.89
1172.39
1734.63
1545.96
637.459
570.208
839.579
720.776
580.325
867.265
676.291
755.94
-195.056
-270.702
-906.491
-4138.18
-4513.55
-4854.61
-4180.57
-4153.05
-3679.01
-2673.44
524.522
1289.8
853.649
1184.3
1350.93
2026.37
910
973.295
505.945
605.388
748.352
510.234
854.187
698.414
454.579
-1049.08
-950.484
-4344.45
-5110.11
-4922.55
546.198
-702.537
-3303.36
-2437.72
-2024.96
1115.05
473.546
2177.3
1101.59
2098.29
644.278
496.712
639.935
635.126
778.976
508.055
870.317
677.639
-447.764
-1163.22
-3079.48
-3850.92
-1262.14
-5146.11
-4525.87
-4097.32
-832.119
-2715.64
-2081.49
1209.31
824.271
1469.8
1634.88
1341.47
667.591
509.974
644.376
581.877
748.623
881.673
629.993
645.89
-195.513
-1078.48
-730.168
-4169.79
-884.161
-1355.58
-4713.24
-3915.53
-487.717
-2836.52
-1812.22
-633.167
1430.12
1401.76
1616.82
1773.83
647.234
780.45
659.141
519.247
979.689
787.419
610.842
378.031
-372.074
-1025.6
-3246.95
-3789.6
-4645.23
-5089.87
-1232.64
1055.84
1244.75
1239.28
1248.65
1237
186.415
1274.37
1518.22
1045.8
886.754
519.92
513.864
718.385
545.135
725.552
754.618
295.105
442.478
-1108.73
-3685.13
-4336.86
-1387.92
-5154.12
-4266.22
-736.286
-3439.7
-41.658
389.012
-451.726
108.979
2107.64
1782.3
970.288
744.224
671.327
495.739
527.868
857.244
808.861
528.09
538.453
-333.78
-1090.01
172.889
-4062.76
-5109.41
-5273.82
-4595.39
-4192.17
-3618.53
-2554.33
-2197.2
-682.322
-33.1881
753.509
1710.17
1472.97
455.098
809.176
854.285
689.096
511.58
792.026
597.757
424.235
-108.057
-923.802
-3336.96
-4210.96
-4990.62
-4976.63
-4361.78
-3956.32
-3522.89
-2714.31
-1574.62
-883.424
1724.87
1649.61
1096.78
1398.27
446.986
754.533
791.981
492.819
908.898
569.636
547.614
554.839
-438.071
-1248.73
163.313
-4478.28
-1066.98
-5149.89
-4698.45
-3928.09
-3840.45
-2668.03
-2094.11
1826.87
1947.18
2021.81
1354.54
818.151
531.04
603.839
600.748
773.449
617.308
788.441
957.453
683.686
-159.596
-261.174
-3377.96
-4170.9
640.107
798.117
204.99
-4227.95
-3549.1
1499.58
-2136.23
-1111.87
2221.85
619.906
875.442
889.136
801.423
657.062
741.079
542.675
497.872
443.645
908.645
655.978
572.308
-1027.63
-970.52
809.574
-1072.14
-5308.58
-1312.69
-4375.63
-3445.49
-3130.75
-2224.46
888.439
-60.6506
764.072
1872.99
1903.05
464.632
544.561
539.211
684.371
601.044
587.125
757.696
494.03
372.769
-230.671
109.405
594.838
-5160.22
-5483
-4586.16
-4223.21
-3899.87
-375.488
-1756.47
-714.856
1664.61
591.657
1614.45
1360.96
869.223
794.464
709.86
795.014
706.106
901.249
580.839
667.935
-305.162
-1150.89
-3502.29
-4364.05
-1132.76
-4981.1
-4579.82
-4383.84
-3418.87
-3007.76
-2126.98
-823.633
-199.823
469.085
1174.18
647.902
456.933
696.646
429.393
835.258
644.085
485.687
805.447
516.55
-268.776
-1267.66
-3887.38
-4521.25
-4715.11
-1627.99
-4706.56
-4265.91
-3800.13
-2453.71
-1933.55
-1055.61
643.576
1166.3
726.076
1452.42
481.548
560.56
745.006
450.561
467.77
423.735
448.198
601.645
-424.331
-1098.27
-3755.18
-1499.56
-5003.31
-4965.33
-4564.54
936.189
-3753.89
-2774.73
-1959.67
-606.784
340.237
459.595
1387.23
678.53
391.935
553.364
671.742
679.349
666.015
546.164
547.095
365.699
215.94
-1036.26
-1289.88
-1456.71
-5381.99
-5158.68
210.344
834.713
548.792
-2847.79
-2154.82
930.864
258.45
731.27
628.416
614.761
819.434
528.654
786.358
759.741
742.592
606.555
724.096
657.372
-436.395
-1109.97
727.21
-16.5348
-1666.94
-5187.12
-1264.25
-3960.89
-3489.52
-2667.25
-2024.47
-778.909
-149.418
724.195
1329.55
968.102
515.158
711.302
709.631
669.883
599.076
587.783
691.747
274.503
387.849
-1045.82
-3579.24
-4526.59
-4946.78
-5599.58
735.028
-4365.87
-898.805
-2657.84
-2080.62
1788.1
1292.14
1121.34
1181.13
1693.73
294.807
803.266
421.272
599.192
806.371
582.483
731.562
532.424
573.706
-1135.62
-1349.28
206.729
-5159.84
-1252.2
-1593.12
-4184.7
-3672.22
-2776.2
214.515
1338.88
-100.659
320.318
1226.69
484.803
912.845
503.61
637.729
848.419
691.365
499.823
722.054
460.394
-496.865
-1244.07
-3391.71
-1493.9
425.666
-5372.6
-4735.01
-4120.48
-3676.08
-190.119
-2324.2
-890.759
1644.07
823.141
1116.29
611.533
296.892
638.713
353.797
402.354
648.503
414.271
589.04
403.845
-207.819
-1261.49
-3559.6
-1499.11
-5043.94
-5270.06
-4614.54
-4314.81
732.504
-3138.48
-2174.25
1464.6
1709.68
2022.71
1170.04
639.278
702.46
544.044
809.736
616.38
361.681
768.162
727.636
833.694
-419.382
-1168.91
309.701
-66.649
-5354.33
-5477.27
-4447.93
-1405.61
-3567.91
-353.156
1065.04
-1182.73
1366.59
1088.88
747.829
1359.89
618.26
773.63
446.662
760.774
344.954
932.672
371.395
697.13
-383.47
-1245.26
-802.846
-4685.96
-5674.17
-5223.27
-1341.85
-4582.34
-641.057
-2724.24
-2421.55
-1256.18
-266.085
343.246
978.588
1805.01
574.595
883.042
534.653
510.488
703.828
512.283
617.748
470.779
-443.691
421.71
-3609.43
-4207.6
-1669.75
-1355.54
-4903.21
-1139.34
-3617.33
-2892.27
-268.224
-929.471
444.901
372.644
795.183
1074.84
463.738
717.905
610.215
547.433
983.596
600.701
632.647
627.656
-473.029
-1089.96
421.126
-4395.14
259.241
-5231.4
-4768.5
-4553.48
-3716.6
-2978.8
-1985
1625.07
976.687
1706.7
647.537
619.746
653.393
797.016
509.741
564.046
850.339
794.501
638.056
449.523
-272.124
-1165.86
-3729.79
-4735.32
-1816.47
-5757.46
-1441.26
-4611.14
-4047.74
-2899.56
100.015
-774.382
-224.041
2003.32
1349.34
808.325
755.833
766.004
638.551
486.821
551.02
564.885
696.939
743.067
-33.5511
-770.453
-2914.87
-3865.22
-1233.66
-5175.48
-4105.31
-3964.97
-3648.15
-356.089
-1181.97
-175.312
696.903
772.623
1205.63
706.061
469.882
834.956
761.96
855.506
653.018
643.017
750.863
685.725
-69.3529
-684.814
-3139.29
-4195.89
-1567.65
-5595.08
-4395.07
-4269.58
-3504.93
-2798.9
-1229.55
1103.04
494.966
1082.97
1717.44
696.464
388.826
360.551
696.583
381.398
687.722
641.089
441.897
807.989
73.4389
423.655
-1020.5
-1481.84
535.236
-5369.11
-4206.12
-3918.55
-3272.33
-2665.07
1531.78
-277.039
357.775
573.258
354.57
1423.52
656.455
508.35
688.967
646.834
700.017
739.909
453.584
769.139
361.651
-30.8311
-3306.75
-4105.36
-5382.71
-5399.42
-1299.64
-4128.78
-573.197
-2706.48
-1262.24
-357.064
283.744
1573.48
539.664
653.336
434.509
625.626
773.618
808.223
395.305
512.182
506.059
522.045
249.673
-779.287
-3206.75
-1266.84
-5242
-5215.73
-1352.83
-1132.99
-3577.78
-2881.17
1214.83
-299.425
980.703
565.855
1343.76
818.964
572.683
501.553
536.741
617.904
714.911
672.676
552.296
466.654
226.629
-840.764
-116.664
455.606
-4897.57
37.3912
-4697.99
-4498.03
-3678.54
-338.762
-1380.92
-604.013
456.148
512.381
669.292
1300.17
399.443
849.076
778.475
720.061
392.696
386.921
528.452
666.818
734.76
207.177
-2846.89
-4025.76
294.48
-5883.91
-4645.04
-4012.95
-3686.35
-671.626
1374.27
-530.323
964.761
505.498
394.51
1638.92
573.759
403.366
363.619
732.414
912.619
695.982
640.977
764.182
8.05879
14.0662
-3326.37
-4334
-4985.95
-5907.27
-4362.42
-4402.93
-757.871
-326.807
915.097
1528.81
-235.658
1298.29
996.229
298.269
884.066
508.707
733.509
776.247
751.423
493.324
999.615
502.639
502.919
-975.95
-3380.41
-4194.47
-1570.92
-5593.45
303.772
-4394.72
-3832.44
-2763.38
247.992
496.62
-59.7709
1202.79
599.002
319.169
573.528
522.567
455.839
609.573
530.531
733.019
514.431
959.864
345.1
-954.505
-3484.51
-1348.26
-48.2968
-2175.89
-4923.99
-1195.02
-4108.17
-3012.09
-181.255
963.79
-232.344
256.042
228.144
505.644
807.177
402.741
641.06
825.219
939.554
1026.75
848.315
936.731
50.1062
153.131
-3546.25
-4128.74
-169.012
-2169.91
-1527.4
-7.07358
-3955.84
-2979.36
-1576.16
-539.495
-181.883
931.181
274.11
1191.31
399.436
603.207
564.208
580.245
584.955
854.507
925.42
600.898
-42.9667
-725.91
-3223.42
-1483.49
-5506.01
-2307.88
-4762.36
97.7158
-1064.91
-2904.75
-1953.87
-578.413
315.483
523.457
625.202
756.644
581.019
518.989
403.253
393.818
700.458
569.411
578.467
782.471
465.557
-754.997
-1175.37
-1271
-5437.45
-5895.29
197.197
-4517.68
-963.336
-3052.47
1074.87
-408.633
1464
1550.75
640.203
375.497
237.558
554.516
358.869
482.231
796.096
901.879
702.104
940.024
120.639
118.656
-3562.55
-4565.69
-5322.3
-6213.44
-5048.61
-4909.19
-4291.21
-2940.45
-2082.59
-705.68
1277.03
91.9261
100.534
1048.74
658.74
513.187
336.143
1019.24
547.628
706.568
858.036
936.773
982.371
-664.606
-3311.03
-1235.17
-5459.8
-2292.65
-1907.27
-1533.83
-1498.46
-3082.11
-49.6774
383.668
1175.76
679.212
728.647
465.899
246.008
942.741
918.894
769.863
920.322
842.602
710.577
967.836
260.501
-839.698
-3528.92
-4686.36
-5491.15
-5994
-1469.36
-1349.14
-4160.25
-3328.8
-1743.74
248.488
20.5283
561.36
1367.75
381.175
657.096
640.76
1026.43
710.911
923.783
846.869
863.97
983.826
202.734
531.584
-3442.69
-4660.11
-2264.08
-6505.53
-4797.65
131.202
-3921.12
-3293.34
-2239.83
-742.763
599.535
112.861
1833.62
1836.12
256.765
625.738
873.759
785.505
639.637
1041.27
789.248
1080.33
166.025
-772.957
-3338.5
-4641.9
-5703.17
-606.746
-5280.94
-1423.63
-4414.42
-3602.56
19.091
132.309
1213.19
881.189
385.573
1242
919.275
596.994
841.412
759.018
864.554
1265.56
973.399
1398.01
921.926
-717.709
-3077.98
-4748.38
-5591.68
-6024.21
-445.368
-2002.65
-4256.39
-3291.13
-2058.92
-902.903
58.4622
735.518
658.246
746.525
618.887
544.855
898.532
833.345
702.523
1081.06
950.579
887.747
221.879
-582.34
-3106.86
-4510.2
-5753.86
-563.613
-5100.16
-4857.6
-1628.49
-927.491
-2297.36
1104.52
689.393
572.231
661.795
1078.14
561.668
1000.06
629.978
909.231
969.461
1128.59
1088.93
1203.59
589.604
-556.695
-3022.36
-4409.35
-6040.67
-636.028
-5498.31
-4746.23
-4317.04
-3264.24
-429.149
-841.167
-94.0924
458.396
748.055
1548.78
783.622
570.504
1175.11
1051.62
1145.43
777.624
996.615
1257.88
634.38
-463.142
-3381.6
-4956.49
-5891.03
-369.274
-5002.98
-333.571
-4400.72
-901.633
-85.4522
591.142
-130.02
1579.93
1642.81
1715.29
955.373
800.137
1137.15
864.162
842.279
1087.86
1097.99
1366.24
1115.08
436.057
-3030.3
-4442.3
-5903.33
-6894.16
-5341.25
-5040.8
-1638.86
-3332.43
-2101.88
-770.415
-49.4989
247.933
1535.55
1217.99
637.351
840.479
675.002
924.865
947.96
1305.43
1006.42
1266.35
483.445
-612.47
-2944.44
-4588.4
-5818.44
-2370.2
-5439.99
-1717.1
-1445.66
-3772.19
-2110.09
-550.01
619.74
1254.1
1334.94
1229.91
573.611
562.874
991.06
885.219
903.281
816.92
874.539
1014.01
1361.14
1008.79
-3254.9
-4974.83
-6369.14
-6484.3
-1906.24
-5233.54
-1496.83
-896.239
-239.521
9.2431
1133.8
1197.52
942.893
1702.31
330.278
661.733
590.711
927.402
804.203
783.025
1181.83
889.416
315.497
571.226
608.943
-5064.98
-6347.47
-6762.8
-5671.61
-5492.98
-4518.21
-3753.33
-2120.63
-500.561
324.359
379.321
1663.37
1393.15
450.134
712.553
1010.51
973.139
816.136
1007.45
1174.68
1213.39
1221.45
221.525
-3343.53
-4991.19
-2175.33
-2327.82
-5716.2
-5166.69
-4614.29
-91.189
-599.794
-586.691
419.872
1735.17
999.277
1515.24
886.384
998.944
1113.01
1020.2
1344.88
1241.48
1096.46
991.467
348.026
1127.22
-546.426
-4791.47
-5933.89
-2583.76
-5309.23
-5094.66
-170.722
-1168.47
-2043.54
-648.468
-61.5641
774.949
1824.38
1521.11
854.836
810.925
967.924
1085.17
1101.83
1187.95
1002.07
1336.77
1274.31
-263.102
-2620.33
-1277.22
-5860.67
-6633.69
-5582.44
-2278.75
-46.3386
-1068.22
555.322
1214.41
1693.78
499.883
897.18
1855.66
893.836
1058.42
1147.96
1322.84
1277.85
1409.63
1127.79
1546.02
1351.16
-532.738
-2700.52
-4609.61
-6200.2
-6926.1
-5760.86
-2258.45
-1733.41
-3582.71
-2470.2
-881.656
559.868
657.203
1573.8
1531.47
558.82
1392.44
969.718
1428.68
1043.36
1052.65
1350.05
1212.78
1664.8
100.975
-2117.46
-3538.01
-1334.35
-4813.63
-4117.2
-3954.9
-3269.17
-2611.53
-1237.23
606.739
13.3267
889.302
594.987
2314.86
1181.67
1353.28
1593.6
1177.45
1071.74
1462.92
1294.32
1551.45
1658.74
-173.148
-285.558
-1367.21
35.9147
-1449
-4602.84
-3891.17
-3474.62
-419.533
-1588.85
1257.97
407.84
559.077
1477.88
1782.55
699.447
621.439
914.329
951.878
1254.15
1476.77
1248.67
1116.07
1326.77
1022.4
-1889.39
-3447.08
-4623.22
-5171.32
-4397.3
-4082.34
-2992.95
-439.357
-1482.04
-418.029
573.825
1110.77
1497.73
2383.7
528.408
974.957
1388.52
1340.26
1267.6
1076.5
1390.3
1327.96
1923.77
283.045
-2278.12
-3834.32
-114.079
-5184.96
-1290.78
-3560.3
-3310.41
-2442.53
-1719.89
-736.084
1239.19
824.01
1239.26
1116.83
790.568
980.461
1262.19
1303.94
1002.54
1441.79
1191.75
1477.04
1689.99
-13.5854
-2.86444
-930.958
455.376
-5182.46
-4432.98
-3734.43
-1117.91
-2824.64
-1223.69
877.174
1762.74
905.089
926.748
745.098
636.867
848.363
1015.2
1227.56
1222.1
1052.57
1261.56
1260.45
1103.87
1479.78
64.8271
-3312.01
-4033.04
-5025.52
-4041.36
-973.914
-3128.37
-2692.9
1244.69
-314.216
1559.65
741.295
1170.79
1555
653.952
1333.66
1331.88
1305.87
1228.74
1226.31
1561.77
1281.39
1106.73
318.068
-1821.21
-3407.58
-4298.61
-4921.14
-4256.36
-3777.16
-675.042
407.646
-1626.31
-301.716
627.07
457.305
1386.86
1849.27
615.182
1163
1111.15
1165.15
1362.06
1450.33
1477.59
1238.51
1473.03
120.04
1247.73
-939.111
-4510.54
-1875.3
-3889.34
-1187.33
-3260.92
-2503.81
-1528.68
-265.97
814.004
2075.8
1010.88
1272.87
969.081
1315.37
1540.62
1347.35
1007.14
1330.46
1293.98
1262.83
1323.72
182.929
-1614.35
-3100.23
-3890.11
-1869.32
-4367.16
-3538.41
-3046.18
865.953
-1419
-443.96
936.069
961.505
1605.05
1127.93
668.379
1178.16
1228.77
1094.69
1205.73
1258.96
1670.54
2090.11
1234.03
368.321
-1790.58
-2985.33
-1163.54
-4710.34
-4054.73
-3715.16
-1008.16
-428.864
-1239.15
841.797
234.897
1410.92
2436.09
2320.75
797.501
1541.16
1778.96
1369.14
1991.29
1892.8
1352.75
1735.14
1576.4
94.7477
-1394.11
-702.864
-4475.11
-4582.05
-4017.85
-3747.43
-3521.98
-2560.6
1159.31
-459
431.348
1490.37
1630.42
2153.74
851.611
878.967
1335.85
1075.05
1138.03
1583.04
2061.82
1665.98
1226.78
142.171
1746.39
-3717.12
-4035.11
-5062.24
-4321.03
491.028
-934.498
-654.588
266.036
-596.47
903.278
1963.34
2118.5
1873.73
866.996
1454.14
1050.26
1171.04
1191.32
1574.4
1775.33
1402.03
1603.9
511.201
994.933
-3079.8
783.304
-4993.36
-4212.85
-1293.59
-616.223
-281.227
-1220.47
-267.354
2303.31
1864.07
2129.67
2513.47
853.541
1230.13
1645.52
1520.15
1547.76
1854.16
1914.11
1856.48
1209.17
1813.86
-1649.78
-3448.54
-840.514
-4602.08
-1464.67
-1320.53
-3582.64
-2386.21
-1503.13
-2.21556
2221.39
999.247
1694.33
1880.22
1005.67
976.415
1418.45
1477.66
1572.89
1278.57
1556.55
1564.08
1982.86
1446.58
-1257.42
-3166.91
-874.421
-1182.17
-3875.79
375.113
-2998.75
-2450.2
-1451.07
-206.869
1051.03
1417.91
1787.03
1871.64
1061.29
1284.08
1230.75
1585.23
1901.01
1724.68
1625.48
1996.51
1441.85
545.377
2252.66
1175.86
-4289.83
-4358.05
-4098.97
-1077.3
-747.069
-2348.26
-1078.19
1068.46
2092.72
2374.63
2854.63
2038.96
1547.57
1413.93
1477.75
1673.52
1553.34
1624.79
1452.27
1498.1
1979.41
311.419
1881.06
-3090.47
-4114.72
-4506.07
-4022.22
-3499.52
-634.777
399.646
131.405
-244.463
1208.25
1551.76
2235.97
2939.96
1651.5
1806.03
1437.64
1445.6
1369.07
2079.16
2286.08
1857.54
1381.38
409.667
704.602
-3322.37
-866.269
-1047.43
-1151.91
-3835.38
-3341.98
-737.574
-948.61
1449.99
735.94
1070.53
1553.13
2982.77
885.787
1541.51
1364.9
1354.61
1619.93
1716.37
1557.44
1763.51
1287.25
344.342
1130.34
1853.89
-676.008
-4460.74
-3807.97
594.343
-833.904
-517.934
-698.746
1515.01
1069.4
1770.03
2808.9
2830.21
1901.12
1377.93
1788.03
1600.73
1376.07
1772.19
1767.08
1815.2
1675.9
1517.11
-1552.15
-3255.26
-4351.77
-4507.41
-4337.32
-1013.96
-3572.33
-2559
-752.361
-152.789
1105.95
1439.84
1655.97
1739
1171.59
1542.5
1691.83
1399.4
1241.25
1673.52
1594.07
1586.85
1692.87
307.622
-1633.55
-3033.26
-695.963
-5168.18
-1387.22
-898.738
-3417.02
-2481.65
-1304.19
-12.1605
2507.01
1563.75
2657.77
1634.42
1284.9
1156.41
1442.67
1501.58
1543.17
2002.75
1745.01
1725.6
1869.24
473.364
-1096.06
1725.65
-3931.43
-4946.5
-4073.04
-3744.62
-3827.16
1072.59
-1073.33
1170.6
2403.61
1852.53
1980.72
2764.76
1758.38
1020.26
1134.29
1453.01
1381.62
2298.24
2083.13
1778.12
1473.01
602.311
1450.65
58.1517
-4511.33
-5202.61
-1070.01
-3502.53
-3680.02
-268.334
-989.302
94.0244
778.542
2998.19
1140.53
3590.28
1622.68
1587.42
1017.27
1194.61
1825.98
1664.12
1575.49
2086.85
1819.56
1795.3
-1631.36
-3023.87
-801.244
-5087.36
-1066.89
-3758.44
-3830.12
-524.197
-942.389
212.101
3059.85
1384.78
1793.52
2720.23
899.422
1348.17
1431.49
1310.81
1594.29
1802.72
1709.92
1589.89
1293.55
574.025
-1445.06
-3204.32
-4528.58
-5215.46
-4078.73
-3771.37
446.264
-177.278
-943.534
261.009
2063.58
2544.99
1603.95
2551.46
851.188
994.667
1261.08
1843.81
1715.76
1961.75
1331.03
2194.48
1302.23
640.665
-1092.95
-2995.33
-391.227
-5022.01
-3980.97
-3811.12
-1138.13
-2671.12
-1123.86
74.3816
660.13
1443.58
1756.24
2135.82
1466.66
1776.72
1342.38
1164.44
1774.07
1574.99
1584.03
1748.26
1293.04
341.111
-1217.77
-154.065
-4288.7
-802.677
-3805.79
278.246
-3482.28
-352.365
-1068.69
186.055
2482.27
1645.1
2494.36
1375.53
1670.9
1821.84
1202.65
1689.37
1126.48
1515.33
1330.58
1541.44
1902.65
676.042
-1134.2
-3309.31
-380.746
-4748.54
-3838.38
-3546.56
-3611.18
-2240.17
-533.936
2509.98
2956.3
1135.8
3148.36
2128.85
1120.1
1619.76
1717.21
1187.52
1881.54
1724.13
2166.1
1758.7
1741.92
510.91
-736.794
-3066.95
-3964.44
-4625.97
-892.069
-3480.42
-3156.75
-2395.82
787.833
435.083
1362.16
3020.2
1862.63
1874.56
1233.35
1301.66
1290.1
1210.72
1205.03
2122.86
2065.14
1506.18
1306.3
1688.49
-1114.14
-2797.8
-398.362
-1142.61
-4253.73
-790.772
-3354.86
-2248.06
-554.313
2028.81
2334.59
2936.68
2717.02
1878.45
899.481
1358.7
1536.91
1577.12
1332.31
1310.48
2200.38
1570.03
1774.7
768.226
-646.453
2293.13
-424.23
-893.718
500.916
536.438
-3072.06
-290.214
762.984
916.102
2581.2
1933.65
3397.35
2104.92
1479.85
2072.1
1159.9
1214.83
2103.84
2030.32
2203.82
1494.6
2189.29
1271.92
-143.837
-2198.87
-106.664
1439.61
-3784.27
-3152.75
-2666.65
-1638.86
2252.68
400.701
1548.71
3628.99
1917.81
3660.47
1691
1114.96
1434.22
1609.99
1779.49
1940.2
1731.01
1461.48
2390.62
1374.62
-77.2622
-2611
-213.214
-4304.51
-487.349
-3305.25
-12.839
1705.52
-662.55
945.951
3077.3
3737.13
1840.12
1688.33
1663.56
1461.22
1155.08
1818.88
1393.57
2443.59
1795.65
1851.86
1796.78
2299.94
71.3254
922.717
-378.13
-4501.84
-3898.22
-3190.82
-435.199
-1721.99
1130.72
340.155
2668.55
2044.04
2138.68
3534.76
1175.73
1350.71
1996.77
2168.85
1689.88
2320.96
1698.72
2397.64
2450.7
1759.01
-182.839
-2425.04
-3752.57
-4476.07
-3498.37
-566.937
-4.28018
549.364
1629.64
2399.36
1832.04
2213.83
1699.3
4188.9
1112.52
1287.28
2046.73
1959.29
1566.68
1781.92
2016.72
1710.28
1793.14
2329.78
368.266
-2128.57
-3354.43
-4400.53
-262.293
-134.57
-139.99
1746.31
2501.37
768.044
1527.27
3264.97
1715.26
3708.49
1931.77
2175.61
1294.98
1319.89
1417.42
2006.68
1678.06
2669.49
2558.08
1327.18
15.8138
-2173.28
-3573.01
-419.923
-3582.93
-3078.38
1296.25
-1093.2
1630.94
985.495
3518.55
3624.28
2039.26
1953.5
2145.77
1363.96
2099.67
1419.8
1977.61
1552.32
1652.15
1855.02
1913.22
1266.67
524.417
-1393.01
-3284.24
-4352.42
1449.12
-234.857
443.559
-723.405
256.481
928.822
1934.98
2306.03
3414.43
4030.07
1893.82
2360.11
1754.03
1771.4
1518.49
1758.41
2051.52
1900.02
2680.5
2384.73
733.762
1560.29
-3161.05
-623.95
-547.112
1270.67
-2398.19
1974.14
253.611
2225.73
2359.89
3466.16
2028.22
2402.41
1285.14
1298.16
1697.2
2183.61
1579.16
1840.79
1874.39
1921.64
1839.69
1491.08
540.036
-1832.64
-3005.66
-3765.64
-178.211
1801.82
-2437.29
-1206.55
-72.5992
2163.84
3596.69
3500.33
3433.83
2319.81
2167.76
1651
2652.27
2687.5
1942.88
1785.36
2278.29
2532.55
2089.58
1610.35
574.291
3255.65
-3002.07
-4039.91
-2884.19
-2689.36
242.792
-789.42
343.945
1494.75
2059.71
2468.36
2697.84
2719.49
1383.55
1771.68
2102.93
1934.73
1720.94
2402.17
1886.6
2088.63
2354.14
1753.49
2966.56
1985.31
-3179.1
-133.075
1415.74
-2883.32
-2221.62
-906.91
267.691
2663.85
1857.27
2725.1
2462.7
4156
1280.79
2333.91
2457.17
2805.53
1931.69
2106.81
1912.11
1985.16
2113.37
2308.59
1076.22
-1257.32
232.795
-3729.33
241.696
-2855.25
206.752
-1074.95
299.13
1302.98
2364.99
2154.2
2176.05
4509.91
2152.98
1541.8
1650.01
2160.12
1810.45
1737.98
2060.68
2001
2165.19
1651.83
3462.33
-1388.51
-3069.62
-3264.28
-3221.22
-2615.85
1847.12
-996.01
139.005
3281.4
3431.65
3300.97
2680.31
2088.39
2212.05
2092.18
2267.42
2413.43
1866.65
2398.6
2209
2399.69
2244.61
2371.35
1012.63
-1094.21
787.011
-3533.18
-2740.78
1623.28
-2042.59
-880.975
203.821
2508.57
1653.76
2460.12
2608.73
3423.05
2000.54
1571.7
1791.02
1707.8
1731.1
2801.92
1861.45
2105.36
1971.67
2206.81
3794.07
-1137.16
-2849.6
-3601.14
-3009.6
436.188
2428.72
-684.275
183.926
1689.52
4008.24
2462.93
4001.56
3503.67
1608.9
1597.93
1843.79
2915.7
2435.63
1997.45
2014.74
2220.03
1856.51
2800.82
1432.88
-1472.01
611.786
-3497.59
-2964.2
1795.09
-2018.98
-780.305
22.6296
3342.7
3506.51
2224.48
2374.6
2602.82
1586.2
1525.96
1520.3
2597.52
2883.07
2003.08
1942.94
2102.63
2793.65
2621.71
1434.28
1879.72
1011.12
-3556.22
-3053.77
-2607.64
874.173
2383.64
290.445
3152.81
2065.59
2363.96
3697.88
2349.94
1416.66
1436.88
2783.89
2996.63
2070.98
2215.34
2008.19
2253.19
2146.34
1926.68
1402.54
2746.15
-2573.06
796.018
-2336.6
-2424.32
-1456.65
-584.574
2356.84
1591.61
2708.54
2746.24
5329.43
3112.88
2248.36
1599.31
2589.46
2706.89
2414.6
3082.64
2006.13
2423.75
2909.01
2586.62
3960.68
2824.28
-1977.78
-2948.12
-2710.57
133.53
2357.69
2742.23
452.271
2745.48
2468.69
2977.79
2886.11
2783.64
1619.78
1787.61
1784.04
2866.66
2539.21
2521.22
2071.1
2211.52
1986.47
1866.17
4528.95
-967.325
-2439.72
262.739
-2802.73
-2405.63
-1439.84
-578.13
892.938
1403.63
2140.43
4940.21
2414.39
4293.77
1297.81
1696.44
2540.45
1684.67
2477.17
2094.24
2150.32
2251.73
2085.3
1846.1
3920.26
-1043.55
-2317.74
-3272.28
-2213.25
435.87
1290.74
2489.17
501.708
1403.18
2434.99
2643.95
3737.32
3196.51
1362.54
1746.38
2647.92
3072.38
2024.39
2252.01
2306.04
3096.34
2123.84
1516.64
1803.92
-648.831
1176.5
-3003.72
1997.2
-2014.25
-1184.95
-464.183
3664.05
1445.15
5127.96
5206.59
5041.09
4567.69
1746.19
2181.38
2442.64
1937.34
1822.91
1959.67
2509.73
2269.28
1960.52
1948.8
3705.19
2628.15
1589.53
-3132.04
-2092.09
1069.07
977.623
-142.777
586.89
3261.91
2122.22
4770.71
4541.04
4208.89
2572.5
1798.49
1613.73
2009.6
1959.92
2221.43
2244.94
1979.15
2432.92
2685.88
1132.4
-450.273
-1870.99
3615.6
-2026.58
-1862.85
2390.41
-157.887
2441.91
1540.55
4871.69
2621.51
4772.03
3176.08
2964.24
2946.61
2586.03
1878.06
2223.68
2176.05
2995.18
2094.85
2023.78
1930.69
1312.48
2413.57
-1993.92
-2862.02
515.101
-2418.7
-1161.31
1712.41
940.094
1891.02
2269.93
4098.56
3117.02
5550.02
2356.23
2599.61
1730.47
1894.1
1779.4
2011.71
2411.02
2363.01
2339.35
1806.26
1472.86
-781.416
-2036.99
1302.73
-2130.09
-2222.74
-988.071
107.707
629.307
1448.76
2940.9
4016.62
2648.68
3087.03
1454.14
1911.08
2085.65
1978.45
2935.81
2329.28
2393.17
2244.21
2956.71
1753.62
4253.64
-277.66
-1474.59
-2934.98
-1960.36
-1903.45
-1070.58
2414.7
2958.93
1931.41
2764.47
4827.48
2975.68
4398.53
2593.72
1951.76
2117.21
1990.65
3031.42
2435.69
2216.81
2465.82
2585.85
1896.25
1509.78
-400.182
1783.21
-2141.09
915.297
-1824.93
3300.63
1964.3
1218.32
4421.4
2894.57
2774.36
5210.59
4521.39
2911.07
2912.85
1991.39
3260.2
2761.64
2472.09
2170.36
2288.9
3037.9
1911.64
1935.68
-196.729
-1145.31
-2233.68
-1589.96
-1495.42
-704.796
2228.9
1509.18
3259.42
2725.05
5138.87
2824.78
3183.41
2687.8
3172.03
2179.48
2211.11
3319.78
2282.6
2508.65
2394.14
2919.26
2264.89
1693.7
-164.054
-1005.88
-2474.06
-2025.75
-1661.46
1865.94
3694.18
1454.3
2643.84
3381.86
2942.21
3097.97
3663.35
1939.23
2111.72
3424.1
2309.69
3109.85
2482.53
3496.32
2632.46
2787.42
2606.36
3196.71
1072.97
-8.24286
-964.277
-844.811
-1144.48
-510.903
519.858
1516.09
2707.81
3622
5529.51
3280.89
3222.29
1841.62
2251.1
2759.44
2313.89
2429.08
2497.73
2720.97
2767.46
2452.43
2664.36
3440.31
1870.2
4865.02
-597.961
-668.203
-649.311
-368.902
978.761
1514.76
3824.63
3122.84
3707.64
4734.35
5557.2
2092.15
2135.2
3119.09
3347.5
3083.51
2528.91
2453.24
2715.45
3506.87
2816.16
5056.56
2128.6
5179.45
-839.47
-943.693
2051.81
-7.66583
516.551
1818.79
2755.95
3651.04
3863.16
3139.86
3851.36
2808.91
2021.93
2598.38
2343.88
2740.47
2842.37
2907.46
3209.94
2589.59
2648.02
3482.64
4416.98
677.4
3062.7
-473.917
-502.924
423.397
878.378
2374.9
2689.49
5372.9
5242.07
6346.52
4342.5
2953.51
2564.65
2478.05
3295.42
3191.49
2734.59
2826.87
2772.72
2937.21
2664.78
3421.45
1923.28
5504.7
-647.485
-279.786
2451.39
2738.71
1441.75
3704.27
2915.9
4074.38
3962.16
3610
6832.27
2517.16
2416.57
2490.61
3152.68
2921.34
2872.73
3417.47
3314.28
2975.93
3599.9
3460.11
6326.5
1102.63
-648.077
-263.595
2162.92
2533.62
1399.76
3869.02
4141.16
3939.92
4264.82
5531.36
6249.14
3303.27
2333.31
2590.41
2881.18
3326.45
3010.22
2930.17
3064.46
3493.91
3123.41
3924.61
2311.45
214.041
-37.3708
-241.222
-244.202
3708.03
1182.68
2765.09
2970.28
4569.02
5604.15
4300.62
6241.1
3490.96
2670.72
3603.46
2706.62
3749.89
2894.98
2942.19
2896.78
3686.2
3138.02
4407.34
5136.37
726.176
2844.2
2861.29
-270.81
3786.25
1496.81
2849.56
3298.26
4608.67
4345.71
4447.22
4833.73
2294.88
2636.42
2714.14
3381.19
2720.47
2913.04
3170.9
3271.55
3895.48
3450.08
5937.11
4988.72
938.744
3314.43
-102.109
-290.447
643.375
2005.29
2773.05
4267.04
4350.01
4412.45
6617.47
4373.41
2990.64
2574.82
2764.64
3180.9
2985.6
2962.85
3107.8
3823.4
3007.15
4000.53
4569.76
3025.53
1053.94
3.28279
-244.618
-166.594
1018.41
2191.14
4182.97
3801.64
4354.39
4905.46
6160.35
4513.82
2561.43
2700.93
2770.11
3119.97
3290.93
3248.57
3100.73
3336.39
3307.46
3603.84
4210.85
2978.84
6213.77
300.552
86.6785
2656.46
973.925
2087.05
2979.94
3593.83
4699.87
5194.05
4775.6
4666.42
2739.36
3062.98
2836.19
3261.73
3449.51
3885.31
3015.88
3361.16
3335.46
3033.31
6014.69
5451.24
1337.58
3604.4
-130.819
4506.43
4658.38
1820.83
2944.14
4025.2
6573.67
4815.61
5263.99
5223.79
3363.16
3766.95
3204.01
3718.7
3877.35
3065.08
3221.93
3187.43
3464.95
3175.87
4502.96
5141.39
1598.6
5385.17
-168.553
-25.8882
1059.97
4809.26
5221.92
4879.14
5306.26
5252.78
5392.27
5215.87
3739.38
2749.21
3031.17
3805.15
4249.36
3854.24
3505.28
3577.95
3190.25
3235.57
4191.46
2694.85
1343.9
3890.05
2728.47
2920.33
3574.41
5216.46
2858.27
3984.06
4744.33
4854.26
4768.2
4896.76
2630.1
2824.38
3070.35
3113.27
3388.78
3360.69
3115.61
3367.76
3204.03
3355.58
6674.32
3134.39
6386.95
4248.95
3151.17
130.511
1154.39
2312.8
5009.02
3916.57
7110.11
4782.95
4953
4878.34
3592.62
3387.83
2947.29
3228.68
3469.52
3847.77
3309.21
3339.17
3113.31
3928.84
4371.41
2878.15
936.003
3723.6
162.925
-31.12
1066.35
4119.03
3455.85
3576.65
5018.34
5225
6826.37
6348.02
2875.92
2763.9
3794.15
3283.3
3061.4
3879.6
3359.49
4006.94
3231.01
2959.06
4899.16
6005.5
1352.84
433.611
-245.899
2865.83
3585.65
1897.9
3302.41
4072.86
5006.33
4717.37
5440.11
5060.67
2860.5
3151.13
2865.78
3196.76
3187.59
3264.01
3659.86
3431.67
3728.6
3250.82
7058.18
2578.37
1284.24
4495.96
96.5337
-122.723
4721.76
4825.66
3098.35
4844.78
4885.94
5107.89
5364.42
4981.78
2756.27
3259.09
3630.89
3347.62
3144.79
3320.77
3455.39
3306.97
3208.65
3123.52
4545.67
5962.28
5077.17
681.327
307.816
627.292
1067.33
2008
3162.74
5555.81
4751.22
6364.06
6557.41
5475.59
3005.99
3023.91
3796.58
2967.52
3976.97
3840.58
3758.27
3283.84
4285.19
3109.56
5040.69
7514.2
1571.3
675.135
-186.964
663.257
3741.42
2024.74
3133.05
3654.72
4848.61
5008.89
5002.19
7920.25
2813.97
3848.32
3902.57
3121.28
3447.14
3084.05
3315.86
4332.82
3432.07
3189.73
6976.03
2706.39
4591.77
284.966
-54.44
510.666
820.173
2574.36
3104.61
3622.49
7431.01
5333.32
7004.06
5560.67
2875.29
3016.94
3646.99
2967.36
4178.51
4100.86
3493.68
3292.55
3818.39
3135.2
6676.61
3352.57
1814.49
437.681
-203.577
3278.67
1054.23
2133.24
3078.1
3921.78
6564.33
6567.59
5296
5208.28
3062.42
3046.04
3126.04
3026.09
4432.87
3752.57
3865.15
3264.07
3272.68
4290.67
7171.75
3164.34
1180.67
667.248
-168.682
27.0267
3356.76
5213.5
3536.27
3988.21
6495.57
7051.39
5084.15
5248.99
3833.62
3112.81
3987.9
3126.35
3220.12
3375.17
4037.21
3525.53
3204.22
3427.32
7725.38
3533.2
1886.84
254.437
4565.99
685.146
962.094
2350.68
4940.79
4164.75
5302.05
4888.81
4935.5
5465.43
2846.75
4220
4276.78
3038.57
3096.94
2997.44
3850.35
3723.56
3185.8
3249.9
6804.16
3594.86
1941.9
4728.01
3524.33
833.029
1260.8
4078.05
3446.81
3995.79
5087.97
7396.56
6648.79
6710.52
2725.09
3183.58
3169
3548.34
3711.92
3142.41
3122.42
3044.2
3221.6
3100.82
5026.29
7604.85
1693.87
4083.97
3212.15
64.8864
3729
4382.17
3614.2
4042.27
4904.48
4974.1
7017.81
4877.99
2727.06
3952.58
3602.84
3896.99
3036.69
2997.68
3425.25
4114.32
3187.18
3711.59
5031.47
3034.1
5176.3
786.269
4582.66
3663.99
924.535
1972.27
3314.24
4989.33
6605.43
4794.02
4695.83
6767
2937.7
3095.21
3816.17
3583.43
3551.77
3991.09
3160.92
3232.73
4101.69
3331.18
6542.47
2787.84
1746.78
4101.99
3187.08
105.169
1323.7
3962.65
5483.93
3885.17
5119.95
4984.32
5105.94
6856.26
2518.34
2737.01
3703.3
3873.82
3112.4
3031.46
3781.26
4356.49
3699.28
3120.9
6579.41
5934.79
4661.68
670.964
200.862
3021.73
966.9
2289.34
3134.23
5971.42
6871.21
5118.45
4968.41
6535.73
2794.04
2771.73
2820.31
3889.18
2984.83
3144.85
4006.43
3469.11
3276.2
3426.41
6848.99
3149.2
5092.29
327.088
3445.68
192.919
5054.33
2124.32
5377.52
5524.92
6510.61
7284.79
4782.5
7138.55
2639.9
3842.79
3040.63
3023.05
3305.44
3354.47
3219.47
3474.67
4478.2
3228.33
5109.05
3023.52
6175.57
4639.88
77.8405
491.612
4004.16
4271.05
3212.15
5413.97
5252.33
6588.42
4714.47
5433.09
3984.61
3523.13
