24.4914
47.7975
52.7274
54.1778
56.7742
56.7553
115.789
33.671
120.655
118.419
120.027
88.5881
71.8164
63.7384
80.9655
95.5568
175.285
18.7882
124.679
115.629
124.937
61.0354
65.1344
67.1149
63.2148
66.4986
65.2092
69.0313
65.5847
67.7486
121.686
29.9709
132.732
119.892
120.786
83.863
59.5435
64.0764
71.1936
64.6524
148.911
1.74821
95.1078
93.2003
86.743
45.2412
48.6386
45.9039
51.7437
47.2648
47.6213
51.55
51.2446
47.2277
101.399
1.90604
86.67
74.6211
77.0655
48.8124
63.5928
49.0504
58.0062
59.1309
133.951
1.65806
71.829
79.0872
74.4767
40.4096
42.1057
40.7507
47.265
47.1546
44.6833
43.2198
43.3138
47.4559
95.467
1.87293
72.4576
57.8547
44.7411
25.3537
27.4406
14.936
15.3687
10.924
11.4299
0.171254
6.84579
0.19015
8.36453
2.78916
0.0110081
4.42493
0.00873075
7.68219
6.43722
11.9409
13.3615
15.3897
71.2113
-25.5524
0.635266
30.8347
19.6071
2.96698
-6.34105
-9.64869
-2.72737
0.234306
2.83383
0.0537626
7.20155
5.88805
-1.46249
3.16109
3.04764
9.49295
13.4841
12.9907
14.4515
14.1384
14.1105
17.6483
69.274
-45.3663
0.292473
20.9967
3.66707
-11.297
-13.2313
-6.74854
0.189026
1.88527
14.4018
0.247857
4.40071
-1.4202
-0.541407
5.54384
10.5947
6.62022
11.2963
13.6483
18.94
22.1767
21.828
16.0577
68.4416
-64.1857
0.165882
3.35823
2.63162
1.80463
13.797
18.0484
16.4314
15.5559
63.6731
0.846291
42.7793
52.2283
50.4761
32.9604
36.4002
42.0035
42.4595
44.7716
46.6047
49.6756
46.0775
36.2634
92.3534
1.60713
26.9302
61.9928
80.3257
45.7175
48.4517
38.1468
39.0347
38.9343
83.7505
1.1034
69.5361
57.6348
72.0868
43.2529
41.6665
41.4393
47.6452
49.5129
48.9155
50.7421
49.6642
46.3649
101.279
1.9436
84.877
79.0067
75.0983
43.0828
38.3745
40.3842
45.2118
48.6172
96.2189
1.24635
51.6735
67.9499
68.6986
38.1335
36.4127
36.8558
35.5245
34.6087
35.1292
37.7306
32.7053
25.3176
77.2422
-35.1
0.50805
12.9387
1.14186
0.206831
0.149868
3.90642
0.0884754
13.7281
76.8879
0.844882
26.2472
2.27197
5.85242
15.1486
8.54897
-4.37443
-25.4644
-53.7102
-20.2729
0.537575
58.6983
40.8245
96.428
1.54445
5.37022
60.8729
51.5984
26.0816
56.4562
57.8858
46.3467
48.0566
108.25
1.47602
90.8111
93.2603
105.871
56.5502
49.3399
48.854
61.1778
59.4583
61.3226
73.9665
74.6993
57.4018
117.59
29.1631
119.91
101.859
100.213
85.0908
63.1845
52.7825
43.3427
45.8263
145.715
5.41108
133.226
131.296
124.213
69.9047
68.4402
72.1437
66.9542
69.3631
69.1148
68.0839
73.5748
69.2593
124.051
31.3166
116.772
91.1986
69.8594
49.3082
49.6
45.9955
60.8913
68.6602
142.064
1.8346
89.8931
103.165
107.763
56.8054
70.1021
66.8914
67.0624
65.2916
61.3249
58.5512
61.1577
56.3413
113.202
8.85538
100.119
87.8661
91.5572
68.5824
76.791
79.782
74.0903
77.529
157.639
1.8184
96.8486
90.6298
86.6915
37.4962
36.0425
38.9648
38.2445
44.4296
45.636
47.7334
54.9693
52.5344
110.118
15.035
102.834
92.6865
86.0639
58.7199
62.8739
70.3204
72.1527
71.0424
165.103
1.95572
105.566
97.9834
105.347
52.0574
54.2311
51.2869
52.0805
54.7712
53.2851
57.4725
55.1569
55.039
110.12
9.71063
109.923
95.5021
91.3073
92.796
95.9609
94.4157
94.3462
92.2576
180.993
30.4818
124.346
129.148
126.277
69.2513
66.394
70.4469
68.7318
69.7167
69.6919
71.234
74.1652
72.5481
129.386
47.5043
135.347
126.216
120.681
92.2244
92.9574
89.0039
90.556
97.2157
181.173
24.5685
123.565
127.084
134.994
64.2455
66.7764
68.2194
66.8831
68.5893
67.9834
72.9108
71.0443
71.9221
129.23
43.1485
126.993
130.302
114.303
85.122
100.571
80.0838
84.047
99.8144
187.507
29.1489
124.417
131.284
124.576
66.2446
67.0092
71.9499
71.6492
69.4929
74.1944
72.6156
72.2543
70.9858
128.657
46.8264
135.357
112.221
95.2873
72.769
59.6266
68.6232
59.9501
61.045
116.152
1.39995
82.3563
76.1609
76.0672
38.1705
34.0165
35.0726
34.3611
30.6193
29.4166
24.2731
26.0193
27.7914
84.7461
1.67213
24.3127
49.1686
33.1986
18.9208
18.9531
2.45457
5.27232
10.4337
25.8779
0.251651
16.7001
5.56898
-7.65712
-5.55712
-11.9566
-9.16431
-11.4899
-14.7506
-16.66
-15.7719
-17.5136
-15.4331
29.0664
-113.913
-47.366
-55.9273
-57.6226
-50.5588
-44.5879
-59.1525
-50.9419
-56.0464
2.25968
-109.62
-45.1466
-49.0877
-53.2148
-25.3966
-25.8685
-32.1682
-32.047
-32.9245
-34.1601
-39.4742
-51.3008
-56.3461
-18.556
-199.061
-128.826
-135.685
-151.275
-129.067
-123.283
-132.502
-129.844
-127.281
-43.2721
-189.078
-90.0343
-64.6408
-36.9565
-14.4401
-7.33583
-3.26185
-0.391398
0.0246352
0.254518
7.93933
7.9231
6.90019
61.585
-81.3914
-10.3013
-31.1987
-49.9126
-50.775
-53.4935
-51.858
-53.9806
-47.8632
1.93177
-97.23
-43.9501
-45.3242
-38.5728
-17.798
-24.0713
-25.5301
-21.5474
-24.169
-21.5066
-20.662
-19.0552
-20.1421
36.926
-105.9
-29.9027
-28.352
-25.4109
-37.8447
-31.5956
-34.6921
-35.0257
-32.15
1.38379
-67.0403
-32.7153
-29.2331
-32.7995
-10.4065
-16.3207
-7.78208
-8.28256
-7.36305
-2.07588
-11.4523
-10.393
-11.7586
38.2719
-105.651
-21.633
-29.0512
-30.3437
-30.0975
-19.8022
-17.191
-18.2085
-23.8521
0.955897
-34.9975
-10.646
-3.00827
0.0209306
0.873962
5.36714
3.02987
3.00496
6.93449
4.3407
7.14032
10.0349
16.4217
68.4306
-18.7772
0.658132
35.2091
13.2463
0.0428877
5.63758
12.4922
15.3972
18.7743
67.7768
0.966269
46.8423
62.9423
59.686
33.8373
31.614
35.5944
31.0045
34.4279
33.2151
40.3789
37.6366
40.0793
94.901
1.86545
60.3953
74.4431
58.8843
49.015
48.527
47.9791
43.428
59.4249
129.031
1.73504
86.2656
81.2264
88.131
45.7129
46.5041
50.5375
50.7727
47.5628
48.2846
48.3112
43.9169
41.9617
91.1886
1.64473
18.9238
52.3895
31.7387
19.8894
16.0463
30.6188
31.1367
37.0162
101.088
1.26824
76.3821
80.0911
80.7175
42.2303
44.1972
48.1185
45.1113
46.5967
44.1478
48.7671
49.1392
51.2709
106.714
1.95604
90.8125
85.4831
81.8281
61.0154
56.285
58.1049
52.4906
61.1085
134.902
1.67427
95.6479
88.6443
102.017
51.2633
51.3041
56.9184
56.3095
56.3936
60.9039
56.5954
62.1663
59.3505
113.166
15.066
100.889
97.8968
93.4134
71.3717
69.6159
59.1721
64.1274
67.4423
157.809
1.92033
89.57
92.9097
104.284
55.601
55.3807
57.7325
57.6405
55.0159
61.6873
60.4585
53.0172
52.6003
106.282
4.8794
105.318
91.4405
82.8334
60.4941
72.6339
56.7994
56.3407
53.702
93.7992
1.17076
61.9482
58.7042
69.5653
30.7818
32.9931
31.7077
27.7261
34.9792
34.2603
39.5562
41.703
43.1969
102.213
1.92363
86.8944
83.9831
73.6481
58.9298
49.1033
44.2661
62.8418
57.2643
143.236
1.81726
87.7448
96.7482
95.7072
54.3036
55.8326
55.2214
55.5138
51.6685
52.0176
55.2
50.9237
52.693
102.801
1.996
83.1614
82.3399
65.079
37.2506
36.079
46.1951
53.4382
55.1838
131.412
1.62932
95.606
102.344
106.018
50.5799
53.4166
57.9845
60.9199
60.5231
58.9171
58.9629
62.7453
59.9374
119.959
22.6006
118.916
112.117
114.484
81.0124
84.2092
91.7107
89.4585
73.1161
161.912
1.96811
108.391
104.969
107.298
58.6928
56.079
57.5053
57.9279
55.2295
60.7477
56.5732
60.2422
65.3056
124.467
33.7345
136.176
112.804
112.608
80.1206
71.0942
89.2008
80.7207
89.0533
173.611
8.73549
109.787
111.276
113.917
55.7054
55.7651
54.9685
60.9117
61.5432
58.1219
64.611
60.5828
65.8563
118.141
24.0068
104.163
103.937
104.524
59.3084
59.4928
72.0711
60.643
69.5199
136.18
1.60928
81.9192
85.3414
92.8215
45.6354
50.7949
51.4325
48.0765
51.5363
54.6419
48.971
45.3337
43.7523
90.0762
1.63599
9.81681
30.6793
3.90221
-9.30149
-20.5862
-29.6652
-29.5702
-30.0589
1.82716
-98.2593
-47.8654
-47.9072
-43.999
-21.2149
-18.9174
-20.3959
-18.0037
-18.7236
-13.3976
-11.2669
-7.3499
-5.74929
43.9158
-82.4974
-16.3521
-23.3313
-27.5287
-29.7659
-37.7048
-36.3873
-31.7982
-35.046
1.4011
-60.3213
-29.6153
-26.7778
-41.4957
-22.4157
-26.1336
-24.2423
-24.9422
-25.4803
-25.9114
-20.4575
-19.6872
-21.762
27.7999
-105.832
-26.4161
-21.0505
-22.8889
-15.6097
-24.7107
-20.7275
-19.4752
-18.7511
0.320536
-1.31362
0.108471
10.3874
13.0364
10.4431
9.89988
15.4305
13.0337
13.1746
17.401
17.89
23.4915
31.4834
82.974
1.70241
39.4275
44.34
36.6754
47.9028
53.2325
35.271
45.7686
51.6553
108.476
1.29585
62.8288
55.597
60.5004
33.7979
33.5265
37.4007
37.19
35.8677
39.9891
42.5172
47.7026
46.9281
106.929
1.93137
86.1818
80.5963
92.8191
63.1462
68.5405
54.3022
66.3212
58.7303
131.207
1.66256
92.3911
84.8305
92.2333
48.1947
44.6589
48.1369
44.6512
47.3076
50.9284
49.8237
54.2116
52.2688
109.905
10.8478
92.3591
91.7075
87.7508
58.6702
48.5838
61.7137
61.966
54.9732
145.497
1.89465
97.043
100.727
91.671
52.3347
47.588
46.1345
47.0205
44.6915
41.1148
45.9769
44.8762
50.4815
102.83
2.10882
92.3958
90.6601
106.098
58.1443
78.2313
61.1817
61.0134
60.9359
172.495
8.52515
109.993
117.931
119.305
60.9753
64.1834
63.0176
66.921
63.7249
63.3142
64.1582
64.9836
67.7224
123.589
37.31
131.546
116.118
94.9725
79.1905
85.4402
62.4653
73.0936
81.5989
162.118
5.5104
107.182
99.393
104.479
48.5619
44.8081
45.9504
43.8628
41.5354
36.1768
27.6292
27.3671
17.9479
69.7655
-26.9143
0.543803
8.03682
-0.867981
-0.320961
0.200776
-15.1291
-11.2469
-12.1211
0.851458
-32.7909
-14.2649
-10.065
-12.9881
-3.55748
-5.35303
-2.53359
-1.21542
0.0345618
0.632665
1.03078
6.55614
10.1751
69.4176
-59.8149
0.111706
-11.3268
-37.3036
-35.7819
-22.5663
-46.148
-39.8476
-44.795
2.3385
-123.416
-58.3989
-43.6652
-42.8689
-15.4997
-17.6238
-12.0936
-5.15946
-5.34383
-5.30605
0.137712
2.48596
13.12
67.7565
-11.3754
0.97244
32.2842
36.485
15.6218
19.476
6.9211
23.6561
32.902
86.2355
1.19691
63.2745
65.2436
64.5588
40.0228
38.711
37.7996
38.619
41.0119
43.0748
41.2054
45.2524
44.2502
97.4508
1.81428
51.05
56.8459
51.8483
29.2767
39.4373
38.2331
20.0147
18.7411
16.1057
-1.10586
-14.8545
-28.4407
-49.6541
-16.2768
-9.7956
0.242372
0.921929
12.633
20.2673
8.72781
1.78477
1.7236
50.9665
-78.3376
-10.0585
-23.9042
-33.2042
-10.9784
-18.2236
-21.5986
-29.9772
-42.8942
2.34324
-129.044
-62.9422
-60.4529
-56.9205
-33.1585
-25.7367
-20.897
-10.956
-1.63328
0.15412
13.8828
22.8191
24.9215
82.4723
-32.7696
0.397751
-15.5294
-25.2576
-26.5407
-19.2667
-19.6953
-26.3071
-13.0853
0.434456
0.228179
12.6581
14.1471
25.8692
15.6173
15.183
15.2049
14.3112
24.6856
23.174
30.6557
28.8081
33.6978
94.3475
1.77994
57.2355
60.3776
52.3165
28.4344
37.6334
27.1085
27.487
37.7305
89.3513
1.02725
59.314
52.0044
65.3379
32.9128
38.1681
38.7802
41.0973
37.7864
44.2177
45.6235
45.8929
45.6955
100.526
1.91834
83.5385
72.7013
59.3633
47.3524
47.0722
50.5721
59.3412
55.9203
122.632
1.48491
90.9355
83.4226
88.7479
48.7685
47.6226
51.1225
51.5742
48.901
47.3505
46.9794
44.2739
47.6119
95.9442
1.79052
51.2946
63.0751
47.1065
41.9887
27.798
35.4554
32.4022
37.4374
103.631
1.257
71.784
77.2726
67.8957
37.5479
35.6539
36.396
40.8045
37.7751
38.7723
42.5145
45.9643
44.663
99.5741
1.82286
60.9416
66.7334
61.9696
49.5195
52.726
41.6394
43.3161
44.5634
116.817
1.47529
83.6709
90.8782
113.217
57.5072
57.3473
57.8846
55.2599
61.0454
60.4777
57.642
64.1193
64.8904
116.277
27.7152
109.936
92.2418
81.4221
72.0278
63.5197
66.6449
67.5518
74.7187
159.859
4.35565
94.9066
99.737
107.673
56.8718
58.1069
54.0487
61.4673
58.2973
59.2437
57.7117
58.3872
63.2613
115.494
21.8159
107.477
87.877
89.6363
65.7519
63.4389
56.7338
59.452
68.6783
152.957
1.9698
102.738
108.731
102.475
54.8474
57.497
57.5597
54.7713
60.1035
57.4765
58.0268
62.6837
60.6203
118.571
21.3648
109.072
89.2364
72.8083
71.8304
53.8907
66.6823
63.9842
62.2045
155.453
1.94782
97.0962
109.008
98.6515
54.6325
58.3271
56.7699
58.392
58.9194
62.1205
60.1899
62.5598
58.6612
116.456
18.4029
100.027
98.8543
102.794
62.8599
69.3386
63.9569
60.2104
62.6294
147.11
1.82031
97.9668
99.6638
105.364
58.088
56.2513
56.0326
55.3326
61.7564
58.8865
62.4873
62.1177
57.7851
106.691
3.46202
88.5599
78.2904
43.9971
38.5622
53.587
58.6345
51.4409
54.0743
106.045
1.34355
69.9873
71.8036
78.9958
46.1801
43.5927
48.5462
44.9768
49.4572
46.3674
49.4931
47.411
52.8058
102.861
1.95084
83.1704
58.6147
53.0429
46.509
37.3662
46.5176
36.7931
37.4652
103.199
1.26799
55.2881
57.6728
53.149
27.6185
26.6289
27.7979
32.8884
36.0311
36.0246
34.3379
32.7244
30.5589
88.4588
-1.77996
0.829317
38.2961
33.0753
44.1431
33.0928
31.4999
28.1378
29.4905
64.1719
0.975487
55.4009
64.7927
61.8232
38.9808
38.0619
36.8308
40.469
44.3834
46.8562
45.482
44.1568
48.3107
98.6516
1.90237
61.5815
51.6834
59.2405
26.9275
18.2125
17.0871
19.323
24.3452
56.9969
0.773025
36.2465
17.17
5.21605
-3.82785
-11.3791
-5.67336
0.243424
5.4696
1.24755
-15.2464
-23.6304
-29.1485
17.2442
-117.45
-23.6772
-28.4646
-19.1795
-5.49897
-7.44732
-22.5162
-38.518
-22.5655
0.696916
-9.12801
0.292177
18.9026
13.7897
9.86148
16.087
16.3238
20.5452
17.8834
21.2399
27.8339
24.8198
27.3448
84.7413
-10.5446
0.815446
39.8558
31.5206
0.235517
-4.99804
-9.64615
-1.32123
0.0908887
33.5165
0.38095
14.205
3.97232
5.77138
0.0172884
0.582348
-0.535583
-3.43226
-3.19949
-4.32844
-1.23229
-4.48388
-4.52062
53.9381
-81.2409
-13.9923
-7.79021
-18.5449
-25.7588
-28.1573
-40.8677
-37.2932
-40.7012
1.36583
-67.7212
-33.2626
-25.3948
-39.5671
-21.715
-23.5893
-20.2191
-15.1958
-18.9863
-16.2666
-14.1776
-12.2121
-10.8831
39.6576
-108.291
-41.8081
-57.3262
-76.3972
-69.5722
-78.8218
-77.7985
-68.4455
-75.1275
-0.307912
-153.945
-65.8097
-60.689
-66.7601
-28.9464
-26.7805
-24.3382
-25.5062
-20.6398
-20.0416
-19.5076
-21.5171
-17.325
26.7432
-116.056
-48.0287
-45.5918
-57.0806
-47.2665
-75.0873
-69.2464
-75.8083
-88.7356
-24.3833
-193.737
-133.84
-135.149
-139.522
-73.2605
-65.771
-59.7838
-49.0994
-38.3427
-37.0383
-32.8171
-32.2154
-25.3457
27.2179
-115.014
-40.5267
-49.4386
-49.4147
-39.9624
-58.0595
-49.8618
-61.9415
-48.7893
1.86154
-95.6078
-38.0258
-30.9296
-36.986
-14.2318
-12.0132
-13.2583
-10.2627
-7.18187
-8.97958
-10.0967
-8.4689
-12.2122
41.1114
-102.348
-30.7379
-52.0438
-65.7699
-59.5577
-53.5878
-66.9762
-62.3904
-53.1584
2.29334
-110.984
-45.367
-38.8892
-35.8548
-16.8173
-19.9634
-16.1808
-18.5813
-19.8869
-20.5089
-15.0086
-14.3508
-11.0019
39.9133
-89.8574
-15.7823
-17.1213
-46.3898
-42.3789
-37.1675
-39.6368
-45.8546
-39.3634
1.92529
-94.5437
-47.7011
-49.8245
-44.069
-18.6227
-18.0491
-23.4187
-23.8371
-24.688
-18.587
-21.0061
-17.398
-21.5591
28.4658
-108.608
-27.8074
-31.8079
-44.7757
-31.5873
-27.2391
-34.4308
-33.0891
-39.6
1.89089
-98.1965
-47.7684
-37.3543
-38.8792
-14.7655
-16.2742
-15.8043
-14.4536
-9.26678
-5.28797
-3.14376
-2.83621
-5.20681
38.714
-111.076
-60.8015
-77.4372
-97.8403
-87.6198
-84.8324
-91.963
-77.5629
-83.474
-10.3304
-168.82
-83.7879
-79.9172
-82.3254
-43.379
-41.2897
-39.51
-43.4163
-45.156
-43.8951
-41.2499
-36.6037
-33.5121
13.2388
-158.476
-91.0589
-86.6894
-95.6384
-91.0852
-74.7406
-78.5678
-80.1491
-66.3762
-0.239174
-158.514
-75.9846
-77.2096
-76.4186
-36.7549
-36.4046
-39.9672
-42.7989
-46.4019
-50.0105
-55.5372
-55.7738
-53.3663
-8.26934
-173.956
-95.854
-106.177
-107.826
-77.5809
-84.2838
-65.3711
-69.7431
-62.2597
1.87759
-84.2237
-31.0593
-33.5005
-20.0473
-6.44268
-9.26116
-6.91845
0.0619804
2.98388
8.5862
6.75426
12.3083
13.9744
73.8232
-46.1038
0.203201
14.8802
-0.916974
6.62611
4.10274
26.4336
16.463
29.5869
99.0219
1.3731
62.4046
95.081
95.7916
37.3235
41.9796
40.4108
38.5302
31.424
36.0563
33.6304
29.5629
29.2999
71.6505
-71.6001
-22.734
-8.58998
-36.9201
-44.0163
-74.257
-95.9147
-94.7625
-85.0045
-22.2197
-181.054
-63.1667
-39.528
-21.8023
-1.95225
-8.37836
-9.60782
-10.4844
-12.2256
-7.93111
-6.77606
-14.2469
-13.0041
30.8932
-123.644
-69.9189
-69.5208
-76.4227
-58.6813
-69.6019
-86.6572
-68.6968
-85.4929
-29.8254
-208.616
-138.804
-139.564
-114.749
-54.8555
-50.2759
-38.945
-34.0168
-26.8184
-27.699
-28.9909
-24.1189
-21.9982
21.3942
-133.677
-98.1972
-95.0942
-101.942
-63.555
-63.8864
-45.597
-35.5418
-12.7852
0.851238
-32.6611
-4.15186
0.0743835
1.73134
-5.67529
-7.69335
-9.92841
-18.742
-22.372
-30.1383
-46.031
-59.0338
-76.8994
-51.5407
-297.997
-249.796
-261.854
-269.225
-223.352
-213.016
-199.691
-195.37
-187.427
-110.555
-279.762
-202.158
-193.84
-184.95
-93.0184
-92.3003
-88.7077
-84.8912
-76.8475
-67.569
-59.942
-53.6415
-51.8864
-11.371
-202.115
-129.557
-135.073
-122.153
-105.633
-97.3611
-84.7197
-78.7574
-74.7593
-1.79438
-139.658
-55.7001
-48.6846
-53.5579
-22.2946
-25.1797
-20.473
-18.0601
-16.3107
-13.3269
-13.4756
-16.2387
-11.9031
33.8843
-113.264
-43.745
-49.5004
-56.1741
-50.9417
-41.0658
-46.4886
-37.2265
-16.2466
0.813441
-36.8448
-5.59335
0.0175068
5.06728
0.786539
-1.50153
-0.785145
-3.49398
-6.82968
-8.87426
-9.52591
-1.82341
-0.297248
49.8094
-102.279
-16.5428
-22.504
-37.3617
-25.389
-19.093
-24.7217
-9.98801
-15.9049
9.02945
0.35162
19.5034
22.328
23.0697
15.0265
17.7745
20.1206
18.7429
20.4536
21.7329
24.8443
25.8582
26.5154
83.035
-11.6745
0.639554
25.5765
18.3981
11.1915
20.5985
22.0978
42.2452
42.2937
111.784
1.4972
80.0546
74.1555
81.7483
43.4022
40.8321
43.0488
47.3384
44.7762
44.3532
50.2481
51.3399
50.2672
100.685
1.58852
13.7642
33.3505
43.781
29.2325
16.7216
26.743
7.80318
25.7496
58.4609
0.704286
49.8684
40.5866
48.0978
26.4626
30.592
29.8286
34.1311
37.4371
38.3696
38.7028
49.387
44.9967
95.2091
1.78622
43.7833
55.1234
59.5715
36.4479
21.1781
22.532
31.0991
43.7497
107.682
1.49215
79.2864
81.6548
74.697
43.3795
41.9124
43.6418
47.1087
42.1905
43.2643
47.6954
50.2408
46.7121
95.3833
1.69575
36.9435
61.5794
45.8563
38.4613
19.2644
32.2026
11.8945
25.3037
52.8109
0.800767
44.6156
33.038
34.8671
11.6039
14.4762
17.2987
17.5185
16.2371
19.049
19.3987
20.463
19.9541
71.7894
-50.7619
0.177611
-0.320996
-2.57342
-13.4325
-15.5476
-9.31668
-16.6591
-22.0752
0.60461
-27.6255
-0.55616
0.043447
9.72368
4.74015
8.43664
9.95888
9.20026
12.3402
13.2175
11.2791
9.93949
10.8069
60.921
-81.7528
-14.5162
-14.6814
-30.0172
-35.2947
-59.5003
-56.8678
-53.8948
-58.7792
2.55943
-127.09
-60.3371
-53.8794
-52.1248
-28.1641
-30.2342
-28.8758
-23.435
-22.9979
-21.0818
-22.8157
-19.933
-22.3631
18.4606
-130.443
-63.2717
-83.8398
-91.3062
-86.8327
-68.7985
-91.0126
-86.8463
-71.1234
0.161378
-155.021
-65.7216
-77.0202
-67.9209
-37.8276
-36.1098
-32.8421
-29.2211
-27.4547
-28.1642
-27.5896
-29.399
-27.7042
19.5418
-143.387
-58.5837
-77.9358
-89.6447
-64.627
-71.6757
-74.8247
-67.8228
-73.5621
2.71427
-142.259
-62.3377
-58.8657
-63.0313
-23.9475
-22.9697
-22.391
-17.2036
-16.4349
-10.1639
-14.4783
-14.1871
-13.5799
35.1844
-106.895
-41.7455
-60.8218
-72.179
-54.2956
-69.6657
-50.6634
-52.106
-54.2432
1.94281
-88.5244
-35.6208
-36.9019
-41.5708
-19.0898
-15.5422
-20.4715
-17.9015
-21.0951
-19.3444
-19.7024
-20.273
-24.1737
20.0303
-134.549
-64.227
-84.0777
-74.6068
-67.6823
-75.8233
-60.2271
-60.8727
-61.6462
1.96954
-86.3069
-32.8191
-29.6648
-23.3112
-8.25692
-9.99613
-4.12963
-4.34242
-0.392421
0.0767819
3.62183
0.022694
4.9494
52.9944
-93.5761
-31.4233
-50.0202
-49.2321
-36.488
-49.9106
-37.7746
-36.3435
-20.3482
1.11382
-48.1349
-8.8017
-10.7413
-1.30644
-4.33686
-0.964857
-5.34319
-3.17435
-4.85437
-6.22374
-0.905245
0.0291783
-2.25522
49.3857
-95.3037
-27.0908
-18.5746
-38.8176
-41.1057
-36.7518
-39.1773
-39.422
-35.8702
0.84203
-42.4709
0.170449
1.43669
2.74259
10.5487
13.8444
12.2025
20.5291
19.5062
21.4694
27.7193
28.7532
31.5529
81.5948
-21.6267
0.636477
24.3539
24.3264
35.0708
20.7906
29.2112
31.8262
38.8101
92.6024
1.29389
69.1501
68.8791
60.4119
28.0325
30.7377
30.6731
27.5756
32.735
31.6792
46.9299
46.6883
43.846
97.1726
1.69233
28.5085
47.1723
43.8714
20.902
7.56451
2.94442
12.0001
6.02123
50.543
0.606113
40.2616
40.0293
38.8306
21.6983
19.6301
11.9441
9.80274
3.76001
4.3773
3.29173
8.13173
15.779
67.6677
-66.2332
0.197693
-0.614876
0.117492
0.337684
0.68719
1.86543
9.61646
24.3569
61.6941
0.822383
35.8093
37.2964
23.2963
3.22067
2.97893
-0.0692306
0.04057
2.98819
4.95417
8.03851
18.48
21.8294
75.749
-20.127
0.6605
14.8219
-2.84289
10.2051
18.8752
10.132
-4.41366
0.0353173
30.4394
0.384853
12.2617
5.23698
10.7663
3.23525
6.26406
7.41997
3.28325
2.05753
1.76631
-7.10132
-10.0562
-4.87796
47.5155
-88.9089
-9.11137
-33.8621
-25.0853
-38.4421
-15.5103
-13.2293
-15.9567
-18.1607
0.307677
-5.63672
-2.97556
-5.04948
-10.9161
-5.21444
0.0743481
3.63003
10.0151
14.5484
21.1771
20.1724
16.5875
18.3601
66.0981
-86.4234
-12.9972
-4.99038
-14.3823
-21.6787
-18.3532
-4.54756
-2.79352
0.0339803
35.9711
0.575266
36.8878
36.9243
38.717
18.7019
16.9398
8.39579
8.89415
5.92676
1.4858
1.85363
4.70133
6.24036
53.577
-90.4344
-28.2423
-26.9581
-38.6972
-42.6371
-30.88
-16.7038
-37.0351
-41.305
1.9153
-98.8704
-59.8474
-45.3262
-42.0744
-14.9916
-20.6378
-14.8373
-12.6995
-12.184
-9.67237
-10.319
-8.30132
-7.03862
37.1607
-124.334
-54.4123
-75.1367
-78.6921
-79.8466
-61.3584
-76.544
-62.7996
-51.9033
2.1559
-111.412
-48.0037
-42.8753
-47.3452
-24.8052
-22.7396
-29.6008
-28.6513
-28.84
-31.2947
-33.198
-24.5532
-22.3996
25.6976
-127.942
-54.8714
-76.1158
-56.5794
-39.8892
-60.9406
-55.2777
-52.9549
-54.6114
2.09703
-102.111
-32.9407
-30.3228
-28.9824
-13.5888
-13.2399
-16.2024
-15.0662
-17.9593
-16.3554
-19.508
-13.67
-17.557
28.6579
-134.245
-65.0918
-69.9933
-89.3007
-77.0356
-71.4506
-69.6982
-72.32
-75.5448
1.74537
-163.387
-75.3719
-74.9964
-59.5069
-26.2206
-25.2773
-21.5899
-14.3927
-9.50544
-4.6927
-0.997636
0.0782447
4.53342
57.0568
-94.8028
-21.4924
-22.7195
-40.7926
-13.7372
-10.6878
-26.2221
-13.9296
-20.4811
0.322125
0.18781
4.57539
11.4296
6.24137
2.46824
7.73936
7.62401
8.98411
4.85666
10.2073
9.93631
5.89059
3.02914
45.0058
-116.748
-52.1455
-54.2316
-80.9712
-71.6053
-56.048
-75.6517
-67.0252
-57.8647
2.97434
-150.016
-65.7545
-55.5695
-54.601
-26.1126
-32.0786
-32.502
-35.2695
-39.994
-36.8201
-38.1365
-37.7998
-39.2262
2.17642
-161.161
-74.0327
-67.3422
-81.6136
-56.6406
-64.0778
-52.3982
-54.1678
-44.9531
1.68279
-84.7613
-40.1419
-47.9892
-41.1397
-24.2144
-23.0153
-23.5193
-18.9174
-17.5013
-14.451
-15.3616
-12.2622
-13.8454
42.6177
-96.3986
-22.3444
-37.9539
-34.8424
-6.27189
-26.2822
-10.0981
-22.6165
-6.86711
4.1578
0.131154
25.1064
15.1627
25.1224
10.6516
6.99616
4.95175
1.77553
0.878419
0.644171
4.2987
0.653982
3.19349
42.8815
-115.537
-48.625
-56.4157
-83.8186
-65.1657
-67.474
-77.1543
-60.8962
-76.0895
2.82473
-128.443
-37.6306
-29.2945
-27.9414
-9.25236
-11.3845
-11.4386
-14.2891
-14.5954
-15.9612
-10.1299
-10.2845
-6.89059
36.1527
-120.289
-55.5077
-40.5374
-43.6948
-42.838
-26.474
-40.4082
-41.8296
-40.2322
1.46568
-84.1211
-38.1028
-42.3738
-37.9167
-18.9349
-13.8056
-11.1036
-7.57491
-7.34726
-4.46726
-5.64226
-9.97328
-9.56477
29.4904
-127.021
-52.174
-74.1693
-76.0753
-64.8225
-56.3372
-64.8991
-59.5353
-66.0861
2.53385
-122.819
-57.9164
-59.9322
-52.0824
-30.9991
-32.0163
-32.5903
-35.372
-34.7021
-37.2517
-35.5771
-31.9612
-35.1405
6.46545
-173.17
-93.9277
-102.23
-101.37
-75.1492
-86.0965
-97.088
-93.3982
-91.9234
-35.2988
-202.6
-129.628
-136.645
-148.398
-73.7783
-77.0395
-82.3305
-77.9108
-77.8498
-78.0678
-71.4892
-71.6412
-66.2951
-27.8592
-212.782
-157.302
-148.631
-162.82
-114.773
-128.298
-129.159
-146.909
-128.323
-58.9001
-232.548
-155.864
-153.232
-156.53
-77.0461
-73.9045
-70.5363
-64.5987
-56.6413
-51.3561
-47.0611
-43.2834
-46.8277
-9.26831
-202.259
-144.111
-154.388
-172.82
-140.595
-151.506
-138.021
-140.688
-144.561
-87.5665
-271.172
-192.298
-195.432
-207.082
-107.094
-109.641
-112.681
-109.708
-114.498
-117.481
-111.739
-106.361
-108.545
-73.5851
-324.789
-249.743
-240.944
-239.868
-182.968
-195.497
-197.522
-178.143
-180.465
-108.835
-290.169
-211.292
-201.241
-185.914
-94.6793
-85.2834
-84.2394
-78.0313
-78.8895
-70.3196
-67.362
-61.0075
-61.0226
-19.8061
-203.888
-129.544
-130.697
-130.823
-97.9158
-103.362
-95.8566
-93.7962
-78.0009
0.747685
-140.18
-48.1263
-41.5827
-23.5224
-10.5818
-7.15283
-5.89249
0.031284
1.8245
3.97248
6.80897
8.36327
7.44198
54.1366
-76.6475
-13.6653
-9.83209
-19.1387
-9.12134
-11.5855
-6.22193
-5.5313
0.0424218
34.2917
0.546977
50.3633
47.2397
47.2007
25.8083
30.8173
31.4409
27.8034
33.8839
34.1656
36.1066
34.3737
31.8549
82.3938
-35.8244
0.284718
7.66403
6.71434
11.3304
3.82943
18.8309
28.7552
26.546
59.9476
0.892094
38.8703
48.0484
49.5253
29.8212
25.4082
30.4819
27.5398
28.6555
34.4035
29.4691
33.9203
33.1602
74.1865
-27.685
0.618297
9.92001
-6.77815
18.9621
-14.8649
0.0539602
4.97085
0.0675344
18.1009
0.240083
21.5008
21.2409
29.5589
14.8075
28.2695
19.9528
21.0493
10.4889
21.6786
20.6953
7.37671
-5.27319
41.5804
-118.634
-57.3163
-46.6613
-65.5054
-47.8862
-60.3178
-58.1912
-69.2699
-66.9127
2.80719
-144.578
-72.9873
-78.9434
-85.0508
-42.3741
-36.414
-36.6446
-29.8102
-26.1177
-23.2666
-18.8287
-46.3359
-57.9332
-39.2368
-185.035
-129.696
-210.938
-221.207
-133.079
-94.8537
-134.006
-124.702
-76.4784
-7.40461
-166.644
-69.7672
-49.7643
-109.186
-58.8398
-58.2735
-62.8003
-71.2539
-81.4299
-86.4868
-81.6153
-101.679
-127.906
-103.678
-323.75
-225.485
-172.16
-139.05
-75.5322
-75.3597
-77.3552
-67.8141
-65.8538
2.8241
-148.916
-66.125
-54.2677
-45.912
-23.7842
-22.4017
-31.216
-45.6342
-57.6838
-48.9876
-35.8122
-28.9446
-29.4097
-0.337391
-182.683
-119.859
-122.153
-125.349
-85.9397
-71.9687
-63.6891
-63.4418
-40.2395
1.70894
-82.0097
-25.9828
-25.839
-12.7358
-6.17448
-1.4045
0.0758823
6.51811
7.55047
12.2234
12.4645
10.8309
12.0089
57.6532
-76.5077
-3.24092
-16.4083
0.104166
4.4018
4.88648
10.1844
11.5646
7.41453
52.1069
0.770471
42.7324
42.4941
51.1187
21.2073
24.4566
27.5325
24.8347
27.1296
26.6033
32.5719
29.0125
24.573
71.9215
-54.8574
0.257484
19.6959
4.53393
7.10458
20.5394
4.43287
23.2302
14.6276
51.9385
0.641833
43.5922
47.318
49.6004
24.42
28.4349
24.5179
23.9255
29.0017
29.4056
27.9548
29.6163
26.5932
74.2512
-45.9654
0.327894
11.7498
15.0317
9.05488
-3.84958
0.00470508
0.053767
10.5421
36.6347
0.65485
31.7581
43.4403
37.8329
22.4618
22.3409
23.5893
25.6134
30.4164
28.6183
30.6025
30.0327
24.3981
70.1521
-54.0107
0.325164
5.80858
15.124
7.22343
5.23352
24.6742
0.0627568
21.47
47.9785
0.544967
33.2286
34.9503
45.911
26.2762
25.2762
24.1268
25.9894
26.2265
26.6758
19.5395
18.9733
15.3987
60.283
-67.6993
-8.78568
-3.69098
-28.4614
-16.3686
-8.97219
-28.6492
-29.3625
-19.1803
1.16054
-55.4048
-22.5071
-19.6027
-21.1936
-11.7865
-5.40359
-7.32107
-1.57667
0.0839392
4.06936
3.14744
3.11005
-1.81862
46.7284
-81.2166
-31.5898
-31.1973
-23.89
-38.1653
-28.7727
-34.471
-42.591
-41.1056
1.41318
-70.1054
-27.8157
-25.0703
-14.3752
-1.03701
0.0133492
8.11885
14.1708
17.1027
26.534
28.9837
28.651
16.0886
63.0692
-75.9893
-17.4178
-7.47052
-12.188
-1.53925
0.0241581
-5.71513
0.0431018
3.2277
14.3318
0.174626
12.786
16.6414
9.58423
10.9465
11.9916
8.83285
15.8234
24.5512
23.9786
25.9112
28.6649
24.1968
72.9267
-62.3279
0.237545
37.6918
3.19084
8.07722
0.193391
1.82394
2.96942
13.0127
30.7086
0.512142
28.622
43.8112
35.7791
22.2899
20.3883
25.7822
23.6458
21.894
23.6148
26.0022
24.7922
19.6531
72.228
-54.0887
0.262923
6.61267
4.0649
3.60074
5.24824
15.1133
0.0199523
16.3147
53.2841
0.554636
37.0036
44.7369
38.3841
22.5675
24.5245
26.1605
22.0553
21.8124
24.4846
24.1988
27.293
18.4303
71.5824
-43.0514
0.447117
21.0292
13.1504
23.2836
5.68451
0.226862
3.43962
19.7648
47.2761
0.701959
40.2323
37.3301
45.5705
19.7985
24.3568
21.4887
24.2931
23.5813
22.4949
16.1094
15.0787
10.9134
55.2812
-94.1258
-19.657
-20.3788
-19.2122
-12.1225
-21.8257
-37.0649
-35.6789
-36.738
1.14018
-63.3885
-27.9465
-17.1446
-19.1864
-6.46869
-7.69538
-3.68678
-1.03959
0.0467229
4.02631
6.84537
6.30394
3.34888
58.1458
-69.4131
-18.2885
-22.7226
-34.0683
-20.787
-14.3529
-31.8348
-23.4426
-12.9819
0.0390328
0.02664
1.86661
0.534428
1.49245
2.08655
7.43001
4.527
9.03037
9.71004
12.0825
8.59361
8.62417
4.05726
51.3003
-79.0143
-15.0594
-8.64853
-21.5327
-14.9389
-7.51537
-16.5378
-7.38199
-11.7995
5.42049
0.207871
15.4853
10.569
21.182
20.176
23.2991
20.8678
20.5486
21.9
23.5997
26.9076
27.2685
21.4364
67.642
-37.3566
0.37028
14.5607
-7.80248
16.0757
13.4071
3.26236
13.28
25.5438
44.4572
0.659801
28.5183
40.9532
44.8239
20.7542
19.4677
22.0917
24.1869
25.581
22.8917
24.9164
21.7341
20.5485
72.3457
-64.5996
0.0231569
3.40457
8.42112
-12.0381
-15.7565
-19.2389
-14.0318
0.12477
8.53392
0.0836766
4.55613
10.8866
3.29241
-0.636405
-2.33835
-3.46606
-3.09846
-3.75113
-5.24096
-10.8338
-9.80553
-19.3204
13.8245
-150.505
-99.8677
-74.3218
-108.037
-80.1645
-93.8002
-90.8305
-80.705
-88.4129
-20.6666
-179.496
-112.253
-122.011
-128.896
-70.9189
-68.2427
-68.3459
-68.8987
-69.7209
-72.1782
-67.4945
-69.9939
-74.6197
-33.7443
-234.39
-147.453
-156.617
-179.001
-131.462
-124.981
-129.551
-110.195
-104.101
-31.1027
-195.227
-116.688
-113.87
-121.254
-65.0857
-65.0903
-67.354
-73.1199
-75.811
-74.1412
-75.1987
-74.5361
-82.2665
-41.4574
-248.339
-161.788
-175.66
-154.772
-127.095
-104.302
-121.895
-125.628
-108.972
-38.6145
-193.227
-111.144
-110.677
-108.268
-68.4379
-74.9983
-85.6572
-95.8482
-107.609
-119.728
-118.957
-109.308
-99.4696
-48.2018
-250.678
-164.629
-156.228
-150.21
-137.036
-137.456
-156.157
-144.313
-152.501
-104.688
-314.334
-260.901
-276.055
-286.253
-156.571
-159.732
-163.354
-163.264
-180.389
-187.62
-197.275
-208.348
-210.087
-171.268
-513.001
-428.357
-432.192
-476.639
-469.086
-546.635
-575.586
-570.839
-576.328
-533.523
-30.0662
0.536336
37.3045
31.243
-325.46
-308.485
-309.651
-301.153
-351.345
0.857733
24.8301
-384.561
-350.413
-274.512
-668.829
-623.146
-629.033
-646.423
-533.405
-529.365
-508.861
-516.237
-502.945
-424.746
-652.295
-556.419
-536.142
-512.842
-253.47
-241.661
-230.626
-227.172
-209.146
-201.25
-183.68
-170.299
-175.261
-138.606
-432.373
-341.425
-349.035
-328.502
-271.191
-252.052
-252.519
-218.09
-208.183
-122.882
-290.232
-203.181
-180.472
-176.574
-85.3082
-80.6102
-82.4015
-78.7802
-81.1643
-79.4825
-73.2132
-71.347
-76.7053
-42.9446
-242.537
-170.812
-161.154
-175.706
-129.347
-118.962
-141.549
-133.117
-116.428
-39.1414
-204.101
-111.759
-107.601
-100.175
-44.7186
-41.3469
-40.6328
-37.206
-37.5672
-34.7412
-32.3847
-29.5933
-31.6409
3.11437
-161.456
-83.6673
-87.5203
-78.8129
-66.3861
-72.9312
-84.0191
-73.5607
-77.6527
-2.52663
-149.389
-65.1208
-65.9361
-67.1866
-30.9403
-31.6766
-36.0545
-34.3382
-36.6476
-38.6173
-39.1505
-38.0714
-47.3951
-5.40824
-180.665
-122.114
-107.641
-123.87
-90.7015
-97.0116
-89.606
-67.8699
-56.5511
2.68294
-132.943
-55.4163
-46.5103
-35.584
-14.3882
-10.5807
-7.08354
-10.3325
-9.85637
-6.26215
-5.31869
-6.45968
-11.7545
33.2186
-113.207
-16.898
-33.2261
-37.3926
-26.11
-31.7299
-34.9969
-20.9092
-16.6425
0.35557
-15.0445
-11.2026
-4.7335
-1.26937
-0.764017
-1.25161
0.0436608
-4.40868
-5.18108
-4.21686
-6.63484
-4.16446
-9.41597
33.9619
-126.047
-36.4755
-24.223
-62.269
-37.3343
-49.4307
-43.9552
-34.9261
-39.3818
1.4469
-79.3083
-40.9698
-35.1984
-34.8627
-12.9774
-13.4986
-9.2128
-9.18191
-4.65209
-6.93218
-1.70414
-3.57534
-4.62307
43.7094
-97.8441
-18.5902
-21.6758
-24.0268
-28.11
-19.5453
-15.2179
-12.5075
-8.00251
0.773167
-28.6452
-6.97742
-11.7373
-11.3013
-1.39455
-1.68174
0.0870307
0.538315
1.61288
5.30837
1.46834
0.349622
-0.264138
45.8715
-75.1602
-18.6436
-29.0394
-18.5452
-15.4721
-23.512
-15.7801
-11.0786
0.0107858
0.160327
0.0882132
15.0746
17.7258
9.8861
7.7425
15.2846
20.7251
19.0671
16.282
19.1683
22.654
18.006
16.5858
64.6032
-52.6893
0.349001
5.9412
14.2919
9.852
7.13904
12.8412
16.7142
16.8598
56.2268
0.75254
34.3709
28.0755
31.7116
16.794
18.2134
17.4199
21.1708
18.3453
21.5259
22.0799
19.3097
17.484
62.7731
-53.1119
0.285163
0.0829577
16.913
12.4569
3.95486
1.81332
11.7289
21.9207
38.5089
0.559057
24.8136
33.8674
37.2386
17.59
18.1845
17.7507
18.1714
19.5176
21.3083
21.8619
12.2219
11.5608
62.2475
-38.0527
0.436367
-8.42273
-3.70176
-5.25822
-19.171
-1.76553
0.402617
5.86866
5.56017
0.119326
1.94393
0.958154
0.187916
1.69562
-2.31549
0.0461313
1.52913
0.747473
0.109419
2.05975
1.01292
-0.625242
50.1743
-88.8085
-10.7213
-20.6976
-17.9007
-23.6859
-19.3697
-26.7421
-15.8616
-18.7362
0.787453
-40.4179
-18.6265
-22.8761
-27.0554
-14.2722
-8.71836
-13.4609
-12.3979
-12.0146
-16.3151
-16.3658
-15.8806
-18.3566
25.1122
-121.016
-52.2193
-48.7174
-44.9472
-63.0546
-66.6082
-67.2482
-60.7759
-54.9283
2.64949
-138.461
-76.8475
-75.5333
-76.6287
-44.7426
-43.0323
-41.695
-41.1754
-45.187
-41.3549
-39.0652
-42.9161
-42.8706
0.901464
-175.164
-86.4322
-88.7767
-99.4935
-82.6278
-53.8673
-85.1039
-68.3928
-72.3071
2.75974
-152.169
-83.1587
-78.9322
-77.9261
-44.25
-40.5799
-37.8424
-39.5224
-39.5008
-41.3138
-38.6832
-42.6975
-41.42
-4.25215
-169.59
-82.374
-99.3684
-78.9109
-75.8015
-74.0736
-71.3607
-66.6513
-52.7714
2.56336
-123.725
-53.5395
-56.1348
-49.1891
-32.4768
-36.2312
-33.0646
-37.5674
-42.4972
-41.3085
-47.6695
-49.719
-53.0842
-12.339
-199.672
-112.093
-122.803
-126.003
-97.6042
-108.3
-79.8719
-94.9912
-104.952
-25.1465
-183.502
-99.3466
-102.661
-95.692
-52.6381
-52.6605
-48.8459
-47.827
-46.539
-38.6591
-36.715
-37.7582
-41.7321
1.4322
-173.426
-105.338
-73.2425
-84.6703
-72.4556
-76.4514
-83.449
-72.3345
-50.5425
2.98551
-158.486
-71.8769
-70.9202
-69.9255
-34.5903
-35.6303
-34.3995
-32.8175
-30.203
-31.9733
-30.5381
-28.5957
-30.5483
8.66969
-150.084
-63.549
-73.8552
-73.4023
-73.4437
-53.9333
-37.3448
-57.5154
-56.5194
2.27364
-133.173
-69.7157
-64.5413
-62.0903
-31.6266
-31.9559
-33.2935
-34.7068
-32.9954
-34.8166
-33.6317
-32.9238
-40.7294
-5.38715
-175.533
-105.739
-119.293
-115.839
-98.8573
-113.185
-114.433
-115.032
-108.866
-60.1222
-245.341
-171.719
-182.105
-181.144
-95.818
-88.0144
-83.5657
-83.0681
-79.3224
-74.4831
-73.1422
-67.3885
-65.0286
-22.7226
-189.828
-111.606
-114.774
-99.568
-80.5324
-83.6559
-63.105
-53.6269
-52.7515
2.58274
-126.8
-59.3604
-59.7383
-62.7878
-29.6563
-29.545
-28.4693
-27.9922
-26.8573
-22.6487
-23.8476
-21.7784
-26.0808
23.1198
-136.148
-58.1876
-46.6097
-43.2739
-47.3284
-36.362
-32.4986
-31.6992
-28.6198
1.30057
-69.3141
-36.8373
-28.1837
-29.6179
-9.73593
-3.50752
0.215644
1.03067
7.36253
17.5532
3.41658
-0.272375
-2.4131
47.6886
-84.5794
-5.83396
-20.811
-5.05323
0.224409
7.47394
-12.0184
-2.02779
-1.38084
0.126289
-6.15903
-9.79879
-14.6343
-29.0256
-12.0482
-13.6818
-14.6219
-11.069
-16.1126
-18.3894
-22.1504
-28.2408
-37.8963
6.19505
-161.817
-85.0701
-100.738
-92.1929
-86.9341
-81.8898
-72.6017
-55.9683
-56.5926
1.93406
-104.171
-57.3756
-62.9631
-67.1925
-38.4428
-35.475
-38.2734
-39.3972
-48.1118
-43.7696
-45.6675
-44.9353
-43.723
2.10036
-164.598
-97.0939
-102.451
-108.711
-100.38
-100.264
-113.002
-110.221
-122.794
-46.654
-228.17
-150.957
-161.591
-170.532
-97.9985
-106.172
-114.076
-130.333
-139.291
-150.083
-146.115
-137.307
-152.779
-111.734
-404.857
-310.37
-274.255
-254.977
-186.676
-170.921
-129.169
-143.371
-143.542
-85.2001
-274.405
-209.146
-216.202
-236.912
-125.73
-123.694
-113.58
-112.475
-148.179
-162.037
-177.84
-181.067
-189.362
-139.239
-426.835
-342.817
-329.924
-314.632
-227.685
-196.485
-209.8
-202.368
-202.184
-139.833
-321.144
-238.779
-224.122
-234.688
-128.932
-119.094
-114.709
-119.568
-119.5
-108.369
-109.748
-109.062
-105.336
-60.8516
-289.576
-218.281
-193.391
-159.812
-120.526
-107.949
-110.903
-106.998
-107.681
-24.9919
-182.632
-110.016
-127.018
-117.371
-70.8239
-81.9373
-97.5242
-109.61
-130.887
-149.165
-153.333
-149.874
-133.871
-90.742
-376.556
-344.575
-359.794
-448.3
-336.144
-290.499
-306.822
-317.327
-243.912
-84.1853
-349.802
-343.395
-419.514
-458.653
-186.199
-160.995
-177.118
-188.384
-190.327
-157.377
-145.915
-180.785
-238.161
-167.172
-411.844
-392.262
-426.275
-414.204
-314.359
-284.241
-266.003
-232.977
-211.765
-119.906
-283.346
-201.161
-179.123
-180.132
-94.6097
-98.6242
-103.684
-109.437
-127.248
-141.827
-147.67
-155.335
-161.377
-120.831
-388.447
-303.899
-307.022
-316.828
-278.364
-266.758
-269.293
-266.676
-238.622
-174.643
-361.596
-279.174
-262.301
-265.522
-122.044
-113.652
-104.415
-92.4316
-79.9652
-72.5857
-69.6621
-64.0879
-65.4864
-15.9464
-197.008
-108.075
-98.4461
-86.525
-74.1916
-80.0221
-76.1184
-82.4238
-97.8835
-25.1135
-163.466
-76.0405
-84.3881
-93.3927
-48.5129
-48.7518
-42.3969
-40.8228
-41.0551
-47.5144
-50.5118
-45.2973
-43.31
-1.9564
-163.611
-125.17
-125.678
-110.401
-54.1152
-62.1026
-49.7778
-50.8281
-45.9425
1.50942
-85.0279
-43.4861
-48.572
-62.664
-29.0834
-27.7036
-26.4679
-27.046
-34.212
-32.1329
-30.5569
-30.3307
-31.324
9.63804
-136.373
-42.5686
-40.3459
-18.0292
-32.0113
-28.4989
-39.9778
-29.1668
-42.2334
1.65882
-87.1011
-43.2281
-46.7426
-57.078
-25.5398
-17.098
-12.5993
-11.0329
-7.55569
-6.00424
-2.90132
-7.23005
-7.73544
40.6018
-99.7701
-33.1312
-41.0684
-60.9103
-49.8424
-44.9347
-25.9517
-33.2782
-24.138
1.32411
-56.7694
-19.2171
-15.5798
-13.5867
-5.96971
-11.084
-10.8685
-14.6917
-15.9773
-17.3664
-15.8977
-11.8741
-11.9964
39.2195
-109.869
-39.048
-45.1553
-52.6414
-29.9876
-32.8694
-29.1816
-17.7317
-21.7347
0.703356
-31.217
-11.4484
-8.79695
-10.2065
-3.79814
-4.71142
-5.00741
-5.70953
-11.1507
-8.15652
-5.05823
-5.79735
-7.20382
41.0267
-100.335
-26.6435
-23.203
-26.9449
-7.28251
-21.1798
-12.4193
-7.90329
-3.89424
0.197401
-13.8534
-10.4412
-18.9941
-21.4285
-10.9686
-13.6039
-16.3252
-16.3924
-19.902
-21.5443
-13.8819
-10.9824
-11.5091
34.4323
-99.696
-17.108
-5.71424
-0.704797
-8.22788
-12.6123
-2.23993
-6.4377
-4.78018
0.264965
-14.4532
-0.728239
-6.78735
-13.9199
-7.16512
-7.19993
-5.07949
-6.25156
-4.99001
-2.38195
-1.71611
0.00670062
0.0592131
56.0703
-80.0301
-2.02165
0.0970127
3.98067
8.55468
13.4462
5.22596
2.29424
1.53087
33.1992
0.333639
18.8088
14.6088
13.0912
5.49358
3.35525
2.40406
4.70702
1.28552
4.11388
2.36258
0.0285953
0.0416916
46.2571
-78.3229
-10.8645
-5.61605
-6.84132
-8.48011
0.0654341
4.22347
0.128344
6.23505
38.3442
0.414365
23.2783
35.6929
32.1511
17.9899
11.2346
16.2584
11.6952
11.5892
15.2972
13.1264
10.6689
12.725
68.2744
-56.7161
0.366702
31.5937
18.5774
24.94
14.2136
25.6352
26.2255
31.1572
59.8511
0.660315
23.9998
20.8883
7.84232
4.76216
4.86045
1.08262
2.54282
0.0282899
2.63375
3.67922
1.36686
-2.59667
49.3691
-76.8881
0.122667
12.8912
0.747299
0.197328
6.98148
0.00964834
6.16303
17.5057
27.35
0.356441
25.5023
39.9885
25.9783
13.055
14.4736
15.769
12.7516
12.2686
16.1455
15.3054
15.1749
7.05915
60.1736
-57.3188
0.160396
23.302
31.3939
11.9992
23.2342
26.7331
28.6559
5.03354
43.5338
0.561079
13.9742
11.0903
7.80238
6.43054
-0.219201
0.0417277
0.701295
0.208048
-2.13438
-5.40335
-5.40159
-9.65269
44.6342
-89.033
0.0437374
-5.50294
-27.6916
-27.2656
-1.43517
-17.9986
-23.1662
-23.2391
1.52921
-73.0659
-45.217
-46.4895
-54.0475
-31.2265
-30.1044
-30.6402
-30.2579
-31.8151
-35.3064
-33.8187
-33.6255
-37.8981
7.57511
-133.07
-75.934
-62.6985
-61.18
-47.8566
-42.4272
-50.1144
-49.8713
-43.0692
2.09727
-110.321
-64.0705
-65.9421
-81.8524
-46.1403
-49.7682
-50.6554
-51.1842
-51.1525
-53.9218
-54.9361
-58.2012
-57.1526
-15.7157
-170.152
-107.531
-108.613
-105.559
-85.0406
-90.6538
-82.764
-64.13
-79.6721
-12.371
-176.085
-101.984
-102.296
-108.292
-60.9195
-60.5098
-67.0565
-70.7407
-74.3403
-73.7315
-78.3777
-81.683
-83.456
-39.4482
-236.265
-147.25
-141.826
-143.51
-91.2325
-113.082
-128.419
-122.593
-98.3007
-36.1224
-213.246
-125.18
-125.561
-124.599
-59.5293
-54.9889
-51.6189
-50.4308
-49.3091
-47.1297
-47.4019
-45.8717
-41.2529
2.66003
-152.324
-59.2777
-60.5035
-77.0987
-46.4993
-39.4169
-42.5271
-31.3928
-33.1936
1.10318
-48.6801
-20.6565
-33.5761
-37.616
-23.8805
-27.1908
-26.2793
-26.841
-28.7069
-30.2596
-30.0397
-28.7316
-36.3432
1.74414
-151.296
-84.2405
-66.6213
-65.7807
-34.3464
-33.5439
-33.9188
-34.2388
-36.7029
1.27925
-65.7132
-33.504
-38.6494
-42.6713
-15.1854
-12.5053
-7.13536
-5.17407
-1.89622
0.0708106
0.119608
0.550833
0.427806
56.9044
-47.6722
0.410996
21.6471
13.7083
12.3912
18.1549
27.2651
47.5829
31.2362
88.3103
0.940522
35.2157
39.1874
33.3349
16.0264
11.4182
13.6248
11.8541
12.4417
14.184
10.189
12.4359
13.7367
69.1494
-49.8054
0.314503
15.5075
33.6285
17.1896
20.8862
21.903
32.376
32.7879
74.4007
0.946601
41.6528
40.741
38.4796
17.5025
14.6678
11.0721
12.9994
14.2115
14.8111
10.7875
14.2027
11.7846
63.1054
-31.8993
0.608632
19.1128
19.0948
40.7016
48.9692
19.8474
33.1966
27.7168
62.6139
0.742336
38.1929
43.9442
38.6445
14.7254
14.4972
11.2861
15.4063
12.512
15.5341
12.7316
12.928
9.15319
66.7716
-47.9219
0.250514
27.9692
32.0083
19.0421
16.1113
23.603
22.9433
10.8251
14.5629
-0.176965
-5.68142
-9.14251
-7.53452
-0.716413
0.12492
1.41593
0.00288314
1.54008
3.24448
-0.625463
0.0106035
0.648054
59.1611
-64.4909
-1.87266
-3.79956
0.0348402
7.70324
32.4858
34.5055
29.7583
25.325
75.0658
0.73396
40.1262
41.2291
29.0854
17.1056
16.4664
11.4612
14.8519
14.2558
10.8248
15.4883
14.8019
9.88897
61.3818
-57.9853
0.0806632
11.1435
-1.22663
26.764
6.75638
23.9973
50.4341
29.4627
42.9082
0.578673
12.2708
12.6725
4.53609
4.8235
0.129729
0.868041
-3.19003
-2.80938
-1.91953
-6.46524
-5.06682
-7.28203
48.0214
-85.9153
-8.8697
-25.3904
-23.7482
-14.5607
0.403178
8.72471
1.09142
9.45109
50.2022
0.464586
44.6445
39.6386
31.3478
17.9712
12.8824
12.8193
12.1621
10.1199
12.525
10.3848
10.6534
10.8393
65.7179
-53.7561
0.238567
8.91287
20.6249
32.6326
23.3946
19.2037
25.0593
27.6183
58.9917
0.719284
45.0976
33.7351
30.7621
16.6701
12.7017
14.7423
12.7763
13.9717
15.5888
13.3359
14.9308
11.9303
62.337
-47.3931
0.53403
29.7613
31.7277
18.2116
19.1891
32.9067
31.75
43.7445
59.5699
0.737554
46.4723
37.0805
37.0589
18.5933
14.0043
16.9167
5.66888
-2.18831
-7.57397
-5.61597
-2.63401
-4.04171
53.9969
-73.8607
0.253655
29.0222
18.5762
6.00274
8.96131
12.3325
4.86609
-10.847
13.0655
0.429882
20.3024
15.2566
31.5558
15.7135
16.0533
8.89514
4.9992
6.26381
0.158928
-0.323524
-1.09931
-1.66518
53.9517
-79.6694
-0.278971
0.0115269
9.29928
0.127574
3.64781
0.0380036
25.0042
12.186
24.0514
0.252667
-4.70986
-6.22259
-8.46763
-6.94213
-14.0623
-23.0202
-27.5748
-29.0641
-27.7094
-21.8614
-19.0778
-15.2755
37.406
-100.908
-28.735
-31.6731
-35.1536
-32.287
-39.8693
-39.6261
-45.7078
-51.9909
2.02049
-111.295
-52.4566
-52.7071
-55.951
-27.0451
-26.6833
-24.2993
-21.9058
-18.4958
-13.4521
-15.3274
-17.8509
-18.6088
37.0836
-110.915
-16.5867
-20.5295
-11.1139
-4.30288
-16.8553
-20.0485
-21.2812
-30.4599
1.11998
-60.1952
-27.2552
-30.3417
-23.07
-12.4212
-10.8022
-8.1459
-10.0917
-9.47867
-10.4803
-11.8851
-10.6419
-16.7377
38.4644
-109.019
-15.4254
-27.8956
-9.08367
-6.98212
-7.20249
0.209964
0.0630782
9.90942
42.5277
0.54485
39.4554
32.4638
33.4054
14.7518
11.8602
13.7816
16.1592
11.0761
2.26259
2.73847
2.06006
-0.0206412
48.4381
-87.4228
-8.34533
-14.0663
-3.7922
-2.1325
0.113865
5.01824
7.33402
15.6175
20.1636
0.289153
19.8167
13.203
5.78028
3.93011
-1.04559
-5.71124
-9.76732
-8.76079
-17.1467
-16.2271
-22.729
-22.2679
26.4499
-115.156
-46.8399
-45.8769
-15.0778
-36.2078
-38.5089
-30.382
-3.42607
-21.9263
0.760731
-31.8413
-12.4065
-10.1753
-11.6122
-7.44704
-6.59082
-4.59861
-7.29104
-5.48553
-6.81279
-12.099
-13.352
-14.341
35.1412
-107.554
-42.3562
-41.9949
-47.5137
-11.1328
-27.6654
-23.5048
-26.1062
-31.0754
1.23551
-51.206
-16.4341
-18.3356
-20.3837
-6.5256
-8.12115
-11.0475
-6.82454
-7.82917
-9.24777
-7.31283
-5.35638
-5.58919
47.0866
-80.4076
-4.6818
-21.1951
-2.51863
-9.15349
0.0604135
-5.88549
-17.7327
-15.9255
0.814647
-34.8423
-26.8781
-30.412
-39.3991
-22.322
-25.0256
-23.4879
-31.1683
-29.8324
-33.7162
-44.2562
-47.7882
-57.1441
-20.7614
-216.722
-131.914
-137.401
-155.587
-116.134
-123.851
-124.325
-116.892
-113.105
-41.6111
-193.132
-100.201
-93.7594
-89.1378
-43.1338
-44.8459
-43.6877
-39.4044
-38.2426
-38.5332
-38.0087
-32.6176
-36.7263
6.23993
-164.656
-76.5701
-87.8148
-71.094
-52.6391
-35.8063
-54.1932
-46.9649
-24.517
1.96564
-88.0378
-30.166
-37.6633
-27.6482
-17.2345
-18.5163
-16.772
-19.0596
-20.7704
-25.1022
-25.8779
-30.7622
-34.9086
3.62826
-139.289
-85.4029
-79.5785
-57.9744
-39.9059
-67.2172
-58.6125
-56.3776
-53.4299
2.15723
-119.975
-64.7813
-70.2959
-68.9399
-31.748
-33.4464
-33.3816
-30.4431
-28.3793
-24.0094
-26.5349
-26.5471
-28.425
23.9118
-120.338
-40.8196
-52.4614
-44.8843
-54.6913
-50.3909
-53.6417
-73.0806
-72.8672
-3.35465
-154.94
-70.2273
-66.9451
-67.2452
-29.3144
-31.5234
-27.455
-27.3428
-28.2467
-27.1825
-25.2196
-23.1125
-26.6802
23.0789
-131.457
-48.7286
-50.5422
-63.1476
-51.6523
-36.4662
-43.0674
-39.1002
-38.5575
1.55301
-90.4048
-49.2823
-59.68
-61.0306
-32.8825
-32.5401
-30.1618
-32.8076
-30.1263
-26.9322
-30.6787
-29.9336
-33.4497
11.8754
-139.916
-60.2667
-61.1548
-61.0098
-48.4256
-43.7856
-37.7292
-36.2581
-35.8209
1.40386
-84.1996
-45.3735
-45.0851
-45.7359
-29.4658
-28.9188
-27.0804
-33.2024
-35.8277
-35.4245
-39.8892
-40.7026
-39.5706
13.0305
-146.373
-62.9885
-43.1215
-64.5623
-66.238
-52.39
-73.7394
-62.4839
-56.7728
2.56325
-116.41
-52.6982
-50.8475
-53.7369
-31.1097
-32.6941
-32.3984
-35.6849
-39.8882
-37.2462
-41.1974
-37.5043
-40.0756
-0.493319
-155.931
-79.654
-59.9915
-55.4463
-40.4912
-26.1836
-47.3633
-26.3873
-24.0082
0.593437
-31.0306
-12.8291
-20.0826
-14.4475
-6.35361
-7.38176
-12.2217
-11.0596
-10.2912
-14.2167
-11.7513
-11.6196
-13.2992
32.6619
-111.982
-40.2672
-45.242
-30.4369
-30.4879
-15.2734
-22.2733
-11.9907
-15.2576
0.146312
-11.8594
-1.32333
-10.6479
-4.82337
-8.28391
-12.278
-14.3197
-15.2093
-17.5812
-22.483
-17.3642
-20.7466
-23.6072
25.7341
-123.372
-37.4116
-47.4021
-38.1881
-44.1422
-45.697
-41.7044
-45.174
-48.0425
1.70426
-81.9411
-32.6877
-42.5724
-43.4512
-24.3558
-23.8899
-22.2265
-23.3367
-24.4433
-21.1494
-25.8639
-24.5818
-22.5558
25.5463
-124.525
-41.1466
-34.2074
-49.735
-52.0299
-39.4534
-41.0595
-42.1984
-41.5257
1.94815
-98.4658
-41.8954
-43.4276
-48.1959
-27.0487
-29.1474
-31.5598
-33.8509
-31.7825
-32.3276
-32.7405
-32.8067
-32.7546
14.3722
-136.254
-33.9031
-48.3951
-42.9817
-45.4696
-29.9546
-34.9706
-36.2525
-30.7248
1.057
-52.6143
-23.7344
-30.4729
-32.6415
-16.0908
-24.927
-28.2861
-29.9858
-36.8802
-38.2063
-32.5347
-30.3958
-25.3112
25.6665
-121.813
-44.7049
-37.3242
-44.414
-27.1331
-33.884
-43.8098
-39.8207
-32.2613
1.33105
-71.6592
-32.226
-40.5928
-48.1294
-24.5923
-22.7031
-23.4699
-21.3642
-18.0455
-15.3741
-18.2505
-14.8768
-17.5981
28.7139
-121.837
-40.7707
-37.9137
-35.2778
-20.8089
-23.7571
-22.2702
-16.6068
-13.9564
0.272815
-13.4545
-0.217365
0.0381561
5.06863
0.151672
0.547169
4.07499
2.73775
0.180925
4.17518
0.00588357
0.470839
3.56074
55.8043
-79.1906
-4.61799
-8.06637
-10.0639
-5.79575
0.00970339
0.287203
0.925521
10.7874
16.3235
0.295041
5.74512
7.18427
9.63731
0.0437207
2.4253
2.67231
0.0886739
0.182748
-1.2029
-1.96006
-2.60329
-4.87029
44.7998
-92.8894
-11.571
-2.15209
-13.1675
1.97598
28.7767
2.65287
13.114
17.8667
67.5423
0.87999
40.0698
35.3238
23.9158
12.512
12.9755
10.6863
15.1345
12.6097
14.6666
16.0368
15.2158
13.9965
63.0357
-49.2777
0.389788
11.9754
10.2392
3.30304
21.4289
28.04
46.5248
17.1186
51.7481
0.751515
30.9554
28.1373
8.75912
7.94739
2.89182
3.73051
3.04379
2.06656
0.974408
5.99738
3.84012
3.71526
59.6383
-53.5216
0.329363
30.6929
13.1448
38.4464
18.8162
46.9325
27.3336
21.5704
52.7433
0.60323
33.064
35.5977
31.587
11.7395
12.2889
2.71157
4.94419
2.63348
1.53941
4.51198
3.24212
6.11042
62.5239
-37.0807
0.499632
11.9048
14.0926
21.6641
5.73616
11.8838
26.7342
29.2204
50.3902
0.564208
30.6782
27.9681
26.4968
15.4233
12.9471
14.1807
15.8431
13.9417
15.1056
9.55011
15.1614
11.253
61.1393
-43.083
0.443143
17.6492
28.9725
22.0676
18.9749
29.4151
27.5556
26.2996
54.7302
0.57516
28.0003
32.0183
21.8834
11.8547
14.5702
9.9737
14.4878
10.5445
10.6354
15.4318
12.8893
11.9896
60.2665
-65.6377
0.124984
14.362
15.0499
14.1407
20.7605
9.5309
15.6008
6.24921
26.9198
0.508799
4.17581
0.571921
0.926014
-1.39654
0.0696029
0.970978
-1.50817
-2.94197
-1.99724
-2.54876
-0.44161
-5.06901
46.1197
-82.419
-17.502
0.0916167
-0.445637
0.0375617
0.780514
-13.208
0.106218
11.9762
9.43169
0.128124
-0.456807
0.0904607
-4.94686
-2.07713
0.0232953
1.56898
2.75617
0.528696
0.0237193
2.26001
1.62846
1.52213
52.1665
-94.1025
-9.51009
-22.4601
-8.6422
-7.33
-8.59351
-13.7405
0.0608983
-4.76572
3.67415
0.0887219
3.17512
-1.30767
-1.77868
2.60006
-1.5728
0.043555
-0.795854
0.0393575
-2.93739
-0.299071
-1.18725
-7.00433
46.1838
-82.1124
-21.1145
-20.1096
-17.6163
-10.675
0.105667
7.19419
13.3946
1.69432
5.29123
-2.85853
0.0538974
10.5481
0.939713
0.0589631
0.567618
0.0237335
0.527982
0.434829
0.202347
-0.219347
-6.23287
-9.67216
40.2663
-107.201
-31.9221
-26.9181
-44.6483
-24.9079
-24.029
-13.4111
0.340361
4.04056
7.54712
0.0495294
5.39165
-8.6515
-9.17905
-9.81514
-7.02726
-10.1908
-7.92289
-6.49896
-7.2782
-5.0673
-7.97794
-6.54638
41.8168
-101.28
-22.29
-22.0756
-20.2346
-12.8376
-3.74415
0.0546838
3.3845
3.98325
13.9412
0.26989
6.03353
6.05267
0.914894
6.92702
3.01902
3.02956
6.50016
6.3291
1.18328
4.71108
4.47103
0.0643246
51.7275
-74.1102
0.0125594
24.0044
8.073
5.69084
26.7471
25.1038
22.8243
21.3441
59.592
0.805979
34.5687
24.5555
22.4266
10.1908
5.93223
-0.137569
-1.16683
0.0037178
-4.99317
-4.45881
-5.28086
-2.99785
47.0682
-71.041
0.219105
10.3609
17.623
39.6062
14.8506
17.6177
37.1592
28.6152
55.2613
0.618663
35.4672
33.1729
22.2906
16.0213
12.7071
14.311
10.3282
9.75518
12.5019
14.4473
13.8392
9.72514
61.8336
-55.3408
0.30536
20.979
9.945
26.3369
16.7865
14.1743
28.5693
35.8028
51.5514
0.726375
26.9491
26.8397
32.5633
14.7583
13.8777
11.0299
7.45826
1.17268
6.84259
1.04914
7.14257
0.967022
50.3692
-77.3899
-5.17156
-17.6059
-0.569716
-2.48102
-2.09675
0.0637523
-2.90182
-5.03869
0.311249
-19.5479
-15.2296
-14.3757
-14.5868
-7.35696
-5.43129
-7.23876
-5.9797
-2.78905
-5.53297
-1.69919
-0.208544
-1.98027
51.857
-90.3075
-18.2852
-25.5131
-15.6933
-24.4783
-15.4583
-15.469
-8.34664
-7.29571
0.151677
-2.32712
-9.47609
-11.3369
-13.0997
-10.7141
-13.7766
-15.954
-20.0554
-21.2946
-27.1196
-31.0083
-25.8367
-26.9905
23.936
-111.338
-40.064
-38.6898
-38.7649
-23.0132
-27.3121
-25.862
-27.9177
-19.4447
0.858855
-46.964
-18.5198
-27.2206
-29.9817
-12.6576
-11.539
-14.855
-13.74
-10.9285
-11.5726
-12.3625
-13.5129
-13.1379
33.1946
-111.169
-33.4669
-32.8139
-16.1283
-32.9662
-30.2935
-20.1399
-19.8743
-14.9009
0.52586
-31.1294
-10.5435
-17.3111
-20.9701
-7.23792
-8.18621
-8.98791
-10.968
-11.5922
-9.34884
-5.81977
-5.18019
-8.65203
37.9388
-112.113
-33.0907
-43.9666
-44.8112
-44.0768
-41.2386
-39.2957
-33.1397
-31.1393
1.46962
-66.8533
-26.8635
-19.8
-22.4571
-8.28369
-3.93842
-2.01673
-2.08114
-4.12729
-3.30073
-2.10038
-0.809983
-3.88461
48.2574
-101.279
-24.4724
-0.993792
-12.2536
-14.51
-9.28769
-18.6558
-6.83699
-6.19338
0.0640104
-1.54136
-4.66518
0.0076318
-3.93897
-2.36853
-2.42557
0.0413053
-0.460108
0.0963062
2.08932
0.0676623
4.29286
4.58575
55.8089
-63.1463
0.165289
9.90606
7.71823
37.5793
16.2492
22.0622
32.0608
23.7392
61.5871
0.706545
29.6167
21.5741
28.2635
12.7155
10.1256
15.1045
14.0325
5.68076
2.3415
0.0423238
2.27547
1.56452
55.9639
-73.5556
0.0877898
3.93937
25.7191
2.69177
9.12224
16.9479
14.5921
30.6753
53.5026
0.67252
33.6836
24.3505
23.6216
12.002
14.3851
16.1507
14.2883
10.2595
12.0127
11.3129
11.6426
16.5631
65.0551
-46.7417
0.376117
20.6858
11.736
3.94227
-0.574294
0.00178395
-2.84578
0.0888407
12.1173
-1.43216
-1.66324
-7.1261
-14.2681
-5.3831
-7.44023
-6.70089
-4.3362
-3.81537
0.0610476
0.463001
2.37686
16.4494
62.78
-55.2237
0.447504
29.5785
12.2525
13.1272
2.09043
4.03278
7.91416
7.45864
20.1694
0.336513
8.96057
7.29668
4.16946
2.46596
5.2371
4.16978
4.8287
-0.22494
-0.701633
-0.760944
0.0116008
0.520104
48.6148
-69.2432
-1.14065
0.168483
-16.2141
-0.19297
0.0528523
2.96367
0.0452311
9.5831
47.7073
0.560869
27.9246
22.8233
28.4894
15.1496
11.7879
10.455
15.987
16.0743
12.7129
13.5325
15.4702
13.1853
66.2783
-56.2746
0.308599
21.9578
8.25108
14.4136
7.42757
13.4249
15.8626
20.8117
48.5236
0.485115
29.6508
32.5164
20.0963
16.5326
13.6288
12.3123
16.6445
16.0413
12.1698
16.0767
11.9591
14.0719
62.0992
-57.3485
0.30528
8.40615
-1.0141
-5.43345
-8.6066
-6.46214
-2.31356
-0.360404
1.03726
0.0330259
-0.0874158
0.0397728
-3.70653
3.13882
2.61788
2.89178
2.5677
4.73458
16.2341
12.2629
19.034
18.7373
62.3225
-46.9541
0.357621
1.88813
2.40241
11.0597
20.6429
0.153703
18.047
12.6169
38.9409
0.485281
24.221
21.6797
23.8402
13.8877
12.5843
7.35157
15.1205
16.5937
18.0207
17.2711
18.6869
14.3711
68.7932
-69.8703
-4.06891
-3.60975
-8.3155
0.39509
0.0304328
16.7739
3.85198
5.3344
12.5448
0.0806184
3.40599
2.38678
6.90657
3.71843
6.66328
2.98599
11.7028
14.0132
18.302
18.6513
13.8728
13.0164
65.9195
-52.9517
0.234649
10.7246
14.7339
0.463801
5.7727
6.73904
12.8972
19.0288
53.5924
0.684066
28.2549
28.3377
28.2553
16.4455
14.905
12.592
12.174
16.2443
14.2786
13.9158
16.8271
13.9306
65.4047
-58.0064
0.202726
15.8542
9.04048
33.0349
3.35212
9.90688
13.1815
17.8136
49.96
0.547559
33.4473
28.5627
22.5381
11.6112
11.8778
11.9262
13.5002
17.6789
16.2704
7.64459
9.35946
4.50507
54.7053
-91.898
-18.539
-19.8846
-29.2716
-18.9353
-28.2331
-25.3462
-16.4407
-15.1901
0.355742
-19.9117
-20.1878
-20.1812
-11.1454
-7.88522
-7.2103
-9.62446
-5.79608
-7.92739
-6.12239
-3.81941
-2.66737
-3.19512
49.0423
-97.0552
-22.4432
-14.005
-24.2075
-29.3025
-9.93521
-13.4547
-12.9337
-9.68738
0.339742
-13.2705
-5.57015
-5.11764
-10.7025
-6.58392
-2.74605
-4.19506
-3.5358
-5.96981
-7.6426
-6.76435
-3.32691
-4.7565
42.5522
-99.3703
-35.6641
-23.4465
-23.0161
-27.777
-24.9665
-13.6397
-22.6851
-8.86647
0.58926
-20.8672
-4.01416
-4.91844
-6.83051
2.20743
-2.88677
0.0150149
-2.12138
-3.58048
-2.77932
-2.94713
-1.03237
-2.81144
46.1806
-102.14
-29.7363
-26.3961
-30.2564
-18.7222
-25.8539
-6.61595
-20.1628
-19.6913
0.57826
-29.1682
-15.2166
-6.6952
-5.81559
-5.12084
0.230726
1.13441
4.59885
2.82822
9.79144
6.68154
10.1932
3.25444
50.7077
-95.0442
-25.7944
-30.7506
-11.075
-30.7454
-25.432
-32.875
-33.0948
-16.8184
0.928577
-38.8236
-22.0862
-20.8442
-21.2506
-7.2628
-8.144
-7.69179
-5.18708
-4.11622
-1.30469
-7.57288
-6.09773
-11.6798
32.4499
-121.884
-40.0392
-48.595
-53.6696
-62.8955
-69.1906
-64.7701
-62.274
-70.3066
1.39279
-151.419
-70.6935
-74.2876
-82.5917
-42.4371
-45.8639
-41.4602
-41.5133
-47.1394
-43.8887
-46.2162
-49.9064
-54.0925
-12.822
-205.299
-143.559
-157.818
-176.935
-140.707
-158.737
-163.088
-171.05
-179.994
-117.174
-325.853
-263.528
-272.871
-283.751
-150.022
-152.273
-151.271
-146.157
-143.154
-140.983
-138.47
-135.83
-128.946
-81.9963
-306.421
-218.796
-210.335
-206.784
-174.531
-163.693
-163.896
-160.027
-161.821
-90.542
-264.424
-179.621
-174.577
-181.929
-82.5607
-83.5105
-74.4937
-69.3952
-61.6223
-62.2392
-54.1734
-47.2882
-40.0169
4.06095
-163.592
-78.9575
-69.0635
-78.7566
-67.5251
-66.3619
-69.1961
-50.3529
-49.7023
2.06535
-108.922
-48.9763
-50.5793
-42.0487
-17.4935
-17.3429
-14.4353
-13.1956
-13.7418
-12.4239
-4.60037
-0.175075
-1.8396
51.2047
-97.4863
-20.2676
-29.3556
-29.713
-26.0777
-8.08745
-23.734
-17.1864
-9.38177
0.196658
-3.66259
0.0174148
6.64507
13.4861
6.40603
7.47965
3.61994
6.24566
4.41196
5.14783
2.58827
0.538575
0.490183
45.2913
-99.9999
-30.256
-41.0153
-46.5238
-41.4022
-27.1254
-27.6879
-29.208
-29.9957
0.901031
-52.0176
-22.7796
-24.6409
-20.804
-6.76319
-5.87666
0.0110264
0.476417
1.68722
2.22472
3.48723
4.38146
3.13413
49.0709
-105.568
-29.5482
-38.7264
-15.44
-27.492
-24.6991
-34.4795
-31.1884
-20.4718
1.23004
-58.6268
-29.1862
-24.1052
-24.8301
-14.5587
-11.7046
-12.6075
-7.84476
-10.7587
-12.5473
-12.792
-14.7092
-15.1942
33.974
-132.415
-70.5728
-76.0232
-75.5451
-80.6884
-72.9508
-76.5223
-76.2274
-74.475
2.99876
-154.171
-77.1513
-68.4559
-65.7798
-37.1729
-34.0561
-29.2932
-28.8648
-32.1408
-31.5407
-32.0881
-37.8004
-41.2382
-4.95094
-188.076
-118.612
-103.452
-117.601
-100.357
-98.8604
-97.0678
-94.3025
-89.9967
-10.4957
-171.484
-88.8676
-87.6355
-84.8597
-44.0987
-49.1225
-45.8877
-49.0446
-48.8221
-51.1079
-51.2859
-50.6393
-50.595
-5.61282
-189.009
-129.583
-131.768
-135.671
-130.151
-125.877
-148.218
-135.033
-145.478
-87.8666
-278.235
-210.667
-223.355
-228.766
-121.623
-127.077
-133.886
-135.065
-136.729
-138.943
-141.316
-131.91
-126.67
-81.3695
-312.351
-228.519
-230.044
-218.442
-170.559
-156.251
-155.386
-143.924
-135.94
-52.624
-217.195
-134.237
-125.417
-115.949
-51.5415
-45.801
-40.6749
-37.263
-32.1539
-24.8212
-20.8752
-15.2956
-11.7833
31.5963
-112.169
-41.0214
-42.6715
-43.0437
-34.2354
-25.15
-30.2164
-14.1063
-16.6624
4.41357
0.19798
14.1275
18.9797
45.7135
19.6889
23.4211
23.5985
23.6933
24.0244
24.1638
24.1159
26.5658
27.4293
69.589
-58.1496
0.185789
-13.948
-15.8835
-0.749536
-13.7175
-3.06325
0.123149
6.97937
19.5296
0.245687
21.6638
13.1617
18.677
9.07657
11.187
14.5162
16.155
14.9157
15.7515
27.4626
27.6262
29.8145
74.0713
-56.4518
0.0553389
-4.59203
-4.7982
-3.94004
-2.95305
0.137728
3.10474
-3.05159
3.46613
0.0834991
4.07484
2.92024
5.91525
5.18748
2.03703
4.5645
4.05023
2.07644
3.84407
3.3021
1.46372
4.31912
53.4934
-90.7711
-16.429
-36.0803
-45.3718
-28.2642
-31.1774
-18.6398
-16.0176
-27.8147
0.885332
-42.5614
-13.239
-17.8433
-5.74492
-13.1076
-15.3846
-23.2545
-34.9546
-40.8799
-55.582
-54.1783
-49.7011
-47.3114
-6.85513
-189.68
-107.246
-101.074
-100.745
-87.1752
-74.9365
-63.0934
-51.0352
-64.0204
2.62981
-119.385
-36.3966
-25.961
-26.4498
-11.4398
-9.70362
-10.4944
-8.76491
-10.1061
-1.60676
0.00746205
5.9266
9.23189
55.1036
-95.2159
-24.6909
-52.4053
-62.0519
-82.7296
-79.566
-87.1899
-88.1482
-81.2256
-18.4024
-176.912
-102.785
-110.536
-99.3923
-50.7702
-52.2845
-49.5309
-48.2758
-48.6429
-47.206
-45.9091
-47.2051
-48.6061
-2.33582
-179.339
-99.5665
-85.8738
-106.986
-62.6303
-62.0465
-48.7054
-34.7477
-24.14
1.04731
-47.789
-14.4417
0.17729
2.65207
2.22046
6.04413
6.65702
10.8841
10.8206
11.4229
14.4961
10.3015
11.3308
68.7659
-68.6962
-3.33064
-17.1816
-10.4473
0.23874
0.74317
1.49453
-5.06665
0.037593
48.2816
0.450378
11.2348
14.6128
3.58455
0.344564
6.31272
3.2869
-3.9105
-4.78696
-31.197
-58.4386
-53.9653
-53.1221
-18.4808
-244.527
-219.672
-184.256
-174.113
-164.255
-184.249
-208.22
-191.718
-185.053
-103.805
-271.533
-167.501
-129.438
-90.6921
-22.7266
0.0623298
0.321073
16.9436
15.5347
19.1185
14.0496
14.5186
16.4912
70.5638
-74.0561
-24.0118
-24.022
-49.7657
-25.3184
-15.7403
-7.5584
-8.87353
-6.72925
0.0851122
-11.5683
-28.9233
-41.0081
-45.2241
-23.5571
-24.0779
-21.3236
-22.9409
-23.4422
-24.8708
-38.5841
-43.138
-62.4384
-48.7308
-363.89
-376.155
-391.876
-350.444
-248.818
-154.987
-106.218
-69.9871
-86.0569
-30.7138
-168.595
-75.3661
-70.1341
-64.9035
-33.2271
-30.1868
-30.9027
-32.9426
-30.1449
-33.6335
-36.154
-37.8718
-41.9458
-8.09327
-191.156
-133.93
-149.173
-135.955
-108.222
-122.636
-130.965
-130.526
-129.342
-62.2522
-226.147
-132.208
-125.328
-122.234
-60.4093
-61.1573
-53.6659
-56.0411
-54.6282
-52.032
-55.9808
-60.8611
-67.374
-26.9901
-226.968
-169.642
-163.116
-169.539
-143.667
-114.539
-109.915
-111.052
-97.6382
-18.6928
-160.028
-70.104
-60.8341
-48.6655
-25.3626
-21.4968
-17.9816
-15.4641
-12.8763
-10.0862
-7.1144
-6.78511
-1.12665
50.1279
-91.4406
-22.3375
-22.9992
-10.7387
-12.2078
-11.086
-6.45063
0.0289714
11.0584
35.5596
0.495178
24.4298
29.0098
33.9252
16.9923
23.711
21.2344
19.035
18.7697
22.941
24.0098
23.2318
19.2798
75.7567
-65.2851
-2.57786
-8.05178
-13.7145
-14.9613
-17.5737
-9.44817
-10.9414
-9.31975
0.179362
-7.50279
-10.3824
-5.22589
-7.97187
-5.86173
-8.74156
-8.43913
-8.459
-4.79277
-9.91306
-7.69709
-8.78311
-8.47644
38.0605
-116.596
-46.8533
-53.6652
-62.9296
-45.5948
-56.6325
-44.7196
-44.7827
-48.7883
1.82224
-89.054
-40.9271
-36.0144
-37.3711
-16.3576
-14.9032
-14.7476
-10.6051
-9.62104
-7.14958
-12.3494
-13.9322
-16.5123
30.0409
-127.514
-64.9865
-80.0111
-65.4877
-81.0173
-84.8863
-94.7979
-93.9919
-102.334
-34.0943
-197.765
-111.741
-98.7047
-87.3059
-39.8415
-31.8849
-23.9373
-21.1817
-16.9346
-17.1143
-19.6153
-22.2103
-23.9425
9.94703
-170.477
-102.476
-123.358
-121.419
-94.9775
-95.022
-94.9589
-91.8686
-81.2966
-10.1111
-154.433
-68.8523
-65.9759
-56.3849
-27.5327
-29.0907
-27.4288
-26.7548
-25.5908
-19.4209
-17.6182
-17.0606
-20.8569
27.0008
-127.633
-48.4267
-58.5122
-57.834
-53.9573
-52.6248
-43.9853
-43.4382
-25.3036
1.187
-56.3024
-21.8897
-14.6644
-6.15789
-5.95066
-1.27198
0.0396629
1.66559
5.82439
8.02819
7.63456
11.6679
8.53616
63.2922
-69.8029
-2.66165
-5.07543
-19.0759
-11.8487
-24.6416
-24.917
-18.8651
-14.8111
0.26688
-6.91566
0.102159
1.16396
7.98017
7.9269
8.66634
9.96601
13.0816
9.80505
10.1729
10.3187
16.021
15.9415
68.4396
-65.6079
0.106961
-0.426978
-5.89941
-22.3478
-13.0794
-10.7426
-4.19082
-2.53041
0.177411
0.0919127
0.473718
5.1833
2.90292
4.74638
2.98797
4.51365
5.24516
2.36851
8.13401
7.40639
7.24918
4.72471
58.4614
-79.8249
-2.56672
-11.6402
-32.6904
-27.2351
-15.217
-12.5715
-4.66941
-11.4102
8.75461
0.231243
11.6286
14.4415
12.2209
14.0819
12.6624
18.7071
20.4422
21.8827
21.2865
24.8814
18.1361
20.0364
70.9077
-54.1101
0.195996
-1.90017
-8.89624
-6.34457
-12.3732
-7.83141
-1.37449
0.0520968
31.6917
0.53215
34.4847
38.5648
36.9942
24.9033
19.8256
21.0559
25.1234
23.0257
27.8346
27.4376
28.7309
25.2194
79.7554
-30.7673
0.477048
8.24057
3.0502
3.50019
12.028
0.0222019
7.32377
12.1572
43.1071
0.57354
37.4533
48.857
61.3007
31.7675
30.5354
28.7073
31.3673
30.5302
37.5237
36.1942
37.3696
34.5439
87.6699
1.53873
3.26216
39.0067
22.5016
22.2676
15.3861
16.3877
25.4343
32.542
82.5335
1.09762
53.5339
41.5834
36.6023
18.1515
22.9868
23.1071
20.607
23.2364
19.352
24.9442
22.8426
20.6566
75.5395
-60.0427
-0.779982
-6.72356
-16.2312
-14.572
-21.8677
-13.9485
-13.9356
-10.5447
0.141015
0.125904
0.401319
14.7039
13.8745
7.79723
7.29903
11.7987
14.9511
12.3263
15.3714
12.8845
16.9147
15.601
74.6912
-44.5247
0.264874
8.16948
-2.65606
-7.62578
-10.519
-3.47284
0.104093
4.27897
30.0085
0.383052
29.384
32.6435
36.1858
16.2567
19.3415
19.0122
15.6848
17.891
21.1281
21.2789
23.2638
17.5952
69.7896
-44.3662
0.284931
0.209617
2.94508
4.00712
-5.29442
-4.52337
-0.673223
0.0793636
22.2044
0.398095
25.6794
20.8143
20.2745
15.9514
16.846
14.464
13.9167
12.5315
18.2373
16.7475
21.3052
20.436
77.2438
-46.5748
0.142916
5.01738
-15.4296
-10.6776
-28.0185
-38.4394
-25.3773
-21.7243
0.559723
-26.7875
-7.41346
0.0530087
3.28826
1.69662
0.00600506
2.08398
1.43226
4.76055
1.82121
6.95321
5.87892
5.26932
51.3705
-85.5001
-29.0868
-31.1567
-45.7273
-28.4492
-28.3754
-26.3504
-31.3329
-22.7418
0.809511
-31.355
0.00554654
0.973483
2.67353
4.80951
4.08967
3.33654
1.19583
1.40111
8.34943
8.82029
6.97241
5.1541
62.4265
-78.5964
-6.32588
-14.1901
-34.7619
-27.2557
-22.4209
-23.5014
-20.295
-19.5883
0.521838
-29.4267
-8.15805
-11.0802
-7.53357
-3.1424
0.06313
4.87139
5.83644
3.7294
4.79074
12.4041
11.135
17.351
69.3212
-60.7178
0.0656272
-0.141397
-7.49677
-11.9192
-11.6861
0.0136024
-4.09526
0.0990587
30.6053
0.300479
19.6639
16.8102
27.6001
11.8702
16.3366
15.2485
16.98
23.911
23.1099
26.1919
21.8072
24.9224
78.5381
-33.5152
0.417201
16.9278
-4.18007
-1.35402
-3.02339
0.00430633
0.0847503
4.11871
16.4635
0.315582
21.8221
23.3707
21.6817
12.1958
10.6007
15.6329
17.5447
12.1039
13.3575
16.6601
10.4178
15.2356
67.2478
-69.978
-3.94117
-6.25717
-13.3485
-20.7408
-23.4734
-24.3672
-23.7458
-28.6908
0.964968
-47.2595
-19.6753
-19.8142
-24.0023
-12.2799
-11.3291
-19.8104
-21.4396
-22.6295
-22.298
-26.0165
-27.7799
-28.5104
11.9258
-153.546
-90.1274
-95.3214
-101.133
-92.6409
-82.4568
-83.4972
-85.2332
-75.2827
-4.01122
-153.905
-68.9184
-72.4466
-76.4527
-43.6434
-47.3325
-55.3135
-52.7311
-53.334
-58.6614
-56.0478
-51.0042
-50.1995
-7.19934
-178.946
-109.337
-116.94
-114.646
-93.3025
-84.136
-77.0655
-75.9701
-63.7062
-1.53266
-153.09
-72.5669
-77.3645
-68.9183
-35.7502
-31.7443
-27.5134
-26.5475
-21.5026
-17.599
-19.2656
-14.603
-10.9113
44.0866
-89.6877
-24.2173
-29.3083
-32.2029
-24.6004
-12.4552
-18.5197
-0.870773
0.158948
26.0583
0.388236
27.6978
25.2601
39.2023
23.5343
29.5367
27.3193
36.6759
37.6169
38.0225
41.0154
43.8784
46.0433
96.5104
1.70008
26.5316
48.6387
55.5645
37.3538
8.58391
18.4605
22.5873
24.544
77.4375
1.06405
53.7209
48.5431
46.2059
25.5867
27.9548
30.4181
29.2219
37.842
38.629
40.1265
43.1695
43.5528
94.6362
1.76279
47.3527
45.3644
35.2716
28.2292
25.1942
31.6709
31.6668
35.9847
80.7241
1.06085
70.5211
70.2927
79.5273
37.3846
39.7542
42.666
42.9266
38.6218
41.2307
45.6274
43.3548
47.3952
100.49
1.78795
46.3195
56.2284
41.386
39.5063
26.3683
28.6767
37.038
47.6826
114.353
1.5087
71.0686
70.8875
76.5005
37.7868
37.9821
42.8684
41.4593
40.565
43.4564
43.9603
44.1689
42.9396
99.0036
1.77423
41.3934
53.9217
56.491
23.5345
22.4583
13.3752
14.9586
12.661
40.7929
0.58271
19.1996
14.0666
15.7638
11.0154
12.9051
11.7186
10.2151
10.1477
5.33077
1.94111
5.96432
8.72155
62.7194
-72.9292
-5.23251
-13.6643
-32.3041
-20.6329
-15.7899
-24.5888
-13.0856
-13.2559
0.438248
-25.9886
-15.789
-16.2413
-20.6355
-14.6107
-10.4226
-14.8934
-9.93117
-10.8744
-7.28038
-6.12409
-2.33052
-5.23286
53.1541
-90.9106
-16.5248
-33.7208
-32.3992
-32.4082
-31.0057
-21.8852
-19.3178
-5.02866
1.2489
0.0297428
12.5359
12.9761
23.7341
8.62717
15.5188
13.4083
18.7434
17.943
21.0457
13.2712
11.1198
15.1348
71.7772
-18.8057
0.725629
23.4056
23.459
21.5417
5.06279
21.6546
25.9953
50.1605
121.873
1.55786
70.4656
73.105
78.0623
41.8329
42.7814
42.1607
40.8406
43.0012
41.9142
46.2544
45.3592
48.3223
101.475
1.87376
53.2619
50.6994
51.8325
41.5821
42.0256
43.6598
39.7109
51.4676
120.3
1.4726
69.1631
81.8589
74.1933
43.008
41.2099
42.9885
44.9067
43.8442
43.9012
48.4791
43.9177
49.5136
100.9
1.86243
64.5359
56.5639
58.9848
50.5958
39.0551
38.11
42.1833
50.3404
114.806
1.39183
77.366
81.9984
73.3978
40.1301
44.4207
45.3751
43.5715
42.3221
46.1177
35.3107
36.5657
33.8419
83.7123
1.57534
1.07763
24.2872
18.9371
12.9534
4.3868
9.26439
10.5141
8.5939
39.6766
0.419269
-0.823116
-1.41746
0.114312
18.6248
15.1269
15.3144
23.9725
26.6014
26.2858
23.3553
24.677
18.4454
73.6368
-44.8974
0.14096
4.79138
2.27168
-3.42266
0.0155937
0.123259
1.39976
-1.80219
0.102848
-13.0599
-21.5925
-24.2872
-20.2341
-9.0788
-9.3092
-8.37139
-2.64526
0.0953171
5.77289
4.63607
7.6243
4.95189
63.5934
-66.9441
-1.74507
-4.51009
-13.3257
-14.5774
-4.17935
0.0308676
0.617636
12.7666
55.3159
0.653793
37.2669
39.5605
46.4496
28.0468
30.6559
37.136
49.7186
48.4751
50.6405
45.9674
50.1534
49.0726
96.4705
1.70208
27.6038
29.4065
26.8591
23.7219
6.6051
20.0722
19.8459
28.2063
82.5597
1.08381
50.1095
60.4119
59.9708
29.5488
30.7677
34.5004
36.7914
32.3214
37.0283
30.9249
36.2063
35.238
85.8349
1.57074
5.11511
37.2896
13.3414
-5.58886
-5.23039
0.0343555
3.89272
7.57919
22.7894
0.285988
12.9652
9.74218
6.39709
5.40254
7.29073
4.92313
6.04948
6.54176
6.46415
7.09588
8.52261
5.01853
64.535
-65.0132
0.170067
-1.63851
-3.27287
-2.79726
-6.81971
0.0606281
2.98868
16.0733
31.5998
0.430081
29.0903
27.4223
34.1056
18.633
27.5685
30.7667
30.2793
34.2224
39.5591
40.0925
41.9687
37.8777
91.7772
1.62518
12.3018
35.638
31.6468
35.7521
27.4615
27.5374
23.4995
25.635
76.6896
1.0098
55.5668
52.1067
67.2057
29.8246
34.9654
36.6412
37.7059
36.4554
39.2303
39.4525
39.1634
38.0107
89.6853
1.7631
36.5332
47.0485
42.4852
26.4396
28.9117
30.7831
40.1818
46.236
102.657
1.37571
70.5477
68.859
74.048
40.5378
35.739
47.0623
49.3041
46.998
48.4713
46.9008
51.9937
47.3623
107.521
1.92051
75.9368
73.3067
68.7547
57.5576
56.5842
52.27
57.7315
56.7401
136.631
1.58517
82.9017
91.4394
86.4572
44.4299
49.0606
45.0513
49.7984
48.4752
51.8312
51.6286
47.6418
54.4482
106.428
1.90792
81.3509
82.9129
72.1241
58.6237
49.7464
48.2699
43.0895
42.4505
94.8784
1.1921
61.3167
52.2627
60.2404
27.868
21.3362
17.122
12.6885
15.6485
14.3694
11.4094
11.8307
11.3446
70.1256
-47.8878
0.314297
5.15551
-5.52115
-13.272
-11.9756
-3.09322
-5.88624
0.0955819
0.94777
-3.53342
0.140252
0.516136
3.55296
0.0100788
1.42667
-2.31989
-2.46971
-7.78941
-15.2242
-12.2247
-14.2921
-16.2483
29.0291
-120.653
-54.2054
-63.0183
-65.287
-54.5098
-59.3043
-56.0165
-54.7973
-59.8303
2.83086
-140.966
-74.9393
-70.3008
-66.7121
-43.9681
-46.3553
-51.2483
-60.7345
-66.1502
-75.8135
-68.5924
-67.3463
-70.6228
-36.5834
-243.766
-184.036
-191.667
-207.411
-176.619
-189.975
-203.082
-199.341
-194.256
-127.094
-307.752
-224.308
-215.6
-207.069
-100.034
-92.6223
-86.7476
-85.7934
-79.4303
-78.9045
-77.3092
-64.2826
-56.4111
-15.4007
-196.45
-128.054
-142.065
-140.015
-110.625
-104.587
-97.2384
-97.1154
-84.9905
-6.28771
-164.797
-84.9892
-81.3144
-77.925
-37.9839
-34.2285
-38.238
-35.6184
-35.4671
-29.2807
-32.1612
-32.7274
-33.0879
10.3382
-141.407
-66.35
-64.5762
-62.4462
-52.1465
-50.0118
-46.7647
-49.5738
-34.1675
1.40836
-67.3312
-19.1038
-26.7987
-21.3943
-5.60867
-0.461818
0.0803918
3.12569
7.78039
9.54463
14.5041
8.0884
5.10274
66.575
-70.823
-4.49117
-7.40164
-27.1721
-12.5093
-11.5035
-0.455717
0.014866
4.12201
29.8942
0.338065
13.1284
21.1351
33.277
18.7443
20.5428
24.2758
23.7197
27.6402
28.1227
30.812
31.0804
33.1246
82.9011
-15.6872
0.568822
29.542
14.9227
13.759
0.825589
8.43017
13.1821
19.3943
64.3141
0.795582
34.7945
37.5119
35.4163
19.5416
23.6556
19.8834
21.1588
20.5396
19.7185
21.4305
20.6535
15.3857
72.2508
-25.449
0.592504
12.7037
20.9843
4.89254
-0.918784
0.00829064
12.2904
8.71997
34.6366
0.400462
31.4865
23.2708
35.7816
14.0752
9.88592
10.852
4.14607
2.10403
-2.69905
-2.65062
0.0266468
0.873177
55.4642
-89.1271
-16.4615
-35.2096
-48.8171
-34.3329
-32.3523
-11.8226
-11.4735
0.046108
41.7416
0.589153
41.2074
33.9268
46.999
24.7491
25.0605
33.1568
29.2473
36.7536
39.5015
41.5194
38.1296
37.7468
92.7433
1.76109
40.2799
62.5486
51.7626
45.8182
43.4311
50.5009
39.3916
54.5708
115.587
1.4579
72.6436
79.6883
85.5346
42.3773
46.3389
43.8609
46.9273
45.3443
46.9606
47.9053
46.0111
49.078
99.0638
1.87964
72.2651
80.864
59.2772
52.1306
58.7695
51.244
59.0499
60.7251
138.732
1.72952
87.1878
83.9168
97.5843
47.7162
40.744
34.7961
30.0933
26.5323
16.7231
21.573
27.4542
39.0555
99.8775
1.86819
77.7928
102.915
89.88
67.5193
61.5949
69.5166
78.3596
78.4337
165.116
6.18779
109.336
106.294
105.078
54.9136
55.2436
57.3659
61.1722
58.3355
61.5089
60.3081
60.8214
60.5864
117.989
2.1416
90.6473
69.9451
62.2476
41.3013
39.3675
34.2186
41.6061
52.5184
113.379
1.50325
68.4405
75.6719
71.4191
41.3478
44.5487
43.7729
44.3434
48.048
48.0102
48.606
48.1757
49.6739
108.336
6.20695
89.7571
78.0654
71.406
56.0474
46.3885
51.189
55.3194
62.3026
135.199
1.69411
79.0246
80.5426
84.4557
33.5165
31.6036
22.4199
13.2146
1.09074
-6.88181
-3.43329
0.206825
17.6295
81.2127
1.74845
54.031
72.1083
62.766
57.8476
54.9813
74.6775
76.5845
80.0484
165.964
9.88955
109.054
110.288
92.2376
42.401
42.0851
40.1802
41.9408
37.2365
34.7567
33.5967
31.2605
24.1244
80.5998
-20.369
0.600862
13.9066
-1.31458
-2.22323
0.0374175
2.89542
23.5501
27.1256
70.5474
0.794418
55.3867
60.7854
56.8335
32.1414
31.5486
29.6731
34.7997
36.3762
32.666
24.6678
26.5267
28.8649
86.8958
1.70383
42.6998
65.2898
64.6413
53.3357
52.3444
54.4957
65.8365
62.9689
138.668
1.69026
91.7398
88.3298
86.6971
51.2822
56.3468
59.4204
64.7704
66.1181
61.9933
60.5824
65.2719
65.3761
116.638
20.5456
115.683
105.329
102.111
75.1728
79.2695
75.1366
75.4202
84.125
179.403
11.7061
113.888
121.827
121.224
60.8699
60.9929
64.9376
63.9583
65.348
61.3204
63.6731
63.1557
67.3184
119.309
26.473
110.328
116.309
102.739
71.8041
72.3329
73.0985
78.4412
88.6878
174.16
21.876
119.256
123.752
119.892
61.1517
59.1926
61.8231
65.2551
67.3343
65.4857
67.4338
68.5238
63.6983
120.205
21.4407
113.346
105.178
96.5523
68.9847
76.086
76.0048
89.0673
82.2225
178.789
14.6142
113.278
114.39
115.106
49.1037
45.1217
40.1408
32.9869
24.4996
12.3065
2.07699
5.02981
3.40693
63.874
-52.2634
0.281847
10.6687
14.6018
9.40026
1.53951
-1.88877
-0.961651
-0.747502
23.3392
0.559282
43.3526
59.6232
64.4308
39.5266
38.0008
40.8106
45.4932
46.1523
39.9871
43.7615
43.3616
38.5953
89.9784
1.69437
38.3132
54.8277
48.4791
55.7164
43.0582
46.8149
53.2963
61.3374
132.572
1.69712
88.5821
93.7116
89.0926
51.1622
49.1185
54.9878
56.3995
50.3385
54.1165
54.6668
54.8672
53.1297
103.754
8.10568
95.7499
80.4515
73.6613
55.7201
58.4098
60.503
58.8265
67.8505
148.953
1.7893
82.3059
89.8643
81.5289
47.0899
50.8547
47.2579
53.8883
52.9894
57.1136
53.7907
58.8592
53.8267
112.533
17.811
93.924
92.4891
103.547
73.1852
55.083
60.5959
66.341
71.3952
157.145
1.9873
102.241
107.587
101.1
53.6129
57.1809
52.753
59.6129
55.5781
67.766
69.7853
68.1143
67.2061
121.358
32.7355
127.787
115.206
112.663
89.0875
86.9387
72.0367
67.6681
78.2654
176.777
22.209
118.143
121.685
127.498
67.1731
65.6026
66.4869
63.5891
68.0932
66.8636
65.6289
67.7674
69.047
121.148
39.0944
129.024
120.486
114.923
90.3785
91.3752
85.5705
81.0466
89.3077
175.872
22.362
120.497
121.681
130.145
64.9298
67.8468
68.3657
65.8955
69.1175
64.7705
68.2477
69.6198
71.1354
122.951
37.5468
102.41
89.3763
79.8163
51.3599
56.1769
40.7309
52.9264
41.0728
79.2407
1.04947
56.715
65.9731
72.7789
37.9942
39.0592
39.4711
39.8746
44.7223
45.5059
51.5509
49.7586
47.7246
100.72
1.88258
72.6782
81.9618
69.7407
42.222
41.5974
46.7823
41.5347
45.9214
108.919
1.3508
65.5714
67.9741
63.0713
36.6128
33.3626
33.8396
32.6779
39.0067
33.6081
35.8329
36.6855
37.993
94.0826
1.82806
53.2944
52.8721
53.7278
41.3468
45.8216
46.1487
56.5221
62.2647
134.776
1.67026
91.476
85.3613
86.6556
44.6033
48.1077
52.0874
48.5821
48.21
52.2334
50.3621
47.5519
38.8752
93.0051
1.67079
32.5951
51.7746
36.7937
32.9127
36.8847
34.3332
33.9985
35.2717
76.0654
0.912518
30.4223
28.8569
32.3471
14.8576
15.0633
13.2211
8.31791
5.89945
8.01632
12.8196
12.2995
14.0443
68.9259
-28.3709
0.668766
28.2364
30.8421
18.0592
27.0933
13.2185
20.9839
31.8697
64.3606
0.747486
29.0963
24.8019
21.3789
11.0592
17.7574
17.2137
14.5478
17.3865
20.0402
20.8659
21.2505
26.2134
81.2723
1.62702
23.683
48.6906
34.6952
37.3262
24.6028
37.2468
42.4523
52.3087
111.682
1.34321
63.4541
67.9251
51.4762
24.911
24.7761
18.3711
11.0798
10.0919
4.30428
9.86479
11.6362
10.9682
70.0781
-7.01881
0.824672
43.7088
35.4661
19.2291
29.9325
17.4128
27.1165
34.0333
78.204
1.04772
48.3256
50.3721
58.0617
33.3215
37.0129
40.1822
40.3332
42.7731
46.3547
50.2168
53.4233
59.6197
115.056
30.4661
119.886
124.83
112.588
84.9824
79.9189
87.0474
86.4787
77.8077
166.127
7.16107
103.849
124.545
126.168
61.1445
63.1384
58.0252
59.1804
56.2575
54.6796
54.1051
55.6266
47.02
100.184
1.91315
82.9507
80.2164
85.6533
65.8748
41.868
39.3507
35.5652
27.0162
53.8152
0.544471
33.559
30.8438
27.4057
14.9847
10.0582
9.62114
10.8818
3.66571
4.05167
1.41232
-1.80036
-5.40018
47.2231
-100.965
-34.7979
-43.662
-40.8983
-25.215
-37.7125
-27.8156
-22.5155
-20.0615
0.690997
-21.7328
-1.9562
0.00375573
5.63641
6.01436
11.4282
9.95473
8.56153
9.36296
8.76958
4.04368
6.00054
6.52971
55.8105
-72.9853
-3.60266
-13.6528
-11.6101
-11.1081
-17.2027
-7.32997
-11.8882
-8.43583
0.149047
-5.23718
-4.63443
0.160781
4.29593
7.7303
