277.22
260.913
279.519
317.079
356.02
412.225
658.647
1879.05
1826
1413.28
1567
1156.56
940.071
775.465
1111.51
1326.1
1751.23
2657.83
3280.76
3187.96
2949.44
1386.27
1137.08
889.72
642.509
547.662
514.136
508.744
509.397
552.323
785.602
1779.65
1756.38
1432.43
1412.96
982.123
595.047
526.453
654.409
770.925
1232.9
1993.28
2542.71
2450.13
2192.4
995.872
755.364
516.172
290.342
205.52
168.289
161.761
165.335
197.063
401.556
1000.07
1008.08
536.896
640.171
335.23
514.622
346.171
554.27
665.465
1087.34
1860.63
2429.36
2375.47
2086.27
950.991
726.346
492.397
265.35
179.951
155.755
130.421
89.5253
121.463
337.192
907.328
822.741
282.244
175.725
-54.0183
-126.795
-321.565
-286.195
-220.762
39.9239
459.902
937.571
844.799
619.634
186.812
-80.9892
-250.258
-436.116
-489.425
-477.665
-459.081
-430.059
-378.087
-174.328
-133.434
-140.137
-217.221
-397.544
-537.89
-560.434
-620.044
-546.817
-424.056
-27.8463
555.619
1061.37
994.538
764.641
277.846
73.6715
-61.1235
-222.53
-264.69
-274.757
-252.154
-250.245
-256.394
-106.905
3.03229
-115.827
-313.203
-426.479
-597.131
-619.933
-540.978
-524.514
-216.625
82.8809
681.866
1134.63
985.998
656.485
286.028
113.883
-88.9202
-196.397
-239.181
-231.888
-240.087
-252.996
-287.018
-142.72
-244.34
-293.346
-602.166
-566.749
-399.944
-218.961
-177.466
-237.909
2.53121
426.069
1257.18
1787.95
1813.3
1674.02
780.138
621.923
435.228
237.882
129.863
121.153
163.489
87.9166
10.479
192.27
490.611
590.19
435.252
739.94
362.379
425.06
147.929
157.622
331.771
680.634
1548.55
2211.54
2048.23
1989.59
944.469
679.785
423.352
265.997
219.947
198.348
229.009
191.971
163.276
367.364
937.922
881.544
567.502
542.134
232.595
141.176
144.922
205.19
379.667
800.433
1459.19
1979.57
2047.6
1967.46
882.336
612.416
374.03
126.617
16.7478
-31.4536
-73.0659
-131.354
-182.384
-96.9451
-72.0637
-230.361
-592.233
-666.482
-579.825
-418.827
-401.808
-446.524
-148.593
568.37
1126.8
1455.35
768.774
598.405
375.447
16.8437
-444.931
-978.807
-1635.41
-1258.23
-378.179
311.111
54.332
227.905
209.865
163.025
39.9881
169.1
-129.185
294.912
369.663
211.868
388.815
706.039
1688.44
2595.74
2595.55
2445.74
1142.69
802.809
536.131
462.66
349.956
320.865
535.68
534.929
348.153
616.153
1483.51
1350.13
936.099
1070.07
854.617
428.307
298.332
216.683
349.883
1028.13
2273.48
3254.13
3209.84
2985.08
1411.25
1169.13
930.167
694.261
601.092
565.44
555.411
566.936
605.077
839.625
1540.43
1293.31
651.774
505.841
186.626
173.609
264.088
515.939
686.843
1155.77
2037.36
2640.03
2683.86
2591.43
1249.61
1180.25
946.159
715.799
449.088
384.037
357.746
335.749
350.369
556.784
1326.91
1192.9
742.988
805.928
756.756
949.246
862.896
774.065
989.012
1396.24
2216.2
2690.63
2556.97
2208.4
929.19
614.717
363.917
151.173
130.418
152.672
186.369
224.34
292.394
550.824
1347.24
1219.81
797.598
795.714
478.407
524.364
724.621
799.661
891.023
1409.29
2291.29
2812.3
2732.12
2490.08
1151.93
898.58
654.224
417.465
320.439
283.558
270.261
277.857
320.202
544.162
1342.61
1308.9
973.627
1008.1
1159.19
1214.62
1207.33
1144.22
1327.3
1767.41
2757.9
3317.17
3254.32
3026.81
1431.23
1187.77
950.834
714.629
619.683
584.954
576.108
574.198
613.513
832.65
1891.15
1790.54
1539.28
1583.04
1204.45
1186.58
1046.25
1067.02
1264.92
1739.42
2710.28
3266.7
3208.24
2982.11
1408.55
1168.88
935.585
701.529
617.331
588.509
589.533
595.806
645.143
891.608
1960.15
1841.87
1589.61
1462.2
1087.78
1190.83
986.263
1063.16
1391.14
1813
2837.06
3414.34
3368.3
3143.64
1502.73
1265.75
1033.35
803.527
709.918
680.408
674.785
674.832
716.888
935.265
2087.25
1989.06
1255.93
1121.74
748.516
502.507
635.19
511.601
638.986
1003.77
1776.37
2344.33
2276.72
1973.36
843.747
580.417
299.065
39.8763
-74.0073
-175.743
-253.318
-275.508
-207.871
52.0872
439.014
374.79
-96.4555
-220.208
-278.327
-326.883
-466.426
-532.943
-354.584
5.10632
582.645
1004.3
747.633
320.206
-72.9623
-317.025
-534.279
-741.716
-854.625
-922.02
-955.019
-971.968
-993.088
-830.682
-1458.33
-1495.99
-1903.63
-1742.21
-1479.87
-1491.98
-1679.25
-1588.76
-1568.64
-1184.22
-916.417
-382.508
-453.139
-706.923
-494.238
-698.519
-933.879
-1158.06
-1293.65
-1335.45
-1445.32
-1623.57
-1707.72
-1611.7
-2968.06
-3037.54
-3370.57
-3577.19
-2978.89
-2996.6
-3040.06
-2966.42
-2845.02
-2209.06
-1873.54
-1007.83
-489.455
-260.707
-93.3488
-227.126
-359.324
-538.756
-584.139
-577.031
-542.909
-507.434
-466.631
-339.26
-662.799
-874.903
-1347.11
-1709.74
-1551.15
-1514.48
-1557.91
-1525.13
-1390.92
-1006.72
-798.575
-263.78
-328.561
-504.059
-343.159
-560.394
-800.023
-988.992
-1088.41
-1114.56
-1037.89
-1013.26
-994.579
-767.9
-1258.98
-1260.54
-1299.09
-1174.4
-1247.01
-1083.69
-1230.96
-1235.42
-1077.87
-669.09
-376.149
-3.66311
-24.6276
-233.119
-159.145
-381.967
-504.072
-653.777
-718.622
-705.458
-826.514
-852.271
-802.896
-642.314
-1120.01
-1036.74
-1292.98
-1250.87
-1067.34
-932.2
-826.426
-845.967
-809.755
-410.469
1.86088
686.567
692.25
531.862
157.429
-62.0609
-266.294
-444.717
-509.749
-542.446
-519.572
-473.833
-400.8
-184.092
-66.6394
-88.0946
-286.741
-348.54
-461.751
-439.563
-230.474
-262.804
-41.5741
393.196
1239
1973.36
1917.14
1687.4
735.896
491.396
264.369
41.1445
-34.9075
-56.0904
-47.5795
-24.6011
0.490301
267.648
815.575
761.976
434.781
333.693
515.746
502.771
490.455
443.977
688.857
1166.38
2070.93
2632.36
2592.42
2395.28
1106.8
862.298
628.135
402.215
312.387
270.313
227.881
180.241
170.956
320.7
744.988
561.133
150.227
-3.61956
-92.5285
2.51608
69.8767
69.8996
454.631
905.639
1815.41
2439.39
2428.48
2264.04
1077.85
848.331
609.881
356.932
253.562
243.764
268.808
274.034
314.41
538.265
1321.57
1222.67
1021.15
957.395
764.101
608.713
646.388
667.778
886.301
1390.1
2354.62
2904.44
2873.88
2677.82
1259.95
1020.63
804.343
576.925
503.429
477.411
487.224
497.542
537.605
745.172
1706.49
1524.21
1093.65
1122.12
822.433
879.848
727.238
872.301
996.75
1452.54
2397.69
2967.61
2915.7
2683.06
1271.1
1033.27
821.19
587.29
499.133
484.712
441.146
408.749
417.265
635.504
1414.88
1364.67
1091.93
1080.75
709.323
866.207
544.28
631.697
598.901
927.029
1731.57
2239.99
2143.69
1860.12
831.501
581.943
309.224
53.7065
-15.1618
0.70852
39.2861
108.312
193.13
420.466
1085.92
1082.96
636.448
668.973
564.148
417.166
364.6
636.9
731.056
1171.96
1996.72
2585.04
2805.41
2720.23
1281.36
1049.51
831.702
582.451
477.02
441.502
432.668
412.799
432.884
613.452
1300.71
1081.46
807.567
665.866
325.927
288.979
504.067
659.249
777.107
1209.55
2096.38
2714.33
2923.31
2886.67
1370.56
1149.81
932.749
717.51
643.202
625.966
618.453
615.74
658.575
885.142
1857.82
1719.74
1446.65
1586.72
1126.8
1271.99
1240.59
1271.02
1052.17
1522.35
2357.2
2905.52
3078.78
2962.16
1396.88
1148.08
902.48
665.745
578.834
551.051
566.045
586.82
645.82
1014
2172.5
2123.47
1623.59
1781.55
1161.66
1045.35
1265.43
1159.09
1353.41
1771.11
2395.09
2919.76
3088.4
2960
1382.59
1130.79
894.504
647.094
566.746
535.682
528.025
531.066
563.788
768.366
1629.64
1449.42
1160.41
1208.77
636.324
659.668
791.505
606.982
808.688
1159.62
1856.33
2351.95
2500.8
2405.5
1130.06
877.336
661.511
427.897
350.069
330.594
241.986
177.208
164.722
278.34
473.738
174.373
-375.337
-534.538
-741.618
-947.967
-1119.51
-1122.93
-1003.93
-895.549
-932.019
-490.594
-319.901
-423.759
-292.286
-501.527
-725.404
-891.828
-953.531
-942.306
-889.745
-864.419
-799.897
-639.458
-991.095
-991.051
-1289.78
-1368.92
-1143.27
-1219.46
-1196.02
-1211.82
-1137.77
-822.147
-576.269
-100.215
-80.6288
-406.51
-394.456
-622.535
-818.777
-986.535
-1084.85
-1134.35
-1114.87
-1104.26
-1061.52
-884.038
-1421.95
-1274.29
-1364.03
-1178.93
-899.541
-1123.74
-892.035
-999.315
-801.901
-400.614
1.81433
632.291
861.889
808.222
274.986
41.3536
-133.171
-322.334
-402.276
-419.02
-367.883
-273.573
-165.369
51.6146
362.846
356.752
-79.5348
-122.542
246.995
251.831
-5.38569
75.0222
364.409
778.887
1316.51
1749.48
1832.77
1683.02
736.015
496.655
259.678
41.6439
-30.237
-18.8428
0.72453
67.4421
152.883
383.348
973.661
901.554
537.053
757.982
515.888
559.348
307.06
523.638
535.973
992.789
1725.39
2273.65
2402.48
2247.99
1009.37
765.433
541.848
318.019
239.55
217.898
225.924
237.942
292.216
512.24
1237.65
1132.29
967.107
1006.95
699.224
502.745
655.252
753.598
745.604
1205.47
1988
2553.15
2734.1
2629.24
1188.78
890.393
593.954
301.412
175.813
76.4871
114.514
179.108
285.598
528.794
1228.68
1258.53
972.941
1307.12
688.243
1001.46
691.248
826.517
890.219
1618.3
2499.44
3061.82
3229.37
3118.22
1470.31
1224.47
988.369
740.88
649.675
608.984
600.178
598.185
645.317
855.326
1854.67
1794.95
1448.7
1160.81
1148.83
1106.99
854.697
1036.13
1295.77
1555.11
2409.42
2979.92
2829.01
2628.38
1177.33
875.972
570.776
255.252
88.2754
-29.2371
-115.979
-204.257
-258.938
-143.443
-99.5554
-141.395
-507.403
-609.65
-533.886
-234.889
-606.536
-636.544
-620.289
-348.207
-9.58748
232.828
499.867
461.566
90.0139
-103.849
-280.963
-465.66
-538.202
-560.87
-495.819
-438.01
-369.463
-167.904
-237.962
-514.901
-944.899
-1223.72
-1087.91
-886.291
-1254.99
-1229.48
-1275.92
-1008.17
-922.899
-455.406
-219.672
-176.681
-152.022
-308.087
-443.771
-557.73
-605.393
-606.892
-549.28
-473.848
-342.767
-93.2433
101.997
211.686
-161.003
0.719104
-108.861
-34.0418
-196.068
0.323126
212.356
689.276
1429.33
1998.25
2214.57
2187.46
1032.1
811.632
577.971
316.5
220.077
188.065
198.552
203.067
244.478
425.276
959.241
747.02
482.631
471.093
234.416
355.538
345.747
132.883
161.586
304.426
453.184
521.669
254.133
-298.913
-99.2456
-186.782
-238.718
-321.118
-272.75
-194.478
-339.792
-440.359
-469.99
-319.429
-566.632
-714.668
-965.005
-1028.24
-467.37
-621.529
-671.602
-788.224
-975.959
-1006.39
-998.45
-547.049
-388.705
-508.958
-393.562
-523.859
-568.23
-640.107
-563.811
-420.646
-261.758
-146.194
-50.9001
53.0707
162.021
-268.335
-829.145
-1043.95
-928.187
-833.724
-858.346
-849.245
-542.278
-210.677
358.416
1035.82
1266.28
1199.24
493.018
229.907
22.2072
-142.046
-148.461
-122.837
-92.8645
-50.5899
0.617914
281.693
825.297
844.735
331.181
348.817
137.997
354.709
50.1187
76.645
320.781
715.798
1320.19
1879.7
2011.76
1890
879.876
677.628
476.542
269.389
207.472
193.192
188.156
176.556
232.176
435.315
1032.8
1159.32
859.253
662.189
615.23
630.685
654.753
780.693
898.199
1270.03
2017.38
2603.28
2770.84
2664.47
1242.56
986.471
737.808
482.071
367.755
306.648
278.357
262.312
280.505
446.073
973.899
918.084
420.062
365.523
493.779
165.931
259.632
254.093
456.18
937.034
1710.12
2276.24
2427.44
2290.38
1042.3
779.683
529.043
289.59
206.794
170.113
170.346
168.712
213.03
417.096
1019.39
995.591
602.472
636.397
639.939
620.432
349.757
478.56
653.95
1158.46
1914.11
2533.02
2748.33
2962.85
1393.73
1148.18
915.819
679.962
591.841
555.659
545.25
543.97
591.237
788.271
1696.89
1553.35
1020.55
1026.92
939.952
800.265
846.565
884.917
1003.19
1377.6
2190.17
2796.35
2976.56
2880.7
1350.95
1113.8
889.823
660.422
570.618
536.934
531.036
534.143
580.466
780.337
1701.2
1650.46
1105.21
1187.21
839.665
916.996
728.76
853.305
1097.61
1484.84
2270.48
2859.09
3030.3
2920.16
1368.03
1122.02
885.102
645.275
556.068
523.114
516.05
519.188
565.423
765.498
1667.83
1502.7
1233.73
970.759
1026.36
765.985
950.924
982.164
1010.81
1449
2321.57
2904.85
3073.66
2952.54
1386.91
1135.98
898.427
647.814
557.707
521.068
512.874
509.213
552.416
754.557
1562.57
1366.11
1149.87
1431.61
874.447
1045.29
988.123
816.931
1082.45
1500.28
2348.98
2946.55
3123.84
3012.35
1420.22
1181.39
957.325
738.581
649.63
617.347
622.179
618.663
669.72
723.884
1505.51
1361.61
1034.68
647.939
578.195
836.67
1076.85
947.502
921.57
1204.27
1904.99
2477.4
2772.05
2714.69
1291.88
1040.22
799.523
491.855
419.181
380.702
386.083
408.064
478.737
665.865
1221.64
1134.29
542.851
631.251
493.319
469.925
471.779
311.065
414.874
878.733
1399.81
1791.12
2006.92
1913.47
886.507
666.378
449.499
222.222
162.1
151.292
121.963
58.5704
18.1408
256.915
472.614
323.662
225.812
260.903
442.974
273.43
132.435
111.18
272.533
480.986
1066.65
1692.7
2032.9
2200.55
1057.3
805.222
564.216
425.43
361.89
322.189
330.457
322.245
365.37
540.96
990.623
850.01
444.737
641.383
49.4883
-3.32819
0.571845
8.42936
219.341
462.662
942.214
1245.62
1219.68
941.763
137.578
-182.813
-302.692
-368.794
-337.849
-486.628
-751.769
-922.503
-1071.61
-956.735
-1376.96
-1021.91
-992.028
-734.509
-473.124
-460.649
-647.531
-1010.29
-683.98
-242.193
181.94
825.527
1125.03
1221.05
513.256
308.836
114.272
-77.5266
-131.827
-141.812
-106.509
-68.8548
1.78371
107.226
261.206
129.058
105.272
75.1969
-309.445
-413.908
-375.697
-302.968
-28.1077
241.315
668.139
963.091
1042.63
1029.28
360.049
71.4278
-180.139
-442.714
-575.79
-592.335
-547.405
-567.522
-558.638
-359.096
-605.243
-758.011
-666.62
-755.395
-766.969
-866.115
-1004.61
-994.837
-943.755
-638.871
-461.226
-0.164252
4.51503
6.82714
-184.05
-408.65
-563.974
-715.865
-792.855
-846.745
-820.844
-774.622
-725.607
-595.201
-1092.84
-1244.03
-1711.37
-1885.11
-1604.74
-1783.63
-1697.99
-1582.74
-1607.84
-1294.43
-1227.17
-787.962
-562.525
-558.341
-344.328
-497.754
-630.46
-802.96
-842.57
-818.706
-833.915
-843.158
-831.741
-698.732
-1302.66
-1347.83
-1317.87
-1556.24
-1244.36
-1647.37
-1604.51
-1783.37
-1905.74
-1747.29
-2107.2
-1955.38
-1952.56
-2013.5
-1161.08
-1206.89
-1262.13
-1277.12
-1190.73
-1126.25
-1083.07
-1042.17
-940.398
-729.466
-1303.15
-1288.32
-1463.59
-1269.24
-1058.58
-1381.98
-1290.93
-1405.48
-1106.67
-856.116
-713.125
-205.915
0.438303
148.115
-14.5191
-192.358
-384.36
-551.794
-591.82
-622.856
-636.263
-659.127
-650.421
-512.221
-1013.1
-1101.66
-1469.79
-1682.64
-1480.95
-1290.12
-1514.07
-1470.12
-1246.99
-904.366
-750.732
-297.74
-37.5527
0.727975
-117.937
-310.843
-515.892
-698.206
-798.804
-849.425
-765.573
-727.972
-655.244
-520.411
-820.398
-843.113
-821.087
-1201.87
-1096.47
-962.108
-1086.99
-1199.49
-1041.41
-775.087
-779.713
-418.7
-206.12
-108.673
-150.842
-349.251
-567.491
-796.93
-900.608
-896.502
-882.188
-888.788
-880.476
-713.386
-1248.91
-1052.48
-993.716
-1205.29
-841.104
-814.742
-1009.56
-942.846
-1037.47
-866.778
-763.042
-396.837
-144.053
-8.83542
-73.5055
-256.911
-444.152
-617.187
-654.774
-645.809
-600.267
-577.036
-590.764
-563.169
-1278.82
-1603.86
-2121.82
-2285.15
-2094.04
-1995.76
-2075.47
-1830.45
-1900.51
-1578.56
-1629.69
-1201.61
-964.561
-923.696
-608.036
-784.457
-1016.03
-1219.91
-1305.07
-1361.37
-1344.38
-1309.58
-1212.53
-1018.16
-2066.2
-2307.19
-2192.58
-2353.49
-2053.64
-1808.67
-1852.6
-1918.3
-1611.88
-1387.45
-1479.97
-1109.18
-926.909
-881.006
-555.261
-749.851
-961.253
-1220.79
-1375.28
-1526.5
-1625.93
-1619.31
-1525.55
-1310.01
-2347.72
-2285.35
-2613.32
-2597.42
-1882.82
-1891.51
-1539.55
-1696.09
-1408.57
-918.273
-670.96
-173.714
1.27369
269.953
86.3513
-101.199
-250.298
-345.088
-359.404
-366.053
-334.185
-272.132
-182.976
-12.142
80.8976
-79.3309
-35.9987
-289.391
-120.353
-13.52
151.842
94.9757
387.544
852.138
1482.16
2015.3
2675.12
2756.16
1121.48
866.744
606.651
335.033
190.374
104.899
40.4576
-13.3759
-1.55274
53.1509
-169.553
-707.07
-416.221
-931.975
-985.126
-1558.16
-2048.86
-2044.83
-1862.93
-1719.07
-1708.67
-592.869
41.6695
593.156
277.599
-22.7718
-247.034
-457.45
-556.719
-584.728
-617.365
-676.797
-699.363
-650.409
-1314.18
-1521.58
-1481.91
-1539.34
-1282.88
-1500.33
-1820.36
-1566.68
-1781.66
-1819.8
-2434.39
-2253.84
-1955.84
-1616.35
-813.485
-879.236
-906.982
-962.821
-966.216
-1024.11
-1029.77
-981.291
-858.624
-763.831
-1549.53
-2076.46
-2124.68
-2246.62
-1352.17
-1284.88
-846.87
-793.754
-350.902
-270.042
78.5013
768.461
1130.81
1144.73
313.202
-27.1889
-294.312
-605.994
-816.109
-977.222
-1379.4
-1646.4
-1926.26
-2103.5
-4644.35
-5137.78
-5523.51
-5550.77
-4519.76
-4379.41
-4012.31
-3936.23
-3732.95
-3365.39
-3702.07
-3218.93
-2961.58
-2778.94
-1499.71
-1663.42
-1827.63
-1956.42
-1893.15
-1775.82
-1636.45
-1536.2
-1429.82
-1320.27
-2647.65
-2796.05
-2899.78
-2461.11
-2124.93
-1935.49
-1792.46
-1663.01
-1506.39
-1191.04
-961.748
-496.799
-197.8
-129.998
-166.122
-320.526
-461.875
-637.284
-676.307
-692.386
-701.831
-697.977
-650.498
-515.12
-930.685
-967.243
-1053.54
-1287.99
-1116.6
-806.213
-940.306
-876.812
-405.564
-106.865
187.473
824.629
1164.17
1290.04
493.803
170.172
-75.7555
-329.11
-468.804
-559.584
-535.575
-474.045
-349.763
-272.4
-577.344
-482.576
-541.218
-687.469
-431.018
-402.387
-493.849
-224.605
-116.961
193.232
821.147
1317.96
1631.09
1757.92
809.401
612.058
390.322
178.21
101.798
85.2009
99.3148
115.041
186.431
389.214
910.346
646.278
322.839
292.225
120.854
346.27
382.922
810.596
782.769
1212.06
1886.74
2457.6
2729.76
2820.42
1329.68
1101.29
888.408
662.387
577.659
543.064
535.364
537.328
581.139
730.762
1050.05
1059.58
732.083
821.772
678.56
408.646
550.519
176.922
435.184
815.608
1314.96
1856.4
2116.2
2195.2
1037.17
816.734
604.035
391.093
318.186
301.055
334.384
503.481
542.532
692.106
1416.58
1360.04
1042.83
1176.02
921.377
573.616
658.344
631.268
1052.64
1294.18
1991.97
2518.54
2779.11
2847.82
1339.76
1097.42
864.468
619.954
540.365
507.661
503.438
504.74
545.729
680.373
1298.61
1353.99
1217.87
975.951
893.249
626.531
871.408
404.218
600.776
820.972
1396.73
1859.54
1977.33
1894.02
798.544
544.215
304.411
63.7893
-18.8195
-43.5022
-32.2433
0.917814
31.3286
186.211
324.925
106.153
-69.9543
0.556863
-192.789
-118.499
-71.0344
-268.104
-268.147
-19.2564
478.676
1049.13
1315.03
1361.24
586.743
373.335
170.234
-13.3732
-61.9195
-78.044
-110.415
-145.636
-95.8748
22.7656
-27.3211
-123.877
-289.933
-469.299
-596.726
-999.161
-1068.14
-1008.17
-1029.97
-769.577
-637.96
-265.441
-82.5417
-80.3925
-143.729
-333.449
-493.241
-649.83
-690.597
-696.272
-709.904
-748.3
-759.21
-630.623
-1181.58
-1271.87
-1651.32
-1831.52
-1519.01
-1323.26
-1641.65
-1578.37
-1319.38
-1032
-949.553
-522.624
-386.628
-390.024
-308.689
-495.336
-635.661
-793.164
-844.401
-905.648
-907.716
-880.586
-831.302
-697.405
-1310.59
-1166.02
-1395.15
-1573.57
-1191.22
-1213.21
-1361.87
-1322.47
-1283.83
-864.77
-762.615
-348.948
-121.388
-85.1824
-74.6954
-236.99
-389.834
-501.01
-569.272
-549.727
-610.508
-584.275
-539.483
-418.913
-701.947
-709.478
-1227.25
-1240.66
-898.387
-1254.66
-917.622
-998.586
-928.567
-566.559
-594.632
-381.483
-206.34
0.868269
36.6281
-164.183
-387.343
-673.807
-724.439
-758.465
-775.058
-756.473
-672.249
-518.001
-1278.46
-1346.97
-1614.66
-1388.3
-1320.02
-1451.77
-1214.43
-1266.13
-1024.09
-502.663
-407.282
2.73983
236.752
374.001
-38.9506
-213.936
-361.048
-380.725
-378.951
-363.844
-352.796
-314.61
-219.437
-69.5696
-448.912
-821.538
-996.219
-1058.65
-723.892
-946.564
-842.693
-719.088
-331.495
-89.4569
30.4188
385.073
743.165
777.981
156.509
-81.5767
-278.521
-366.583
-424.087
-445.157
-366.087
-328.877
-247.943
-117.102
-586.56
-666.957
-464.221
-708.121
-737.722
-759.53
-860.447
-754.051
-530.944
-11.4194
8.28026
535.125
1053.36
1198.35
460.521
276.623
96.0213
69.1404
65.8377
90.8802
130.712
209.244
368.675
591.954
727.046
718.157
681.45
697.016
933.875
456.736
668.415
748.917
977.637
1339.46
1844.41
2109.99
2468.41
2191.4
867
618.958
362.591
273.28
248.093
258.466
439.305
480.035
617.815
825.597
1158.31
1154.69
929.069
1165.65
554.138
249.36
231.234
497.971
472.197
1000.55
1244.71
1548.9
1894
1927.56
704.548
409.574
88.4269
-64.6646
-160.835
-266.302
-222.052
-85.2048
1.74556
287.282
127.396
88.2283
0.313649
11.7264
2.16665
223.351
75.541
307.566
601.012
909.25
1186.89
1422.19
1621.92
1382.94
361.035
51.3569
-171.897
-225.476
-229.517
-230.338
-171.209
2.2372
178.705
506.825
735.2
581.538
286.689
-6.82277
363.742
478.54
275.337
106.474
374.256
839.539
911.286
1030.2
1231.38
1261.19
430.951
171.415
-62.4381
-172.581
-189.451
-280.182
-446.935
-476.642
-305.128
5.2204
-95.9928
-135.745
-429.329
-244.528
-524.091
-71.3957
0.372795
0.230095
17.1072
580.87
738.86
914.821
1025.06
894.685
310.279
135.666
-12.0863
-21.7939
0.343957
41.6604
32.8469
52.3421
212.804
396.479
-148.9
-122.098
0.443167
-67.7047
-396.878
-229.033
-36.347
0.22358
247.782
894.28
1110.89
1447.17
1789.07
1870.02
674.369
373.349
72.7194
-94.3602
-183.89
-217.973
-223.455
-229.499
-44.7067
101.66
-187.979
-562.177
-437.585
-472.404
-696.831
-384.297
-271.07
-611.156
-475.864
-284.614
-500.071
-372.865
1.35247
174.806
-47.6869
-264.216
-388.222
-425.147
-457.849
-463.249
-441.262
-377.102
-293.064
-202.451
-879.613
-982.708
-1268.53
-1409.12
-1393.19
-1077.04
-1390.76
-1178.07
-901.452
-540.063
-573.474
-310.468
0.205948
95.5991
-195.58
-370.746
-648.512
-710.868
-791.664
-840.321
-877.274
-735.272
-558.65
-372.492
-992.903
-1021.73
-1309
-1043.82
-616.619
-1086.4
-920.345
-949.56
-889.2
-490.926
-396.929
-11.4255
212.138
383.139
-29.5549
-216.105
-437.364
-528.935
-576.092
-597.75
-595.928
-536.139
-437.056
-329.205
-1060.83
-1117.04
-1138.48
-1649.84
-1357.13
-1267.92
-1366.84
-1380.97
-1368.77
-914.76
-1093.75
-757.252
-458.31
-346.016
-287.789
-389.028
-477.462
-462.714
-414.88
-342.375
-285.587
-199.356
-11.2671
115.766
-148.38
-259.292
-148.338
-364.144
0.934809
11.5783
-349.644
-9.41567
1.581
558.654
917.511
1182.51
1544.58
1556
551.762
294.438
57.174
-28.5444
-66.6301
-74.6567
-43.0511
-50.3532
-43.9418
39.9324
-484.131
-813.233
-788.555
-1249.02
-1098
-807.399
-1164.18
-1113.17
-739.104
-563.976
-653.913
-417.77
-16.688
0.650163
-197.768
-461.243
-728.189
-842.907
-925.329
-976.424
-996.458
-916.864
-803.862
-660.304
-1545.45
-1173.78
-1094.19
-1269.3
-939.062
-996.166
-875.422
-831.226
-455.387
-137.251
-208.483
0.986131
269.02
302.462
-85.9066
-304.002
-490.468
-535.549
-527.455
-514.151
-485.9
-429.212
-288.881
-47.6376
-232.33
-208.368
-445.967
-304.16
252.913
-330.469
-2.50281
-31.0642
262.697
642.33
1070.32
1437.46
1802.48
1758.01
632.785
361.934
78.9464
-33.4727
-120.781
-145.377
-141.766
-104.995
-32.3002
39.4039
-578.696
-650.418
-779.998
-1343.27
-1104.08
-1190.35
-1412.27
-976.677
-1123.34
-626.698
-419.662
0.30427
509.249
692.141
183.262
-30.8
-291.602
-422.947
-477.543
-464.928
-410.857
-333.096
-225.702
-110.423
-649.895
-799.441
-584.561
-639.508
-659.4
-312.344
-606.444
-542.901
-547.443
-55.6324
-122.852
13.9085
440.991
461.3
24.5233
-144.095
-294.828
-288.666
-287.784
-306.91
-317.667
-309.153
-254.915
-149.834
-674.226
-866.229
-1139.54
-1238.84
-1019.46
-936.275
-1123.15
-928.861
-957.439
-565.668
-573.411
-322.52
-12.8833
0.451409
-220.243
-445.593
-684.882
-772.11
-863.129
-920.073
-892.688
-846.16
-711.572
-587.433
-1577.63
-1432.51
-1711.99
-1541.9
-1166.99
-1337.78
-1647.65
-1602.18
-1345.48
-1310.54
-1762.75
-1771.87
-1658.9
-1778.2
-1127.6
-1411.37
-1639.65
-1701.56
-1744.91
-1673.36
-1638.32
-1566.56
-1378.98
-1144.05
-2442.54
-2702.93
-2407.25
-2789.06
-1846.92
-2154.5
-2272.69
-2508.56
-2181.7
-1879.58
-2368.33
-2240.07
-1963.22
-1867.2
-1089.08
-1229.85
-1386.97
-1356.41
-1257.24
-1173.86
-1084.82
-1028.71
-981.972
-872.709
-2265.25
-2554.05
-2694.34
-3059.94
-2491.25
-2663.15
-2546.53
-2573.92
-2557.85
-2422.39
-3098.47
-2932.53
-2822.24
-3080.31
-1744.49
-2022.5
-2260.59
-2322.13
-2450.11
-2454.31
-2376.9
-2274.18
-2181.87
-2085.24
-4739.11
-4583.87
-4355.38
-4404.61
-3304.51
-3565.82
-3629.57
-3327.36
-3212.79
-2951.54
-3552.58
-3362.56
-2911.78
-2664.61
-1472.93
-1553.65
-1670.19
-1673.11
-1655.44
-1604.63
-1519.39
-1373.05
-1192.44
-997.927
-2333.53
-2235.55
-2283.71
-2275.99
-1629.28
-1757.07
-1692.24
-1569.9
-1124.11
-698.87
-511.175
1.73437
363.087
674.297
188.166
20.176
-117.339
-126.539
-117.836
-99.7659
-84.9139
2.39135
62.7103
303.379
323.125
200.723
192.797
45.478
195.395
88.1104
174.977
223.021
681.865
1014.7
1406.73
2110.61
2478.88
2520.86
1064.92
840
611.565
531.087
493.017
488.506
484.75
521.876
623.729
828.755
1212.09
738.645
699.905
811.494
756.598
415.244
725.573
1023.9
1068.64
1274.05
1732.92
2045.67
2436.18
2484.44
1048.6
823.279
596.839
513.717
476.115
471.258
477.138
520.879
624.438
796.617
1142.66
1070.33
783.933
538.152
777.915
164.391
279.54
462.399
573.628
1092.28
1270.27
1614.01
2041.29
2076.73
888.482
828.3
362.18
277.95
126.318
301.488
249.897
-19.2954
0.609566
131.153
-313.889
-631.656
-506.277
-720.527
-527.576
-792.473
-885.318
-1053.94
-1001.11
-509.736
-736.089
-584.905
-292.36
-547.392
-430.454
-533.372
-672.249
-686.177
-675.28
-637.937
-493.571
-982.058
-1165.23
-1423.3
-1872.87
-2104.85
-3708.15
-3820.21
-2200.18
-1624.14
-2285.31
-2087.77
-1086.17
-832.791
-1057.41
-427.786
139.665
-1053.82
-727.044
-887.397
-1174.81
-1470.83
-1751.33
-1825.81
-1713.57
-2103.64
-2526.45
-2660.31
-4525.1
-4018.79
-2887.3
-2255.29
-1115.15
-1184.96
-1226.32
-1067.19
-850.728
-518.036
-700.438
-352.315
58.3574
516.038
24.6794
-219.279
-580.704
-929.552
-1232.58
-1037.18
-742.959
-630.862
-533.939
-548.492
-1756.75
-2058.22
-1871.33
-1959.61
-1364.26
-1194.54
-895.877
-916.328
-477.739
-138.966
89.0967
425.476
810.34
1069.74
410.8
264.017
100.466
64.2546
64.3421
120.351
90.7871
139.263
258.538
376.108
424.717
370.262
129.424
645.022
430.735
587.353
693.169
628.712
786.957
1285.31
1632.71
1896.26
2222.34
2428.61
1040.71
823.172
591.508
499.428
461.931
453.35
451.994
486.782
562.277
706.992
847.093
793.898
865.398
507.197
472.678
659.804
473.666
744.257
858.717
1186.1
1542.46
1785.72
2125.22
2334.5
998.24
781.495
558.439
478.746
444.83
440.241
445.859
489.092
575.993
755.632
816.408
781.644
788.189
921.828
529.973
355.292
344.676
428.22
815.67
1128.28
1590.97
1845.56
2199.49
2409.63
1036.14
810.786
576.168
489.955
452.74
451.666
452.931
494.798
574.302
685.104
888.322
778.586
732.274
961.015
711.207
547.628
965.082
448.594
1140.07
1476.19
1654.49
1915.1
2260.41
2473.55
1060.01
829.754
596.456
506.528
469.2
462.016
298.958
309.797
357.184
511.925
751.338
245.011
389.343
-110.077
28.5845
126.023
-245.314
-185.513
0.539698
294.621
286.762
519.699
828.876
1039.38
341.362
145.915
-35.2981
-69.9934
-70.6412
-56.1384
-40.4645
0.332701
68.1566
224.981
267.993
-213.331
-242.706
-136.498
-459.439
-354.812
-418.116
-498.673
-457.824
19.7133
195.625
454.431
834.688
1089.05
455.435
327.706
179.202
167.029
183.468
378.323
387.129
433.713
334.57
441.463
515.446
186.63
480.554
143.152
303.621
255.817
210.381
275.553
486.536
861.755
995.291
1303.42
1617.68
1776.76
707.044
493.299
280.257
247.348
410.221
425.628
434.84
481.806
575.317
746.581
811.812
860.092
1278.05
752.451
716.471
378.569
608.251
592.811
899.819
1225.25
1684.68
1937.15
2282.6
2472.49
1061.1
831.16
598.42
507.94
469.393
457.917
457.303
494.565
556.084
683.949
783.501
715.004
614.013
524.738
497.374
467.108
584.959
367.722
860.603
1374.4
1511
1788.77
2146.95
2360.91
1012.41
794.938
571.231
493.14
456.123
450.608
455.662
495.057
570.92
722.622
976.51
976.888
894.446
888.672
987.71
481.944
251.723
492.141
893.712
1279.24
1669.47
1830.4
2176.98
2376.7
1014.06
788.247
555.945
470.773
434.703
429.072
261.569
266.924
287.082
371.166
18.8594
67.9849
60.4578
58.5898
285.34
-100.197
-357.326
-342.875
-102.415
173.269
191.301
518.052
958.589
1248.48
455.428
258.728
75.332
44.7471
54.4517
77.6717
72.7809
118.577
232.359
435.703
707.625
110.406
148.044
-116.183
14.1426
69.1212
-255.268
-1.11653
82.6158
907.854
954.251
1237.92
1582.59
1784.27
708.543
489.519
261.643
182.474
143.683
142.531
158.113
206.093
292.941
421.977
502.523
231.572
414.825
-22.5617
0.406395
88.5397
-64.9684
1.13614
261.872
782.751
1105.66
1383.37
1772.64
2041.36
1018.64
801.539
575.211
490.646
454.001
448.276
448.621
486.773
560.146
701.132
1208.18
909.448
726.81
376.878
614.189
581.41
450.987
534.084
897.241
1185.81
1535.37
1796.45
2163.27
2371.77
1016.51
800.239
575.181
490.959
454.317
448.968
446.744
482.741
545.995
698.5
751.796
667.74
539.763
833.657
40.7138
-68.7283
-43.5301
0.793096
335.662
898.364
926.638
1213.59
1510.5
1652.15
601.478
348.029
60.6458
-65.0918
-136.222
-189.472
-222.809
-246.58
-311.496
-285.294
-1154.71
-1487.95
-1155.14
-1678.77
-1312.45
-1571.08
-1468.56
-1315.1
-1316.5
-1099.74
-1374.46
-1344.66
-1286.39
-1344.9
-922.076
-1097.04
-1295.45
-1394.6
-1454.73
-1459.01
-1449.78
-1396.78
-1340.55
-1176.37
-2602.85
-2439.33
-2622.62
-2980.5
-2168.76
-2104.2
-2261.1
-1925.72
-1673.59
-1350.38
-1530.18
-1349.82
-1151.74
-1075.36
-789.915
-1037.32
-1267.11
-1392.46
-1455.12
-1486.41
-1518.51
-1495.72
-1448.3
-1368.12
-2910.99
-2719.1
-2950.63
-2621.92
-2125.78
-1812.12
-2111.95
-2103.8
-1732.92
-1408.69
-1580.5
-1325.98
-1039.1
-854.48
-799.462
-1164.52
-1533.32
-1819.56
-2152.88
-2406.31
-2361.41
-2161.64
-1818.4
-1463.91
-3068.39
-2852.89
-2580.32
-2544.81
-2472.82
-2401.94
-2877.59
-2594.89
-2669.42
-2863.19
-3973.17
-4276.97
-4409.85
-4445.65
-2578.96
-2844.54
-3098.71
-3266.61
-3575.06
-3802.51
-3977.95
-4091.35
-4075.34
-3986.56
-8157.49
-8008.78
-8164.39
-9155.67
-9104.88
-10569.4
-11338.7
-11224.7
-11240.2
-11390.5
1526.96
1780.2
2159.52
2369.01
-5988.84
-5826.08
-6063.35
-6006.87
-7293.55
415.846
463.99
-7624.28
-6835.3
-6040.35
-11358.1
-11969.4
-12231.2
-12494
-10339.6
-10279.9
-10016.7
-10139.5
-9670.71
-9191
-10836
-10220.4
-9481.33
-8956.75
-4574.84
-4571.05
-4483.74
-4457.33
-4219.22
-4067.61
-3627.09
-3372.44
-3353.25
-3293.52
-6554.46
-6380.07
-6554.88
-6183.63
-5122.29
-4738.04
-4818.6
-4152.08
-3792.95
-3202.9
-3523.55
-3055.8
-2523.71
-2188.18
-1231.48
-1325.69
-1503.51
-1569.32
-1554.35
-1547.12
-1509.14
-1435.75
-1400.86
-1374.5
-3001.85
-3134.16
-3054.35
-3307.49
-2471.42
-2373.73
-2701.02
-2584.51
-2180.71
-1730.29
-2039.05
-1601.02
-1153.42
-844.806
-502.852
-593.183
-702.506
-721.171
-701.701
-676.968
-658.777
-603.084
-524.1
-471.186
-1347.43
-1389.49
-1694.76
-1379.31
-1299.49
-1390.97
-1607.19
-1396.22
-1313.56
-894.737
-945.684
-659.472
-334.792
-133.515
-254.806
-416.641
-584.989
-678.974
-716.136
-741.453
-802.709
-789.077
-780.228
-707.377
-1758.06
-2147.89
-2018.92
-2378.75
-1633.32
-1775.56
-1655.12
-1216.89
-948.307
-723.53
-706.625
-229.31
60.9867
528.761
190.145
73.1389
-70.8621
-106.185
-128.718
-114.995
-103.777
-71.3175
-12.4492
53.6382
-191.805
0.737235
-282.255
-313.637
-164.514
-350.136
-435.63
-100.323
1.37381
563.326
728.401
986.545
1356.89
1571.24
602.184
373.886
139.599
41.3832
-12.2082
-41.5079
-54.4805
-44.8609
-0.841974
53.531
-444.268
-366.403
-119.196
-708.015
-438.524
-709.378
-678.756
-492.891
-439.777
-63.0957
1.31473
182.285
635.233
860.88
273.317
100.179
-54.1558
-98.6899
-91.4159
-69.877
2.41968
4.94299
130.93
291.796
49.6305
205.029
169.978
26.6055
-214.195
-130.482
-16.3242
0.936733
287.618
540.033
836.413
1027.32
1375.56
1572.24
606.804
408.095
193.929
95.4158
71.7612
80.3184
100.142
141.477
205.244
281.294
510.541
123.484
-0.774217
54.746
-102.056
-151.991
-79.9835
2.26843
315.026
673.21
959.131
1283.8
1574.5
1848.62
791.769
735.456
513.551
433.468
398.629
396.088
399.911
432.424
504.456
602.508
776.734
731.098
689.985
737.311
565.055
417.162
515.436
586.034
792.485
1213.73
1551.82
1642.83
1971.03
2230.36
981.661
763.431
540.156
460.817
420.467
412.904
414.52
446.668
516.386
670.311
942.001
957.672
528.455
820.469
721.449
461.726
302.666
551.728
763.834
1167.43
1385.43
1699.21
2014.8
2278.28
1001.82
775.848
546.793
461.12
421.156
413.472
414.484
286.607
510.879
611.328
1181.77
931.713
425.538
459.175
300.047
-12.925
64.7333
140.129
643.084
770.966
1037.9
1123.08
1386.33
1610.7
654.325
429.73
201.486
116.206
86.7367
88.2223
93.4837
117.265
180.371
324.542
119.555
213.599
-8.18414
-100.556
-217.369
-141.299
-314.771
-122.324
-55.9371
286.063
388.908
622.262
901.002
1059.04
346.283
151.287
-96.7383
-179.848
-207.339
-241.421
-279.423
-255.525
-219.86
-161.286
-527.271
-595.649
-657.407
-651.141
-1082.22
-1166
-1246.23
-1046.49
-928.773
-695.291
-837.18
-778.548
-568.038
-386.083
-349.765
-513.877
-714.868
-792.813
-815.203
-807.513
-778.054
-731.828
-694.217
-563.699
-1539.82
-1423.87
-1474.74
-1762.86
-1401.87
-973.658
-1548.32
-1304.78
-1268.71
-642.16
-945.88
-822.801
-603.161
-405.259
-321.376
-455.241
-615.045
-662.747
-693.095
-727.295
-734.689
-718.483
-682.38
-620.149
-1501.77
-1370.16
-1658.35
-1443.17
-1426.61
-1392.35
-1309.01
-1129.24
-821.738
-562.176
-530.952
-263.923
0.908769
167.222
-105.458
-354.227
-579.258
-702.179
-793.6
-852.041
-889.268
-888.133
-866.256
-821.485
-1988.05
-2033.23
-2204.65
-2246.23
-1819.98
-1998.83
-1456.01
-1817.82
-1840.78
-1351.92
-1504.15
-1209.2
-981.653
-759.69
-500.948
-684.055
-858.836
-881.292
-874.35
-818.657
-762.827
-730.243
-688.621
-580.522
-1532.18
-1688.01
-1114.32
-1489.3
-1311.17
-1424.62
-1584.21
-1352.29
-741.687
-519.474
-643.237
-403.421
-43.2507
1.99533
-134.984
-354.179
-502.165
-547.435
-579.693
-591.088
-578.66
-545.936
-497.549
-376.306
-1108.31
-844.35
-1115.91
-1229.27
-1159.63
-807.337
-381.328
-565.963
-321.743
32.5535
-37.3719
1.0769
323.221
541.783
62.6141
-216.774
-516.19
-621.148
-636.725
-644.09
-648.97
-645.105
-635.316
-658.336
-1714.88
-1812.88
-2166.25
-2154.15
-1878.4
-2194.17
-2222.75
-2288.36
-1996.62
-1735.71
-2406.25
-2335.21
-2183.9
-2045.15
-1228.98
-1374.19
-1529.73
-1535.02
-1511.83
-1473.93
-1418.58
-1312.53
-1189.42
-968.422
-2041.08
-1954.84
-2051.15
-1687.37
-1163.08
-1152.83
-684.134
-201.496
1.80074
597.759
612.498
670.829
808.759
906.398
213.036
-66.9617
-329.42
-436.771
-475.98
-447.628
-412.574
-375.208
-336.383
-224.134
-887.949
-818.653
-358.59
-271.543
-329.427
0.272521
95.1577
444.666
640.954
1323.2
1235.16
1460.17
1799.24
1664.24
669.185
416.162
165.416
124.906
155.769
339.28
168.557
149.965
183.525
312.913
101.532
169.991
-172.515
0.156795
-11.9649
259.663
-225.595
1.11801
176.107
395.503
452.241
623.586
818.536
944.072
336.453
105.884
-85.3731
-175.753
-285.463
-321.017
-425.051
-533.701
-556.238
-502.862
-1319.51
-1547.56
-1784.73
-1755.68
-1645.73
-1544.3
-1437.57
-919.525
-536.71
34.703
6.74557
134.109
313.024
292.175
-206.81
-384.842
-559.396
-723.574
-851.921
-859.437
-837.721
-775.946
-686.942
-552.072
-1527.74
-1574.38
-1879.42
-1960.29
-1905.94
-1992.67
-1985.76
-1805.02
-1715.24
-1192.63
-1585.36
-1590.39
-1476.31
-1559.72
-1209.82
-1649.96
-2095.77
-2503.35
-2679.79
-2957.25
-2848.52
-2706.42
-2929.85
-2850.97
-6154.89
-5943.58
-5210.17
-4968.03
-3701.8
-3347.3
-2198.78
-2280.88
-2133.44
-1751.14
-2479.27
-2501.06
-2414.53
-2740.6
-1737.35
-1940.99
-1924.61
-2050.31
-2837.12
-3223.33
-3473.16
-3589.41
-3589.84
-3353.61
-6649.34
-6430.83
-6091.21
-5822.25
-4171.5
-3526.34
-3818.26
-3662.83
-3646.92
-3830.72
-4405.79
-4032.54
-3528.45
-3551.4
-2066.34
-2039.5
-2189.23
-2323.62
-2324.27
-2150.21
-2187.73
-2122.86
-1982.97
-1810.23
-3977.9
-4065.84
-3757.97
-3159.71
-2417.95
-2250.27
-2181.63
-2187.27
-2094.17
-1484.2
-1729.63
-1459.8
-1502.47
-1043.92
-895.881
-1301.12
-1777.28
-2153.01
-2520.22
-2912.17
-2984.09
-2939.7
-2512.05
-2370.47
-5657.98
-6572.57
-7067.58
-8931.32
-6712.29
-5777.93
-6137.35
-6369.43
-4773.79
-2576.64
-4898.53
-6264.6
-7353.88
-7886.33
-3226.79
-2892.27
-3425.86
-3610.92
-3707.28
-3106.1
-2860.99
-3501.77
-4539.31
-3892.59
-6289.89
-7669.53
-8275.84
-8233.04
-6240.19
-5729.96
-5280.88
-4742.79
-4087.62
-3353.25
-3553
-3273.31
-2695.16
-2287.98
-1386.39
-1636.55
-1850.36
-2087.43
-2402.71
-2722.56
-2889.71
-2987.76
-3011.61
-2982.93
-5936.14
-5866.3
-6056.41
-6226.57
-5543.78
-5411.49
-5463.76
-5327.88
-4664.71
-4407.17
-5240.22
-4798.86
-4349.88
-3974.6
-1941.41
-1889.34
-1886.46
-1734.39
-1547.11
-1398.4
-1293.92
-1174.49
-1054.18
-888.008
-1962.26
-1902.86
-1684.28
-1526.15
-1398.75
-1637.86
-1595.38
-1704.71
-1805.36
-1374.75
-1013.9
-585.428
-567.152
-513.014
-463.124
-596.363
-705.086
-715.552
-768.221
-878.545
-933.146
-858.63
-733.917
-554.856
-1472.36
-2185.26
-2391.8
-2024.19
-971.15
-1166.24
-994.6
-745.461
-460.643
111.907
212.569
378.597
503.848
628.577
92.4701
-174.539
-352.154
-435.103
-582.11
-620.964
-554.82
-471.597
-451.651
-352.93
-957.675
-612.768
-560.29
-208.259
-559.613
-483.42
-573.026
-119.74
-171.126
298.631
348.272
429.126
519.582
672.725
172.045
-36.0861
-131.211
-120.21
-83.9146
-27.757
-15.225
0.124425
41.7315
102.958
-275.438
-503.248
-638.96
-1156.93
-962.136
-700.705
-324.542
-62.931
43.1433
551.73
773.654
1048.26
1368.98
1709.01
656.814
302.961
-86.4875
-227.413
-271.575
-253.334
-217.998
-131.6
-39.7773
53.4444
-302.938
-580.412
-820.77
-892.786
-512.554
-451.004
-125.063
117.267
227.803
956.577
1125.33
1413.08
1669.39
1882.82
734.795
404.893
71.7635
-55.2555
-105.97
-122.539
-91.5811
-33.7292
0.387863
75.2991
-272.61
-369.504
-226.056
-470.42
-116.814
-113.831
104.067
368.688
627.559
1194.28
1269.61
1386.91
1567.54
1735.79
606.01
253.039
-84.2078
-234.242
-292.494
-322.721
-264.1
-170.164
-92.3882
52.1761
-165.295
-45.5757
153.016
430.713
139.485
178.199
593.981
710.162
961.686
1484.67
1688.4
1761.79
1932.49
2105.56
823.35
493.472
150.272
7.7592
-21.3328
-7.01336
0.341184
75.4208
177.658
463.632
388.972
157.402
301.481
239.054
255.56
164.097
165.245
126.041
249.423
923.539
985.631
1143.23
1485.74
1756.86
717.437
477.228
244.367
164.646
129.273
119.126
117.283
141.056
204.32
294.876
342.181
-13.3993
0.412239
67.7743
-47.8792
1.64664
10.9699
0.441293
321.841
788.375
1011.88
1291.68
1937.6
2200.48
955.2
719.383
486.269
391.374
348.358
339.52
338.467
371.133
425.113
669.954
611.16
725.869
680.643
366.659
467.211
147.284
369.885
671.841
890.391
1579.26
1896.3
1807.16
2065.91
2254.3
927.173
548.966
260.989
154.608
97.774
89.3238
97.0691
144.3
227.974
342.649
234.082
357.085
316.38
23.7208
111.212
350.571
77.3088
242.823
660.42
994.644
1206.08
1466.54
2074.61
2302.4
962.294
707.499
481.24
391.374
348.358
339.52
338.467
370.994
443.803
540.021
710.959
490.559
624.832
657.035
169.192
505.181
775.294
966.09
758.762
1165.38
1592.86
1560.11
1743.17
1927.32
745.056
471.229
242.478
133.882
62.668
54.2532
-6.94556
-15.7901
0.497754
145.062
-22.3442
182.119
-90.9288
-403.589
-583.824
-110.582
-408.882
-316.002
-179.761
-17.4016
1.80889
44.1455
234.236
411.599
-48.029
-280.231
-462.858
-508.807
-558.401
-603.271
-626.657
-621.933
-579.006
-459.574
-888.865
-1269.44
-1079.18
-1125.84
-1023.37
-994.907
-1032.28
-854.216
-485.49
-135.932
-315.729
-535.417
-455.012
-366.855
-383.87
-604.798
-799.261
-894.246
-961.262
-1002.85
-1038.34
-1031.1
-975.478
-822.523
-1554.39
-1969.79
-2106.34
-1942.7
-1651.87
-1753.75
-1411.44
-868.895
-1040.84
-695.112
-839.03
-703.846
-606.298
-547.753
-522.793
-844.693
-1126.25
-1259.46
-1365.56
-1422.23
-1519.71
-1571.11
-1464.82
-1317.14
-2827.75
-2657.82
-2720.45
-2693.16
-1679.31
-2047.83
-2127.2
-1963.61
-1256.68
-1023.51
-1404.47
-1141.78
-896.044
-692.837
-457.653
-632.52
-838.588
-928.098
-938.282
-912.975
-865.516
-769.986
-656.714
-500.863
-1291.43
-961.076
-1116.88
-1251.06
-740.738
-503.114
-369.25
0.0400312
87.3648
854.621
978.673
1185.72
1285.68
1352.81
380.308
-27.4782
-271.734
-408.124
-497.252
-502.795
-505.929
-504.07
-523.975
-509.604
-1292.47
-1419.74
-1002.31
-891.345
-409.151
-313.556
-293.565
-184.805
-27.2282
480.68
473.295
711.914
999.51
1166.28
474.685
301.847
96.2135
62.5892
68.069
82.6131
108.841
169.597
268.559
389.742
719.341
633.736
372.733
298.16
241.096
356.201
575.119
1186.65
1046.1
1686.18
1798.37
1963.93
2266.34
2512.73
1075.14
797.092
505.798
391.374
348.358
339.52
338.467
372.127
441.344
609.502
638.216
503.025
546.775
872.127
481.056
647.02
748.104
1174.54
1487.42
1948.05
2291.13
2460.51
2674.28
2857.71
1238.1
931.286
604.957
449.241
357.531
339.52
338.467
372.403
447.744
607.752
797.276
798.825
694.462
761.425
1136.08
1421.01
866.946
1327.77
1560.89
2032.06
2324.86
2465.61
2641.21
2804.67
1192.79
877.186
555.302
407.264
350.355
340.565
340.511
376.061
460.806
623.121
687.834
502.363
729.213
939.495
725.776
755.354
882.665
883.543
1056.16
1417.37
1530.71
1612.18
1840.63
2143.35
897.889
639.576
322.565
222.786
141.173
126.186
129.606
171.914
262.245
422.573
722.487
425.396
531.121
680.382
735.343
1407.59
1411.1
1598.44
1843.09
2755.42
2802.81
2941.92
3032.15
3147.94
1352.95
1010.29
676.454
514.405
414.133
364.43
338.467
372.716
442.283
593.299
876.507
588.335
1161.95
1000.98
1292.61
1219.43
1754.75
2268.68
1988.81
2449.44
2837.32
2821.48
2928.38
2938.4
1232.56
868.684
502.953
324.402
207.991
138.016
51.611
63.1824
127.223
324.012
280.002
341.057
240.741
21.3568
241.398
571.34
1374.2
1159.64
1506.08
2260.77
2257.5
2784.51
2955.54
3061.67
1330.68
992.501
633.606
391.374
348.358
339.52
338.467
373.079
449.466
584.976
670.694
543.075
650.806
893.688
1162.2
1117.27
931.405
1360.81
1633.96
2098.38
2480.55
2660.59
2814.32
2979.68
1280.12
960.199
584.1
443.694
351.985
339.52
338.467
373.516
449.556
586.068
631.607
847.558
1157.82
1136.31
966.814
746.883
860.922
917.521
1544.02
1644.63
2062.04
2316.17
2605.93
2777.55
1184.19
896.826
597.336
274.612
85.403
-40.4306
1.09212
33.5992
174.194
329.349
255.801
611.062
1227.35
923.029
643.971
864.023
809.365
725.806
633.425
1147.57
1950.2
2220.43
2401.97
2928.6
1233.21
916.976
435.069
267.398
145.711
104.419
80.6439
98.8264
175.268
353.839
180.912
338.173
611.398
523.641
397.572
642.354
523.426
1390.32
1212.13
1847.58
1856.04
1778.72
1818.34
1960.83
738.231
270.839
-185.515
-403.538
-527.672
-474.31
-383.913
-274.875
-151.821
4.57306
-301.694
-399.556
-396.976
-516.34
-424.373
-598.392
-669.948
-618.106
-619.884
-183.027
-82.6584
22.8186
480.122
741.367
258.506
-9.85076
-170.919
-227.856
-241.651
-219.234
-247.729
-218.949
-56.6871
84.7608
-21.2275
211.103
797.278
1003.74
1341.57
1174.94
1310.95
1498.81
1512.31
1819.15
2206.07
2523.4
2768.72
2861.21
1180.06
812.889
454.193
290.172
169.311
96.3866
-7.05286
1.40749
78.7399
291.803
107.268
72.9319
-280.512
0.147513
30.632
1.4163
425.636
546.154
1052.65
1786.6
2096.26
2650.23
2916.29
3166.27
1418.27
1110.4
806.694
665.433
558.974
338.563
282.232
273.996
346.748
464.114
364.806
486.549
437.374
584.488
433.372
614.648
753.975
736.629
782.336
954.63
1256.3
1380.5
1669.44
1879.14
666.726
390.115
95.5033
-52.2422
-145.016
-229.56
-297.53
-304.204
-267.074
-176.396
-615.103
-872.299
-809.433
-337.573
-724.432
-840.946
-781.037
-185.196
-347.108
27.2887
324.22
720.676
1122.94
1411.41
490.82
245.793
23.213
-52.3964
-95.3575
-119.759
-142.967
-146.408
-95.8014
35.1204
-416.309
-738.314
-780.817
-840.696
-332.056
-677.769
-643.22
-504.963
-260.773
183.474
553.551
718.514
768.563
1091.17
417.844
205.663
-4.12761
-61.0399
-83.3642
-79.0389
-54.0098
0.351025
66.9721
253.119
354.68
62.3536
-219.747
-45.6889
-284.099
-30.441
-162.281
-229.549
0.333425
328.502
546.193
602.252
815.625
977.25
220.747
-122.855
-349.089
-469.887
-557.339
-612.408
-768.462
-878.577
-961.227
-976.427
-2481.42
-2515.95
-2581.03
-2934.82
-2347.14
-2413.86
-2185.71
-1896.09
-1606.72
-1162.18
-1151.97
-788.517
-368.19
-68.8661
-199.39
-401.871
-613.901
-712.683
-735.155
-702.269
-641.332
-569.106
-502.984
-481.784
-1444.42
-1399.26
-1613.62
-1283.93
-908.411
-353.614
-671.04
-199.144
250.014
520.22
743.69
1013.24
1347.72
1539.94
570.088
258.204
-64.1728
-224.436
-325.255
-412.085
-487.724
-519.674
-463.549
-373.787
-819.699
-1083.98
-751.251
-307.852
-143.811
-543.479
-257.54
1.57184
145.594
889.97
913.678
1012.93
1222.04
1385.57
388.739
136.198
-190.604
-327.738
-364.896
-378.084
-402.234
-408.049
-303.461
-100.54
-455.323
-501.687
-627.075
-498.087
-746.204
-736.582
-749.18
-963.383
-736.508
-418.846
-468.594
-143.21
1.06144
337.134
-7.81474
-248.777
-407.635
-435.136
-444.847
-443.922
-434.196
-407.761
-327.544
-193.223
-754.312
-777.843
-778.707
-1010.88
-702.644
-337.13
-250.567
-6.55208
28.2915
852.272
699.8
800.543
1033.12
1098.79
239.063
-50.689
-268.06
-347.167
-399.548
-412.59
-404.285
-380.317
-295.349
-166.259
-633.959
-548.915
-342.793
-467.624
-185.82
-92.0905
1.14815
155.891
426.633
863.009
809.349
902.043
1274.61
1233.63
308.169
-15.7352
-298.342
-448.48
-545.352
-597.392
-681.457
-658.104
-531.12
-283.038
-878.108
-890.64
-316.436
-759.505
-844.609
-573.153
-933.637
-656.388
-350.609
64.1003
219.821
437.065
751.419
878.559
126.267
-184.929
-456.476
-601.897
-683.428
-723.403
-736.44
-699.807
-622.267
-490.14
-1160.34
-1303.67
-1091.2
-1018.89
-823.089
-431.079
-836.314
-363.44
-122.367
301.922
582.975
953.912
1331.12
1520.16
500.209
203.347
-32.7831
-118.539
-160.214
-180.484
-193.159
-173.416
-123.907
14.0016
-307.255
-520.085
-691.083
-576.701
-549.761
-374.778
-559.621
-355.537
-19.8227
288.546
444.787
820.774
1185.92
1401.1
448.385
172.852
-84.1244
-205.536
-285.153
-345.287
-333.319
-314.059
-226.685
-64.8011
-655.697
-611.339
-797.992
-665.025
-823.788
-807.751
-596.236
-616.013
-417.474
7.00434
203.673
554.185
851.221
954.407
222.731
-42.7391
-267.306
-355.304
-415.111
-405.76
-408.932
-381.842
-278.215
-93.0143
-624.097
-589.456
-646.958
-870.088
-824.454
-604.29
-548.595
-363.597
-129.125
160.642
398.586
565.337
853.466
951.673
187.964
-126.224
-393.912
-547.528
-604.654
-609.227
-578.57
-520.237
-431.978
-287.357
-872.883
-556.8
-755.607
-537.49
-513.436
-161.174
-86.3832
1.1836
483.265
1029.94
1407.99
1483.44
1747.05
1822.94
569.574
140.08
-208.664
-400.375
-584.859
-690.386
-608.96
-454.849
-291.134
-75.44
-343.498
-422.023
-50.4552
-158.108
37.0071
25.8603
0.377045
197.691
623.317
1110.51
1297.53
1296.27
1490.68
1518.41
442.124
148.503
-130.356
-266.478
-308.205
-279.392
-252.544
-215.148
-171.696
-100.592
-641.702
-878.005
-580.355
-476.678
-92.7113
0.538338
212.91
399.114
882.231
1521.72
1784.02
1924.84
2251.59
2370.2
958.498
672.263
376.411
245.95
174.903
141.635
117.68
148.558
215.429
352.611
150.002
1.23624
70.6486
29.9637
220.245
422.224
57.5555
432.949
580.563
1044.68
1322.14
1540.35
1758.71
1898.78
710.592
456.705
206.221
125.252
83.0075
79.9613
52.2839
80.769
145.902
254.095
-60.6983
-171.198
-239.984
-409.236
-18.0392
202.091
-79.9477
0.227433
391.691
1022.05
1420.2
1681.54
2038.36
2159.26
861.964
650.049
453.845
373.903
338.924
334.57
329.046
360.162
435.799
577.846
517.469
346.666
73.4679
-25.7217
1.0496
310.082
654.041
1160.91
1049.45
1670.53
2074.67
2279.69
2543.35
2366.56
925.98
675.73
409.157
287.268
197.437
164.165
160.531
190.554
264.122
467.847
516.331
231.888
432.116
201.632
725.765
388.146
862.092
687.517
739.916
1041.79
1432.67
1685.3
2039.31
2193.68
896.033
650.049
279.311
196.819
144.279
129.144
124.975
177.591
283.485
556.361
843.131
469.367
155.898
208.656
322.824
56.3735
314.019
783.948
1074.49
1698.66
1984.68
2216.37
2469.43
2538.77
995.133
715.649
453.845
373.903
338.924
334.57
329.046
360.162
435.715
544.847
653.137
471.729
131.696
318.041
252.83
242.141
372.065
721.485
981.765
1466.36
1745.05
1954.71
2249.66
2380.14
958.814
716.794
459.472
391.311
350.517
340.727
340.673
378.633
484.131
658.938
839.348
615.976
504.614
656.609
487.92
533.914
303.458
276.607
354.498
794.91
1150.84
1307.21
1616.29
1771.66
673.427
448.868
227.563
140.081
99.4168
96.6732
71.8383
80.5034
172.15
312.538
478.434
0.546891
361.359
162.543
95.8518
49.161
-220.323
0.472585
567.883
761.969
1142.75
1395.03
1752.84
1951.39
738.68
458.529
238.406
157.2
120.111
132.441
153.009
191.776
274.005
388.559
176.193
185.595
-163.457
-52.1043
264.384
198.84
331.695
861.898
898.623
1565.34
1998.39
2226.63
2546.48
2735.09
1111.99
798.35
465.871
254.307
156.992
107.207
49.2606
38.05
116.143
296.38
251.662
-41.7056
-136.042
-207.915
-148.835
2.465
195.726
417.678
419.186
845.19
1034.85
1441.55
1844.25
1987.79
741.674
460.424
214.061
123.229
95.0838
92.9538
47.2641
22.7016
40.4218
153.976
-214.049
-320.376
-384.602
-641.424
-489.214
-428.684
-226.471
-130.599
360.461
629.728
992.411
1283.93
1597.62
1745.71
579.528
272.8
10.5696
-60.9102
-77.6564
-76.3002
-68.7033
2.41082
22.3363
212.482
4.80585
-126.556
-255.17
-318.831
-101.264
-63.5159
104.852
341.725
640.204
1217.24
1787.2
1945
2250.99
2365.09
920.386
615.933
305.398
220.469
181.093
174.222
177.056
216.229
310.262
456.839
491.898
448.478
726.111
441.758
507.139
912.975
1127.08
1236.12
1556.58
1964.92
2415.6
2524.37
2769.68
2880.29
1169.61
679.864
338.329
152.799
71.2633
13.2584
-4.80436
0.582447
138.038
386.644
464.45
721.495
585.165
825.746
1266.9
846.832
1103.97
1715.99
1715.91
2183.24
2514.46
2604.67
2839.81
2944.45
1175.08
849.213
531.439
391.311
350.517
340.727
340.673
378.633
486.88
653.25
792.648
858.393
977.516
838.712
1020.35
1097.09
1055.7
1530.01
1913.31
2094.22
2508.52
2667.57
2867.93
2937.01
1210.91
876.942
564.927
233.504
186.077
177.143
177.538
202.483
285.708
436.295
405.445
323.445
0.54262
137.231
254.234
341.763
485.479
453.477
795.633
1003.66
977.133
1345.08
1595.42
1730.08
623.071
348.332
54.545
3.24276
-6.25663
0.25365
43.8229
122.324
239.274
369.741
166.387
-147.639
-267.638
-138.51
-121.639
1.19976
133.852
486.784
824.766
1227.56
1493.67
1580.43
1773.94
1829.68
584.941
217.547
-139.021
-287.786
-399.621
-480.742
-514.498
-449.346
-296.769
-115.722
-312.23
-541.023
-525.849
-484.599
-84.9671
1.01449
1.41121
164.879
460.28
942.462
1187.79
1336.37
1555.26
1681.68
559.141
244.744
-43.5124
-158.5
-176.8
-181.729
-180.261
-157.184
-67.9272
53.4462
-235.886
-308.102
-236.104
52.7092
-248.811
2.6117
298.737
381.536
676.777
1180
1465.47
1616.33
1795.18
1871
658.387
332.412
38.8926
-89.6773
-117.697
-116.203
-65.8809
-3.12587
1.60929
177.344
-206.222
-336.745
-654.407
-709.928
-780.343
-763.715
-642.431
-498.301
-232.822
82.5555
561.606
1128
1617.99
1568.22
587.175
352.272
114.771
43.6947
10.8989
24.7584
46.752
81.6281
181.723
367.535
143.513
0.457557
432.158
138.521
2.62503
4.88101
-13.2697
318.425
487.983
1010.13
1466.73
1796.63
2176.82
1968.45
698.974
438.294
206.567
132.52
107.391
104.247
115.04
169.373
318.059
539.803
956.327
804.384
557.547
466.551
950.431
392.448
556.002
1059.58
1146.82
1684.6
2227.63
2610.9
2958.85
2709.09
1104.66
806.524
498.685
390.56
166.204
119.735
114.321
167.388
296.293
527.881
832.716
416.329
632.342
759.913
392.641
538.012
784.814
953.775
1272.42
1616.24
2004.87
2218.71
2470.66
2279.82
1011.09
737.806
480.376
390.56
349.194
340.342
339.227
376.914
500.486
715.352
1097.15
864.444
854.965
428.859
410.657
515.274
791.396
862.679
1289.5
2027.68
2311.43
2571.47
2806.62
2496.89
915.041
588.958
290.505
170.668
110.507
137.182
148.823
215.863
521.411
739.734
1058.07
1104.28
1466.35
1369.18
1432.72
1405.39
1625.74
1826.57
1974.79
2587.29
3062.78
3198.37
3478.52
3259.38
1250.23
900.993
510.519
275.38
168.545
115.797
83.3106
92.7724
232.985
444.58
751.709
227.248
511.645
17.5696
312.311
137.884
440.179
503.309
809.668
1496.59
2048.95
2413.19
2658.74
2445.78
949.646
713.228
480.376
390.56
349.194
340.342
339.227
376.914
501.734
718.62
954.455
851.646
767.812
620.674
467.823
346.962
374.988
455.427
843.626
1256.41
1636.25
2028.32
2393.47
2270.84
938.26
713.228
480.376
393.58
351.191
343.696
348.362
389.523
524.035
743.683
976.489
825.293
597.943
345.889
126.524
0.301947
62.1554
127.631
324.453
828.628
1187.63
1572.29
1939.75
1822.86
714.07
495.365
291.74
207.218
186.709
341.387
341.945
384.544
517.659
731.727
1219.94
918.372
559.979
596.495
629.167
610.585
337.199
672.773
894.514
1562.86
2096.43
2423.07
2740.93
2526.9
1008.64
725.112
325.37
390.56
349.194
340.342
339.227
376.914
503.676
721.305
964.675
331.318
401.828
260.37
279.054
271
729.695
626.807
855.934
1545.1
1933.51
2260.36
2501.19
2143.19
744.378
528.979
308.166
390.56
349.194
340.342
339.227
376.914
503.09
695.711
1020.7
771.256
674.157
802.678
82.2413
895.532
832.585
1072.33
1568.01
2213.15
2641.23
2902.51
3139.34
2876.85
1142.52
834.566
516.328
390.56
349.194
340.342
339.227
376.914
503.458
696.915
1025.2
651.291
734.172
656.26
1261.96
873.706
1186.46
1442.92
1801.75
2500.96
2998.56
3266.11
3585.47
3309.15
1363.84
1032.74
679.992
510.559
422.982
384.603
186.457
180.297
280.992
447.538
408.24
118.318
-99.9053
-199.892
-74.3551
-248.253
-183.834
-47.1691
129.009
742.927
977.896
1369.54
1757.25
1564.71
543.713
258.919
2.36942
-74.2647
-110.892
-115.722
-106.906
-22.0183
11.0423
323.949
168.721
-23.7636
1.58424
-88.8706
-257.188
0.13128
6.84965
-15.9599
62.8899
643.357
925.318
1292.35
1653.34
1525.39
532.379
290.553
31.5553
-49.8613
-109.455
-127.867
-128.78
-59.5427
1.11481
275.909
223.678
-170.437
-73.9262
-74.238
-323.543
-187.897
82.3203
71.2259
491.355
938.179
1435.38
1836.96
2226.22
2036.82
758.673
442.27
110.922
-7.42442
-64.7101
-81.6971
-89.2501
-2.15173
40.2949
307.706
141.523
-57.7618
-6.53237
-64.5863
20.5541
-13.6428
442.354
377.039
670.161
1102.15
1512.5
1802.14
2103.47
1880.85
664.93
382.495
178.932
110.333
88.5322
103.824
116.119
140.148
227.662
398.817
233.952
-36.6898
-131.052
242.745
-135.242
-94.1994
0.361732
166.89
531.369
985.108
1079.69
1182.4
1439.89
1495.64
501.038
217.616
-28.4353
-87.3807
-110.73
-105.541
-163.825
-180.293
-109.132
13.618
-441.134
-321.077
-601.846
-675.148
-630.524
-559.944
-412.445
-259.695
-171.433
154.797
270.483
511.579
703.776
293.32
-187.516
-475.871
-713.696
-829.253
-928.01
-960.928
-981.349
-1007.05
-968.99
-811.468
-2100.45
-2463.6
-2571.63
-2772.07
-2009.72
-2272.51
-2306.44
-2623.23
-2518.65
-2504.06
-3375.46
-3549.29
-3540.99
-3981.73
-2387.21
-2675.47
-2901.56
-2942.84
-2916.66
-2918.51
-2859.62
-2752.63
-2558.74
-2207.87
-4162.51
-4015.36
-3718.45
-3653.19
-3095.06
-3068.33
-3012.63
-2967.41
-2805.73
-2456.47
-2800.25
-2405.95
-2082.98
-2261.24
-1222.66
-1350.47
-1444.56
-1384.81
-1323.97
-1259.41
-1151.54
-996.971
-791.073
-519.301
-1198.86
-1056.56
-958.281
-1177.62
-1104.09
-1012.35
-1094.5
-747.397
-657.966
-256.098
-67.7179
36.783
537.743
542.479
127.221
-23.7249
-195.991
-253.993
-272.279
-235.266
-153.75
-4.84876
42.9237
322.903
116.981
26.8956
-83.5741
-31.6107
-78.1084
115.729
-127.662
2.60259
264.916
816.744
1250.14
1629.09
2015.38
1889.93
722.64
474.141
212.899
98.6293
29.7075
-5.65931
-19.8297
0.384901
76.7764
265.969
11.0624
-127.089
-311.691
-465.667
-425.798
-258.702
-264.416
-182.908
-57.4648
270.823
573.11
929.922
1326.64
1252.07
437.687
248.693
45.2904
-11.118
0.623099
0.543943
25.033
39.064
99.7356
214.945
-76.6365
-105.915
-198.849
1.17491
-275.805
-200.075
-442.112
-394.063
1.66179
318.159
606.744
979.469
1354.86
1217.06
356.064
69.6714
-143.604
-201.008
-247.565
-285.335
-327.466
-326.278
-237.223
-94.6666
-680.665
-910.048
-910.521
-779.183
-727.145
-329.762
-331.042
-211.779
-17.3794
366.135
453.8
710.684
1009.03
714.632
31.5457
-223.722
-451.374
-561.713
-641.886
-710.005
-771.038
-805.772
-778.041
-668.15
-1728.44
-1911.28
-1560.16
-1783.14
-1277.58
-1193.16
-1069.41
-967.547
-794.698
-502.674
-581.55
-338.544
-101.608
-350.373
-453.128
-718.606
-929.34
-1036.97
-1049.54
-1107.21
-1131.41
-1069.37
-952.931
-776.377
-1854.37
-2189.96
-2222.77
-2299.67
-2359.37
-2305.06
-2637.17
-2325.49
-2414.87
-2388.76
-2938.09
-3032.63
-3073.95
-3450.38
-2055.31
-2310.41
-2659.71
-2778.05
-2848.42
-2920.47
-2914.17
-2787.69
-2567.78
-2307.05
-4448.95
-4283.17
-4241.83
-4012.28
-3105
-2763.52
-2857.63
-2637.77
-2307.8
-1777.55
-1958.57
-1571.7
-1172.75
-1123.26
-669.264
-749.946
-844.05
-814.868
-733.193
-625.769
-530.215
-432.11
-276.021
-65.4428
-381.72
-461.084
-324.741
-360.745
-299.75
-105.816
-268.215
0.809441
200.29
847.247
1219.7
1660.5
2117.15
2323.72
959.905
725.112
485.405
413.353
374.068
371.845
379.667
426.813
590.372
680.3
949.76
714.733
272.274
151.333
422.082
200.67
256.252
565.627
750.452
1280.06
1829.93
2189.17
2231.36
1943.56
756.614
513.728
268.647
192.091
169.963
189.263
357.252
398.94
551.15
818.831
1124.67
719.189
488.979
345.824
441.404
250.379
552.982
428.494
564.044
1060.91
1497.27
1867.81
1953.75
1677.37
615.717
378.723
127.284
17.6671
-46.3143
-78.6426
-89.8103
-39.8278
1.38359
278.03
152.239
-13.5401
-211.66
-447.256
-195.21
-213.453
-143.739
-11.0431
-0.398659
439.012
870.337
1307.62
1443.31
1243.22
243.956
-110.134
-469.286
-725.984
-967.284
-1222.64
-1255.12
-1127.56
-1006.4
-792.845
-1724.54
-1695.33
-1490.58
-1551.6
-1432.32
-1225.06
-937.826
-734.805
-721.053
-239.991
151.279
796.913
1057.05
845.383
198.636
-3.76942
-186.515
-299.321
-288.194
-158.459
-125.932
-28.7459
77.7476
379.178
112.888
-93.8735
-665.943
-778.852
-1253.86
-1265.18
-1379.38
-1362.31
-1213.95
-962.377
-964.249
-724.248
-770.85
-706.938
-584.116
-823.684
-980.389
-1065.85
-1106.27
-1044.02
-1058.84
-1056.22
-948.981
-703.041
-1595.83
-1698.23
-1365.5
-1702.08
-968.89
-958.607
-704.81
-334.105
-4.92479
353.466
845.756
1388.4
1626.61
1549.16
592.201
377.047
172.849
116.13
93.5902
109.472
86.1714
123.392
313.443
630.536
859.177
490.978
265.763
450.479
441.055
686.06
424.821
442.578
750.839
1695.33
1916.61
2155.4
2073.8
1722.74
618.127
364.603
107.978
-115.59
-221.341
-700.387
-1314.33
-1138.7
-1087.11
-931.274
-2768.95
-3848.72
-3055.19
-2821.61
-2921.41
-3255.03
-3787.51
-3466.16
-3119.92
-2568.28
-2761.94
-1879.01
-1101.55
-560.626
-23.0691
59.9223
151.691
218.232
240.117
227.955
144.839
191.843
330.742
682.999
563.31
-158.561
-126.472
-442.924
-92.238
1.16758
62.7293
104.764
393.392
973.091
1002.67
942.498
816.107
391.271
-33.3346
-238.646
-452.571
-501.539
-579.519
-607.924
-974.535
-1036.07
-1220.95
-1618.25
-5311.01
-7267.97
-7425.38
-6624.17
-4663.22
-2756.19
-1781.89
-1102.26
-1284.4
-1188.34
-669.519
-268.479
-128.16
-180.446
-257.617
-450.765
-665.139
-775.94
-797.885
-847.304
-862.897
-860.761
-836.269
-756.242
-1987.68
-2303.9
-2500.62
-2366.6
-1851.55
-2092.54
-2228.1
-2265.9
-2142.04
-1762.45
-1853.97
-1412.53
-1241.43
-1281.99
-817.608
-994.101
-1130.97
-1171.39
-1190.23
-1245.68
-1333.23
-1403.54
-1344.74
-1145.55
-2608.64
-2967.65
-2934.85
-2919.36
-2471.8
-2025.24
-1881.72
-1866.59
-1524.8
-861.346
-642.107
-9.42023
73.6302
58.2012
-121.509
-259.944
-353.998
-386.962
-369.731
-330.996
-315.579
-258.666
-60.9879
93.7661
-35.9072
-227.715
-87.8687
150.765
96.5516
173.129
81.1492
273.502
748.9
1259.45
1763.96
2153.36
2253.9
2001.48
805.585
734.776
331.762
240.337
190.803
186.535
198.711
245.156
393.171
650.007
762.501
404.297
187.562
134.88
142.878
74.0927
244.022
84.4581
429.225
810.877
1137.66
1463.35
1473.26
1131.19
303.568
24.835
-184.605
-268.38
-328.358
-360.931
-371.528
-354.031
-258.969
-95.0286
-517.84
-644.354
-725.073
-888.145
-604.456
-811.716
-664.007
-589.9
-441.861
20.6996
218.558
574.131
675.739
415.407
32.6599
-158.48
-318.34
-383.166
-389.783
-369.131
-439.801
-453.561
-348.679
-182.634
-708.04
-984.275
-1194.71
-1024.32
-1292.43
-1391.68
-1662.87
-1640.21
-1640.03
-1304.7
-1337.56
-913.995
-697.582
-739.903
-474.783
-528.322
-556.932
-528.777
-518.981
-531.713
-544.207
-567.752
-542.037
-458.42
-1477.49
-1772.22
-2091.59
-2036.09
-1560.61
-1639.94
-1700
-1469.1
-1144.34
-761.056
-604.679
-149.768
0.202309
-158.22
-265.887
-467.993
-646.795
-692.365
-676.063
-642.556
-615.917
-569.852
-437.762
-218.344
-671.987
-639.152
-883.419
-876.728
-806.153
-711.145
-628.118
-500.022
-32.6746
261.137
672.25
1085.63
1210.1
1028.24
307.299
109.733
-87.1953
-144.713
-168.735
-153.117
-109.888
-13.1382
79.7299
420.219
425.543
107.022
175.894
-52.3257
0.520635
-240.17
-229.632
1.94532
30.1298
713.868
1141.17
1564.95
1671.94
1447.83
523.242
305.844
92.8694
21.7572
-12.8907
-15.9185
0.866153
14.8079
180.145
462.931
555.832
492.725
504.268
300.29
-4.02228
1.55246
130.412
295.598
414.491
945.784
1299.92
1622.96
1686.52
1403.52
482.908
252.644
8.78116
-65.2047
-105.675
-116.786
-108.61
-25.2781
20.9547
361.688
357.722
228.663
77.4437
-138.177
-164.382
-42.4961
0.824281
157.224
365.374
948.229
1348.97
1737.67
1859.69
1643.8
647.932
454.237
255.076
196.726
173.429
192.264
175.279
203.364
333.153
570.57
608.168
506.638
364.416
376.673
247.138
114.731
296.908
267.244
643.38
1207.62
1720.23
2157.04
2295.25
2104.77
876.465
657.472
415.483
317.705
277.055
268.81
272.059
314.861
447.705
721.269
933.98
697.749
698.728
657.59
418.655
536.3
387.947
510.722
793.989
1374.04
1890.05
2295.71
2695.95
2448.06
1034.99
812.43
583.018
496.499
455.289
448.653
447.474
487.529
648.038
923.542
1442.43
1141.77
1165.3
986.146
775.411
668.973
788.086
947.997
1192.72
1679.43
2219.6
2599.04
2343.99
2055.66
813.955
592.845
343.074
246.666
190.547
167.453
182.485
226.205
384.68
614.759
737.094
223.704
352.887
178.224
-29.5903
-123.491
0.832816
1.76819
198.45
827.884
1192.51
1627.31
1824.06
1621.97
601.144
359.294
151.288
95.8779
48.004
32.0481
50.2461
113.157
290.481
588.334
727.668
443.231
387.253
439.033
86.7608
102.996
235.414
484.761
647.6
1226.75
1674.55
2049.98
2133.41
1894.31
739.939
507.6
267.987
171.937
135.174
121.993
121.567
163.759
294.632
561.225
747.101
542.971
305.384
459.628
291.696
285.557
179.107
348.644
496.484
1067.79
1489.06
1890.68
2000.31
1762.93
671.302
446.319
212.528
127.268
90.0504
83.1602
121.452
202.241
364.703
644
877.602
484.287
372.97
28.6711
-28.6217
-343.551
-505.455
-302.393
-79.5468
361.313
826.955
1304.03
1451.96
1222.49
393.747
170.07
-34.2455
-25.0761
-88.1153
-128.257
-151.55
-164.772
-166.437
-50.7665
-12.487
-210.15
-331.897
-639.275
-336.731
-337.244
-364.853
-408.201
-246.829
38.3227
435.649
1018.98
1345.08
1472.2
645.157
409.806
169.479
-69.7342
-128.35
-140.574
-123.976
-120.086
-98.1143
51.529
206.738
101.776
-152.066
-482.808
-310.544
-266.679
-313.631
-291.66
-303.697
-1.11512
288.952
767.223
1053.3
1138.32
487.036
299.076
86.8018
-99.8577
-140.567
-142.263
-124.196
-100.606
2.89004
93.71
411.471
317.7
174.684
28.084
30.9423
38.3301
149.433
100.128
340.684
692.236
995.276
1383.64
1687.36
1858.47
853.93
626.553
424.268
224.896
157.436
128.612
131.371
131.861
155.927
308.741
679.909
526.34
336.737
-16.1225
215.185
96.0985
156.983
186.724
284.84
766.762
1478.91
2028.65
1893.19
1740.24
772.43
540.765
327.098
106.702
21.1628
-25.1398
-40.4462
-66.1775
-51.4972
53.4648
210.948
234.203
-42.4753
-120.307
-298.519
-249.265
-392.209
-316.655
-245.575
81.1788
659.537
1195.07
1068.25
879.776
299.638
0.702229
-264.375
-506.34
-623.444
-702.564
-808.189
-845.641
-813.703
-745.733
-1516.13
-1632.88
-1730.51
-1826.6
-1592.42
-1485.97
-1473.92
-1491.96
-1286.99
-848.357
-503.156
-120.644
-326.429
-534.314
-438.369
-712.195
-989.813
-1220.87
-1322.92
-1407.28
-1407.57
-1338.07
-1234.59
-1051.5
-1947.34
-1936.69
-2155.17
-2111.06
-1696.71
-1473.58
-1455.49
-1392.54
-1172.49
-867.802
-653.088
-259.868
-356.807
-410.426
-266.506
-402.289
-548.734
-687.985
-692.706
-678.408
-649.374
-602.745
-504.901
-279.213
-358.031
-346.058
-537.347
-499.369
-419.013
-171.022
-232.288
0.0413168
249.746
790.98
1583.45
2108.83
2009.69
1955.67
962.242
790.789
616.076
563.002
479.715
444.98
443.105
446.68
495.416
684.803
1372.63
1285.84
1055.33
1166.52
932.807
307.668
485.261
492.071
594.543
1178.45
2034.09
2521.49
2358.98
2222.43
1032.91
817.273
617.263
421.43
506.005
471.175
465.268
466.699
512.382
701.949
1413.68
1364.18
954.66
890.536
625.093
602.288
581.025
565.315
786.048
1260.3
2107.89
2915.72
2781.25
2660.67
1250.38
1016.11
797.386
574.083
488.028
452.086
446.988
448.144
490.585
672.827
1359.73
1323.37
1087.58
931.037
899.176
622.916
628.072
773.634
973.004
1495.58
2349.41
2860.56
2719.74
2584.4
1205.13
962.287
736.059
516.447
434.656
400.013
396.252
394.157
437.8
620.746
1276.36
1247.04
857.53
962.226
424.732
378.395
307.676
315.677
350.783
820.785
1442.94
1812.93
1566.28
1394.45
590.015
354.893
87.4556
-147.411
-230.852
-290.04
-333.817
-328.871
-265.107
-116.435
-126.738
-195.259
-432.01
-699.163
-526.174
-356.765
-507.489
-329.56
-242.799
83.1589
610.447
990.681
738.922
498.868
100.954
-126.385
-301.51
-462.165
-495.819
-487.825
-460.662
-437.696
-399.326
-254.855
-345.952
-371.822
-610.23
-532.033
-481.961
-442.382
-293.358
-298.33
0.586163
521.337
1210.88
1710.72
1607.65
1578.33
711.946
477.127
270.538
43.5114
-27.2012
-41.1228
-113.29
-170.91
-58.3344
83.4425
520.647
684.308
522.501
548.02
380.591
239.919
532.697
583.485
1052.31
1571.88
2457.35
2948.73
2810.63
2688.76
1267.8
1028.04
800.512
566.078
483.037
446.245
443.09
447.868
490.006
669.253
1439.05
1268.92
925.424
793.253
854.195
763.527
835.495
760.108
1032.47
1498.17
2349.41
2860.56
2719.74
2584.4
1205.13
962.76
743.501
522.237
439.03
404.038
403.592
412.317
456.343
650.173
1402.74
1383.14
931.083
1109.49
883.039
796.31
787.829
792.211
1057.57
1551.16
2451.87
2937.1
2807.58
2683.55
1270.83
1038.15
822.681
603.894
519.991
483.729
312.835
266.762
285.691
413.009
813.656
771.145
384.717
365.126
263.369
-5.63831
0.318306
101.029
237.286
714.603
1225.48
1345.06
1020.07
1297.23
734.058
434.98
184.904
104.594
143.128
62.8939
6.33538
-18.8328
0.365168
127.421
305.346
159.963
-15.9416
-24.3521
-58.373
0.368744
35.1499
-5.07863
1.01283
335.671
724.016
921.147
671.539
530.582
151.009
-55.59
-180.612
-304.065
-303.231
-289.137
-272.913
-271.554
-244.566
-104.393
-99.5703
-53.7562
-248.06
-323.453
-281.504
-117.869
-79.6102
1.529
208.755
784.408
1591.87
2136.98
2063.37
2010.22
972.587
785.822
615.174
586.064
495.548
454.915
450.935
451.232
494.715
485.887
1009.01
822.238
417.685
271.029
259.887
70.8137
241.933
283.362
473.017
1048.03
1805.26
2303.89
2177.68
2068.62
948.275
716.855
492.311
284.824
206.775
149.193
118.175
101.142
129.587
278.828
668.965
601.446
384.224
63.4499
-130.193
-88.2528
-28.9006
0.378802
176.182
627.44
1187.35
1534.24
1332.88
1170.36
483.332
234.431
7.52581
-185.321
-237.795
-262.575
-272.203
-282.471
-250.452
-100.316
1.48176
2.69906
-172.293
-86.4676
-47.5445
-147.671
-113.765
0.065225
225.365
674.014
1383.83
1887.26
1780.55
1663.98
817.493
639.87
483.627
327.199
277.791
289.127
295.87
292.446
301.532
422.802
861.519
837.957
449.055
495.174
446.628
412.318
266.172
361.894
460.307
977.598
1784.38
2345.27
2239.85
2123.58
973.964
738.257
521.032
294.509
214.774
175.93
179
197.495
246.375
433.932
925.311
823.816
614.218
528.611
396.199
280.93
303.631
570.853
640.331
1139.69
1964.35
2488.08
2367.19
2245.11
1039.8
818.251
765.677
541.241
454.452
414.974
407.465
407.404
449.072
628.093
1352.15
1279.98
995.854
1094.5
815.554
815.737
894.639
837.144
1041.36
1537.83
2410.53
2916.71
2804.47
2692.54
1269.91
1037.23
815.982
592.371
507.799
470.307
463.917
466.936
510.106
690.991
1488.39
1504.78
1296.93
1092.84
887.99
725.754
847.432
583.518
755.814
1178.08
1991.5
2464.02
2223.74
2018.71
835.36
482.708
194.146
-77.3754
-171.112
-201.99
-217.474
-217.059
-167.865
-13.7936
115.796
181.347
-140.013
-254.706
-320.333
-270.064
-252.685
-221.701
-69.1973
173.602
781.843
1199.4
1059.55
908.76
336.349
75.0077
-152.699
-369.796
-507.529
-714.718
-745.05
-764.591
-771.619
-653.461
-1179.6
-1233.29
-1507.74
-1577.52
-1242.71
-1235.14
-1343.13
-1342.67
-1226.62
-955.765
-822.404
-450.444
-548.9
-683.911
-574.555
-904.315
-1207.98
-1547.96
-1782.86
-2003.83
-1869.29
-1800.58
-1859.92
-1867.28
-3728.35
-3976.89
-4214.34
-4326.18
-3751.43
-3978.32
-4288.74
-4281.23
-4078.11
-3752.09
-4045
-3659.44
-3541.42
-3402.7
-1781.38
-1830.23
-1905.73
-2024.18
-2054.57
-2064.36
-1972.07
-1768.19
-1604.46
-1429.21
-2641.89
-2771.24
-3117.15
-3209.13
-2407.8
-2303.91
-2269.49
-2134.32
-1864.61
-1430.11
-1197.03
-755.847
-785.433
-837.819
-518.01
-712.903
-912.053
-1080.08
-1104.78
-1073.59
-1061.88
-1090.76
-1099.4
-944.018
-1656.35
-1599.83
-1745.43
-1602.13
-1362.25
-1301.9
-1259.78
-1199.39
-889.564
-415.737
21.5489
537.325
413.206
345.133
135.694
-23.3198
-138.66
-286.228
-303.395
-279.835
-248.936
-314.023
-314.454
-133.711
-209.669
-369.257
-651.528
-804.285
-452.177
-498.512
-315.443
-329.624
-78.5166
222.426
919.362
1407.45
1386.34
1369.61
631.192
408.791
208.148
61.9707
9.29559
0.380766
12.2776
27.2052
65.6174
253.519
631.427
425.507
179.605
0.63248
15.6663
-99.48
0.643428
40.0527
288.528
814.261
1650.53
2120.82
1896.18
1755.26
780.454
531.614
296.211
38.5817
-61.4362
-117.242
-141.359
-156.519
-134.9
34.4937
345.342
286.549
-30.9425
0.689491
-138.126
-237.713
-150.594
1.87514
66.9222
642.237
1419.33
1903.29
1678.14
1554.08
619.63
296.339
10.5285
-267.881
-376.907
-489.777
-486.37
-452.484
-412.634
-270.416
-438.1
-624.767
-1043.02
-1185.94
-808.305
-843.994
-479.34
-391.833
-7.00446
464.949
1458.95
2029.45
1863.69
1798.25
832.315
622.665
411.285
180.974
136.09
129.165
150.597
163.69
214.329
423.551
1059.9
937.059
621.361
505.203
498.705
495.173
550.221
470.748
746.227
1265.57
2178.96
2680.28
2476.8
2354.4
1103.64
875.781
661.53
431.165
351.583
317.706
319.369
319.508
360.695
580.899
1365.07
1313.19
983.292
740.857
557.883
709.356
586.211
701.876
917.766
1442.87
2395.53
2891.45
2671.76
2545.14
1123.59
794.351
472.22
120.927
-102.277
-270.264
-189.93
-25.9377
74.8117
437.839
1246.86
1285.8
1328.23
1406.97
924.151
939.036
1091.94
1140.37
1254.25
1761.53
2751.58
3225.08
2977.08
2828.36
1329.25
1082.01
854.907
614.721
525.439
483.528
476.997
478.449
525.54
735.17
1320.27
1263.91
882.134
568.583
372.06
365.056
378.414
480.814
639.134
1161.35
2026.1
2509.52
2318.74
2216.29
1034.28
795.75
586.501
377.34
311.561
281.998
294.05
310.334
370.321
585.2
1379.42
1263.62
955.232
1025.4
653.039
539.583
699.04
693.885
814.5
1323.45
2195.9
2652.93
2389.05
2208.86
912.219
552.334
153.151
-217.666
-449.194
-675.729
-755.929
-527.796
-220.587
65.0136
921.27
1101.99
800.336
696.043
689.029
712.304
1054.29
1008.29
1233.65
1768.31
2770.78
3254.31
3015.89
2525.82
1104.18
798.486
491.984
190.686
85.606
0.792247
-58.4237
-135.794
-144.929
9.15807
106.901
-17.1438
-283.19
-454.937
-302.334
-256.596
-279.34
0.675754
242.662
743.761
1556.03
2161.41
2030.52
1903.85
867.954
610.602
336.999
106.623
28.0578
-71.6934
-164.973
-183.735
-69.8728
146.087
794.483
831.493
556.192
613.298
661.244
708.15
671.053
879.199
933.204
1441.12
2346.12
2816.26
2579.51
2454.99
1193.52
987.687
922.244
681.304
590.349
547.015
539.345
537.007
582.611
799.892
1791.49
1706.28
1329.11
1459.74
1089.42
1082.36
995.122
1088.53
1311.59
1849.91
2885.76
3361.12
3099.58
2966.54
1396.36
1159.74
934.137
699.593
613.991
569.119
585.456
577.465
626.661
844.53
1879.66
1781.91
1524.37
1521.71
1073.01
1057.49
1017.47
1126.32
1407.04
1888.61
2936.41
3402.2
3164.21
3032.31
1442.88
1201.7
975.987
735.075
646.722
611.282
610.076
610.161
657.647
882.591
1939.26
1851.95
1413.49
1343.42
989.64
1072.29
969.888
1171.9
1326.66
1860.43
2919.3
3386.36
3148.97
3014.7
1230.59
887.814
522.097
126.669
-139.78
-374.779
-483.945
-496.821
-453.615
-247.265
-227.858
-238.685
-454.888
-373.496
-298.51
-380.265
-493.129
-501.598
-410.804
78.1661
1073.25
1914.72
1960.54
1932.84
905.141
714.435
524.002
290.518
179.668
123.037
103.248
73.9356
81.1591
254.184
740.067
754.885
426.197
346.817
529.01
381.504
358.489
469.82
666.258
1241.05
2162.17
2663.48
2487.42
2401.12
1148.9
931.334
716.322
470.105
373.105
315.882
293.645
288.435
335.207
566.705
1342.77
1221.48
818.295
743.295
669.776
681.386
619.361
673.9
860.952
1370.61
2273.07
2704.52
2438.74
2249.79
1076.44
864.494
653.284
436.022
372.178
358.654
351.559
327.558
361.842
583.656
1352.06
1250.22
937.579
1152.75
795.288
602.229
643.109
821.292
957.755
1474.7
2444.79
2961.1
2764.83
2635.9
1224.29
968.786
768.704
552.881
511.212
638.714
642.807
646.714
706.91
938.777
2045.62
1999.55
1565.85
1607.44
1245.93
1187.5
991.029
934.445
1200.75
1970.54
3064.36
3515.84
3276.65
3137.36
1489.99
1243.83
1014.27
775.063
686.406
647.174
632.46
631.927
678.19
886.739
1948.89
1919.41
1683.46
1634.5
1444.77
1242.37
1183.36
1176
1410.39
1908.59
2956.38
3414.62
3169.07
3022.79
1429.16
1183.48
949.697
704.603
613.015
570.899
560.562
561.918
607.193
816.087
1810.75
1421.73
1002.83
897.781
520.548
470.83
325.315
387.607
402.9
751.816
1526.98
2030.67
1942.86
1931.92
891.801
677.194
489.886
257.269
213.51
210.342
247.09
261.555
288.151
474.752
1036.4
851.356
520.528
507.639
184.916
94.5236
212.83
123.844
364.929
856.95
1710.75
2152.24
1882.84
1700.01
741.26
514.755
330.559
132.307
56.7663
17.5949
21.955
32.5279
92.9817
295.754
762.647
632.644
129.137
34.0333
82.0689
210.554
205.836
350.178
543.054
1086.47
2029.88
2517.67
2297.58
2151.96
997.983
788.186
630.575
425.995
353.145
329.516
286.157
195.859
152.465
289.389
690.866
508.246
-3.50155
-66.5882
-23.6182
-41.1712
0.437995
-10.9441
1.59816
540.233
1237.93
1560.12
1219.46
1015.62
366.076
77.3975
-121.947
-312.004
-393.925
-393.561
-358.159
-341.335
-315.227
-149.945
-175.54
-179.546
-438.021
-354.205
-380.596
-226.842
-361.642
-187.748
0.346026
476.064
1060.55
1366.81
1016.42
793.608
288.741
90.9784
-60.8575
-192.458
-241.709
-265.335
-244.905
-221.144
-119.65
52.5308
479.326
447.051
140.356
40.6263
169.199
0.637874
131.807
202.094
459.72
1013.48
1869.32
2278.18
1951.6
1678.6
660.081
389.769
45.7848
-262.888
-374.5
-500.194
-498.391
-482.652
-391.266
-105.704
140.579
210.216
-14.3969
-66.7521
-76.6031
-21.6732
-64.925
1.03768
213.15
707.981
1531.86
2049.43
1849.35
1712.83
764.946
569.926
408.242
241.602
217.31
214.205
253.303
293.614
385.7
663.454
1837.49
1783.28
1548.08
1508.65
1110.35
1097.87
1076.04
1167.59
1023.54
1487.49
2395.66
2921.85
3067.07
2920.8
1380.69
1139.39
748.102
480.772
372.384
324.101
297.08
252.354
232.145
418.824
1051.02
1043.06
718.911
743.716
589.506
221.234
101.121
-54.7257
2.35969
338.34
1035.35
1456.76
1181.51
1019.26
348.72
50.6223
-158.302
-399.601
-520.809
-587.384
-670.772
-749.276
-736.22
-605.637
-1154.56
-1265.89
-1590.3
-1386.7
-1001.03
-1125.39
-1049.32
-934.888
-770.659
-308.925
290.218
855.569
672.4
639.147
224.028
-30.6657
-223.65
-432.006
-540.805
-598.355
-629.46
-659.161
-628.569
-457.768
-730.873
-717.191
-942.174
-1058.26
-780.206
-905.088
-806.423
-835.834
-681.793
-278.491
206.462
711.07
594.025
569.966
231.213
