465.414
477.975
527.274
541.778
567.742
662.172
671.891
1209.71
1109.55
1184.19
1200.27
885.881
718.164
637.384
809.655
955.568
996.854
1060.88
1149.79
1156.29
1249.37
610.354
651.344
671.149
632.148
664.986
652.092
690.313
655.847
677.486
730.863
1172.71
1230.32
1198.92
1207.86
838.63
595.435
640.764
711.936
646.524
838.856
1060.56
854.078
932.003
867.43
452.412
486.386
459.039
517.437
472.648
476.213
515.5
512.446
472.277
527.988
799.981
860.839
746.211
770.655
949.37
635.928
490.504
580.062
591.309
727.12
723.741
621.29
790.872
744.767
404.096
421.057
407.507
472.65
471.546
446.833
432.198
433.138
474.559
468.67
1271.94
750.832
578.547
447.411
253.537
274.406
988.065
153.687
109.24
114.299
1.71254
-9.8357
0.0384141
81.7822
27.8916
0.110081
98.1026
0.124001
75.024
61.1482
119.409
133.615
153.897
226.113
238.109
217.457
1286.05
196.071
29.6698
-63.4105
-96.4869
-27.2737
-50.6101
91.1141
0.537626
45.9407
58.8805
-14.6249
31.6109
30.4764
94.9295
134.841
129.907
144.515
141.384
141.105
176.483
206.74
157.975
47.7741
1332.59
36.6707
-112.97
-132.313
-67.4854
1.89026
934.021
71.6208
25.6892
-41.9943
-14.202
-5.41407
55.4384
105.947
66.2022
112.963
136.483
189.4
221.767
218.28
160.577
198.416
-11.9167
1.82941
17.0349
9.76882
18.0463
137.97
180.484
164.314
155.559
365.289
321.914
330.793
522.283
504.761
329.604
364.002
420.035
424.595
447.716
466.047
496.756
460.775
362.634
437.534
504.06
553.384
619.928
803.257
457.175
484.517
381.468
390.347
389.343
458.077
449.182
598.361
576.348
720.868
432.529
416.665
414.393
476.452
495.129
489.155
507.421
496.642
463.649
526.792
837.162
806.48
790.067
750.983
430.828
383.745
403.842
452.118
486.172
522.723
519.943
419.735
679.499
686.986
435.335
364.127
368.558
355.245
346.087
351.292
377.306
327.053
253.176
286.422
180.94
154.485
129.387
11.4186
-48.737
60.6966
39.0642
0.884754
137.281
498.029
321.217
165.472
1267.95
58.5242
151.486
85.4897
-43.7443
-254.644
-537.102
-276.658
88.0817
537.983
408.245
478.28
442.003
398.588
608.729
515.984
260.816
564.562
1012.24
463.467
480.566
546.573
633.63
811.111
932.603
1058.71
565.502
493.399
488.54
611.778
594.583
613.226
739.665
746.993
574.018
689.902
1164.63
1102.1
1018.59
1002.13
850.908
631.845
527.825
433.427
458.263
701.155
927.111
1235.26
1312.96
1242.13
699.047
684.402
721.437
669.542
693.631
691.148
680.839
735.748
692.593
754.505
1186.17
1070.72
911.986
698.594
493.082
496
459.955
608.913
686.602
734.108
811.126
801.931
1031.65
1077.63
653.057
701.021
668.914
670.624
652.916
613.249
585.512
611.577
563.413
646.019
961.554
904.193
878.661
915.572
685.824
767.91
797.82
740.903
775.29
896.663
803.108
871.486
906.298
866.915
374.962
360.425
389.648
382.445
444.296
456.36
477.334
549.693
525.344
615.181
1023.35
931.34
926.865
860.639
587.199
628.739
703.204
721.527
952.764
913.633
871.08
958.659
979.834
1053.47
520.574
542.311
512.869
520.805
547.712
532.851
574.725
551.569
550.39
615.198
970.106
1002.23
955.021
913.073
927.96
959.609
944.157
943.462
922.576
1053.93
1177.82
1146.46
1291.48
1262.77
692.513
663.94
704.469
687.318
697.167
696.919
712.34
741.652
725.481
807.858
1348.04
1256.47
1262.16
1206.81
922.244
929.574
890.039
905.56
972.157
1055.73
1118.68
1138.65
1270.84
1349.94
642.455
667.764
682.194
668.831
685.893
679.834
729.108
710.443
719.221
806.305
1304.49
1172.93
1303.02
1143.03
851.22
1005.71
800.838
840.47
998.144
1119.07
1164.49
1147.17
1312.84
1245.76
662.446
670.092
719.499
716.492
694.929
741.944
726.156
722.543
709.858
800.569
1341.26
1256.57
1122.21
952.873
727.69
596.266
686.232
599.501
610.45
657.54
595.975
726.563
761.609
760.672
381.705
340.165
350.726
343.611
306.193
294.166
242.731
260.193
277.914
361.461
568.41
464.159
491.686
331.986
189.208
189.531
24.5457
52.7232
104.337
237.085
1143.67
70.0012
55.6898
-76.5712
-55.5712
-119.566
-91.6431
-114.899
-147.506
-166.6
-157.719
-175.136
-154.331
-155.669
-444.335
-550.86
-559.273
-576.226
-505.588
-445.879
-591.525
-509.419
970.916
-420.292
-591.905
-528.666
-490.877
-532.148
-253.966
-258.685
-321.682
-320.47
-329.245
-341.601
-394.742
-513.008
-563.461
-579.76
-1295.81
-1365.46
-1356.85
-1512.75
-1290.67
-1232.83
-1325.02
-1298.44
-1272.81
-1042.92
-1195.98
-977.543
-646.408
-369.565
-144.401
-73.3583
-32.6185
-3.91398
-3.35039
6.56893
79.3933
79.231
69.0019
129.85
-119.114
-180.213
-311.987
-499.126
-507.75
-534.935
-518.58
-539.806
-478.632
-349.461
-552.392
-516.701
-453.242
-385.728
-177.98
-240.713
-255.301
-215.474
-241.69
-215.066
-206.62
-190.552
-201.421
-92.7919
-364.204
-376.227
-283.52
-254.109
1011.54
-315.956
-346.921
-350.257
-321.5
-231.099
-391.508
-404.353
-292.331
-327.995
-104.065
-163.207
-77.8208
-82.8256
-73.6305
-20.7588
-114.523
-103.93
-117.586
-82.0249
-361.706
-293.53
-290.512
-303.437
-300.975
-198.022
-171.91
-182.085
-238.521
-138.674
-181.191
-183.66
-38.6852
10.3606
8.73962
53.6714
30.2987
30.0496
69.3449
43.407
71.4032
100.349
164.217
198.306
311.623
228.775
352.091
132.463
72.4203
67.6696
949.347
153.972
187.743
355.936
381.303
371.423
629.423
596.86
338.373
316.14
355.944
310.045
344.279
332.151
403.789
376.366
400.793
463.01
759.795
637.467
744.431
588.843
490.15
485.27
479.791
434.28
594.249
645.596
761.842
765.656
812.264
881.31
457.129
465.041
702.931
507.727
475.628
482.846
483.112
439.169
419.617
425.886
541.287
436.846
523.895
317.387
198.894
160.463
306.188
311.367
370.162
562.219
530.779
666.821
800.911
807.175
422.303
441.972
481.185
451.113
465.967
441.478
487.671
491.392
512.709
581.142
849.478
853.768
854.831
818.281
610.154
562.85
581.049
524.906
611.085
729.829
731.765
859.479
886.443
1020.17
512.633
513.041
569.184
563.095
563.936
609.039
565.954
621.663
593.505
645.655
1023.66
911.889
978.968
934.134
713.717
696.159
591.721
641.274
674.423
855.555
853.564
798.7
929.097
1042.84
556.01
553.807
577.325
576.405
550.159
616.873
604.585
530.172
526.003
576.819
921.794
956.179
914.405
828.334
604.941
726.339
567.994
563.407
537.02
530.272
482.527
522.482
587.042
695.653
307.818
329.931
317.077
277.261
349.792
342.603
395.562
417.03
431.969
536.128
817.398
846.018
839.831
736.481
589.298
491.033
442.661
628.418
572.643
753.115
802.542
780.448
967.482
957.072
543.036
558.326
552.214
555.138
516.685
520.176
552
509.237
526.93
542.009
889.043
738.491
823.399
650.79
372.506
360.79
461.951
534.382
551.838
713.8
709.514
859.06
1023.44
1060.18
505.799
534.166
579.845
609.199
605.231
589.171
589.629
627.453
599.374
713.587
1099.01
1092.16
1121.17
1144.84
810.124
842.092
917.107
894.585
731.161
876.516
877.216
986.911
1049.69
1072.98
586.928
560.79
575.053
579.279
552.295
607.477
565.732
602.422
653.056
758.669
1210.35
1264.76
1128.04
1126.08
801.206
710.942
892.008
807.207
890.533
980.115
960.355
1000.87
1112.76
1139.17
557.054
557.651
549.685
609.117
615.432
581.219
646.11
605.828
658.563
695.406
1113.07
944.635
1039.37
1045.24
593.084
594.928
720.711
606.43
695.199
769.904
699.592
722.192
853.414
928.215
456.354
507.949
514.325
480.765
515.363
546.419
489.71
453.337
437.523
414.762
1286.94
354.253
306.793
39.0221
-93.0149
-205.862
-296.652
-295.702
-300.589
-326.867
-589.603
-555.854
-479.072
-439.99
-212.149
-189.174
-203.959
-180.037
-187.236
-133.976
-112.669
-73.499
-57.4929
-36.8735
-130.174
-240.721
-233.313
-275.287
-297.659
-377.048
-363.873
-317.982
-350.46
-234.838
1147.1
-373.353
-267.778
-414.957
-224.157
-261.336
-242.423
-249.422
-254.803
-259.114
-204.575
-196.872
-217.62
-165.801
-363.521
-341.361
-210.505
-228.889
-156.097
-247.107
-207.275
-194.752
-187.511
-1.43582
-50.2636
1.54235
59.4827
85.9727
104.431
98.9988
154.305
130.337
131.746
174.01
178.9
234.915
314.834
343.74
598.382
585.941
443.4
366.754
563.028
532.325
352.71
457.686
516.553
624.5
544.448
531.288
555.97
605.004
337.979
335.265
374.007
371.9
663.424
399.891
425.172
477.026
469.281
583.287
825.057
831.389
805.963
928.191
631.462
685.405
543.022
663.212
587.303
697.799
725.967
826.911
848.305
922.333
481.947
446.589
481.369
446.512
473.076
509.284
498.237
542.116
522.688
613.053
981.478
826.591
917.075
877.508
586.702
485.838
617.137
619.66
549.732
743.215
840.85
873.43
1007.27
916.71
523.347
475.88
461.345
470.205
446.915
411.148
459.769
448.762
504.815
542.298
894.088
826.958
906.601
1060.98
581.443
782.313
611.817
610.134
609.359
968.95
958.251
1002.93
1179.31
1193.05
609.753
641.834
630.176
669.21
637.249
633.142
641.582
649.836
677.224
749.893
1265.9
1218.46
1161.18
949.725
791.905
854.402
624.653
730.936
815.989
865.182
928.104
974.816
993.93
1044.79
485.619
448.081
459.504
438.628
415.354
361.768
635.377
273.671
179.479
211.655
265.788
172.182
80.3682
-8.67981
-71.2726
81.3142
-151.291
-112.469
-121.211
-116.115
-186
-219.849
1207.06
-129.881
-35.5748
-53.5303
-25.3359
-12.1542
0.345618
0.296861
7.91873
63.1723
101.751
208.176
65.7178
-32.9644
-113.268
-373.036
-357.819
-225.663
-461.48
-398.476
-447.95
-437.317
-709.587
-661.189
-436.652
-428.689
-154.997
-176.238
-120.936
-51.5946
-53.4383
-53.0605
-18.7289
47.3525
131.2
191.565
250.527
384.358
322.842
364.85
156.218
194.76
69.211
236.561
329.02
443.652
495.471
535.745
652.436
645.588
400.228
387.11
377.996
386.19
410.119
430.748
412.054
452.524
442.502
488.508
709.14
593.645
568.459
518.483
292.767
394.373
382.331
200.147
187.411
161.057
-11.0586
-148.545
-284.407
-496.541
-162.768
-97.956
-32.9625
48.8067
126.33
202.673
87.2781
17.8477
17.236
23.6648
-88.5764
-177.785
-239.042
-332.042
845.173
-182.236
-215.986
-299.772
-428.942
-438.339
-764.646
-706.622
-604.529
-569.205
-331.585
-257.367
-208.97
-109.56
-50.085
39.3005
138.828
228.191
249.215
338.723
1127.11
99.8869
-155.294
-252.576
-265.407
-192.667
-196.953
-263.071
-130.853
-26.0425
-11.1784
89.1953
141.471
258.692
156.173
151.83
152.049
143.112
246.856
231.74
306.557
288.081
336.978
457.475
1161.85
688.814
603.776
523.165
284.344
376.334
271.085
274.87
377.305
546.069
411.488
496.14
520.044
653.379
329.128
381.681
387.802
410.973
377.864
442.177
456.235
458.929
456.955
519.261
812.159
817.593
727.013
593.633
473.524
470.722
505.721
593.412
559.203
686.661
638.03
812.355
834.226
887.479
487.685
476.226
511.225
515.742
606.215
473.505
469.794
442.739
476.119
473.442
685.616
619.141
630.751
471.065
419.887
277.98
354.554
324.022
374.374
592.365
525.216
620.84
772.726
678.957
375.479
356.539
363.96
408.045
377.751
387.723
425.145
459.643
446.63
509.741
717.627
684.246
667.334
619.696
495.195
527.26
416.394
433.161
445.634
632.548
633.266
739.709
1067.58
1132.17
575.072
573.473
578.846
552.599
610.454
604.777
576.42
641.193
648.904
676.771
1192.72
1002.36
922.418
814.221
720.278
635.197
666.449
675.518
747.187
842.594
916.557
852.066
997.37
1076.73
568.718
581.069
540.487
614.673
582.973
592.437
577.117
583.872
632.613
668.939
1091.16
977.771
878.77
896.363
657.519
634.389
567.338
594.52
686.783
786.256
878.053
930.379
1087.31
1024.75
548.474
574.97
575.597
547.713
601.035
574.765
580.268
626.837
606.203
699.708
1086.65
993.718
892.364
728.083
718.304
538.907
666.823
639.842
622.045
820.44
890.19
873.962
1090.08
986.515
546.325
583.271
567.699
583.92
589.194
621.205
601.899
625.598
586.612
678.564
1129.34
903.267
988.543
1027.94
628.599
693.386
721.109
602.104
626.294
790.571
804.052
882.668
996.638
1053.64
580.88
562.513
560.326
553.326
617.564
588.865
624.873
621.177
577.851
580.914
907.62
788.599
782.904
439.971
385.622
535.87
586.345
514.409
540.743
580.161
568.058
602.873
718.036
789.958
461.801
435.927
485.462
449.768
494.572
463.674
494.931
474.11
528.058
542.613
844.331
782.39
586.147
530.429
465.09
373.662
465.176
367.931
374.652
583.429
530.656
455.881
576.728
531.49
276.185
266.289
277.979
328.884
360.311
360.246
343.379
327.244
305.589
398.588
440.422
313.512
382.961
330.753
441.431
330.928
314.999
281.378
294.905
316.015
385.866
457.009
647.927
618.232
560.588
380.619
368.308
404.69
443.834
468.562
454.82
441.568
483.107
500.516
796.344
613.518
516.834
592.405
269.275
182.125
170.871
193.23
243.452
329.299
285.647
265.465
171.7
52.1605
-38.2785
-113.791
-56.7336
2.43424
54.696
-21.5025
-152.464
-236.304
615.67
-250.246
-479.704
-313.972
1008.4
-191.795
-51.5953
-74.4732
-225.162
-385.18
-225.655
-82.7339
-103.381
47.6275
189.026
137.897
98.6148
160.87
163.238
205.452
178.834
212.399
278.339
248.198
273.448
361.413
337.643
306.646
398.558
315.206
2.35517
-49.9804
-96.4615
-13.2123
0.908887
221.447
91.5702
45.0504
39.7232
57.7138
-2.35122
8.64725
-5.35583
-34.3226
-31.9949
-43.2844
-12.3229
-44.8388
-58.7594
69.7811
-117.609
-217.123
-77.9021
-185.449
-257.588
-281.573
-408.677
-372.932
-407.012
-227.22
-402.938
-409.826
-253.948
-395.671
-217.15
-235.893
-202.191
-151.958
-189.863
-162.666
-141.776
-122.121
-108.831
-70.9392
-388.114
-495.281
-573.262
-763.972
756.25
-788.218
-777.985
-684.455
-751.275
-613.279
-844.653
-735.297
-606.89
-667.601
-289.464
-267.805
-243.382
-255.062
-206.398
-200.416
-195.076
-215.171
-173.25
-174.254
-465.759
-557.487
-455.918
-570.806
-472.665
-750.873
-692.464
-758.083
-887.356
-854.033
-1242.57
-1415.6
-1351.49
-1395.22
-732.605
-657.71
-597.838
-490.994
-383.427
-370.383
-328.171
-322.154
-253.457
-170.456
-455.339
-482.467
-494.386
-494.147
-399.624
-580.595
-498.618
-619.415
-487.893
-334.293
-554.241
-457.458
-309.296
-369.86
-142.318
-120.132
-132.583
-102.627
-71.8187
-89.7958
-100.967
-84.689
-122.122
-59.3089
-328.681
-384.579
-520.438
-657.699
-595.577
-535.878
-669.762
-623.904
-531.584
-427.561
-596.885
-530.87
-388.892
-358.548
-168.173
-199.634
-161.808
-185.813
-198.869
-205.089
-150.086
-143.508
-110.019
-68.8934
-203.774
-235.023
-171.213
-463.898
-423.789
-371.675
-396.368
-458.546
-393.634
-348.062
-527.197
-554.211
-498.245
-440.69
-186.227
-180.491
-234.187
-238.371
516.277
-185.87
-210.061
-173.98
-215.591
-160.474
-391.276
-355.274
-318.079
-447.757
-315.873
-272.391
-344.308
-330.891
-396
-340.632
-572.577
-554.884
-373.543
-388.792
-147.655
-162.742
-158.043
-144.536
-92.6678
-52.8797
-31.4376
-28.3621
-52.0681
-78.4882
-415.962
-685.215
-774.372
-978.403
-876.198
-848.324
-919.63
-775.629
-834.74
-713.504
-993.403
-915.079
-799.172
-823.254
-433.79
-412.897
-395.1
-434.163
-451.56
-438.951
-412.499
-366.037
-335.121
-282.29
-889.962
-987.789
-866.894
-956.384
-910.852
-747.406
-785.678
-801.491
-663.762
-612.592
-890.343
-837.046
-772.096
-764.186
-367.549
-364.046
-399.672
-427.989
-464.019
-500.105
-555.372
-557.738
-533.663
-476.893
-1044.76
-1035.74
-1061.77
-1078.26
-775.809
-842.838
-653.711
-697.431
-622.597
-337.76
-436.27
-387.793
-335.005
-200.473
-64.4268
-92.6116
-69.1845
0.619804
29.8388
75.7385
67.5426
123.083
139.744
252.232
192.388
3.58445
148.802
-9.16974
66.2611
41.0274
264.336
164.63
295.869
497.517
582.686
527.046
950.81
957.916
373.235
419.796
404.108
385.302
314.24
360.563
336.304
295.629
292.999
230.505
-21.2009
-304.54
-85.8998
-369.201
-440.163
-742.57
-959.147
-947.625
-850.045
-832.397
-1115.74
-708.867
-395.28
-218.023
-19.5225
-83.7836
475.522
-104.844
-122.256
-79.3111
-67.7606
-142.469
-130.041
-141.054
-541.636
-776.389
-695.208
-764.227
-586.813
-696.019
-866.572
-686.968
-854.929
-908.454
-1391.36
-1465.24
-1395.64
-1147.49
-548.555
-502.759
-389.45
-340.168
-268.184
-276.99
-289.909
-241.189
-219.982
-217.047
-641.97
-1059.17
-950.942
-1019.42
-635.55
-638.864
-455.97
-355.418
627.228
-116.067
-184.76
-120.206
0.743835
-14.8613
-56.7529
-76.9335
-99.2841
-187.42
-223.72
-301.383
-460.31
-590.338
-768.994
-909.607
-2285.17
-2575.16
-2618.54
-2692.25
-2233.52
-2130.16
-1996.91
-1953.7
-1874.27
-1715.75
-2102.82
-2098.78
-1938.4
-1849.5
-930.184
-923.003
-887.077
-848.912
-768.475
-675.69
-599.42
-536.415
-518.864
-507.91
-1326.35
-1372.77
-1350.73
-1221.53
-1056.33
-973.611
-847.197
-787.574
-747.593
-628.144
-701.779
-634.201
-486.846
-535.579
484.074
-251.797
469.362
-180.601
-163.107
-133.269
-134.756
-162.387
-119.031
-117.126
-437.843
-514.65
-495.004
-561.741
-509.417
-410.658
-464.886
-372.265
580.63
-107.903
628.849
-133.484
0.175068
42.1821
7.86539
-15.0153
-7.85145
-34.9398
489.675
-88.7426
-95.2591
-18.2341
-2.97248
12.0942
-327.988
-242.628
-225.04
-373.617
-253.89
-190.93
-247.217
-99.8801
-159.049
26.6142
77.0517
98.0339
223.28
230.697
150.265
177.745
201.206
187.429
204.536
217.329
248.443
258.582
265.154
344.35
409.487
219.579
255.765
183.981
111.915
205.985
220.978
422.452
422.937
573.014
644.116
703.546
741.555
817.483
434.022
408.321
430.488
473.384
447.762
443.532
502.481
513.399
502.672
520.853
485.632
439.78
333.505
437.81
292.325
167.216
267.43
78.0318
257.496
372.808
251.622
401.684
405.866
480.978
264.626
305.92
298.286
341.311
374.371
383.696
387.028
493.87
449.967
466.091
681.36
548.197
551.234
595.715
364.479
211.781
225.32
310.991
437.497
534.114
641.615
695.864
816.548
746.97
433.795
419.124
436.418
471.087
421.905
432.643
476.954
502.408
467.121
467.833
591.789
567.561
615.794
458.563
384.613
192.644
322.026
118.945
253.037
275.787
299.38
349.156
330.38
348.671
116.039
144.762
172.987
175.185
162.371
190.49
193.987
204.63
448.718
231.894
146.669
-6.86606
-3.20996
-25.7342
-134.325
-155.476
-93.1668
-166.591
-220.752
-62.7958
533.7
-83.6305
0.43447
76.165
47.4015
84.3664
99.5888
92.0026
123.402
132.175
112.791
99.3949
108.069
123.21
-122.728
-222.362
-146.814
-300.172
-352.947
-595.003
-568.678
-538.948
-587.792
-485.037
-689.47
-680.571
-538.794
-521.248
-281.641
-302.342
-288.758
-234.35
-229.979
-210.818
416.803
-199.33
-223.631
-240.515
-609.628
-709.917
-838.398
-913.062
-868.327
-687.985
-910.126
-868.463
-711.234
-608.586
-855.408
-734.416
-770.202
-679.209
-378.276
-361.098
-328.421
-292.211
-274.547
-281.642
-275.896
-293.99
-277.042
-231.865
-739.075
-663.037
-779.358
-896.447
-646.27
-716.757
-748.247
-678.228
-735.621
-518.483
-801.314
-700.577
-588.657
-630.313
-239.475
-229.697
-223.91
-172.036
-164.349
-101.639
-144.783
-141.871
-135.799
-106.725
-374.153
-494.655
677.652
-721.79
-542.956
-696.657
-506.634
-521.06
-542.432
-351.848
-462.493
-433.408
-369.019
-415.708
-190.898
-155.422
-204.715
-179.015
-210.951
-193.444
-197.024
-202.73
-241.737
-227.957
-650.694
-719.47
-840.777
-746.068
-676.823
-758.233
-602.271
-608.727
-616.462
-357.621
-433.44
-405.391
-296.648
-233.112
-82.5692
-99.9613
-41.2963
-43.4242
-3.92421
0.767819
36.2183
0.48288
36.953
26.3697
-240.961
-391.433
-500.202
-492.321
-364.88
-499.106
-377.746
-363.435
496.327
-172.785
-271.926
-165.217
-107.413
-13.0644
-43.3686
-9.64857
-53.4319
-31.7435
421.739
-62.2374
-15.4425
7.44047
-22.5522
7.85713
-258.237
-348.108
666.604
-388.176
-411.057
-367.518
-391.773
-394.22
-358.702
-114.078
-285.226
-67.3174
1.40361
-32.2385
105.487
138.444
122.025
205.291
195.062
214.694
277.193
287.532
315.529
329.948
286.589
218.056
243.539
243.264
350.708
207.906
292.112
318.262
388.101
466.591
543.475
594.501
688.791
604.119
280.325
307.377
414.912
275.756
327.35
316.792
469.299
466.883
438.46
485.726
588.41
486.522
471.723
438.714
209.02
75.6451
29.4442
120.001
60.2123
334.862
203.026
305.616
400.293
388.306
216.983
196.301
119.441
98.0274
37.6001
43.773
32.9173
81.3173
157.79
190.677
-44.83
1.08658
-54.4381
58.1587
-72.9398
95.7954
18.6543
96.1646
243.569
355.54
310.08
261.093
372.964
232.963
32.2067
29.7893
-9.57713
10.3453
29.8819
49.5417
80.3851
184.8
218.294
271.49
293.593
229.947
148.219
-28.4289
102.051
188.752
101.32
-44.1366
0.353173
212.099
93.5022
25.6166
52.3698
107.663
32.3525
62.6406
74.1997
32.8325
20.5753
17.6631
-71.0132
-100.562
-48.7796
-8.07631
-194.289
-168.314
-338.621
-250.853
-384.421
-155.103
-132.293
-159.567
-181.607
1.34166
-54.3916
-106.956
-50.4948
-109.161
-52.1444
0.743481
36.3003
88.0072
145.484
211.771
201.724
165.875
183.601
174.981
-169.434
-207.172
-49.9038
-143.823
-216.787
-183.532
-45.4756
-27.9352
-7.33974
211.501
187.757
271.878
369.243
387.17
187.019
169.398
83.9579
88.9415
59.2676
14.858
18.5363
47.0133
62.4036
49.7699
-209.544
-359.623
-269.581
-386.972
-426.371
-308.8
-167.038
-370.351
-413.05
-345.905
-573.033
-675.674
-453.262
-420.744
-149.916
-206.378
-148.373
-126.995
-121.84
-96.7237
-103.19
-83.0132
-70.3862
-90.9141
-548.535
-621.323
-751.367
-786.921
-798.466
-613.584
-765.44
-627.996
-519.033
-397.875
-636.536
-557.237
-428.753
-473.452
334.301
-227.396
-296.008
-286.513
-288.4
-312.947
-331.98
-245.532
-223.996
-182.619
-584.624
-625.914
-761.158
-565.794
-398.892
-609.406
-552.777
-529.549
-546.114
-385.158
-558.671
-406.607
-303.228
-289.824
-135.888
-132.399
370.556
-150.662
-179.593
-163.554
370.776
-136.7
-175.57
-158.937
-647.655
-728.118
-699.933
-893.007
-770.356
-714.506
-696.982
-723.2
-755.448
-592.746
-939.068
-830.919
-749.964
-595.069
-262.206
-252.773
325.929
-143.927
-95.0544
-46.927
-9.97636
0.782447
45.3342
70.7444
-253.228
-292.124
-227.195
-407.926
-137.372
-106.878
-262.221
-139.296
-204.811
-1.77901
-13.4951
1.72611
614.046
35.8467
24.6824
77.3936
76.2401
89.8411
48.5666
102.073
99.3631
58.9059
30.2914
-28.1534
-472.681
-598.655
-542.316
-809.712
-716.053
-560.48
-756.517
-670.252
-578.647
-574.658
-811.964
-734.745
-555.695
-546.01
-261.126
-320.786
-325.02
-352.695
-399.94
-368.201
-381.365
-377.998
-392.262
-372.436
-916.814
-817.527
-673.422
-816.136
-566.406
-640.778
-523.982
-541.678
-449.531
-295.682
-491.776
-478.619
-479.892
-411.397
-242.144
-230.153
-235.193
-189.174
-175.013
-144.51
-153.616
-122.622
-138.454
-47.2583
-269.186
-300.644
-379.539
-348.424
-58.8474
-262.822
-100.981
-226.165
-68.6711
41.578
1.31154
187.455
151.627
251.224
106.516
69.9616
49.5175
17.7553
8.78419
6.44171
42.987
6.53982
31.9349
-45.1479
-460.568
-563.45
-564.157
-838.186
-651.657
-674.74
-771.543
-608.962
-760.895
-542.341
-634.73
-453.506
-292.945
-279.414
-92.5236
-113.845
-114.386
-142.891
-145.954
-159.612
-101.299
-102.845
-68.9059
-98.9783
-508.088
-632.277
-405.374
-436.948
-428.38
-264.74
-404.082
-418.296
-402.322
-248.787
-541.242
-458.228
-423.738
-379.167
-189.349
-138.056
-111.036
-75.7491
-73.4726
-44.6726
-56.4226
-99.7328
-95.6477
-152.277
-575.415
-598.94
-741.693
-760.753
-648.225
-563.372
-648.991
-595.353
-660.861
-479.511
-653.346
-656.364
-599.322
-520.824
-309.991
-320.163
-325.903
-353.72
-347.021
-372.517
-355.771
-319.612
-351.405
-336.476
-1036.9
-1016.48
-1022.3
-1013.7
-751.492
-860.965
-970.88
-933.982
-919.234
-963.188
-1331.2
-1373.48
-1366.45
-1483.98
-737.783
-770.395
-823.305
-779.108
-778.498
-780.678
-714.892
-716.412
-662.951
-672.792
-1433.02
-1650.22
-1486.31
-1628.2
313.092
-1282.98
-1291.59
-1469.09
-1283.23
-1199.2
-1630.68
-1635.84
-1532.32
-1565.3
-770.461
-739.045
-705.363
-645.987
-566.413
-513.561
-470.611
-432.834
-468.277
-486.883
-1327.79
-1518.31
-1543.88
-1728.2
-1405.95
-1515.06
-1380.21
-1406.88
-1445.61
-1485.86
-2016.92
-2000.18
-1954.32
-2070.82
-1070.94
-1096.41
-1126.81
-1097.08
-1144.98
-1174.81
-1117.39
-1063.61
-1085.45
-1130.05
-2553.09
-2574.63
-2409.44
-2398.68
-1829.68
-1954.97
-1975.22
-1781.43
-1804.65
-1698.55
-2206.89
-2190.12
-2012.41
-1859.14
-946.793
-852.834
-842.394
-780.313
-788.895
-703.196
-673.62
-610.075
-610.226
-592.261
-1344.08
-1372.64
-1306.97
-1308.23
-979.158
-1033.62
-958.566
-937.962
-780.009
-602.723
-706.997
-558.463
-415.827
-235.224
-105.818
-71.5283
-58.9249
0.31284
18.245
34.6151
68.0897
83.6327
74.4198
55.366
-71.6749
-213.853
-98.3209
-191.387
-91.2134
-115.855
-62.2193
-55.313
0.424218
179.582
173.753
406.633
472.397
472.007
258.083
308.173
314.409
278.034
338.839
341.656
361.066
343.737
318.549
337.938
281.039
43.9352
76.6403
67.1434
113.304
38.2943
188.309
287.552
265.46
308.796
344.587
291.703
480.484
495.253
298.212
254.082
304.819
275.398
286.555
344.035
294.691
339.203
331.602
255.865
219.744
209.057
99.2001
-67.7815
189.621
-148.649
-11.6554
63.918
-14.5874
182.859
21.8411
118.008
212.409
295.589
148.075
282.695
199.528
210.493
104.889
216.786
206.953
73.7671
-52.7319
-55.5567
-491.537
-650.363
-466.613
-655.054
-478.862
-603.178
-581.912
-692.699
-669.127
-538.554
-800.6
-807.073
-789.434
-850.508
-423.741
-364.14
-366.446
-298.102
-261.177
-232.666
-188.287
-463.359
-579.332
-786.568
366.373
-1374.16
-2109.38
-2212.07
-1330.79
-948.537
-1340.06
-1247.02
-764.784
-684.246
-971.644
-774.872
-497.643
-1091.86
-588.398
-582.735
-628.003
-712.539
-814.299
-864.868
-816.153
-1016.79
-1279.06
-1430.98
-2542.7
-2332.05
-1721.6
-1390.5
-755.322
-753.597
-773.552
-678.141
-658.538
-542.205
-839.629
-738.45
-542.677
-459.12
-237.842
-224.017
-312.16
-456.342
-576.838
-489.876
-358.122
-289.446
-294.097
-397.574
-1132.03
-1275.79
-1221.53
-1253.49
-859.397
-719.687
-636.891
-634.418
-402.395
-301.331
-457.53
-337.028
-258.39
-127.358
-61.7448
-14.045
-10.32
77.5752
75.5047
122.234
124.645
108.309
120.089
90.5322
-70.2766
-109.609
-206.895
51.562
44.018
48.8648
237.317
115.646
74.1453
281.471
284.383
330.324
424.941
511.187
212.073
244.566
275.325
248.347
271.296
266.033
325.719
290.125
245.73
233.215
56.4371
30.4547
196.959
45.3393
71.0458
205.394
44.3287
232.302
146.276
333.815
220.707
338.922
473.18
496.004
244.2
284.349
245.179
239.255
290.017
294.056
279.548
296.163
265.932
256.512
133.174
65.3077
117.498
150.317
90.5488
-38.4958
-18.18
21.7756
105.421
175.31
227.151
220.581
434.403
378.329
224.618
223.409
235.893
256.134
304.164
286.183
306.025
300.327
243.981
215.521
33.9423
63.956
58.0858
151.24
72.2343
52.3352
246.742
0.627568
218.089
317.535
172.759
235.286
349.503
459.11
262.762
252.762
241.268
259.894
262.265
266.758
195.395
189.733
153.987
116.83
21.7588
-165.057
-36.9098
-284.614
-163.686
-89.7219
-286.492
-293.625
-191.803
-182.876
-332.603
-302.271
-196.027
-211.936
-117.865
-54.0359
-73.2107
-15.7667
0.839392
20.1285
31.4744
31.1005
-18.1862
-14.3729
-117.366
-393.098
-311.973
-238.9
-381.653
-287.727
-344.71
-425.91
-411.056
-237.447
-414.595
-355.357
-250.703
-143.752
-10.3701
0.133492
81.1885
139.527
171.027
265.34
289.837
286.51
160.886
144.692
-65.093
-251.378
-74.7052
-121.88
-23.5822
9.78405
-71.7628
17.4562
32.277
143.318
1.74626
43.1666
166.414
95.8423
109.465
119.916
88.3285
158.234
245.512
239.786
259.112
286.649
241.968
243.267
-21.3587
20.5847
376.918
31.9084
80.7722
1.93391
18.2394
1.01123
108.161
152.909
156.51
189.22
438.112
357.791
222.899
203.883
257.822
236.458
218.94
236.148
260.022
247.922
196.531
236.28
63.388
33.1466
66.1267
40.649
36.0074
52.4824
151.133
0.199523
163.147
378.373
177.545
273.036
447.369
383.841
225.675
245.245
261.605
220.553
218.124
244.846
241.988
272.93
184.303
229.824
111.329
124.323
210.292
131.504
232.836
56.8451
-49.0023
94.1366
197.648
261.938
250.47
305.323
373.301
455.705
197.985
243.568
214.887
242.931
235.813
224.949
161.094
150.787
109.134
66.8122
-246.458
-273.77
-203.788
-192.122
-121.225
-218.257
-370.649
-356.789
-367.38
-178.479
-417.679
-356.665
-171.446
-191.864
-64.6869
-76.9538
-36.8678
-10.3959
0.467229
28.816
68.4537
63.0394
33.4888
95.4583
0.669355
-260.085
-227.226
-340.683
-207.87
-143.529
-318.348
-234.426
-143.051
15.8083
-7.03297
27.2797
5.34428
14.9245
20.8655
74.3001
45.27
90.3037
97.1004
120.825
85.9361
86.2417
40.5726
27.0032
-95.3433
-227.794
-86.4853
-215.327
-149.389
-75.1537
-165.378
-73.8199
-117.995
50.899
5.89631
57.8533
105.69
211.82
201.76
232.991
208.678
205.486
219
235.997
269.076
272.685
214.364
190.42
220.068
86.2888
145.607
-78.0248
160.757
134.071
32.6236
132.8
255.438
251.455
229.601
188.183
409.532
448.239
207.542
194.677
220.917
241.869
255.81
228.917
249.164
217.341
205.485
237.457
49.1864
-41.1372
0.687791
50.8533
-120.381
-157.565
-192.389
-140.318
-26.9502
119.859
0.836766
4.97813
108.866
32.9241
-6.36405
-23.3835
-34.6606
-30.9846
-37.5113
-52.4096
-108.338
-98.0553
-193.204
-277.604
-810.248
-1075.88
-743.218
-1080.37
-801.645
-938.002
-908.305
-807.05
-884.129
-816.866
-1100.16
-1199.73
-1220.11
-1288.96
-709.189
-682.427
-683.459
-688.987
240.791
-721.782
-674.945
-699.939
-746.197
-731.643
-1649.1
-1551.73
-1566.17
-1790.01
-1314.62
-1249.81
-1295.51
-1101.95
-1041.01
-921.227
-1257.47
-1244.08
-1138.7
-1212.54
-650.857
-650.903
-673.54
-731.199
196.248
-741.412
-751.987
-745.361
-822.665
-808.774
-1788.59
-1695.08
-1756.6
-1547.72
-1270.95
-1043.02
-1218.95
-1256.28
-1089.72
-996.345
-1237.47
-1188.64
-1106.77
-1082.68
-684.379
-749.983
-856.572
-958.482
-1076.09
-1197.28
-1189.57
-1093.08
-994.696
-876.218
-1811.98
-1723.49
-1562.28
-1502.1
-1370.36
-1374.56
-1561.57
-1443.13
294.059
-1657.08
-2448.54
-2686.21
-2760.55
-2862.53
-1565.71
-1597.32
-1633.54
-1632.64
-1803.89
-1876.2
-1972.75
-2083.48
-2100.87
-2106.88
-4435.21
-4360.77
-4321.92
-4766.39
-4690.86
-5466.35
-5755.86
-5708.39
-5763.28
-5945.43
230.037
168.487
373.045
312.43
-3254.6
-3084.85
-3096.51
-3011.53
-3701.3
218.722
248.301
-3845.61
-3504.13
-3139.32
-5993.49
-6308.66
-6290.33
-6464.23
-5334.05
-5293.65
-5088.61
-5162.37
-5029.45
-4857.66
-5828.15
-5641.39
286.67
-5128.42
-2534.7
-2416.61
-2306.26
-2271.72
-2091.46
-2012.5
-1836.8
-1702.99
202.756
-1780.26
-3628.93
-3491.45
-3490.35
-3285.02
-2711.91
-2520.52
-2525.19
-2180.9
-2081.83
-1839.02
-2207.52
-2109.01
-1804.72
-1765.74
-853.082
-806.102
-824.015
-787.802
-811.643
-794.825
-732.132
-713.47
-767.053
-823.646
-1730.57
-1785.32
-1611.54
-1757.06
-1293.47
-1189.62
-1415.49
-1331.17
-1164.28
-1001.61
-1346.21
-1194.79
-1076.01
-1001.75
-447.186
-413.469
-406.328
-372.06
-375.672
-347.412
-323.847
-295.933
-316.409
-363.285
-919.759
-913.873
-875.203
-788.129
-663.861
-729.312
-840.191
-735.607
-776.527
-635.466
-799.086
-728.408
-659.361
-671.866
-309.403
-316.766
-360.545
-343.382
-366.476
-386.173
-391.505
-380.714
-473.951
-448.282
-1111.85
-1298.34
-1076.41
-1238.7
-907.015
-970.116
-896.06
-678.699
-565.511
-511.715
-716.216
-631.363
-465.103
-355.84
-143.882
-105.807
-70.8354
-103.325
-98.5637
-62.6215
217.272
-64.5968
-117.545
-122.451
-437.275
-246.18
-332.261
-373.926
-261.1
-317.299
-349.969
-209.092
-166.425
-9.00307
-136.145
-189.226
-47.335
-12.6937
-7.64017
-12.5161
0.436608
-52.557
-51.8108
-42.1686
-66.3484
-41.6446
-94.1597
-116.505
-565.67
-441.955
-242.23
-622.69
-373.343
-494.307
-439.552
-349.261
-393.818
-244.73
-497.948
-486.898
-351.984
-348.627
-129.774
-134.986
-92.128
-91.8191
-46.5209
-69.3218
-17.0414
-35.7534
-46.2307
-38.5245
-283.641
-263.102
-216.758
-240.268
-281.1
-195.453
-152.179
-125.075
-80.0251
-99.2041
-164.69
-146.974
-117.373
-113.013
-13.9455
-16.8174
-11.8362
19.5982
197.027
53.0837
14.6834
3.49622
-2.64138
-21.2281
265.087
-263.636
-290.394
-185.452
-154.721
-235.12
-157.801
-110.786
0.107858
1.6572
-17.8822
111.787
177.258
98.861
77.425
152.846
207.251
190.671
162.82
191.683
226.54
180.06
165.858
160.032
38.8096
75.7555
59.412
142.919
98.52
71.3904
128.412
167.142
168.598
330.201
275.508
246.709
280.755
317.116
167.94
182.134
174.199
211.708
183.453
215.259
220.799
193.097
174.84
141.731
64.7285
44.1556
-21.9008
195.953
124.569
39.5486
18.1332
117.289
219.207
234.285
179.733
151.136
338.674
372.386
175.9
181.845
177.507
181.714
195.176
213.083
218.619
122.219
115.608
136.475
198.867
119.002
-84.2273
-37.0176
-52.5822
-191.71
-17.6553
-19.1654
85.7092
1.06771
-24.7194
-48.8527
0.193566
-5.96834
16.9562
-23.1549
-6.27386
22.8261
7.47473
1.09419
20.5975
-6.04812
-6.25242
15.7429
-193.285
-184.413
-206.976
-179.007
-236.859
-193.697
-267.421
-158.616
-187.362
-102.29
-278.741
-263.465
-228.761
-270.554
-142.722
-87.1836
-134.609
-123.979
-120.146
-163.151
-163.658
-158.806
-183.566
-187.302
-515.361
-599.393
-487.174
-449.472
-630.546
-666.082
-672.482
-607.759
-549.283
-504.49
-780.01
-845.675
-755.333
-766.287
-447.426
-430.323
-416.95
-411.754
-451.87
-413.549
-390.652
-429.161
-428.706
-385.185
-1056.84
-941.522
-887.767
-994.935
-826.278
-538.673
317.924
-683.928
-723.071
-528.304
-888.721
-908.787
-789.322
-779.261
-442.5
-405.799
-378.424
-395.224
-395.008
-413.138
-386.832
-426.975
-414.2
-436.722
-1001.1
-900.94
-993.684
-789.109
-758.015
-740.736
-713.607
-666.513
-527.714
-485.885
-654.814
-612.595
-561.348
-491.891
-324.768
-362.312
-330.646
-375.674
-424.972
-413.085
-476.695
-497.19
-530.842
-517.59
-1301.92
-1198.13
-1228.03
-1260.03
-976.042
-1083
318.558
-949.912
-1049.52
-861.665
-1140.22
-1070.67
-1026.61
-956.92
-526.381
-526.605
-488.459
-478.27
-465.39
-386.591
-367.15
-377.582
-417.321
-379.878
-1039.46
-1130.58
-695.434
-846.703
-724.556
-764.514
-834.49
-723.345
-505.425
-577.07
-893.793
-795.969
-709.202
-699.255
-345.903
-356.303
-343.995
-328.175
-302.03
-319.733
-305.381
-285.957
-305.483
-318.842
-806.037
-712.69
-738.552
-734.023
-734.437
-539.333
-373.448
-575.154
-565.194
-423.307
255.184
-774.357
-645.413
-620.903
-316.266
-319.559
-332.935
-347.068
-329.954
-348.166
-336.317
-329.238
-407.294
-448.072
-1060.53
-1134.59
-1192.93
-1158.39
-988.573
-1131.85
-1144.33
-1150.32
-1088.66
-1211.42
-1758.61
-1794.39
-1821.05
-1811.44
-958.18
-880.144
-835.657
-830.681
-793.224
-744.831
-731.422
-673.885
-650.286
-621.426
-1203.48
-1193.26
-1147.74
-995.68
-805.324
-836.559
-631.05
-536.269
-527.515
-490.072
-680.573
-670.804
-597.383
-627.878
-296.563
-295.45
-284.693
-279.922
-268.573
-226.487
-238.476
-217.784
-260.808
-203.242
-666.677
-659.076
-466.097
-432.739
-473.284
-363.62
-324.986
-316.992
-286.198
-213.124
-435.661
-445.573
-281.837
-296.179
-97.3593
-35.0752
-29.3275
45.5285
73.6253
175.532
34.1658
-2.72375
-24.131
-6.69139
-150.994
-135.54
-208.11
-50.5323
-48.4724
133.834
421.407
-20.2779
-13.8084
1.26289
-61.5903
-130.486
-146.343
-290.256
-120.482
-136.818
-146.219
-110.69
-161.126
-183.894
-221.504
-282.408
-378.963
-338.64
-923.372
-927.901
-1007.38
-921.929
-869.341
-818.898
-726.017
-559.683
-565.926
-349.956
-621.216
-650.956
-629.631
-671.925
-384.428
-354.75
-382.734
-393.972
-481.118
-437.696
-456.675
-449.353
-437.23
-373.196
-951.177
-1048.14
-1024.51
-1087.11
-1003.8
-1002.64
-1130.02
-1102.21
-1227.94
-1076.74
-1586.9
-1586.77
-1615.91
-1705.32
-979.985
-1061.72
-1140.76
-1303.33
-1392.91
-1500.83
-1461.15
-1373.07
-1527.79
-1511.54
-3353.77
-3180.9
-2742.55
-2549.77
-1866.76
-1709.21
421.95
-1433.71
-1435.42
-1462.2
-2049.25
-2168.66
-2162.02
-2369.12
-1257.3
-1236.94
-1135.8
-1124.75
-1481.79
-1620.37
-1778.4
-1810.67
-1893.62
-1786.59
-3573.55
-3505.37
-3299.24
-3146.32
-2276.85
-1964.85
-2098
-2023.68
-2021.84
-2008.53
-2516.64
-2464.99
-2241.22
-2346.88
-1289.32
-1190.94
-1147.09
-1195.68
-1195
-1083.69
-1097.48
-1090.62
-1053.36
-1002.72
-2200.96
-2260.01
-1933.91
-1598.12
-1205.26
-1079.49
-1109.03
-1069.98
-1076.81
-860.119
-1131.52
-1177.36
-1270.18
-1173.71
-708.239
-819.373
-975.242
-1096.1
-1308.87
-1491.65
-1533.33
-1498.74
-1338.71
-1301.62
-3070.76
-3522.95
-3597.94
-4483
-3361.44
-2904.99
-3068.22
-3173.27
-2439.12
-1452.05
-2803.22
-3511.15
-4195.14
-4586.53
155.613
-1609.95
-1771.18
-1883.84
-1903.27
-1573.77
-1459.15
-1807.85
-2381.61
-2065.92
198.106
-3999.82
-4262.75
-4142.04
-3143.59
-2842.41
-2660.03
-2329.77
-2117.65
-1809.26
-2138.66
-2088.81
-1791.23
-1801.32
-946.097
-986.242
-1036.84
-1094.37
-1272.48
-1418.27
-1476.7
-1553.35
-1613.77
-1602.51
-3189.67
-3116.19
-3070.22
-3168.28
-2783.64
-2667.58
-2692.93
-2666.76
-2386.22
-2356.63
-2921.16
-2868.94
-2623.01
-2655.22
-1220.44
-1136.52
113.483
-924.316
-799.652
-725.857
-696.621
-640.879
-654.864
-553.664
-1275.28
-1157.95
-984.461
-865.25
-741.916
-800.221
-761.184
-824.238
-978.835
-861.335
-939.864
-837.605
-843.881
-933.927
-485.129
-487.518
-423.969
-408.228
-410.551
-475.144
121.924
-452.973
-433.1
-413.764
-941.314
-1328.9
-1256.78
-1104.01
-541.152
-621.026
-497.778
-508.281
-459.425
-258.235
-539.054
-512.061
-485.72
-626.64
-290.834
-277.036
-264.679
-270.46
-342.12
-321.329
-305.569
-303.307
-313.24
-311.096
-668.933
-502.886
-403.459
-180.292
-320.113
-284.989
-399.778
-291.668
-422.334
-290.506
-521.34
-509.481
-467.426
-570.78
-255.398
-170.98
-125.993
-110.329
132.066
-60.0424
-29.0132
-72.3005
-77.3544
-63.3857
-302.901
-408.512
-410.684
-609.103
-498.424
-449.347
-259.517
-332.782
-241.38
-218.208
-304.157
-269.371
-155.798
-135.867
-59.6971
-110.84
-108.685
-146.917
-159.773
-173.664
-158.977
-118.741
-119.964
-74.444
-403.889
-467.68
-451.553
-526.414
-299.876
-328.694
-291.816
-177.317
-217.347
-84.125
-208.373
-191.684
-87.9695
-102.065
-37.9814
-47.1142
-50.0741
-57.0953
-111.507
-81.5652
163.093
-57.9735
-72.0382
-59.986
-308.547
-343.635
-232.03
-269.449
-72.8251
-211.798
-124.193
-79.0329
-38.9424
1.97401
-138.534
-155.21
-189.941
-214.285
-109.686
-136.039
-163.252
-163.924
-199.02
-215.443
160.622
-109.824
-115.091
-112.742
-302.16
-248.28
-57.1424
-7.04797
-82.2788
-126.123
-22.3993
-64.377
-47.8018
2.64965
-144.532
-75.4667
-67.8735
-139.199
-71.6512
-71.9993
-50.7949
-62.5156
-49.9001
-23.8195
-17.1611
0.0670062
0.592131
73.5193
-105.501
-97.4165
-25.6114
71.1741
85.5468
134.462
52.2596
22.9424
15.3087
275.864
68.1514
91.0881
146.088
130.912
54.9358
33.5525
24.0406
47.0702
123.396
41.1388
23.6258
0.285953
0.416916
-22.2228
-88.4286
-185.845
-56.1605
-68.4132
-106.983
26.5008
42.2347
1.28344
62.3505
257.9
108.111
135.783
356.929
321.511
179.899
112.346
162.584
116.952
115.892
152.972
131.264
106.689
127.25
196.744
200.701
84.5176
315.937
185.774
249.4
142.136
256.352
262.255
311.572
405.179
229.856
142.998
208.883
78.4232
47.6216
48.6045
10.8262
25.4282
-3.84742
30.9582
36.7922
13.6686
-25.9667
7.69075
-122.044
1.61334
91.4054
-23.8721
-42.6229
121.778
-2.08404
64.171
175.057
207.795
79.4382
158.023
399.885
259.783
140.789
144.736
157.69
127.516
122.686
161.455
153.054
151.749
70.5915
115.736
73.1209
1.80198
429.345
294.731
119.992
232.342
267.331
286.559
50.3354
283.685
180.734
42.7424
110.903
78.0238
64.3054
-2.19201
-5.67497
13.8285
2.08048
-21.3438
-54.0335
-54.0159
-96.5269
-31.1262
-212.631
-59.88
-55.0294
-276.916
-272.656
-14.3517
-179.986
-231.662
-232.391
-262.51
-414.342
-529.37
-464.895
-540.475
-312.265
-301.044
-306.402
-302.579
-318.151
-353.064
-338.187
-336.255
-378.981
-327.599
-635.897
-836.54
-626.985
-611.8
-478.566
-424.272
-501.144
-498.713
-430.692
-385.209
-640.718
-717.905
-659.421
-818.524
-461.403
-497.682
-506.554
-511.842
-511.525
-539.218
-549.361
-582.012
-571.526
-551.357
-1006.72
-1152.51
-1086.13
-1055.59
-850.406
-906.538
-776.551
-641.3
-796.721
-733.91
-1066.05
-1097.04
-1022.96
-1082.92
133.092
-605.098
-670.565
-707.407
-743.403
-737.315
-783.777
-816.83
-834.56
-788.682
-1667.85
-1549.7
-1418.26
-1435.1
477.94
-1130.82
-1284.19
-1225.93
-983.007
-971.424
-1437.66
-1329
-1255.61
-1245.99
-595.293
-549.889
-516.189
-504.308
-493.091
-471.297
-474.019
-458.717
-412.529
-367.6
-828.436
-669.977
-605.035
-770.987
-464.993
-394.169
-425.271
-313.928
-331.936
-170.486
-280.117
-283.765
-335.761
-376.16
-238.805
-271.908
-262.793
-268.41
-287.069
-302.596
-300.397
-287.316
-363.432
-376.759
-818.157
-919.605
-666.213
-657.807
-343.464
-335.439
-339.188
-342.388
-367.029
-208.518
-405.139
-412.24
-386.494
-426.713
-151.854
-125.053
-71.3536
-51.7407
-18.9622
0.708106
1.19608
-15.4587
0.167767
78.5985
71.2237
106.443
216.471
137.083
123.912
181.549
272.651
475.829
451.885
572.084
368.559
255.157
391.874
333.349
160.264
114.182
136.248
118.541
124.417
141.84
101.89
124.359
137.367
205.494
91.7199
58.6789
155.075
336.285
171.896
208.862
219.03
323.76
327.879
430.435
371.567
319.528
407.41
384.796
175.025
146.678
110.721
129.994
142.115
148.111
107.875
142.027
117.846
145.054
171.789
204.273
191.128
190.948
407.016
489.692
531.46
331.966
277.168
398.358
270.456
284.929
439.442
386.445
147.254
144.972
112.861
154.063
125.12
155.341
127.316
129.28
91.5319
181.716
146.537
27.0046
279.692
320.083
190.421
161.113
236.03
229.433
419.486
145.629
-1.76965
-56.8142
-91.4251
-75.3452
-7.16413
1.2492
14.1593
-4.16227
0.622419
17.1956
-8.57679
2.70388
6.48054
105.611
61.8635
-95.9266
-52.315
17.2459
77.0324
324.858
345.055
297.583
253.25
526.395
266.31
304.262
412.291
290.854
171.056
164.664
114.612
148.519
142.558
108.248
154.883
148.019
98.8897
127.818
280.756
1.40332
53.5562
-11.6696
220.502
20.4258
239.973
504.341
294.627
270.04
189.443
25.7079
126.725
45.3609
48.235
1.29729
8.68041
-48.6786
-28.0938
-19.1953
-64.6524
-50.6682
-72.8203
-4.02861
-164.353
-165.897
-253.904
-237.482
-145.607
-19.2864
114.417
1.13474
26.1556
319.08
132.97
349.445
396.386
313.478
179.712
128.824
128.193
121.621
101.199
125.25
103.848
106.534
108.393
171.179
79.4493
21.0908
89.1287
206.249
326.326
233.946
192.037
250.593
276.183
371.818
259.046
353.976
337.351
307.621
166.701
127.017
147.423
127.763
139.717
155.888
133.359
149.308
119.303
137.37
14.5795
167.345
297.613
317.277
182.116
191.891
329.067
317.5
437.445
369.926
268.089
367.723
370.805
370.589
185.933
140.043
169.167
56.6888
-21.8831
-75.7397
-56.1597
-26.3401
-41.0904
54.784
-142.986
28.5591
290.222
185.762
60.0274
89.6131
123.325
48.6609
-108.47
34.1049
115.791
106.024
152.566
315.558
157.135
160.533
88.9514
49.992
62.6381
1.58928
-3.23524
-10.9931
-27.2205
66.306
-101.894
-79.9897
-3.0431
96.7199
-27.556
70.0726
-8.20878
260.049
121.86
218.394
28.0702
-124.299
-62.2259
-84.6763
-69.4213
-140.623
-230.202
-275.748
-290.641
-277.094
-218.614
-190.778
145.466
-88.9518
-314.284
-364.55
-316.731
-351.536
-322.87
-398.693
-396.261
-457.078
-519.909
-368.626
-670.211
-601.766
-527.071
-559.51
-270.451
-266.833
-242.993
-219.058
-184.958
-134.521
-153.274
-178.509
-167.844
-91.5309
-414.347
-243.067
-205.295
-111.139
-43.0288
-168.553
-200.485
-212.812
-304.599
-174.115
-390.945
-349.752
-303.417
-230.7
-124.212
-108.022
-81.459
-100.917
-94.7867
-104.803
-118.851
-106.419
101.171
-80.4849
-395.39
-231.454
-278.956
-90.8367
-69.8212
-75.4027
6.03548
-12.6249
36.7048
197.441
172.701
297.554
324.638
334.054
147.518
118.602
137.816
161.592
110.761
22.6259
27.3847
20.6006
-0.206412
-0.695527
-179.428
-160.653
-140.663
-37.922
-21.325
1.13865
50.1824
43.3558
156.175
164.192
46.1309
101.167
132.03
57.8028
39.3011
-10.4559
-57.1124
-97.6732
-87.6079
-171.467
-162.271
-227.29
-222.679
-176.601
-456.764
-545.599
-458.769
-150.778
-362.078
-385.089
-303.82
-34.2607
474.113
-96.5178
-199.852
-201.265
-101.753
-116.122
-74.4704
-65.9082
-45.9861
-72.9104
-54.8553
-68.1279
-120.99
-133.52
118.069
-107.071
-380.738
-500.762
-419.949
-475.137
-104.456
-276.654
-235.048
-261.062
-310.754
-199.071
-271.321
-241.541
346.42
-203.837
-65.256
-81.2115
-110.475
-68.2454
-78.2917
-92.4777
-73.1283
-53.5638
-55.8919
-11.5071
-109.276
-124.018
-211.951
-25.1863
-112.015
24.4675
-58.8549
-177.327
-159.255
-108.164
-215.987
-345.981
-304.12
-393.991
-223.22
-250.256
-234.879
-311.683
-298.324
-337.162
-442.562
-477.882
-571.441
-601.814
-1472.42
-1396.34
-1374.01
-1555.87
-1161.34
-1238.51
-1243.25
-1168.92
-1131.05
-1026.31
-1236.52
-1079.21
-937.594
-891.378
-431.338
-448.459
-436.877
-394.044
-382.426
-385.332
-380.087
-326.176
92.7434
-338.281
-951.759
-842.901
-878.148
-710.94
-526.391
-358.063
498.928
-469.649
-245.17
-356.778
-451.753
-378.86
-376.633
-276.482
-172.345
-185.163
-167.72
-190.596
157.444
-251.022
-258.779
-307.622
-349.086
-359.174
335.711
-931.229
-795.785
-579.744
-399.059
-672.172
473.396
-563.776
-534.299
-398.161
-721.822
-725.013
-702.959
-689.399
-317.48
-334.464
-333.816
-304.431
-283.793
-240.094
-265.349
-265.471
-284.25
-196.905
-508.584
-485.396
-524.614
-448.843
-546.913
-503.909
-536.417
-730.806
-728.672
-643.747
-854.605
-779.473
-669.451
-672.452
-293.144
-315.234
-274.55
-273.428
-282.467
-271.825
-252.196
-231.125
-266.802
-203.569
-619.768
-564.486
-505.422
-631.476
-516.523
-364.662
-430.674
-391.002
-385.575
-267.65
-581.607
-570.023
-596.8
-610.306
151.092
-325.401
-301.618
-328.076
-301.263
-269.322
-306.787
-299.336
-334.497
-293.197
-704.36
-679.867
-611.548
-610.098
-484.256
-437.856
-377.292
-362.581
-358.209
-235.433
-557.937
-530.935
-450.851
-457.359
-294.658
-289.188
-270.804
-332.024
103.802
-354.245
-398.892
-407.026
-395.706
-283.956
-768.932
-707.085
-431.215
-645.623
-662.38
-523.9
-737.394
-624.839
449.074
-485.861
-581.693
-604.182
-508.475
-537.369
-311.097
-326.941
-323.984
-356.849
-398.882
-372.462
115.644
-375.043
-400.756
-399.133
-864.508
-873.74
-599.915
-554.463
-404.912
-261.836
415.423
-263.873
-240.082
-60.3825
-234.795
-205.491
-200.826
-144.475
-63.5361
-73.8176
109.393
-110.596
-102.912
-142.167
-117.513
-116.196
-132.992
-126.905
-425.016
-479.872
-452.42
-304.369
-304.879
-152.734
-222.733
-119.907
-152.576
1.46312
-118.594
-50.8843
-106.479
-48.2337
-82.8391
-122.78
-143.197
-152.093
-175.812
-224.83
-173.642
-207.466
-236.072
-182.327
-538.917
-451.316
-474.021
-381.881
-441.422
-456.97
-417.044
-451.74
-480.425
-300.319
-458.049
-404.077
-425.724
-434.512
-243.558
-238.899
-222.265
-233.367
-244.433
-211.494
-258.639
-245.818
-225.558
-183.83
-550.452
-488.666
-342.074
-497.35
-520.299
-394.534
-410.595
-421.984
-415.257
-353.001
-560.533
-496.154
-434.276
-481.959
-270.487
-291.474
-315.598
-338.509
-317.825
-323.276
-327.405
-328.067
-327.546
-273.222
-667.744
-416.231
-483.951
-429.817
-454.696
-299.546
-349.706
-362.525
-307.248
-160.511
-331.343
-314.544
-304.729
-326.415
-160.908
-249.27
-282.861
-299.858
-368.802
-382.063
-325.347
-303.958
-253.112
-182.868
-523.333
-524.249
-373.242
-444.14
-271.331
-338.84
-438.098
-398.207
-322.613
-219.707
-451.268
-399.46
-405.928
-481.294
-245.923
-227.031
-234.699
-213.642
-180.455
-153.741
-182.505
-148.768
-175.981
-158.489
-523.571
-484.907
-379.137
-352.778
-208.089
-237.571
-222.702
-166.068
-139.564
2.72815
-134.545
-73.1411
0.381561
32.1806
-20.6274
30.2448
40.7499
27.3775
1.80925
41.7518
-0.800166
5.66937
35.6074
72.0431
-97.1057
-123.38
-80.6637
-100.639
-61.2469
3.92987
-62.0358
84.8853
107.874
123.318
49.0452
1.58032
31.1332
55.6636
-5.94601
31.394
80.7231
0.886739
1.82748
-23.4975
-19.6006
-26.0329
-48.7029
-29.8018
-234.094
-192.91
-21.5209
-131.675
19.7598
287.767
26.5287
131.14
178.667
389.828
338.595
303.698
353.238
239.158
125.12
129.755
106.863
151.345
126.097
146.666
160.368
152.158
139.965
144.357
61.5203
95.9449
119.754
102.392
33.0304
214.289
280.4
465.248
371.834
285.845
275
212.554
281.373
87.5912
79.4739
28.9182
37.3051
30.4379
20.6656
9.74408
59.9738
38.4012
37.1526
110.383
221.205
66.0345
306.929
131.448
403.45
188.162
469.325
273.336
215.704
358.076
201.599
233.64
355.977
315.87
117.395
122.889
27.1157
49.4419
26.3348
15.3941
45.1198
32.4212
61.1042
139.239
160.296
150.318
119.048
140.926
216.641
57.3616
118.838
267.342
292.204
350.935
182.283
209.782
279.681
264.968
154.233
129.471
141.807
158.431
139.417
151.056
95.5011
151.614
112.53
125.393
112.876
122.356
176.492
289.725
220.676
189.749
294.151
275.556
262.996
389.735
187.704
183.003
320.183
218.834
118.547
145.702
99.737
144.878
105.445
106.354
154.318
128.893
119.896
116.665
-10.4457
1.62492
107.237
114.116
141.407
207.605
95.309
156.008
62.4921
139.502
154.856
-39.276
0.11554
3.65648
-13.9654
0.696029
149.203
-24.0836
-29.4197
-19.9724
-25.4876
-4.4161
-50.6901
-19.2421
179.01
-254.053
388.178
-39.8204
-8.11333
17.6964
-132.08
1.06218
119.762
64.93
1.28124
-55.833
0.904607
-84.3864
-20.7713
0.232953
15.6898
23.7568
5.28696
0.237193
22.6001
12.4104
15.2213
35.6649
-246.225
-172.301
-224.601
-86.422
-73.3
-85.9351
-158.049
24.6638
-65.3405
58.3892
0.887219
-8.84564
-13.0767
-17.7868
26.0006
-15.728
0.43555
-17.1954
0.393575
-37.0093
-2.99071
-11.8725
-70.0433
-18.7297
-126.324
-288.345
-201.096
-176.163
-106.75
1.05667
71.9419
106.12
16.9432
52.9123
-50.7371
26.6792
105.481
9.39713
-8.01899
15.3068
-3.22775
9.15629
4.34829
2.02347
-2.19347
-62.3287
-96.7216
-66.0699
-377.214
-396.421
-269.181
-446.483
-249.079
-240.29
-134.111
-5.71805
339.231
1.67492
-5.48224
22.3841
-86.515
-91.7905
-98.1514
-70.2726
106.49
-79.2289
-64.9896
-72.782
-50.673
-79.7794
-65.4638
-53.6654
-318.004
-300.1
-220.756
-202.346
-128.376
-37.4415
0.546838
12.2449
39.8325
110.058
134.595
1.60945
22.643
-22.8315
69.2702
30.1902
30.2956
65.0016
63.291
11.8328
47.1108
44.7103
0.643246
31.2748
-51.213
1.0628
149.136
1.75266
47.2903
257.853
251.038
228.243
213.441
341.408
301.96
248.687
245.555
224.266
101.908
59.3223
-1.37569
-11.6683
0.037178
-50.653
-44.5881
-52.8086
142.087
-11.6544
-101.28
11.4568
103.609
176.23
396.062
148.506
176.177
371.592
286.152
376.775
209.238
257.672
331.729
222.906
160.213
127.071
143.11
103.282
97.5518
125.019
144.473
138.392
97.2514
132.336
26.9951
54.1534
209.79
99.45
263.369
167.865
141.743
285.693
358.028
294.437
262.556
172.491
268.397
325.633
147.583
138.777
110.299
74.5826
11.7268
68.4259
10.4914
71.4257
9.67022
17.6917
-79.0994
-128.916
-176.059
-5.69716
-24.8102
-20.9675
0.637523
-49.0365
-50.3869
0.570167
-192.584
-229.496
-143.757
-145.868
-73.5696
-54.3129
-72.3876
-59.797
-27.8905
-55.3297
-16.9919
-2.08544
-19.8027
32.57
-208.275
-260.052
-255.131
-156.933
-244.783
-154.583
-154.69
-83.4664
-72.9571
1.51677
-23.2712
-133.792
-113.369
-130.997
-107.141
-137.766
-159.54
-200.554
-212.946
-271.196
-310.083
-258.367
-269.905
-196.712
-418.584
-477.84
-386.898
-387.649
-230.132
-273.121
-258.62
-279.177
-194.447
-117.713
-325.828
-262.398
-272.206
-299.817
-126.576
-115.39
-148.55
-137.4
-109.285
-115.726
-123.625
-135.129
-131.379
-122.643
-416.89
-411.869
-328.139
-161.283
-329.662
-302.935
-201.399
-198.743
-149.009
-45.7858
-253.172
-182.635
-173.111
-209.701
-72.3792
-81.8621
-89.8791
-109.68
-115.922
-93.4884
-58.1977
-51.8019
-86.5203
-84.6895
-426.329
-408.107
-439.666
-448.112
-440.768
-412.386
-392.957
-331.397
-311.393
-249.637
-367.551
-345.835
-198
-224.571
-82.8369
-39.3842
-20.1673
-20.8114
-41.2729
-33.0073
-21.0038
-8.09983
-38.8461
-2.14118
-317.991
-321.924
-9.93792
-122.536
-145.1
-92.8769
-186.558
-68.3699
-61.9338
0.640104
-15.4136
-63.2764
0.076318
-42.3356
-23.6853
-24.2557
0.413053
-13.4404
127.775
-1.96886
-9.20207
53.9801
45.8575
72.0894
-1.29145
1.82645
82.2259
60.3476
375.793
162.492
220.622
320.608
237.392
403.122
252.74
199.167
215.741
282.635
127.155
101.256
151.045
140.325
56.8076
23.415
-5.75604
29.6675
15.6452
73.6391
-40.756
-46.8379
1.36927
190.781
26.9177
91.2224
169.479
145.921
306.753
336.568
235.897
239.836
243.505
236.216
120.02
143.851
161.507
142.883
102.595
120.127
113.129
116.426
165.631
164.551
99.9018
89.1778
206.858
117.36
39.4227
-5.74294
0.0178395
-29.0536
0.888407
86.0807
-14.3216
-16.6324
-71.261
-142.681
-53.831
-74.4023
-67.0089
-43.362
-38.1537
0.610476
4.63001
13.7975
164.494
141.8
-32.4113
124.514
295.785
122.525
131.272
20.9043
40.3278
79.1416
74.5864
144.358
69.5741
1.90511
63.7623
32.4902
24.6596
52.371
41.6978
48.287
-2.2494
-7.01633
-7.60944
0.116008
5.20104
-0.936528
228.642
-91.9761
374.454
-227.176
-1.9297
0.528523
29.6367
0.628486
81.9132
298.371
180.63
182.246
228.233
284.894
151.496
117.879
104.55
159.87
160.743
127.129
135.325
154.702
131.853
176.783
13.7403
55.7565
219.578
82.5108
144.136
74.2757
134.249
158.626
208.117
365.488
143.132
199.508
325.164
200.963
165.326
136.288
123.123
166.445
160.413
121.698
160.767
119.591
140.719
134.992
1.95091
54.1134
84.0615
-10.141
-54.3345
-86.066
-64.6214
-23.1356
-3.60404
10.3726
0.330259
-14.2827
0.397728
-52.4176
31.3882
26.1788
28.9178
25.677
47.3458
162.341
122.629
190.34
187.373
137.225
106.287
80.0222
18.8813
24.0241
110.597
206.429
1.53703
180.47
126.169
269.591
143.214
145.21
216.797
238.402
138.877
125.843
73.5157
151.205
165.937
180.207
172.711
186.869
143.711
201.932
-3.90277
-117.889
-36.0975
-83.155
3.9509
0.304328
167.739
30.5059
53.344
125.448
0.806184
0.747131
18.1397
63.3377
37.1843
66.6328
29.8599
117.028
140.132
183.02
186.513
138.728
130.164
173.195
91.4194
19.1511
107.246
147.339
84
179.861
67.3904
128.972
190.288
332.616
241.613
185.549
283.377
282.553
164.455
149.05
125.92
121.74
162.443
142.786
139.158
168.271
139.306
168.047
43.8381
3.34943
158.542
90.4048
346.663
33.5212
99.0688
131.815
178.136
353.625
174.042
237.473
285.627
225.381
116.112
118.778
119.262
135.002
176.789
162.704
76.4459
93.5946
45.0507
61.0532
-224.18
-262.59
-198.846
-292.716
-189.353
-282.331
-253.462
-164.407
-151.901
-9.04023
-184.773
-279.078
211.876
-111.454
-78.8522
-72.103
-96.2446
-57.9608
-79.2739
-61.2239
-38.1941
-26.6737
-31.9512
4.42334
-275.752
-301.632
-140.05
-242.075
-293.025
-99.3521
-134.547
-129.337
-96.8738
-5.58422
-122.478
-132.902
-51.1764
-107.025
-65.8392
-27.4605
-41.9506
-35.358
-59.6981
-76.426
-67.6435
-33.2691
-47.565
-47.7826
140.154
-433.841
-234.465
-230.161
-277.77
-249.665
-136.397
-226.851
-88.6647
-59.4801
-134.236
-117.342
-49.1844
-68.3051
22.0743
-28.8677
0.150149
-24.1267
171.283
-27.7932
-29.4713
-10.3237
-28.1144
-18.7552
-326.604
-374.563
-263.961
-302.564
-187.222
-258.539
-66.1595
-201.628
-196.913
-57.1041
-220.076
-229.366
-66.952
-58.1559
-51.2084
2.30726
11.3441
8.30322
28.2822
97.9144
66.8154
101.932
32.5444
21.0771
-255.642
-335.144
-307.506
-110.75
-307.454
-254.32
-328.75
-330.948
-168.184
-132.773
-226.482
-298.062
-208.442
-212.506
-72.628
-81.44
-76.9179
-51.8708
-41.1622
-13.0469
177.344
-60.9773
-116.798
-128.601
-524.045
-477.592
-485.95
-536.696
-628.955
-691.906
-647.701
-622.74
-703.066
-596.272
-819.392
-784.135
-742.876
-825.917
-424.371
-458.639
-414.602
-415.133
-471.394
-438.887
-462.162
-499.064
-540.925
-522.42
-1358.19
-1512.79
-1578.18
-1769.35
-1407.07
-1587.37
-1630.88
-1710.5
-1799.94
-1781.94
-2563.73
-2712.48
-2728.71
-2837.51
-1500.22
-1522.73
-1512.71
-1461.57
-1431.54
-1409.83
-1384.7
-1358.3
-1289.46
-1214.16
-2369.41
-2265.16
-2103.35
-2067.84
-1745.31
-1636.93
-1638.96
-1600.27
-1618.21
-1515.62
-1949.44
-1873.41
-1745.77
-1819.29
-825.607
-835.105
-744.937
-693.952
231.797
-622.392
-541.734
-472.882
-400.169
-355.712
-941.12
-866.775
-690.635
-787.566
-675.251
-663.619
-691.961
-503.529
-497.023
-378.316
-634.939
-566.963
-505.793
-420.487
-174.935
-173.429
188.373
-131.956
-137.418
-124.239
-46.0037
-1.75075
-18.396
26.0468
-280.063
-279.876
-293.556
-297.13
-260.777
-80.8745
234.561
-171.864
-93.8177
1.96658
208.021
0.7426
11.3108
79.7213
64.0603
74.7965
36.1994
62.4566
44.1196
51.4783
25.8827
5.38575
4.90183
-25.8695
-305.199
-379.76
-410.153
-465.238
-414.022
-271.254
-276.879
-292.08
-299.957
-126.823
-365.511
-304.996
-246.409
-208.04
-67.6319
-58.7666
0.110264
2.0627
16.8722
22.2472
34.8723
43.8146
243.779
4.70924
-360.879
-372.682
-387.264
-154.4
-274.92
-246.991
-344.795
-311.884
275.396
-197.889
-346.937
-369.062
-241.052
-248.301
-145.587
-117.046
-126.075
-78.4476
-107.587
-125.473
-127.92
-147.092
-151.942
-116.408
-629.353
-782.928
-760.232
-755.451
-806.884
-729.508
-765.223
-762.274
-744.75
-579.933
-847.224
-848.713
-684.559
-657.798
-371.729
-340.561
-292.932
-288.648
-321.408
-315.407
-320.881
-378.004
-412.382
-443.709
-1185.96
-1263.32
-1034.52
-1176.01
-1003.57
-988.604
-970.678
-943.025
-899.967
-715.157
-1020.04
-965.876
-876.355
-848.597
-440.987
-491.225
-458.877
-490.446
-488.221
-511.079
-512.859
-506.393
-505.95
-450.328
-1195.29
-1373.03
-1317.68
-1356.71
-1301.51
-1258.77
-1482.18
-1350.33
279.873
-1488.87
-2087.55
-2183.87
-2233.55
-2287.66
-1216.23
-1270.77
-1338.86
-1350.65
-1367.29
-1389.43
-1413.16
-1319.1
-1266.7
-1207.9
-2428.71
-2362.39
-2300.44
-2184.42
-1705.59
-1562.51
-1553.86
-1439.24
-1359.4
-1136.44
-1477.15
-1419.57
-1254.17
-1159.49
-515.415
-458.01
-406.749
-372.63
-321.539
-248.212
-208.752
-152.956
-117.833
-135.43
-426.887
-487.414
-426.715
-430.437
-342.354
-251.5
-302.164
-141.063
-166.624
44.1357
1.9798
45.2545
189.797
457.135
196.889
234.211
235.985
236.933
240.244
241.638
241.159
265.658
274.293
209.89
50.3262
-3.62759
-139.48
-158.835
-7.49536
-137.175
-72.3799
49.8752
69.7937
176.108
24.6148
119.638
131.617
186.77
90.7657
111.87
145.162
161.55
149.157
157.515
274.626
276.262
298.145
254.713
135.306
-55.2858
-45.9203
-47.982
-39.4004
-29.5305
1.37728
-18.4087
-44.3581
51.6068
0.834991
0.829096
343.15
58.5807
51.8748
20.3703
45.645
40.5023
233.386
38.4407
33.021
14.6372
43.1912
48.9345
-212.911
-241.49
-360.803
-453.718
254.545
-311.774
-186.398
-160.176
272.453
-123.432
-274.988
-209.59
-178.433
-57.4492
-131.076
-153.846
-232.545
-349.546
-408.799
-555.82
-541.783
-497.011
-473.114
-462.751
-1202
-1149.66
-1010.74
-1007.45
-871.752
-749.365
-630.934
-510.352
-640.204
-500.24
-594.307
-441.166
438.242
-264.498
-114.398
-97.0362
-104.944
-87.6491
-101.061
-16.0676
-1.01484
60.4848
92.3189
65.0364
-257.359
-324.109
-524.053
-620.519
-827.296
-795.66
-871.899
-881.482
-812.256
-794.224
-1074.32
-1105.05
-1105.36
-993.923
-507.702
-522.845
-495.309
-482.758
-486.429
-472.06
-459.091
-472.051
-486.061
-417.558
-1098.59
-1072.87
-858.738
-1069.86
-626.303
-620.465
-487.054
-347.477
-241.4
-158.419
-285.582
-221.617
419.465
83.8443
22.2046
60.4413
66.5702
108.841
108.206
114.229
144.961
103.015
113.308
201.659
9.29776
-110.506
-171.816
-104.473
-51.5679
70.3
14.9453
-50.6665
-8.1201
388.058
125.937
15.3481
146.128
35.8455
3.44564
63.1272
32.869
-39.105
-47.8696
-311.97
-584.386
-539.653
-531.221
-579.008
-1750.47
-2273.92
-1842.56
-1741.13
-1642.55
-1842.49
285.81
-1917.18
-1850.53
-1648.25
-2020.53
-1752.21
-1294.38
-906.921
-227.266
-25.8917
32.8736
120.436
155.347
191.185
140.496
145.186
164.912
219.638
-45.7606
-317.318
-240.22
-497.657
-253.184
-157.403
-75.584
-88.7353
-67.2925
0.851122
-115.683
-311.135
-410.081
-452.241
-235.571
-240.779
-213.236
-229.409
-234.422
-248.708
-385.841
-431.38
-624.384
-881.508
-2944.1
-3838.75
-3918.76
-3504.44
-2488.18
-1549.87
252.846
-699.871
-860.569
-917.338
-991.15
-830.861
-701.341
-649.035
-332.271
-301.868
-309.027
-329.426
-301.449
-336.335
-361.54
-378.718
-419.458
-475.133
-1216.76
-1416.5
-1491.73
-1359.55
-1082.22
-1226.36
-1309.65
-1305.26
-1293.42
-1232.72
-1566.67
-1399.28
-1253.28
-1222.34
-604.093
-611.573
-536.659
-560.411
-546.282
-520.32
-559.808
-608.611
-673.74
-664.101
-1574.88
-1773.62
-1631.16
-1695.39
-1436.67
-1145.39
279.509
-1110.52
-976.382
-797.128
-905.479
-778.24
-608.341
-486.655
-253.626
-214.968
-179.816
-154.641
-128.763
-100.862
-71.144
-67.8511
-11.2665
15.2791
-219.606
-300.575
-229.992
-107.387
-122.078
-110.86
-64.5063
0.289714
110.584
223.605
148.113
147.298
290.098
339.252
169.923
237.11
212.344
190.35
187.697
229.41
240.098
232.318
192.798
271.567
51.9365
-102.979
-80.5178
-137.145
-149.613
-175.737
-94.4817
-109.414
-93.1975
1.79362
-75.0279
-149.98
-52.2589
-79.7187
-58.6173
-87.4156
-84.3913
-84.59
-47.9277
-99.1306
-76.9709
-87.8311
-84.7644
-83.7163
-471.157
-545.733
-536.652
-629.296
-455.948
-566.325
-447.196
-447.827
-487.883
-325.804
-498.816
-486.471
-360.144
-373.711
-147.539
-149.032
-147.476
-106.051
-96.2104
-71.4958
-123.494
-139.322
-165.123
-147.873
-580.344
-727.065
-800.111
-654.877
-742.373
-848.863
-947.979
-939.919
-1023.34
-951.143
-1282.85
-1194.61
-987.047
-873.059
-398.415
-318.849
-239.373
-211.817
-169.346
-171.143
-196.153
-222.103
-239.425
-308.624
-1009.97
-1101.96
-1233.58
-1214.19
-949.775
-950.22
-949.589
-918.686
-812.966
-711.311
392.239
-765.723
-659.759
-563.849
-275.327
-290.907
-274.288
-267.548
-255.908
-194.209
-176.182
-170.606
316.299
-172.193
-581.527
-561.467
-585.122
-578.34
-539.573
-526.248
-439.853
-434.382
324.014
-188.592
-334.769
-296.097
-146.644
-61.5789
-59.5066
-12.7198
0.396629
6.93846
58.2439
80.2819
76.3456
116.679
85.3616
146.922
-3.229
-103.817
-50.7543
-190.759
-118.487
-246.416
-249.17
-188.651
-148.111
2.6688
-109.101
-19.0279
0.235144
68.3972
79.269
86.6634
99.6601
130.816
98.0505
101.729
103.187
160.21
159.415
198.396
-3.10052
-34.8433
-4.26978
-58.9941
-223.478
-130.794
-107.426
-41.9082
-25.3041
1.77411
-19.6952
0.897504
24.1653
1.36149
47.4638
29.8797
45.1365
52.4516
23.6851
81.3401
74.0639
72.4918
47.2471
98.6142
-103.449
-102.867
-116.402
-326.904
-272.351
-152.17
-125.715
-46.6941
-114.102
74.4242
17.465
19.286
144.415
122.209
140.819
126.624
187.071
204.422
218.827
212.865
248.814
181.361
200.364
223.077
95.8309
0.414378
-19.0017
-88.9624
-63.4457
-123.732
-78.3141
-13.7449
0.520968
155.794
166.414
247.847
385.648
369.942
249.033
198.256
210.559
251.234
230.257
278.346
274.376
287.309
252.194
311.554
250.252
139.139
82.4057
30.502
35.0019
120.28
-4.7956
79.0842
121.572
274.184
186.902
277.533
488.57
613.007
317.675
305.354
287.073
313.673
305.302
375.237
361.942
373.696
345.439
390.699
436.347
383.049
390.067
225.016
222.676
153.861
163.877
254.343
325.42
448.336
446.32
438.339
415.834
366.023
181.515
229.868
231.071
206.07
232.364
193.52
249.442
228.426
206.566
269.395
117.466
-84.9998
-67.2356
-162.312
-145.72
-218.677
-139.485
-139.356
-105.447
1.41015
-57.1172
29.5241
147.039
138.745
77.9723
72.9903
117.987
149.511
123.263
153.714
128.845
169.147
156.01
260.912
181.984
34.1128
81.6948
-26.5606
-76.2578
-105.19
-70.016
42.1577
42.7897
223.203
92.6108
196.84
326.435
361.858
162.567
193.415
190.122
156.848
178.91
211.281
212.789
232.638
175.952
211.896
174.162
44.041
-55.3389
97.227
40.0712
-52.9442
-45.2337
-6.73223
-17.1425
160.801
100.057
159.794
208.143
202.745
335.022
168.46
144.64
139.167
125.315
182.373
167.475
213.052
204.36
286.438
215.965
1.71458
22.4882
-176.33
-106.776
-280.185
-384.394
-253.773
-217.243
-53.1002
-201.039
-152.395
0.530087
7.17339
16.9662
0.0600506
20.8398
13.3418
47.6055
18.2121
69.5321
58.7892
52.6932
27.7047
-160.201
-368.068
-311.567
-457.273
-284.492
-283.754
-263.504
-313.329
-227.418
-107.054
486.281
-69.5582
0.232893
15.4399
48.0951
40.8967
33.3654
11.9583
14.0111
83.4943
88.2029
69.7241
51.541
138.265
-91.1639
-140.459
-141.901
-347.619
-272.557
-224.209
-235.014
-202.95
-195.883
-44.9171
-237.181
-158.78
-110.802
-75.3357
-45.2494
16.0981
48.7139
58.3644
37.294
47.9074
124.041
111.35
173.51
207.212
76.9517
-51.2116
-1.41397
-74.9677
-119.192
-116.861
0.136024
-45.4958
0.990587
222.743
51.7369
99.6388
168.102
276.001
118.702
163.366
152.485
169.8
239.11
231.099
261.919
218.072
249.224
299.381
245.153
109.514
169.278
-41.8007
-13.5402
-30.2339
0.0430633
0.869034
39.4861
90.8562
59.2133
121.221
233.707
216.817
121.958
106.007
156.329
175.447
121.039
133.575
166.601
104.178
152.356
186.478
639.071
-116.612
-62.5717
-133.485
-207.408
-234.734
-243.672
-237.458
-286.908
-140.633
-301.477
-273.953
-198.142
-240.023
-122.799
-113.291
-198.104
-214.396
-226.295
-222.98
-260.165
-277.799
-285.104
-292.793
-840.657
-978.474
-953.214
-1011.33
-926.409
-824.568
-834.972
-852.332
-752.827
-650.312
-844.253
-766.384
-724.466
-764.527
-436.434
-473.325
-553.135
-527.311
-533.34
-586.614
418.364
-510.042
-501.995
-466.193
-1094.66
-1170.57
-1169.4
-1146.46
-933.025
-841.36
-770.655
-759.701
494.737
-625.527
-836.099
-802.869
-773.645
-689.183
-357.502
-317.443
-275.134
-265.475
-215.026
-175.99
-192.656
-146.03
-109.113
-35.5068
-202.077
-319.373
-293.083
-322.029
-246.004
-124.552
-185.197
-8.70773
1.58948
115.56
95.1767
179.978
252.601
392.023
235.343
295.367
363.022
366.759
376.169
380.225
410.154
438.784
460.433
479.104
596.076
459.242
486.387
555.645
373.538
85.8391
184.605
225.873
245.44
411.475
429.704
440.209
485.431
462.059
255.867
279.548
304.181
292.219
378.42
386.29
401.265
431.695
435.528
460.362
658.164
606.618
453.644
352.716
282.292
251.942
316.709
316.668
359.847
445.684
428.121
608.211
702.927
795.273
373.846
397.542
426.66
429.266
386.218
412.307
456.274
433.548
473.952
518.897
683.071
571.883
562.284
413.86
395.063
263.683
286.767
370.38
476.826
593.874
649.805
613.686
708.875
765.005
377.868
379.821
428.684
414.593
405.65
434.564
439.603
441.689
429.396
504.036
669.49
535.928
539.217
564.91
235.345
224.583
133.752
149.586
126.61
247.191
191.441
94.996
140.666
157.638
164.154
129.051
117.186
102.151
101.477
53.3077
19.4111
59.6432
87.2155
141.194
-34.492
-129.525
-136.643
-323.041
-206.329
-157.899
-245.888
-130.856
-132.559
-26.8616
-224.31
-235.09
-162.413
-206.355
-146.107
-104.226
-148.934
-99.3117
416.586
-72.8038
-61.2409
-23.3052
-52.3286
45.5413
-214.306
-242.448
-337.208
-323.992
-324.082
-310.057
-218.852
-193.178
-70.3521
36.4641
0.297428
110.934
129.761
237.341
86.2717
155.188
134.083
187.434
179.43
210.457
132.712
111.198
151.348
231.772
803.454
262.186
234.056
234.59
215.417
50.6279
465.387
259.953
501.605
648.431
674.142
607.656
731.05
780.623
418.329
427.814
421.607
408.406
430.012
419.142
462.544
453.592
483.223
528.75
768.024
558.07
506.994
518.325
415.821
420.256
436.598
397.109
514.676
668.507
631.935
594.631
818.589
741.933
430.08
412.099
429.885
449.067
438.442
439.012
484.791
439.177
495.136
523.001
756.802
681.806
565.639
589.848
505.958
390.551
381.1
421.833
503.404
647.496
591.954
676.66
819.984
733.978
401.301
444.207
453.751
435.715
423.221
461.177
353.107
365.657
338.419
351.123
851.251
325.692
242.872
189.371
129.534
43.868
92.6439
105.141
85.939
304.673
110.538
-85.4312
-61.1566
56.5842
186.248
151.269
153.144
239.725
266.014
262.858
233.553
246.77
184.454
250.368
237.889
1.7048
19.2793
-4.61607
-39.5128
6.31545
1.23259
13.9976
-18.0219
1.02848
-130.599
-242.391
-242.872
-202.341
-90.788
-93.092
-83.7139
-26.4526
457.496
34.3763
46.3607
76.243
49.5189
149.934
31.1987
-94.6507
-45.1009
-133.257
-145.774
-41.7935
0.308676
0.23059
121.497
356.085
226.627
275.669
395.605
464.496
427.081
306.559
371.36
497.186
484.751
506.405
459.674
501.534
490.726
478.705
598.054
468.025
294.065
268.591
237.219
66.051
200.722
198.459
282.063
454.397
439.486
404.095
604.119
599.708
295.488
307.677
345.004
367.914
323.214
370.283
309.249
362.063
352.38
372.349
468.032
370.534
372.896
133.414
-55.8886
-52.3039
0.343555
25.3568
75.7919
191.779
44.5642
32.6516
97.4218
63.9709
54.0254
72.9073
49.2313
60.4948
65.4176
64.6415
70.9588
85.2261
50.1853
159.35
-21.8287
-9.85333
-16.3851
-32.7287
-27.9726
-68.1971
-13.0957
45.8522
160.733
219.364
115.89
193.903
274.223
341.056
186.33
275.685
307.667
302.793
342.224
395.591
400.925
419.687
378.777
431.772
521.924
389.597
356.38
316.468
357.521
274.615
275.374
234.995
256.35
426.78
402.851
458.668
521.067
672.057
298.246
349.654
366.412
377.059
364.554
392.303
394.525
391.634
380.107
410.853
658.468
498.126
470.485
424.852
264.396
289.117
307.831
401.818
462.36
532.773
583.976
608.477
688.59
740.48
405.378
357.39
470.623
493.041
469.98
484.713
469.008
519.937
473.623
589.212
814.308
739.471
733.067
687.547
575.576
565.842
522.7
577.315
567.401
784.536
707.46
732.017
914.394
864.572
444.299
490.606
450.513
497.984
484.752
518.312
516.286
476.418
544.482
578.284
801.839
805.829
829.129
721.241
586.237
497.464
482.699
430.895
424.505
532.103
493.088
516.167
835.693
602.404
278.68
213.362
171.22
126.885
530.096
143.694
114.094
118.307
113.446
215.256
115.789
58.5771
51.5551
-55.2115
-132.72
-119.756
-30.9322
-58.8624
-20.6457
34.6476
-35.3342
1.40252
5.16136
-7.66786
-1.37072
15.9129
-23.1989
-24.6971
-77.8941
-152.242
-122.247
-142.921
-162.483
-155.967
-511.73
-619.254
-630.183
-652.87
-545.098
-593.043
-560.165
-547.973
-598.303
-543.666
-758.385
-826.593
-703.008
-667.121
-439.681
-463.553
-512.483
-607.345
-661.502
-758.135
-685.924
-673.463
-706.228
-760.034
-1742.86
-1917.56
-1916.67
-2074.11
-1766.19
-1899.75
-2030.82
-1993.41
-1942.56
-1881.14
-2382.72
-2320.28
-2156
-2070.69
-1000.34
-926.223
-867.476
-857.934
-794.303
-789.045
-773.092
-642.826
-564.111
-548.207
-1269.7
-1357.74
-1420.65
-1400.15
-1106.25
-1045.87
-972.384
-971.154
-849.905
-673.077
-953.17
-927.092
-813.144
-779.25
-379.839
-342.285
-382.38
-356.184
-354.671
-292.807
-321.612
-327.274
-330.879
-305.494
-719.267
-740.7
-645.762
-624.462
-521.465
-500.118
-467.647
-495.738
726.935
-236.406
-388.094
-268.238
-267.987
-213.943
-56.0867
-4.61818
0.803918
11.5609
548.577
95.4463
145.041
80.884
51.0274
179.75
-13.43
-122.112
-74.0164
-271.721
683.385
-115.035
-4.55717
0.14866
41.2201
236.842
70.3421
34.2838
211.351
332.77
187.443
205.428
242.758
237.197
276.402
281.227
308.12
310.804
331.246
343.011
393.898
184.567
295.42
149.227
137.59
8.25589
84.3017
131.821
193.943
392.996
296.813
250.945
375.119
354.163
249.416
236.556
512.188
211.588
205.396
197.185
214.305
206.535
153.857
236.508
260.302
196.29
127.037
209.843
48.9254
-9.18784
-1.79078
125.087
700.13
262.172
101.229
217.865
232.708
357.816
140.752
98.8592
563.245
41.4607
21.0403
-26.9905
-32.3419
6.79494
8.73177
68.6416
-196.471
-241.815
-352.096
-488.171
-343.329
-323.523
758.18
-114.735
0.46108
234.837
194.631
315.074
339.268
469.99
247.491
250.605
331.568
292.473
367.536
395.015
415.194
381.296
377.468
441.433
1032.59
537.54
625.486
517.626
458.182
434.311
505.009
393.916
545.708
627.552
624.659
629.436
796.883
855.346
423.773
463.389
438.609
469.273
453.443
469.606
479.053
460.111
490.78
504.638
773.848
742.396
808.64
592.772
521.306
587.695
512.44
590.499
607.251
744.919
759.112
774.878
839.168
975.843
477.162
407.44
347.961
300.933
265.323
167.231
215.73
274.542
390.555
512.775
762.508
808.784
1029.15
898.8
675.193
615.949
695.166
783.596
784.337
895.157
934.878
996.362
1062.94
1050.78
549.136
552.436
573.659
611.722
583.355
615.089
603.081
608.214
605.864
693.89
894.416
809.473
699.451
622.476
413.013
393.675
342.186
416.061
525.184
586.422
647.11
587.405
756.719
714.191
413.478
445.487
437.729
443.434
480.48
480.102
486.06
481.757
496.739
597.364
935.069
800.571
780.654
714.06
560.474
463.885
511.89
553.194
623.026
724.465
741.585
693.246
805.426
844.557
335.165
316.036
224.199
132.146
10.9074
-68.8181
-79.6277
52.7405
176.295
326.127
643.965
687.314
721.083
627.66
578.476
549.813
746.775
765.845
800.484
903.637
971.895
993.542
1102.88
922.376
424.01
420.851
401.802
419.408
372.365
347.567
335.967
312.605
241.244
319.998
319.716
200.427
139.066
-13.1458
-22.2323
0.374175
28.9542
225.647
271.256
455.819
296.237
456.867
607.854
568.335
321.414
315.486
296.731
347.997
363.762
326.66
246.678
265.267
288.649
382.958
599.795
617.28
652.898
646.413
533.357
523.444
544.957
658.365
861.352
760.775
739.678
820.398
883.298
866.971
613.344
563.468
594.204
647.704
661.181
619.933
605.824
652.719
653.761
680.376
1078.46
1059.83
1053.29
1021.11
751.728
792.695
751.366
754.202
841.25
1038.03
990.061
1041.88
1218.27
1212.24
608.699
609.929
649.376
639.583
653.48
613.204
636.731
631.557
673.184
707.092
1164.71
1006.28
1163.09
1027.39
718.041
723.329
730.985
784.412
886.878
985.596
1091.76
1095.56
1237.52
1198.92
611.517
591.926
618.231
652.551
673.343
654.857
674.338
685.238
636.983
716.051
1087.41
1036.46
1051.78
965.523
689.847
760.86
760.048
890.673
822.225
1031.89
1019.14
1035.78
1143.9
1151.06
491.037
451.217
401.408
329.869
244.996
123.065
20.7699
50.2981
34.0693
152.74
76.9548
42.5144
106.687
146.018
94.0026
15.3951
-18.8877
-9.61651
-58.5418
145.009
179.844
336.526
596.232
644.308
395.266
380.008
408.106
454.932
461.523
399.871
437.615
433.616
385.953
413.784
590.431
582.589
548.277
484.791
557.164
430.582
468.149
532.963
613.374
696.924
743.076
788.821
937.116
890.926
511.622
491.185
549.878
563.995
503.385
541.165
546.668
548.672
531.297
551.541
954.057
860.499
804.515
736.613
557.201
584.098
605.03
588.265
678.505
822.029
788.703
726.059
898.643
815.289
470.899
508.547
472.579
538.883
529.894
571.136
537.907
588.592
538.267
639.327
1051.11
842.24
924.891
1035.47
731.852
550.83
605.959
663.41
713.952
820.784
886.716
925.409
1075.87
1011
536.129
571.809
527.53
596.129
555.781
677.66
697.853
681.143
672.061
727.576
1200.36
1180.87
1152.06
1126.63
890.875
869.387
720.367
676.681
782.654
1011.77
1095.09
1084.43
1216.85
1274.98
671.731
656.026
664.869
635.891
680.932
668.636
656.289
677.674
690.47
725.478
1263.94
1193.24
1204.86
1149.23
903.785
913.752
855.705
810.466
893.077
1002.72
1096.62
1107.97
1216.81
1301.45
649.298
678.468
683.657
658.955
691.175
647.705
682.477
696.198
711.354
743.513
1248.47
927.105
893.763
798.163
513.599
561.769
407.309
529.264
410.728
435.63
1157.19
470.15
659.731
727.789
433.942
390.592
394.711
398.746
447.223
455.059
515.509
497.586
477.246
521.198
776.758
743.675
819.618
697.407
422.22
415.974
467.823
415.347
459.214
605.85
571.646
558.714
679.741
630.713
366.128
333.626
338.396
326.779
390.067
336.081
358.329
366.855
379.93
454.826
722.777
602.728
528.721
537.278
413.468
458.216
461.487
565.221
622.647
730.249
729.781
817.76
853.613
866.556
481.016
481.077
520.874
485.821
482.1
522.334
503.621
475.519
388.752
444.051
567.082
548.284
517.746
367.937
329.127
368.847
343.332
339.985
352.717
461.396
354.696
207.223
288.569
323.471
148.576
150.633
132.211
83.1791
58.9945
80.1632
128.196
122.995
140.443
203.259
186.504
234.039
282.364
308.421
180.592
270.933
132.185
209.839
318.697
413.662
273.005
193.963
1224.14
213.789
110.592
177.574
172.137
145.478
173.865
200.402
208.659
212.505
262.134
326.723
523.747
501.623
486.906
346.952
373.262
246.028
372.468
424.523
523.087
636.669
567.889
537.541
679.251
514.762
636.261
247.761
183.711
110.798
652.047
43.0428
98.6479
116.362
109.682
214.781
377.206
311.213
437.088
354.661
192.291
299.325
174.128
271.165
340.333
425.998
421.621
386.256
503.721
580.617
333.215
370.129
401.822
403.332
427.731
463.547
502.168
534.233
596.197
664.56
1177.66
1101.86
1248.3
1125.88
849.824
799.189
870.474
864.787
778.077
905.266
944.611
941.495
1245.45
1261.68
611.445
631.384
580.252
591.804
562.575
546.796
541.051
556.266
470.2
515.84
807.014
816.756
802.164
856.533
658.748
418.68
393.507
355.652
270.162
393.474
172.513
238.59
308.438
274.057
149.847
100.582
96.2114
108.818
36.6571
40.5167
14.1232
-18.0036
-54.0018
-10.4155
-314.846
-425.179
-436.62
-408.983
-252.15
-377.125
-278.156
-225.155
-200.615
-81.4553
-116.712
-96.762
-0.991511
57.5785
60.1436
114.282
99.5473
85.6153
93.6296
87.6958
40.4368
60.0054
65.2971
72.105
-35.0533
-113.227
-136.528
-116.101
-111.081
-172.027
-73.2997
-118.882
-84.3583
1.49047
-52.3718
-84.699
-42.4462
94.9452
77.303
