1856.52
1809.71
1941.63
1962.45
2025.84
2018
2225.78
4264.64
4087.81
4112.77
4085.67
3093.42
2647.73
2463.82
2810.84
3206.42
3129.53
3762.61
4155.97
3854.3
4164.56
2034.51
2171.15
2237.16
2107.16
2216.62
2173.64
2301.04
2186.16
2258.29
2310.26
4144.68
4457.15
4052.75
4080.66
2958.36
2387.51
2564.62
2717.06
2476.6
2878.18
3150.74
3562.3
3510.6
3309.45
1724.2
1838.57
1750.71
1942.59
1789.51
1806.2
1939.54
1931.13
1806.55
1883.67
3400.12
3713.68
3136.42
3170.41
2242.07
2602.5
2214.08
2384.92
2407.78
2659.36
3197
2949.38
3184.65
3072.55
1648.24
1698.44
1652.9
1864.17
1856.17
1766.86
1734.45
1759.03
1901.73
1757.96
3430.27
3544.46
2824.81
2472.72
1777.75
1895.1
1616.14
1616.02
1471.93
1392.49
1717.27
1818.51
1618.46
1891.43
921.956
852.405
994.306
833.593
1079.33
997.587
1164.05
1190.67
1241.14
1343.53
2407.36
2462.61
2331.43
2102.84
1430.53
1057.52
961.403
1194.61
1068.62
1548.31
1501.87
1790.65
1765.45
1524.56
919.661
895.991
1065.7
1180.62
1142.5
1178.17
1148.73
1148.46
1300.24
1310.99
2207.38
2019.74
2196.72
1720.75
1012.14
917.996
1088.4
1187.68
1435.38
1405.29
1807.72
1704.89
1558.8
1664.21
1001.56
1124.89
982.182
1077.47
1128.46
1275.83
1384.57
1384.67
1247.9
1291.23
1770.33
1915.61
1819.42
1785.24
1354.86
1565.12
1656.44
1645.41
1524.35
1927.39
2367.72
2502.86
2760.1
2640.55
1558.94
1615.94
1763.51
1746.87
1831.62
1873.75
1941.31
1870.34
1621.53
1773.02
2884.36
3081.52
2911.93
3340.22
2217.75
2235.21
2042.92
2065.64
2007.7
2079.4
2542.36
3070.02
2747.07
3119.31
1781.27
1741.26
1739.24
1890.96
1922.56
1895.21
1933.48
1921.81
1855.12
1950.37
3683.18
3710.31
3368.93
3248.99
2176.53
2051.87
2094.67
2214.69
2280.28
2202.71
2832.71
2618.86
3082.51
3012.62
1648.72
1610.81
1631.13
1596.43
1576.85
1608.11
1724.58
1604.92
1428.72
1489.25
2210.72
2349.17
2058.65
1750.31
1202.9
1448.73
1336
1244.3
1565.3
2227.09
2391.89
2119.42
1736.05
1816.47
1210.37
1069.19
828.151
235.87
-323.491
56.05
1195.25
2102.18
1736.34
1875.06
2834.64
2824.34
3089.28
2709.52
1911.55
2481.52
2507.37
2231.88
2229.95
2310.56
2998.28
3458.05
3501.48
3868.77
2052.41
1875.56
1878.8
2179.86
2133.97
2191.48
2465.55
2489.98
2072.15
2306.67
4353.98
4337.1
3828.78
3699.91
3128.79
2646.01
2359.04
2102.6
2162.92
2603.79
3591.58
4440.87
4376.52
4140.45
2330.16
2281.34
2404.79
2231.81
2312.1
2303.83
2269.46
2452.49
2308.64
2389.02
4400.8
4277.28
3675.29
3080.7
2394.66
2387.07
2181.59
2514.09
2720.08
2647.8
3386.86
3425.03
3800.57
3866.84
2006.85
2336.74
2229.71
2235.41
2290.92
2178.42
2097.83
2197.76
2055.91
2218.7
3841.17
3832.92
3530.83
3643.49
2729.28
2833.59
2965.89
2836.4
2878.17
3088.09
3302.85
3688.64
3540.97
3491.75
1618.64
1614.95
1718.7
1675.72
1833.65
1835.26
1877.81
2096.3
1999.34
2160.99
4097.93
3960.34
3708.69
3498.82
2559.78
2634.76
2714.08
2728.66
2691.2
3107.28
3459.26
3875.78
3641.33
3902.28
1939.96
2017.69
1919.44
1940.33
2033.29
1984.95
2128.55
2044.95
2040.23
2128.09
3855.91
4089.54
3647.19
3501.15
3231.42
3282.34
3209.78
3236.55
3103.55
3323.58
4152.39
4144.87
4304.94
4209.22
2308.38
2213.13
2348.23
2291.06
2323.89
2323.06
2374.47
2472.17
2418.27
2566.86
4726.86
4586.34
4269.68
4081.11
3167.66
3181.48
3121.34
3158.27
3299.41
3333.18
3955.28
4118.82
4236.13
4499.81
2141.52
2225.88
2273.98
2229.44
2286.31
2266.11
2430.36
2368.14
2397.4
2561.68
4583.77
4320.74
4406.38
3969.19
3016.23
3435.44
2865.65
2951.53
3327.15
3540.18
4107.96
4147.22
4376.12
4152.54
2208.15
2233.64
2398.33
2388.31
2316.43
2473.15
2420.52
2408.48
2366.19
2542.56
4709.81
4570.62
4071.8
3602.15
2841.38
2534.04
2719.64
2513.05
2530.01
2530.35
2905.22
3434.75
3236.28
3293.31
1697.18
1577.1
1643.36
1637.12
1539.41
1561.79
1446
1520.74
1549.92
1642.68
3166.57
2978.64
2878.31
2462.45
1780.06
1780.75
1314.82
1460.51
1545.58
1777.76
1779.96
2110.12
1880.44
1515.35
801.334
582.399
724.657
648.848
547.154
498.931
555.202
495.588
625.689
514.71
919.379
629.216
436.222
244.166
61.8402
288.624
-81.9217
1.72028
-17.4846
146.65
351.334
644.908
505.736
397.777
315.448
309.513
89.4772
128.296
147.692
111.645
-15.1078
-285.646
-370.164
-456.311
-1041.44
-1137.7
-1289.6
-1647.18
-1515.58
-1331.95
-1631.91
-1591.89
-1540.55
-1128.13
-970.298
-429.522
0.467315
837.449
506.047
750.601
866.81
967.758
944.492
950.041
1157.32
1122.23
1079.96
1196.88
1629.47
1670.58
1010.19
559.039
144.673
0.866602
26.8302
2.60536
56.6246
410.192
426.129
657.507
580.792
847.892
504.658
262.77
244.645
416.375
329.75
441.027
411.814
459.525
426.156
721.274
1074.46
1131.18
1047.91
1089.13
402.599
492.218
461.239
441.344
487.035
603.869
775.083
877.462
1006.82
878.809
671.989
451.566
754.245
702.346
733.064
921.639
631.147
697.629
627.224
661.016
1002.34
1327.98
1050.58
988.434
601.431
903.283
905.156
875.85
669.125
822.289
1351.74
1396.13
1613.89
1757.19
906.893
1052.25
986.849
977.666
1099.83
1015.18
1085.67
1145.33
1322.95
1272.64
2648.02
2489.21
2562.33
1907.95
1295.7
1519.7
1515.64
1634.73
1675.37
1900.57
2511.13
2514.96
3016.05
2899.84
1597.88
1524.12
1649.96
1489.02
1597.61
1550.88
1778.05
1675.54
1747.47
1823.38
3531.77
3253.89
3329.96
2873.41
2263.74
2221.63
2188.31
2073.67
2494.95
2421.51
3287.17
3387.75
3219.32
3438.9
1783.69
1814.24
1947.99
1956.18
1848.37
1874.77
1900.66
1790.58
1765.6
1722.31
2973.04
2839.14
2889.62
2324.4
1736.07
1553.86
1880.46
1940.79
1944.9
2364.48
2755.99
3258.24
3353.18
3340.55
1718.08
1774.11
1904.82
1813.98
1870.04
1772.97
1902.74
1909.99
1981.05
2082.92
3611.18
3799.04
3440.77
3403.28
2577.98
2495.09
2502.34
2305.01
2502.77
2635.06
3119.84
3632.96
3381.4
3810.3
1914.37
1909.76
2081.42
2050.58
2045.64
2189.81
2040.74
2221.51
2129.41
2186.19
3978.05
3804.05
3786.64
3632.07
2824.22
2692.33
2423.76
2487.79
2580.53
2970.57
3449.78
3358.86
3459.46
3846.41
2035.68
2026.51
2090.79
2087.63
1996.82
2210.22
2192.17
1965.12
1976.22
2036.94
3795.12
4029.65
3553.17
3289.63
2512.35
2776.59
2438.65
2363.33
2361.14
2198.63
2604.73
2859.15
2775.25
3176
1470.26
1554.3
1540.93
1427.9
1662.87
1615.25
1751.44
1784.55
1808.96
2010.22
3587.38
3756.55
3542.44
3180.8
2526.77
2274.3
2117.13
2557.14
2361.95
2712.36
3340.78
3344.03
3625.58
3573.25
1999.64
2045.5
2020.66
2040.73
1924.54
1938.33
2053.41
1927.5
2005.08
1956.54
3802.32
3509.97
3470.59
3008.52
2021.31
1963.55
2133.74
2283.38
2310.04
2601.73
3026.21
3580.05
3777.73
3861.9
1846.59
1928.9
2070.67
2158.47
2138.04
2072.72
2074.82
2202.34
2111.12
2366.23
4131.01
4264.79
4036.81
4037.61
2938.94
2913.26
3147.79
3053.45
2707.08
2921.25
3395
3868.05
3760.3
3841.12
2090.83
2008.15
2067.18
2084.58
1992.93
2170.34
2017.51
2126.54
2289.06
2402.9
4274.81
4574.83
3955.08
3866.02
2912.7
2646.21
3064.36
2849.65
3044.37
3101.25
3638.31
3883.48
3935.07
4032.82
1985.74
1989.84
1964.32
2161.62
2176.04
2055.18
2263.94
2127.27
2305.32
2306.56
4191.22
3827.41
3842.26
3839.42
2468.85
2419.41
2720.3
2453.3
2662.52
2712.66
3003.96
3225.83
3357.85
3600.41
1768.81
1944.51
1953.09
1832.81
1940.75
2036.74
1903.55
1824.4
1814.05
1678.96
2981.12
2647.3
2411.02
1682.4
1116.13
787.446
520.959
527.874
449.748
270.364
158.313
412.683
381.798
547.796
317.469
423.816
386.904
465.115
428.022
613.599
652.919
792.38
830.309
787.729
1681.59
1311.4
1115.97
1015.62
541.187
254.456
269.891
473.752
314.26
555.772
928.738
783.444
995.249
573.417
314.89
187.499
275.683
230.139
225.443
224.347
426.681
447.767
355.674
427.259
1040.15
1094.4
1234.69
1011.45
904.949
695.286
649.229
775.532
684.58
1151.01
1569.37
1677.51
1813.92
1863.69
1090.36
1066.92
1238.37
1158.02
1170.07
1301.09
1270.28
1380.45
1590.33
1528.78
3178.85
3205.79
2530.63
2302.37
2206.9
2350.43
1954.83
2138.91
2246.16
2361.38
2676.21
2831.03
2652.62
2842.27
1551.9
1540.45
1673.93
1653.36
1601.92
1718.03
1756.88
1894.67
1842.53
2076.46
3481.9
3634.14
3313.05
3564.68
2543.59
2666.04
2324.39
2579.45
2372.54
2472.8
3032.27
3491.81
3271.35
3554.06
1865.37
1749.94
1862.87
1739.27
1817.68
1929.58
1880.55
2019.35
1949.68
2120.17
3892.31
3534.64
3491.38
3336.65
2409.53
2170.51
2478.88
2415.62
2231.77
2594.31
3365.33
3565.78
3677.21
3370.71
1922.36
1796.95
1786.68
1849.75
1797.78
1722.73
1853.76
1775.1
1924.69
1909.44
3671.34
3509.9
3484.37
3787.24
2374.57
2812.54
2415.87
2315.3
2318.73
3064.79
3420.67
3666.44
3931.02
3976.82
2032.51
2139.45
2100.59
2230.7
2124.16
2110.47
2138.61
2166.12
2257.41
2373.64
4380
4423.15
3977.09
3485.06
2755.56
2963.4
2343.14
2570.89
2719.96
2732.63
3321.5
3572.72
3519.21
3737.07
1780.33
1691.29
1780.88
1761.94
1734.49
1616.29
1399.75
1464.12
1227
1245.09
2399.71
2219.39
1739.9
1542.16
1013.72
1311.91
701.098
888.124
879.401
698.418
1153.37
1187.47
1357.79
1184.02
748.933
658.367
772.195
790.645
903.5
892.878
849.393
986.694
1082.13
1286.14
1890.37
1845.34
1383.19
546.491
277.156
621.327
1.10948
89.5795
51.04
-81.3863
-270.121
1.54351
432.499
414.612
447.976
325.769
515.98
740.442
714.699
689.878
781.632
956.881
1160.9
1172.29
2265.93
2696.05
2294.24
2264.22
1458.48
1492.52
1197.57
1577.53
1801.77
1903.96
2556.7
2783.6
2821.3
2745.2
1616.12
1560.72
1532.72
1574.74
1656.98
1720.43
1645.77
1777.22
1749.41
1788.63
3208
3037.6
2640.78
2499.43
1688.44
1946.57
1885.74
1416.49
1405.92
1529.88
1217.04
1061.32
786.377
244
378.356
559.716
722.325
936.334
1093.74
1261.37
994.546
849.278
906.133
826.838
1634.13
1469.56
929.856
617.662
852.438
653.117
527.63
273.355
-54.136
-47.9425
-363.912
-99.7736
1.40404
80.1393
-17.7487
126.525
252.889
560.51
681.625
876.524
1069.67
1273.37
1311.41
1516.14
2230.71
2089.63
1089.59
864.259
498.739
686.643
656.466
364.728
705.044
893.815
1486.74
1865.16
1683.18
2048.35
1128.1
1125.3
1108.46
1044.54
1339.05
1244.67
1464.41
1377.6
1508.02
1747.08
3099.35
3225.8
2790.07
2514.4
1668.3
1794.28
1614.76
1608.14
1823.89
2146.88
2224.61
2618.11
2398.98
2856.47
1426.07
1579.69
1585.96
1646.24
1520.4
1722.68
1771
1788.42
1776.68
1854.64
3449.32
3468.24
2893.51
2609.17
2030.85
1991.98
2076.61
2280.39
2130.79
2331.76
2624.56
3287.05
3031.94
3196.84
1740.56
1707.67
1834.65
1860.13
1786.31
1750.27
1751.78
1671.86
1800.68
1687.61
3057.03
2957.72
2852.99
2378.31
1918.94
1645.71
1816.94
1717.72
1792.73
2221.28
2433.83
2841.22
3029.17
2725.66
1490.82
1436.66
1471.97
1617.31
1509.84
1542.29
1663
1777.32
1734.72
1818.56
3086.8
3081.2
2812.12
2642.32
2033.09
2129.09
1912.43
1873
1848.05
2168.27
2601.08
3024.08
3241
3773.89
1916.91
1911.58
1929.49
1842
2034.85
2015.92
1921.4
2137.31
2163.01
2131.76
4090.53
3765.07
3355.68
2974.77
2529.46
2308.36
2348.93
2351.86
2557.52
2656.46
3287.84
3163.55
3324.57
3589.09
1895.73
1936.9
1801.62
2048.91
1943.24
1974.79
1923.72
1946.24
2108.71
2105.75
3894.58
3650.56
3213.02
3215.78
2462.86
2309.73
2179.61
2174.9
2356.39
2453.86
3159.71
3424.6
3624.37
3415.84
1828.25
1916.57
1918.66
1825.71
2003.45
1915.88
1934.23
2089.46
2020.68
2207.67
3883.88
3781.68
3155.64
2793.2
2523.94
2070.03
2350.35
2235.22
2203.5
2598.95
3121.2
3236.54
3633.59
3288.38
1821.08
1944.24
1892.33
1946.4
1963.98
2070.68
2006.33
2085.33
1955.37
2137.24
3819.77
3523.77
3476.29
3426.46
2305.4
2402.82
2240.62
2234.38
2186.92
2485.93
2913.53
3265.56
3322.13
3512.13
1936.27
1875.04
1867.75
1844.42
2058.55
1962.88
2082.91
2070.59
1926.17
1923.34
3539.27
3333.44
3043.04
2188.84
1828.08
2132.62
2120.96
1968.2
2119.53
2085.37
2557.65
2755.1
2734.92
2924.71
1667.94
1585.34
1756.98
1662.78
1802.23
1700.54
1797.24
1714.62
1877.43
1802.47
3373.2
3290.72
2594.24
2378.83
2032.57
1717.01
1988.3
1764.87
1758.73
2126.95
2488.79
2404.26
2521.94
2482.11
1273.56
1234.65
1271.52
1440.37
1528.8
1513.83
1475.06
1464.28
1447.96
1585.59
2526.58
2274.1
2130.53
1953
1977.07
1692.46
1699.72
1595.36
1569.04
1493.14
2200.26
2449.49
2717.24
2559.74
1527.07
1512.8
1487.39
1548.2
1665.06
1751.21
1699.02
1658.71
1799.13
1727.96
3341.48
2895.27
2404.89
2545.46
1645.01
1375.17
1271.59
1346.4
1408.34
1527.11
1914.94
2079.19
1641.05
1477.47
662.247
442.446
633.586
638.1
1005.08
833.799
373.725
167.774
92.1807
155.3
472.914
944.676
632.922
829.676
977.229
856.198
356.699
0.817118
383.063
621.891
1060.54
1656.27
1774.95
1583.33
901.097
1086.78
1068.78
1192.14
1088.75
1186.08
1372.99
1243.23
1320.95
1500.54
2245.99
2322.55
2249.08
2031.18
1096.62
943.491
693.985
839.891
1006.37
1438.41
1495.53
1564.96
1340.41
1451.7
667.433
740.106
730.936
664.861
725.587
669.346
756.526
638.904
602.577
900.434
1277.16
1082.79
1178.16
837.735
358.861
324.738
-64.6318
0.743396
-31.4177
270.609
316.453
396.421
756.716
267.622
152.06
104.893
224.139
403.496
249.637
383.499
443.016
485.658
527.239
562.629
563.708
329.676
-6.36954
-496.901
-584.778
-799.169
-843.556
-612.889
-791.944
-548.79
-682.173
-275.113
-118.6
-290.504
3.03814
65.4676
129.567
68.2186
246.207
228.866
257.048
184.042
378.866
260.294
464.16
194.031
167.661
-71.8465
-119.546
-800.743
-655.703
-755.007
-1071.44
-1070.32
-1440.35
-1776.51
-1676.69
-1740.82
-925.296
-768.32
-648.597
-403.819
-147.73
-164.352
-54.503
-17.4539
104.389
308.41
531.627
466.605
133.279
-11.0399
-4.49922
-417.226
-227.554
-559.378
-291.481
0.886001
1.05364
247.703
575.543
292.786
334.072
420.054
380.586
489.767
592.909
519.057
477.521
562.903
427.973
561.415
760.203
678.371
-0.210819
-305.533
-389.441
-340.19
-662.826
-546.765
-369.139
-260.738
-268.508
0.0208297
253.968
348.952
276.061
151.133
335.363
237.057
207.454
197.608
351.425
347.591
455.756
505.266
1083.66
1053.61
877.799
-16.8027
-97.0287
-37.6296
-62.5431
-205.786
-67.9004
-102.265
-49.6659
-22.2468
-4.16397
4.9789
220.813
254.093
61.751
78.1364
71.1691
298.972
183.067
341.093
189.784
267.64
635.639
705.575
403.035
36.2781
106.942
234.044
63.1735
47.6493
-89.5802
-27.5026
-230.773
2.09633
268.101
212.311
305.371
239.021
261.284
301.28
491.645
627.076
675.159
668.945
609.531
464.668
503.249
-208
-491.608
-1071.91
-987.035
-984.142
-1189.1
-877.497
-1005.13
-824.162
-1092.86
-755.256
-639.413
-704.92
-373.5
-306.891
-210.209
-325.692
-371.118
-308.907
-234.022
-100.88
-39.6251
-4.98506
-652.894
-758.301
-768.438
-974.291
-1141.78
-775.317
-897.292
-913.576
-634.318
-620.774
-851.817
-560.483
-574.832
-533.824
-184.14
-164.048
-257.84
-300.271
-360.569
-397.471
-516.012
-526.774
-486.326
-452.329
-973.723
-923.412
-1129.73
-1206.89
-800.985
-1039.63
-667.962
-707.265
-619.967
-1.7761
191.185
472.133
329.343
805.718
531.572
402.934
479.173
657.771
782.16
918.494
828.599
963.117
974.923
1193.92
1786.58
1348.49
1364
1029.63
995.015
855.844
1348.25
1103.92
1385.5
1742.18
2431.65
2336.6
3169.37
3193.05
1363.54
1536.72
1511.85
1478.87
1281.37
1470.92
1430.89
1334
1358.73
1075.01
1284.25
636.785
877.813
134.513
-236.445
-879.287
-1287.52
-1254.17
-1020.37
-1061.79
-1349.93
-248.283
4.22166
583.62
624.073
406.506
393.834
380.666
331.162
506.564
575.794
313.879
412.532
317.632
84.9597
-502.816
-580.2
-766.724
-492.442
-735.917
-1117.05
-705.348
-1101.61
-1265.8
-1822.61
-1835.85
-1918.78
-1281.15
-595.083
-524.788
-251.718
-157.262
0.894739
9.20666
2.60638
77.303
137.702
59.1286
-154.871
-1109.79
-1021.87
-1158.95
-584.599
-664.692
-365.027
-6.09123
437.674
484.093
750.905
866.326
1217.95
1189.83
446.468
435.99
411.549
141.565
107.108
-85.7004
-351.451
-608.78
-997.647
-1360.31
-3569.73
-4139.76
-4354.52
-4582.26
-3856.39
-3616.47
-3426.94
-3328.54
-3171.14
-2894.79
-3293.66
-3243.13
-3013.39
-2801.86
-1389.67
-1380.4
-1269.62
-1180.22
-1002.02
-790.226
-629.652
-488.609
-478.051
-527.189
-1660.79
-1649.95
-1835.52
-1682.75
-1498.39
-1374.25
-1065.9
-966.868
-913.652
-734.809
-476.734
-212.221
-38.111
-205.909
88.0668
-0.605115
64.9893
208.988
257.473
371.236
369.908
252.071
422.119
307.975
195.843
-16.807
-231.963
-287.333
-374.848
-269.781
-382.194
-48.1377
289.008
347.842
446.594
854.943
1099.45
1202.84
591.194
563.262
621.359
564.569
482.158
445.769
394.572
666.284
653.818
628.668
375.74
738.651
453.923
-14.8218
85.5865
306.555
125.46
503.285
256.901
662.527
1307.02
1470.8
1529.7
1517.34
865.146
933.374
1006.34
953.337
1005.52
1037.7
1126.59
1150.24
1153.62
1274.6
2027.17
1635.87
1540.55
1327.57
1020.97
1155.43
1151.38
1528.8
1580.75
1789.31
2407.09
2668.62
2471.85
2724.94
1446.74
1361.07
1434.96
1577.95
1492.54
1478.44
1674.94
1711.33
1676.06
1629.44
2192.87
2113.46
1560.04
1856.76
1283.24
1010.4
1221.45
823.845
1280.35
1403.26
1498.77
2077.36
1776.87
2026.64
1081.81
1211.8
1175.77
1303.21
1402.7
1420.36
1403.7
1646.23
1500.57
1447.61
2566.24
2259.52
2083.23
2168.45
1387.09
1088.1
1053.73
1344.6
1517.97
1665.6
2385.61
2643.14
2721.83
2489.9
1445.98
1397.08
1454.73
1570.29
1406.35
1442.14
1589.85
1674.69
1557.16
1457.01
2341.54
2323.58
2160.62
1827.01
1455.2
973.175
1223.35
852.416
1199.47
1116.01
1644.67
1924.24
1630.45
1788.32
741.016
849.416
953.777
966.466
922.706
1012.86
1010.16
1028.28
997.373
998.84
1499.2
1217.45
976.128
814.386
362.675
194.686
393.948
243.485
49.2101
486.011
415.862
869.344
1032.46
1298.41
651.351
762.089
800.223
745.775
833.285
852.546
810.493
794.629
811.405
753.912
755.058
513.128
555.99
94.6899
-161.338
-716.011
-600.282
-548.884
-672.553
-514.548
-621.389
-498.27
-267.781
-176.348
-133.439
-199.699
-165.346
-4.20281
0.634686
39.1008
0.862124
123.522
72.3241
-89.9251
-253.794
-465.913
-979.037
-1098.36
-1273.06
-828.599
-1378.06
-1285.86
-904.038
-757.736
-969.361
-506.987
-834.816
-493.29
-344.253
-286.494
-202.712
-100.927
-54.9819
-56.0306
-38.0906
-116.451
-71.2524
-22.2133
-595.805
-364.555
-926.664
-1176.68
-744.434
-980.575
-1001.77
-800.159
-991.706
-554.965
-895.765
-492.502
-391.293
-519.012
-32.1518
-19.2432
1.49763
101.309
151.484
364.11
223.969
210.847
223.167
234.199
234.402
-129.543
-493.607
-851.712
-615.895
-907.665
-518.091
-522.577
-626.186
-273.248
-4.95681
24.0915
64.3412
-94.4349
38.5958
187.168
9.51669
137.344
22.1664
120.239
121.055
112.089
-26.436
-60.6236
-410.835
-549.82
-1033.61
-874.495
-833.72
-1040.66
-688.397
-665.023
-779.102
-244.565
-25.3995
0.837272
140.743
398.039
358.907
276.388
489.952
440.746
581.247
539.505
737.656
559.717
754.098
623.833
445.972
183.109
-362.618
-293.16
-219.322
-535.817
-208.137
-159.519
74.0642
99.7432
216.022
705.902
632.305
1030.65
386.216
549.774
379.204
488.383
440.959
397.75
527.432
612.783
506.61
544.953
498.768
244.23
424.441
-173.066
-367.128
-230.707
-253.989
-317.22
-203.613
193.533
172.101
797.661
1135.59
935.223
738.191
825.021
741.993
983.646
926.173
972.804
1157.55
1167.82
1242.51
1171.8
1636.89
1471.55
1276.5
1259.81
1271.45
1090.75
1218.05
1273.69
1448.96
1507.28
2064.71
2306.58
2295.97
2221.58
1054.95
1156.47
1166.68
1065.07
1226.32
1177.55
1564.33
1556.28
1461.53
1507.65
2322.41
2054.63
1839.55
1602.96
1055.63
795.83
635.254
768.485
672.188
1255.23
1283.28
1697.25
1703.3
1669.75
955.03
933.564
741.387
729.206
584.917
690.001
618.11
725.756
928.605
900.659
866.838
1123.33
683.671
952.302
384.439
748.573
609.412
733.186
1123.44
1317.08
1603.13
1560.24
1721.1
1438
522.311
571.506
461.64
531.74
578.039
643.051
701.823
964.566
995.286
1006.34
1611.32
1562.88
1165.78
748.921
778.367
973.707
809.679
378.29
586.415
1030.49
1169.45
1143.54
1020.27
1213.48
533.791
649.544
699.684
596.083
540.104
601.078
385.07
313.752
469.324
417.179
438.468
660.505
2.59731
58.3407
-232.068
109.39
194.258
107.104
85.4353
506.146
822.594
742.88
818.114
685.379
310.528
444.159
590.974
712.474
822.386
1004.74
982.163
878.928
916.892
789.174
584.568
469.965
666.547
328.632
112.325
83.2842
486.282
534.117
560.312
902.768
1306.54
1644.06
1667.31
1708.18
878.493
869.625
634.649
722.581
673.91
551.071
569.089
697.027
710.809
517.35
431.08
163.758
130.706
-257.817
-380.94
-145.014
139.513
-258.292
-410.722
-283.286
-390.529
-599.188
-144.528
-154.773
137.567
-10.1605
76.2038
188.943
212.929
317.582
271.418
330.466
399.555
255.456
-314.317
-454.445
-951.36
-991.542
-1189.81
-806.597
-1117.38
-787.952
-536.066
-342.53
-619.484
-298.962
-145.7
-312.089
-139.517
-69.4289
-232.01
-201.451
-171.607
-222.87
-260.412
-42.8136
-24.2673
6.7315
-373.539
-457.494
-974.909
-511.409
-388.012
-798.499
-733.566
-622.61
-641.82
-343.667
-441.013
1.14894
134.912
177.959
151.436
175.574
89.0161
158.88
55.3874
138.024
6.6683
229.946
68.9245
66.1367
-541.34
-736.458
-886.726
-1200.47
-1131.97
-1029.68
-916.553
-977.656
-1018.54
-750.18
-1284.8
-922.418
-906.217
-437.852
-126.741
-144.939
-40.3402
78.7674
264.452
399.654
505.556
457.206
661.068
625.345
226.886
234.762
92.8727
-354.647
201.904
266.538
2.79882
147.747
1.8012
436.466
849.991
926.173
1075.51
922.195
454.854
641.542
635.752
685.888
553.146
734.089
697.505
598.492
579.4
336.762
-286.73
-429.703
-499.142
-1060.07
-1024.41
-721.632
-1149.87
-881.417
-752.692
-841.306
-1035.65
-735.213
-454.56
-448.821
-152.057
-300.317
-261.496
-324.974
-448.418
-309.424
-338.038
-359.151
-419.037
-430.211
-1093.25
-966.01
-779.766
-1150.79
-689.856
-914.277
-609.129
-679.15
-547.421
-209.56
-313.875
-172.736
-417.798
-168.413
-172.793
-108.19
-106.34
0.751138
45.1431
156.545
94.0759
202.395
98.8659
299.654
223.969
128.079
-238.84
-231.502
297.654
-20.4859
203.948
-46.3451
211.976
634.171
645.757
1302.02
972.565
1361.52
651.103
559.89
528.598
447.11
465.925
475.667
595.976
473.649
586.025
249.84
-224.813
-488.851
-663.901
-1213.03
-894.545
-931.927
-1113.15
-845.214
-1176.84
-748.493
-690.088
-77.7831
1.46392
46.9866
200.476
113.028
178.105
114.095
123.926
53.494
254.059
209.43
341.502
141.485
-337.512
-618.185
-262.331
-346.155
-452.752
-155.953
-431.618
-504.036
-371.915
-151.089
-522.4
-214.436
-334.709
-174.347
-37.6593
48.847
184.39
270.967
252.462
382.145
342.39
181.038
230.569
-55.2062
-572.569
-480.665
-1025.07
-1028.77
-942.46
-739.735
-908.667
-841.913
-968.733
-594.901
-669.311
-619.09
-684.528
-429.164
-331.095
-335.663
-316.931
-393.161
-332.057
-381.309
-341.6
-229.285
-359.121
-367.539
-1475.6
-1444.39
-1516.98
-1604.66
-1133.29
-1406.04
-1576.58
-1474.29
-1526.34
-1660.22
-2080.86
-1991.16
-2105.99
-2396.62
-1133.29
-1178.68
-1325.63
-1182.96
-1175.28
-1236.77
-1033.64
-1063.97
-938.172
-1100.85
-2183.76
-2674.88
-2563.05
-2765.39
-1961.49
-2237.19
-2201.27
-2625.18
-2155.29
-2046.42
-2654.56
-2535.64
-2436.24
-2585.23
-1255.22
-1180.29
-1086.6
-955.577
-778.715
-661.071
-575.65
-465.123
-548.205
-669.088
-1988.22
-2395.59
-2636.13
-3020.69
-2474.45
-2744.57
-2387.06
-2443.27
-2507.61
-2701.49
-3521.53
-3347.76
-3325.28
-3513.71
-1840.68
-1858.7
-1919.61
-1823.27
-1915.83
-2013.24
-1871.98
-1738.81
-1806.38
-2006.7
-4432.51
-4576.9
-4439.42
-4381.59
-3364.62
-3631.95
-3672.62
-3215.86
-3297.09
-3092.57
-3887.92
-3728.64
-3492.51
-3115.76
-1622.15
-1373.56
-1379.26
-1211.74
-1271.93
-1021.82
-978.939
-840.893
-896.171
-953.083
-2032.34
-2160.37
-2170.92
-2184.88
-1658.21
-1773.35
-1580.18
-1578.4
-1273.71
-943.499
-921.306
-483.953
-281.493
95.8912
118.074
225.877
240.594
422.029
484.802
520.795
602.64
637.795
592.119
419.604
600.25
156.244
320.519
44.7942
192.513
141.66
299.451
261.27
396.413
811.73
1097.63
1678.78
1574.66
1573.36
860.275
1027.24
1048.03
926.78
1129.46
1138.85
1203.55
1145.91
1076.57
1027.57
1277.08
863.052
691.153
570.745
579.665
534.466
818.978
958.508
941.027
971.494
1416.61
1308.05
1601.61
1650.84
994.039
846.939
1016.06
917.994
955.184
1146.78
982.303
1130.82
1123.33
782.197
1134.01
1210.05
714.208
257.656
821.611
1.92736
372.092
576.912
321.095
678.036
655.019
1029.13
985.763
1274.18
606.72
942.317
821.366
860.317
588.306
843.498
848.351
616.512
227.469
133.792
-498.88
-773.501
-499.961
-995.075
-689.764
-951.862
-834.705
-1080.63
-963.65
-834.643
-1053.95
-950.109
-1141.31
-1144.37
-567.224
-422.72
-460.892
-271.074
-174.61
-107.344
-55.5164
-625.441
-833.034
-1350.89
-1760.75
-2252.32
-3881.21
-4121.29
-2413.34
-1539.04
-2403.9
-2208.32
-1193.15
-1069.87
-1403.04
-935.755
-568.571
-1614.51
-909.164
-903.591
-986.553
-1115.14
-1283.6
-1405.83
-1317.38
-1702.53
-2238.85
-2652.08
-4575.46
-4143.87
-3104.72
-2432.99
-1223.44
-1191.45
-1243.17
-1016.6
-1022.82
-829.86
-1223.63
-880.913
-682.777
-484.47
-236.356
-147.686
-319.207
-613.147
-831.161
-674.091
-430.726
-254.706
-279.163
-616.521
-1731.32
-1943.57
-2134
-2192.82
-1420.92
-1089.48
-1025.16
-990.275
-437.321
-303.889
-493.802
-84.9445
-26.6447
284.642
170.288
321.754
295.678
566.777
534.077
648.755
679.006
619.899
651.2
470.423
494.827
457.929
2.89738
495.575
532.688
423.365
520.111
632.056
479.63
862.382
1241.59
1435.49
1416.47
1703.96
706.909
815.222
917.749
827.825
904.318
886.776
1085.73
967.484
837.385
702.923
647.794
682.95
868.471
598.748
543.03
845.566
416.626
884.681
615.871
1038.84
1012.73
1469.43
1577.27
1653.35
814
947.83
817.263
797.515
966.723
980.186
931.825
987.663
904.933
760.591
961.42
857.282
715.133
730.449
611.033
237.742
311.709
423.635
537.478
577.676
1035.84
1073.84
1448.01
1261.1
748.728
744.698
786.311
853.779
1013.88
953.942
1020.08
1001.79
836.057
673.919
597.515
877.938
586.376
739.49
456.786
467.713
822.473
312.119
770.752
920.327
855.831
1120.01
1165.01
1530.37
875.873
842.541
804.225
866.314
874.216
889.193
758.712
759.035
680.846
455.472
624.319
294.348
425.053
-216.338
1.87733
119.285
-294.935
-326.575
-58.4318
-149.658
-172.608
0.407258
101.813
42.2898
1.57469
194.658
115.304
247.906
435.322
480.708
434.842
428.409
266.032
181.124
353.21
-278.87
-245.41
-77.3002
-471.654
-250.611
-402.862
-602.044
-504.363
-229.916
-442.973
-204.084
-65.1942
127.139
307.754
275.441
501.395
642.36
701.096
884.467
966.125
955.956
675.367
560.195
379.213
2.19911
96.4311
203.535
334.84
469.977
149.278
480.996
483.993
656.035
606.618
764.088
893.07
684.106
548.106
573.407
456.877
655.543
818.372
799.286
863.707
956.449
821.116
721.087
429.658
659.773
1256.39
473.788
491.181
262.808
507.667
409.717
625.37
583.762
822.178
974.74
1460.37
1192.64
742.995
679.609
859.405
788.194
729.801
787.159
866.739
827.421
682.048
733.91
732.987
766.545
623.066
596.689
429.824
478.919
715.103
353.833
695.115
1083.65
893.465
1255.49
1491.23
1279.47
752.252
817.483
872.016
735.177
727.082
816.155
806.628
910.75
638.957
694.132
780.176
919.222
943.578
682.474
776.119
495.914
243.982
622.224
792.873
765.799
1061.23
1361.55
1244.34
1519.02
659.95
811.893
716.291
809.769
786.042
749.829
650.319
640.174
561.532
373.234
16.129
-16.0264
0.286634
35.9354
5.4493
-114.123
-457.998
-405.84
-483.119
-85.3304
-370.789
-81.0501
68.3622
24.606
136.334
62.4725
193.967
221.465
315.201
389.879
486.948
464.809
358.985
433.24
582.769
-5.47074
-153.57
-377.306
-147.59
0.343068
-370.132
-150.484
1.41441
516.811
387.016
540.522
446.008
476.736
290.032
464.952
367.979
513.005
536.065
611.329
484.338
478.677
340.475
208.766
309.17
29.4062
185.267
-51.8082
27.4946
237.113
0.057903
277.057
42.9047
377.761
599.981
821.538
617.268
931.015
672.533
776.636
695.592
684.953
729.999
786.657
896.92
910.715
738.298
563.371
959.893
799.369
804.671
222.36
756.146
661.942
396.561
693.121
954.061
772.569
1056.42
976.608
1365.12
1494.13
691.806
648.922
736.391
806.229
852.701
763.056
830.548
726.286
715.82
720.759
693.314
394.222
562.485
530.768
105.036
6.68087
-116.39
0.132763
367.548
683.654
502.32
549.646
774.042
566.309
236.541
187.537
180.116
232.272
240.606
218.925
12.9249
102.22
-135.5
-432.512
-1130.99
-1717.39
-1080.05
-1847.43
-1290.7
-1589.52
-1568.27
-1318.93
-1504.47
-1417.24
-1707.3
-1879.85
-2075.97
-2160.61
-1225.58
-1140.96
-1134.06
-1130.72
-1137.57
-1220.07
-1068.08
-1164.16
-1289.92
-1340.06
-2919.51
-2611.97
-2776.97
-3288.93
-2388.9
-2241.06
-2302.65
-1868.65
-1759.42
-1557.18
-2085.92
-1977.51
-1840.82
-2025.73
-1085.42
-1042.46
-1087.97
-1240.81
-1306.89
-1233.08
-1245.09
-1215.43
-1441.25
-1445.22
-3149.96
-2885.71
-3175.02
-2703.63
-2260.42
-1734.07
-2137.16
-2256.11
-1876.21
-1760.02
-1974.77
-1793.44
-1792.36
-1724.21
-1182.07
-1279.2
-1512.65
-1707.94
-1896.69
-2134.3
-2137.9
-1927.71
-1773.49
-1617.7
-3155.77
-2935.94
-2829.43
-2658.84
-2405.04
-2484.48
-2801.87
-2585.61
-2736.36
-3031.24
-4459.57
-4864.19
-5103.74
-5305
-2952.47
-2996.82
-3068.15
-2999.79
-3384.96
-3476.7
-3682.4
-3953.85
-3962.99
-4041.42
-8507.44
-8284.42
-8301.99
-9131.73
-9052.02
-10682.2
-11147.2
-11053.5
-11152.2
-11643
1059.67
916.611
1243.61
1041.43
-6313.11
-5968.83
-5968.47
-5766.21
-7152.58
680.073
827.671
-7469.34
-6801.18
-6116.83
-11580.7
-12158.7
-12180.7
-12586.6
-10389
-10313.7
-9816.8
-9963.02
-9757.09
-9492.39
-11159.6
-10768.2
-10417.1
-9879.91
-4865.94
-4590.71
-4400.76
-4346.44
-3921.79
-3761.6
-3468.46
-3168.22
-3288.95
-3421.56
-6905.39
-6491.36
-6622.67
-6186.38
-5117.04
-4756.13
-4728.79
-4013.08
-3849.77
-3417.49
-3964.53
-3767.91
-3191.24
-3174.22
-1485.88
-1381.59
-1443.82
-1328.45
-1432.22
-1379.25
-1195.15
-1162.82
-1320.57
-1549.07
-3067.98
-3142.06
-2899.28
-3218.46
-2310.45
-2039
-2567.75
-2340.41
-1974.78
-1720.6
-2217.57
-1828.05
-1813.76
-1658.27
-672.874
-592.099
-598.215
-509.078
-549.821
-471.945
-405.825
-330.369
-406.101
-619.433
-1472.39
-1405.69
-1354.5
-1279.69
-999.821
-1163.22
-1379.31
-1147.37
-1260.36
-1057.15
-1122.72
-901.674
-976.773
-1046.28
-392.502
-406.433
-542.431
-458.512
-525.398
-571.836
-548.804
-501.366
-772.444
-754.772
-1848.11
-2182.6
-1798.02
-2091.46
-1573.12
-1694.51
-1523.17
-1068.2
-785.242
-735.217
-983.596
-784.895
-609.389
-335.302
-90.5124
0.118046
124.724
-19.7256
0.611557
115.355
156.729
111.101
-65.2106
-128.296
-431.187
1.45546
-262.34
-379.981
-238.406
-316.046
-376.489
-91.1525
0.357304
307.786
264.607
96.4154
329.651
474.214
241.614
186.511
322.08
111.222
94.9118
155.446
67.356
189.674
14.0143
-109.297
-769.736
-333.696
-80.7839
-953.956
-433.859
-675.103
-525.673
-337.493
-448.922
-194.872
-581.366
-530.351
-374.079
-374.282
-46.4883
-63.803
1.13878
11.2648
170.137
53.7146
247.136
140.924
114.589
45.0885
-124.8
-55.4467
-132.754
-107.017
-233.845
1.20845
32.8577
121.447
234.48
-0.625547
125.006
297.819
83.8693
107.477
236.182
208.793
219.138
318.034
294.961
406.458
263.572
222.257
218.215
89.5686
410.378
-61.0759
-261.072
-55.0266
78.5531
-191.915
0.0163251
181.742
427.964
358.912
372.84
801.708
814.592
543.788
365.35
509.486
690.838
635.57
542.732
638.945
755.133
604.015
574.718
483.79
578.192
851.064
527.418
769.681
580.559
567.167
684.855
786.599
729.901
999.71
1144.69
1185.69
936.744
1057.05
559.801
607.113
580.664
705.693
611.509
717.529
735.997
646.802
609.215
394.241
592.516
643.571
404.331
946.929
599.37
463.206
476.742
659.691
936.536
730.007
960.059
855.831
1129.84
1241.29
586.332
606.149
591.69
605.712
650.586
710.277
728.73
518.687
412.087
422.345
823.224
920.206
215.966
386.024
250.933
-5.56352
376.371
183.277
832.391
508.84
464.339
479.038
452.743
455.1
291.503
137.64
208.085
308.592
249.567
156.617
342.96
256.14
218.782
197.39
88.4461
181.046
1.81666
61.4806
-146.45
-70.2013
-161.876
1.298
11.5878
2.44103
-126.198
-54.7232
-199.565
-285.718
-107.591
1.53661
-100.817
-54.983
-44.99
-169.502
-146.01
-126.134
-183.292
-237.885
-600.635
-740.772
-563.499
-449.261
-896.461
-983.029
-964.067
-868.527
-689.761
-694.408
-1077.86
-1175
-1123.22
-1141.27
-751.28
-699.218
-638.641
-613.452
-752.424
-632.95
-575.962
-715.777
-687.327
-634.825
-1744.04
-1346.48
-1378.05
-1547.42
-1349.77
-696.1
-1362.96
-953.786
-1046.01
-818.1
-1372.37
-1361.75
-1223.64
-1183.69
-758.749
-660.402
-578.39
-645.167
-642.015
-681.351
-585.983
-710.721
-642.712
-768.84
-1592.48
-1263.83
-1638.79
-1100.35
-1121.83
-1101.04
-1071.94
-1017.05
-695.138
-730.024
-869.301
-747.031
-849.839
-601.478
-514.8
-593.372
-460.378
-575.133
-696.305
-616.355
-798.807
-845.82
-921.102
-912.828
-2285.46
-1825.76
-2065.08
-2135.87
-1586.35
-1837.62
-1257.64
-1502.66
-1755.12
-1456.13
-1825.89
-1608.77
-1762.26
-1540.26
-923.182
-921.131
-800.034
-796.825
-781.665
-561.358
-533.836
-570.279
-676.39
-621.035
-1707.93
-1802.99
-1099.62
-1221.15
-1056.29
-1130.55
-1266.06
-1033.77
-600.922
-867.712
-1369.42
-1058.84
-1077.09
-1065.54
-513.583
-567.036
-553.586
-519.079
-433.57
-490.211
-450.718
-387.731
-430.977
-553.728
-1212.42
-972.468
-1118.97
-1018.9
-1126.74
-651.98
-288.054
-750.478
-723.497
-567.886
-1215.94
-1065.07
-958.449
-881.577
-439.694
-449.148
-507.37
-534.525
-489.693
-550.209
-508.056
-467.562
-682.838
-805.105
-1682.06
-1768.79
-1973.66
-1858.43
-1589.17
-1870.22
-1898.53
-1856.98
-1759.94
-2139.22
-3051.28
-3043.79
-3360.28
-3312.46
-1795.42
-1607.51
-1510.1
-1537.32
-1450.52
-1319.2
-1312
-1171.43
-1123.41
-1176.23
-1941.06
-1869.71
-1816.76
-1532.1
-1260.61
-1279.78
-816.42
-641.274
-680.739
-709.659
-837.653
-796.324
-832.019
-928.637
-404.548
-418.699
-395.019
-402.767
-392.254
-275.589
-339.514
-275.98
-393.841
-278.474
-920.486
-819.701
-486.438
-382.649
-603.735
-362.816
-204.376
-214.586
-142.75
-115.745
-339.347
-396.303
-221.048
-347.754
-6.68672
87.3696
103.399
328.828
373.66
585.105
226.958
138.46
91.1842
74.2301
189.59
327.675
0.598266
473.379
431.762
770.145
261.417
450.114
470.166
547.43
454.095
253.08
101.209
-328.012
-83.5918
-134.349
-174.876
-43.53
-161.108
-218.018
-274.626
-385.732
-641.122
-543.981
-1488.43
-1256.69
-1609.51
-1335.88
-1346.85
-1260.28
-1007.21
-665.275
-768.15
-327.75
-752.629
-793.134
-978.984
-1080.91
-646.098
-547.756
-647.243
-620.977
-849.043
-704.521
-782.326
-779.047
-743.874
-617.73
-1416.6
-1603.94
-1563.15
-1708.5
-1590.59
-1545.08
-1863
-1747.9
-2078.91
-1779.93
-2705.68
-2601.83
-2936.36
-3098.07
-1797.06
-1967.79
-2106.27
-2460.98
-2669.76
-2849.75
-2790.04
-2571.1
-2883.79
-2879.61
-6340.47
-5800.35
-5069.45
-4578.89
-3269.87
-2953.29
-2133.3
-2426.69
-2389.18
-2568.16
-3531.27
-3810.2
-4022.05
-4411.45
-2329.17
-2299.71
-2150.1
-2120.94
-2833.39
-3064.38
-3432.21
-3442.81
-3667.58
-3464.97
-6718.42
-6517.09
-6185.66
-5841.27
-4163.2
-3494.83
-3756.76
-3625.58
-3589.93
-3619.2
-4492.17
-4409.26
-4113.11
-4312.31
-2422.71
-2231.95
-2108.55
-2228.25
-2248.16
-1997.87
-2019.42
-2020.35
-1937.97
-1885.99
-3974.81
-4018.22
-3382.44
-2653.84
-1951.76
-1658.26
-1808.27
-1656.6
-1677.17
-1362.79
-1659.21
-1832.32
-2226.97
-2073.4
-1266.09
-1485.65
-1810.35
-2010.05
-2497.09
-2849.79
-2941.36
-2836.15
-2536.41
-2508.84
-5753.5
-6549.61
-6705.69
-8410.24
-6267.06
-5382.67
-5693.42
-5874.82
-4431.8
-2607.61
-5118.92
-6408.43
-8075.87
-8887.88
-3558
-3058.32
-3356.37
-3650.93
-3669.77
-2973.43
-2753.59
-3468.58
-4637.53
-4022.84
-6476.42
-7388.57
-8113.77
-7743.72
-5860.48
-5214.87
-4912.08
-4152.19
-3817.67
-3280.56
-3800.76
-3661.48
-3168.68
-3336.08
-1731.94
-1815.87
-1956.72
-2032.38
-2434.27
-2707.52
-2789.46
-2959.53
-3093.69
-3083.88
-5937.57
-5655.31
-5628.53
-5843.13
-5129.15
-4844.44
-4899.85
-4885.44
-4328.18
-4402.51
-5284.26
-5244.88
-4838.1
-5057.99
-2276.41
-2150.65
-1967.25
-1714.91
-1444.46
-1298.01
-1264.99
-1136.62
-1208.59
-983.659
-2194.66
-1748.83
-1559.76
-1258.4
-1055.76
-1107.41
-1014.26
-1135.14
-1519.85
-1394.48
-1392.06
-1152.28
-1331.93
-1539.97
-799.348
-842.964
-684.885
-673.845
-669.621
-816.611
-880.184
-735.991
-698.791
-751.1
-1420.64
-2132.56
-1995.81
-1722.23
-671.617
-824.505
-510.66
-599.856
-458.574
-131.372
-580.016
-436.432
-567.803
-1008.98
-417.795
-385.687
-389.206
-403.196
-566.656
-476.171
-468.329
-496.797
-491.769
-552.123
-881.525
-463.173
-330.538
33.7801
-235.52
-101.796
-314.335
-148.67
-443.113
-250.237
-531.966
-434.145
-517.522
-867.136
-379.507
-167.693
-76.8963
-79.3539
-10.2431
0.0505349
116.417
-40.0451
-29.9247
-17.0206
-116.242
-221.608
-384.374
-692.299
-548.191
-465.278
0.294941
-222.928
0.88912
-73.6187
1.8946
102.911
139.623
117.088
65.7139
-100.287
-40.8209
-129.846
-165.857
-229.041
-204.236
-108.241
-113.985
-35.3267
-434.533
-367.39
-399.396
-592.763
-134.035
-209.926
-81.2159
44.0976
61.1719
219.671
189.608
198.992
230.814
144.289
125.362
89.3972
82.8915
68.4854
-115.372
0.679531
79.9025
43.4158
7.32699
10.5788
-136.948
-94.5138
-64.1294
-17.7917
455.534
0.275397
218.039
405.45
543.019
508.203
301.923
290.056
-72.0334
-143.868
-58.77
-133.359
-207
-181.982
-282.733
-322.047
-106.308
-52.8076
-70.7808
-154.457
-125.797
1.57036
357.247
546.961
374.505
217.637
489.712
368.179
419.46
422.803
243.437
573.915
295.313
-0.123563
-8.39506
1.02828
55.5453
8.80179
43.4304
139.866
149.702
197.984
209.211
271.351
233.421
544.253
441.41
842.787
724.518
927.558
641.891
587.599
571.287
980.079
862.304
975.085
790.627
732.12
341.628
273.278
241.404
310.066
190.239
284.755
227.571
142.39
205.226
56.7788
335.751
291.901
524.179
425.785
250.389
632.626
711.325
487.585
776.1
1126.64
921.372
1025.1
1192.18
1071.7
599.664
374.488
541.948
389.839
386.306
509.907
437.548
358.179
457.367
529.812
427.182
809.989
1298.06
1087.75
1090.87
929.041
1154.08
1058.5
1260.86
1291.76
1124.55
1071.66
940.423
518.711
294.786
306.179
182.921
242.605
151.025
269.991
283.573
199.334
56.4319
117.839
235.641
653.187
929.473
756.2
460.821
881.317
590.702
739.536
953.69
834.257
851.065
1114.74
1335.47
865.942
435.167
482.453
525.634
425.054
408.955
538.183
510.18
508.473
256.045
346.409
671.642
626.457
1058.88
1321.38
858.189
1093.44
1152.37
1189.46
653.719
1081.82
1098.16
790.853
656.401
546.185
366.705
148.379
135.529
217.756
197.395
101.245
6.29323
47.1484
-42.8299
52.5201
98.3688
574.93
545.19
-83.6392
2.90884
509.196
167.389
-12.2148
-2.86421
-203.582
-189.031
-481.832
-518.157
-761.739
-486.923
-439.325
-456.106
-460.659
-502.446
-593.622
-529.002
-506.249
-623.98
-530.106
-806.243
-1133.77
-811.533
-718.417
-456.166
-308.216
-500.652
-510.18
-410.896
-423.844
-735.245
-884.532
-887.009
-1338.45
-784.201
-878.409
-899.01
-899.634
-877.384
-947.192
-957.369
-1050.99
-997.146
-1025.36
-1572.94
-1684.41
-1616.91
-1611.56
-1235.04
-1304.27
-1192.98
-819.394
-1104.91
-1051.96
-1565.49
-1644.75
-1649.59
-1803.62
-1076.42
-1024.46
-1222.36
-1308.04
-1380.78
-1327.93
-1417.84
-1473.71
-1547.7
-1486.7
-2927.81
-2549.71
-2314.62
-2342.54
-1314.85
-1696.88
-2092.98
-1922.25
-1480.51
-1521.99
-2338.07
-2049.81
-2165.6
-2197.47
-1046.34
-951.159
-873.499
-853.56
-832.323
-781.263
-822.538
-815.755
-684.002
-635.915
-1179.67
-784.133
-628.359
-1026.57
-380.959
-224.45
-336.605
-119.233
-125.162
83.4351
136.383
99.3947
-330.095
-426.431
-345.584
-423.27
-391.588
-390.708
-439.606
-492.38
-483.522
-421.694
-608.838
-660.617
-1144.7
-1248.66
-790.379
-788.936
-142.184
-151.818
-115.163
-140.271
-217.166
-12.0647
-153.115
-221.988
-436.579
-552.513
-122.042
-63.8958
1.6008
57.6226
140.128
71.9507
254.75
155.269
151.83
337.623
659.729
944.495
1171.79
977.262
852.167
1008.45
1207.46
1586.1
1227.24
1710.95
1584.41
1220.92
1307.98
1111.16
534.213
380.607
454.159
395.138
414.722
472.799
339.632
416.417
480.269
599.282
782.133
872.423
990.323
1420.15
1004.27
1083.57
1165.02
1317.28
1278.96
1358.83
1593.51
1432.47
1359.73
1282.65
583.417
488.926
369.069
433.312
473.716
493.702
359.582
475.126
410.933
398.982
942.991
1215.31
1109.06
1117.63
1486.86
1632.31
1105.56
1379.06
1141.98
1283.54
1280.82
1306.88
1466.22
1288.15
490.848
483.24
376.204
513.544
417.065
517.804
424.387
432.286
319.93
521.734
963.891
811.864
1257.13
1377.34
956.218
924.344
1082
1166.81
775.817
992.402
509.287
382.37
180.025
179.258
196.906
124.028
291.114
149.428
192.361
251.068
104.867
146.465
168.8
401.75
658.544
473.131
458.54
760.943
777.041
1262.55
1402.7
1262.25
1100.88
1558.65
1242.47
1374.58
1375.69
969.514
570.188
548.88
382.041
495.064
475.192
360.826
516.278
494.892
354.074
377.69
781.794
694.939
872.802
588.271
1212.2
710.772
1054.49
1681.14
1277.79
1025.93
1120.88
735.132
731.577
480.528
336.777
108.887
286.569
60.3751
75.8559
122.274
-12.4032
0.769101
1.48617
130.949
200.976
340.849
-16.732
0.79248
228.269
392.881
958.858
613.76
770.484
1323.42
1051.26
1524.47
1322.37
1044.93
599.041
429.414
427.311
405.404
337.33
417.498
346.158
356.365
378.275
501.248
719.579
720.429
755.846
1079.97
1221.4
1034.43
1091.15
1098.23
1177.09
1227.37
1240.57
1550.82
1125.52
1025.4
555.67
423.39
491.412
425.876
465.722
519.625
444.531
498.654
414.581
387.824
529.405
1090.04
1246.03
1379.59
926.851
953.934
1352.23
1324.55
1458.15
1186.96
1219.51
1583.78
1237.22
1235.3
619.778
466.811
563.89
314.837
95.3602
-40.9791
0.157779
105.931
29.2698
283.684
150.353
849.424
1221.93
1095.99
804.098
770.543
876.598
727.547
279.289
524.859
1063.42
956.415
729.733
1051.86
523.784
535.11
408.518
287.311
348.631
162.728
159.764
140.373
91.7641
316.556
387.156
584.339
557.284
985.997
515.875
750.587
665.29
1114.64
902.363
864.683
879.988
405.863
374.883
292.112
48.8716
-136.272
-340.19
-438.499
-430.164
-425.806
-291.166
-251.027
-150.346
-35.2023
-99.9577
-104.725
-181.726
-157.705
-207.244
-326.714
-243.096
-435.307
-534.579
-288.281
-782.311
-560.327
-635.5
-743.507
-378.756
-391.767
-365.097
-322.906
-243.698
-109.57
-165.244
-246.862
-265.454
-67.4429
-341.106
63.9262
47.4025
430.493
467.25
193.193
148.895
110.443
-178.975
0.00974688
-118.952
-94.0127
-268.437
-64.1831
-66.0289
-12.9183
0.963192
-69.8378
-60.2763
-94.0884
-106.954
-45.3552
-226.84
-29.9455
-296.038
137.072
2.65294
403.429
384.093
217.995
874.852
557.069
809.89
1039.36
1109.85
1344.74
1082.66
1113.51
491.728
395.34
459.386
538.639
369.204
189.758
219.019
213.548
184.819
128.679
159.362
290.296
206.742
544.629
605.387
503.18
797.821
722.252
961.324
747.268
780.079
972.971
722.778
482.954
314.502
168.023
19.1896
-82.0162
-9.55806
-237.44
-162.033
-354.854
-310.928
-215.563
-391.642
-428.722
-348.444
269.013
-267.165
-280.244
2.55135
521.331
83.9931
288.207
321.552
231.068
206.254
105.659
0.763537
20.7152
113.743
0.78661
83.139
42.28
-127.473
-147.483
-160.88
-120.524
-270.75
-368.591
-320.322
-452.968
383.856
1.27678
77.2898
-6.94924
-148.228
-58.5007
74.9525
204.599
3.50343
-116.023
71.9077
-3.05927
-83.5523
1.15451
-18.54
-73.932
1.92269
1.45333
40.6745
112.236
240.554
496.78
49.1043
698.04
379.755
695.675
541.368
210.51
222.755
237.197
273.473
-105.382
-231.559
-510.254
-309.246
-365.869
-290.86
-515.341
-435.997
-533.968
-781.293
-805.572
-1006.36
-1090.95
-2507.24
-2133.08
-2260.04
-2617.75
-1790.26
-1926.97
-2007.33
-1847.47
-1804.85
-1674.83
-1880.88
-1492.04
-1445.67
-1395.47
-664.613
-751.482
-742.954
-621.631
-598.858
-635.184
-658.886
-507.873
-635.599
-550.903
-1488.75
-1068.42
-1242.73
-839.182
-517.635
-237.368
-551.674
-450.026
1.00987
-352.543
-300.657
-87.0918
-439.178
-144.683
-189.37
-235.159
-164.958
-216.044
-247.469
-357.211
-348.525
-478.69
-567.769
-628.729
-878.535
-1299.83
-1093.87
-643.171
-273.074
-857.732
-667.294
-647.014
-562.08
-358.862
-891.717
-864.544
-1073.9
-1051.05
-435.898
-525.159
-553.948
-479.962
-443.318
-319.976
-406.097
-391.952
-467.12
-279.425
-560.493
-344.877
-588.354
-370.87
-647.068
-480.131
-527.638
-968.963
-1023.6
-941.059
-1159.66
-953.544
-951.403
-1031.89
-411.911
-507.768
-388.305
-414.247
-459.114
-428.972
-370.586
-298.31
-410.161
-275.576
-810.266
-543.563
-537.383
-729.009
-587.619
-219.552
-398.332
-315.656
-259.196
-139.515
-625.317
-525.39
-864.872
-882.753
-496.484
-488.812
-432.012
-544.589
-469.054
-371.394
-511.084
-481.235
-571.791
-487.012
-957.692
-825.38
-759.775
-627.68
-545.291
-359.927
-236.954
-258.714
-274.239
-61.44
-568.187
-419.328
-474.073
-532.195
-461.669
-437.786
-359.143
-541.874
-605.831
-580.47
-688.842
-716.079
-685.06
-441.188
-1104.21
-795.455
-373.398
-770.618
-872.819
-549.454
-975.974
-730.618
-656.443
-633.093
-527.98
-606.277
-585.749
-713.824
-476.249
-522.948
-495.768
-579.532
-687.044
-577.551
-700.594
-581.667
-655.859
-720.879
-1329.69
-1188.2
-666.687
-550.753
-308.061
-94.3906
-504.149
-20.554
0.471551
361.823
167.3
230.18
-42.6033
1.60754
78.0996
36.2341
-127.748
-82.5395
-50.353
-172.402
-82.3364
-71.4428
-99.888
-156.711
-459.132
-433.354
-482.109
-53.4693
-120.018
156.781
90.875
372.776
141.392
568.407
282.928
553.985
138.409
370.048
-18.6419
-124.296
-166.138
-162.865
-210.06
-338.077
-175.993
-281.914
-374.969
-290.385
-606.508
-277.331
-482.841
-252.961
-450.249
-473.803
-405.575
-431.789
-553.715
-202.653
-316.96
-176.013
-516.151
-540.831
-358.326
-356.501
-307.577
-333.932
-352.16
-253.309
-408.905
-364.566
-305.57
-276.585
-666.024
-416.423
-143.706
-501.146
-645.794
-312.864
-329.398
-407.893
-380.785
-355.923
-620.103
-379.514
-462.432
-623.326
-395.625
-448.151
-508.806
-556.254
-470.436
-490.271
-525.034
-546.465
-543.021
-444.997
-891.139
-196.742
-463.23
-348.024
-487.566
-115.5
-205.544
-275.984
-192.032
0.578599
-88.4129
-36.6757
-292.827
-366.703
-135.983
-375.651
-449.65
-465.933
-616.528
-617.745
-497.914
-509.696
-388.802
-280.625
-696.885
-522.949
-307.92
-400.592
-59.9401
-200.422
-385.297
-303.087
-171.333
-42.5828
-417.832
-186.011
-449.858
-683.143
-349.677
-308.966
-356.227
-305.141
-215.288
-147.77
-264.494
-160.374
-232.125
-227.805
-687.366
-379.758
-337.777
-240.465
1.02023
-45.1853
0.30785
214.137
130.808
459.649
218.911
398.704
475.846
551.214
97.184
271.952
294.674
239.678
148.252
279.776
137.577
159.967
275.088
298.106
282.146
392.584
342.981
392.187
415.936
580.676
438.764
759.4
837.91
635.624
783.764
517.985
547.33
627.647
135.151
263.322
254.16
115.519
224.981
119.618
102.839
77.7917
-0.144129
-1.8278
-31.5771
55.9526
581.903
272.654
535.926
1167.41
567.111
863.319
864.243
1237.84
1414.35
1352.08
1177.46
797.195
417.067
432.516
356.209
504.485
420.324
488.888
534.562
507.194
476.035
388.997
648.509
904.45
821.787
843.013
527.521
956.637
1174.92
1550.83
838.151
930.24
1216.63
1046.31
937.91
508.257
382.832
216.719
245.16
219.038
183.223
146.084
312.256
241.076
247.777
349.081
570.881
881.268
1255.08
850.172
1281.55
866.614
1564.42
1044.93
918.751
1170.09
984.13
1117.31
1186.59
1052.9
391.315
409.63
206.742
282.862
217.547
188.264
286.447
229.785
314.707
386.26
760.653
1003.89
764.482
810.922
956.7
642.877
736.874
1074.64
1175.13
1146.28
919.743
1035.11
932.271
883.226
514.111
431.569
472.69
528.103
464.724
503.522
318.337
505.381
384.641
347.782
729.25
909.111
972.098
1233.99
965.56
866.645
1206.82
1065.4
1023.32
1196.57
921.555
946.466
1067.28
729.446
395.158
485.673
332.457
482.927
351.482
354.514
514.394
429.645
408.336
304.349
369.129
542.854
899.274
836.672
762.227
931.236
699.662
937.187
656.705
624.724
1022.97
457.933
348.727
390.103
128.073
140.685
240.785
104.646
44.8181
79.4842
73.0247
180.353
5.46295
63.7231
114.14
-19.2655
558.424
645.818
518.443
621.377
217.538
514.476
848.241
720
599.479
269.865
567.077
181.387
96.31
160.485
228.278
245.933
169.896
124.72
211.995
176.764
194.087
203.808
-84.0354
85.7175
2.82056
312.915
278.552
353.882
85.9052
588.597
340.148
659.212
530.044
502.399
293.067
247.838
250.814
71.4309
234.424
136.623
220.829
60.2829
186.969
175.497
-24.4385
53.5358
245.982
-113.852
0.545034
142.41
256.661
547.946
812.543
866.518
569.863
701.808
237.882
501.416
685.169
389.13
156.109
230.607
162.723
207.229
183.452
171.231
185.104
-19.6035
-83.1482
-28.5817
-361.93
-288.324
-75.6326
-484.032
-42.1808
0.506651
103.509
430.555
796.11
730.978
461.142
635.319
128.309
151.607
-78.7494
0.542668
-90.2257
1.20593
6.57314
0.77764
59.1668
-33.4051
0.47497
-18.4366
-310.092
-96.4682
0.0191181
142.752
126.91
448.152
611.316
667.191
658.178
583.936
644.064
487.953
470.54
291.974
359.359
221.721
217.003
328.553
322.588
149.749
264.752
255.215
121.322
143.655
398.787
424.439
1022.62
742.27
611.118
1126.48
1068.44
1049.07
902.903
1096.42
1280.43
1159.22
818.515
747.554
339.695
307.006
125.053
106.998
189.33
10.2634
55.9648
22.4848
114.502
45.934
240.587
627.808
788.935
972.392
1320.21
852.707
870.022
1238.64
1085.81
1142.57
982.659
1187.05
1105.76
743.022
534.043
423.57
477.034
344.273
325.173
416.73
481.578
461.307
331.023
360.378
535.437
678.865
924.738
781.721
1097.8
802.009
876.998
1116.41
1193.43
929.881
1146.15
903.079
894.656
1085.44
491.942
462.589
367.663
356.26
147.384
336.446
142.366
353.43
167.781
112.074
340.228
271.59
0.457534
614.995
449.371
382.484
633.966
513.177
311.723
322.422
33.0244
0.589364
25.5661
36.8818
4.11992
71.1356
-8.79923
0.295876
125.979
0.493981
117.67
160.094
83.9921
206.037
1.5896
24.0397
-24.5763
146.246
-47.9655
66.7235
193.917
334.494
271.844
476.682
505.107
130.269
83.911
49.6749
-84.2033
-149.12
-177.494
-269.566
-257.529
-402.327
-510.009
-361.394
-441.022
-304.387
-434.374
-412.623
-363.658
-273.699
-59.3106
-149.225
-72.0018
-100.188
1.5098
38.033
-131.086
0.498274
-274.169
-364.992
-92.729
-57.0705
-169.355
-140.602
-60.54
-83.4366
-111.306
-145.374
-123.742
-171.37
-479.623
-348.002
-199.934
9.51043
-265.511
-220.095
1.08986
17.1247
169.182
216.43
0.748663
186.031
-47.01
-148.698
43.3434
9.16458
-31.4038
-97.5175
-121.704
-19.5256
1.51222
67.4091
-39.858
-78.1378
-482.162
-291.798
-446.846
-426.642
-473.084
-403.523
-425.38
-277.155
-207.723
-185.358
-207.902
-187.798
-36.461
-200.69
2.54498
57.2722
159.706
146.543
54.8912
73.5552
108.83
165.197
60.4485
129.527
-309.633
-103.101
342.077
191.274
76.2863
218.756
20.4354
272.274
352.325
537.157
427.76
228.238
403.119
210.172
91.677
52.4562
221.001
66.9891
244.394
227.737
112.478
320.383
284.275
266.402
390.164
514.462
736.958
740.428
1252.64
892.757
1001.3
1146.99
995.486
1214.47
1110.66
989.3
719.135
942.118
423.852
337.521
503.483
467.749
311.351
225.121
125.954
238.576
192.659
268.723
276.022
359.289
532.416
1095.2
505.675
685.204
885.171
773.84
1141.29
1047.7
1048.66
1124.48
811.683
787.387
400.067
479.505
538.356
476.277
341.985
400.423
377.097
388.086
556.482
446.784
604.219
777.707
847.596
847.517
518.128
461.508
486.828
292.473
525.787
799.296
274.797
343.823
146.951
-77.498
59.9352
-4.47166
0.255002
75.7948
62.7527
144.088
191.9
194.304
552.498
385.884
263.682
898.131
1125.37
739.303
655.552
465.356
554.936
660.297
647.09
601.499
750.499
553.92
496.532
391.442
212.765
312.807
272.429
304.186
136.515
120.462
138.905
182.854
206.366
79.2869
509.709
245.858
664.947
54.921
400.625
514.877
543.924
386.848
704.636
982.119
862.673
931.825
760.777
949.646
504.986
392.932
348.501
532.899
535.809
423.765
451.085
515.672
443.059
485.378
412.148
674.834
948.097
603.477
763.467
593.719
767.743
814.308
809.788
1086.28
744.945
988.791
1083.88
669.876
551.086
454.294
410.412
554.815
534.711
405.661
535.891
398.638
472.34
345.764
397.365
731.507
660.03
521.341
322.878
259.574
285.935
437.704
476.255
450.146
341.349
268.085
402.609
179.467
268.517
240.428
225.503
209.831
267.474
541.137
408.763
634.465
627.564
359.713
580.623
755.816
468.072
476.605
582.832
893.788
382.253
809.697
642.659
781.477
732.711
807.86
722.655
794.672
462.924
419.477
351.743
504.016
553.123
600.69
575.705
622.896
481.289
567.415
341.605
342.994
309.755
222.165
422.028
371.532
782.942
533.395
583.784
666.39
344.709
390.472
345.991
489.098
253.203
344.942
214.34
390.093
467.105
610.066
621.71
462.427
436.522
488.688
626.914
606.41
636.096
698.235
163.973
772.459
585.751
747.057
777.887
970.661
1053.22
942.022
944.589
941.844
548.182
496.835
419.733
405.801
541.478
475.954
463.862
560.903
466.749
470.728
465.308
633.714
769.372
682.018
1101.16
523.849
674.011
700.021
788.833
1055.11
840.207
1115.21
952.089
751.271
387.04
395.928
397.541
450.007
589.297
542.346
366.438
443.06
300.878
280.332
-163.808
-94.3412
-13.7781
-248.678
-105.692
-290.349
-186.508
1.30996
1.12373
218.326
94.3215
-179.132
-95.4237
59.523
0.690015
6.0458
-22.0783
31.7576
0.300145
63.3276
156.098
194.984
164.878
173.959
-207.97
-25.5518
1.86315
-153.891
-258.608
80.93
5.05652
120.067
180.246
250.918
229.802
258.982
280.182
51.026
0.220138
163.769
124.42
156.612
76.5975
15.7051
52.9829
184.708
126.317
0.951044
-288.762
-452.787
-109.502
-82.3608
-203.308
-93.4517
1.25773
-80.9808
147.909
89.1249
172.91
284.151
218.648
139.778
291.688
97.2356
262.418
180.183
138.866
179.867
179.092
248.643
166.782
100.188
-337.281
-330.309
-252.753
-317.931
-54.0632
-112.01
206.778
-91.6048
-116.415
0.883662
-25.9496
2.59422
186.043
280.41
39.4517
98.2353
367.747
340.113
268.048
484.06
371.456
497.617
294.743
179.559
-175.726
-248.625
-247.824
1.27957
-380.983
-161.502
-396.003
-403.835
0.257239
-104.001
-28.0264
-191.841
-137.406
-136.128
60.3449
14.7457
23.4557
117.063
153.562
260.483
47.1361
147.449
-46.1408
-137.189
-651.273
-533.862
-636.165
-692.961
-1021.88
-1153
-990.668
-934.321
-1146.53
-1035
-1244.81
-1078.4
-1170.52
-1359
-656.824
-750.945
-609.489
-620.982
-766.403
-640.823
-705.386
-791.159
-886.662
-901.279
-2325.53
-2556.19
-2853.59
-3255.17
-2533.83
-2871.73
-3015.7
-3115.65
-3376.32
-3350.87
-4791.3
-4969.08
-5141.63
-5329.13
-2821.25
-2866.45
-2851.8
-2701.72
-2641.12
-2572.23
-2528.32
-2491.56
-2321.93
-2276.16
-4321.57
-4029.58
-3949.75
-3863.57
-3278.4
-2948.91
-2998.57
-2884.64
-2980.75
-2850.94
-3545.02
-3301.29
-3154.07
-3345.69
-1436.51
-1502.98
-1263.88
-1181.67
-985.197
-1053.52
-857.164
-710.604
-536.085
-540.363
-1536.37
-1340.81
-1080.83
-1246.36
-1038.86
-1075.21
-1120.68
-708.828
-675.314
-526.848
-932.913
-621.78
-696.258
-479.831
-150.562
-180.861
-87.7752
-49.698
-73.2261
-13.9086
139.146
311.244
227.928
277.669
-143.865
-51.7066
-288.072
-334.011
-197.289
66.9514
-224.481
1.85428
45.5368
292.737
265.766
329.221
508.07
738.729
371.711
416.636
302.335
404.822
361.388
405.821
336.607
285.228
313.953
111.437
-176.965
-280.694
-504.289
-584.858
-578.634
-236.07
-264.847
-356.31
-350.288
-25.4673
-410.849
-146.042
-224.782
-121.92
66.3454
62.6905
302.782
285.519
301.643
298.914
335.687
382.656
387.721
254.51
-341.102
-319.858
-491.681
1.21455
-256.614
-227.966
-398.387
-305.568
-115.681
-253.93
-291.451
-275.063
-97.128
-123.114
-130.191
-35.3189
-24.512
52.0153
-7.34499
-46.5049
-27.1682
-71.767
-77.8953
-25.7719
-842.612
-1159
-1282.78
-1209.36
-1385.83
-1231.75
-1253.3
-1267.38
-1230.49
-911.451
-1277.56
-1248.22
-985.921
-890.455
-567.255
-474.217
-334.859
-332.271
-429.778
-387.168
-374.655
-521.81
-585.484
-734.454
-1999.45
-2092.82
-1757.03
-1990.52
-1788.22
-1684.51
-1695.85
-1652.23
-1578.32
-1209.52
-1607.92
-1378.44
-1358.71
-1244.84
-635.97
-777.957
-653.83
-735.204
-741.471
-783.942
-774.334
-774.043
-780.783
-684.365
-1946.61
-2272.74
-2327.97
-2395.48
-2289.52
-2197.24
-2703.12
-2416.78
-2611.03
-2748.3
-3824.44
-3838.12
-4053.9
-4114.15
-2183.5
-2315.22
-2433.53
-2441.83
-2472.44
-2502.95
-2586.83
-2337.53
-2240.06
-2189.14
-4328.27
-4174.03
-4250.36
-4009.83
-3138.39
-2903.89
-2818.25
-2567.6
-2450.03
-2039.63
-2531.84
-2344.66
-2122.22
-1905.02
-771.469
-646.349
-536.928
-488.944
-395.7
-227.962
-157.901
1.11408
69.3356
-97.8893
-339.729
-437.599
-583.127
-558.942
-434.45
-277.59
-308.358
1.13574
-39.7444
236.341
582.842
750.46
851.378
1523.78
656.297
780.704
786.616
789.777
800.813
805.461
803.863
885.525
914.508
704.199
704.455
682.675
77.5523
95.1491
373.897
1.52731
141.577
470.032
531.454
623.386
531.306
959.209
707.362
915.025
455.555
528.189
640.394
683.995
628.781
637.789
915.42
920.874
993.955
735.308
819.46
413.016
272.506
375.412
189.351
144.295
439.801
468.677
209.161
488.951
451.502
553.249
516.545
631.839
405.421
305.269
399.561
396.785
352.71
432.587
423.08
373.191
488.021
409.914
127.931
127.907
-429.71
-569.514
-293.769
-393.905
-27.4831
-5.88079
-265.676
-2.36541
1.04611
146.725
16.0264
484.727
-52.6446
-47.5158
-196.48
-462.319
-521.886
-846.505
-778.662
-692.225
-612.053
-669.22
-1963.08
-1803.71
-1743.56
-1679.06
-1432.73
-1178.14
-979.877
-690.625
-1037.3
-819.592
-754.446
-308.142
-51.7614
-90.1996
33.9004
88.6744
50.4276
157.785
63.9754
304.016
338.883
528.031
590.803
396.155
-24.4285
-119.514
-671.02
-904.455
-1403.52
-1305.71
-1488.73
-1509.39
-1282.21
-1317.95
-1630.7
-1613.23
-1793.26
-1599.45
-788.542
-801.814
-731.623
-679.782
-687.999
-686.386
-633.877
-656.588
-693.492
-578.445
-1704.18
-1545.8
-1320.26
-1786.77
-923.519
-926.107
-655.623
-414.842
-140.17
-73.365
-17.5528
38.2892
442.276
803.818
331.403
455.2
462.22
590.509
578.279
585.375
705.346
569.611
579.797
736.024
683.058
448.839
16.9374
186.137
227.595
486.479
468.019
219.443
306.867
1111.57
858.558
676.094
906.098
604.11
286.131
499.096
413.373
251.386
273.441
-347.226
-846.514
-791.82
-717.726
-924.337
-3016.68
-4028.2
-3371.42
-3186.93
-2940.75
-3406.56
-3859.53
-3503.13
-3419.87
-3032.58
-3526.2
-2945.9
-2148.56
-1350.08
-126.254
109.965
534.573
724.462
637.527
760.116
647.091
659.057
730.832
744.43
612.103
-7.8293
-43.4417
-699.147
-258.825
0.223266
239.393
211.275
227.37
421.929
252.706
-136.676
-424.125
-463.909
-239.239
-238.983
-125.686
-190.771
-175.602
-206.66
-418.553
-506.01
-942.32
-1490.09
-5342.42
-7028.45
-7463.45
-6611.77
-4666.91
-2825.72
-1854.67
-1076.8
-1395.26
-1569.84
-1549.96
-1003.12
-873.679
-796.698
-416.337
-305.06
-308.339
-346.892
-260.15
-347.491
-420.796
-457.482
-530.369
-717.213
-1808.76
-2260.34
-2637.03
-2282
-1834.83
-2172.08
-2367.29
-2305.2
-2254.64
-2229.14
-2669.56
-2127.25
-1967.24
-1970.04
-946.966
-974.374
-755.399
-852.252
-813.917
-694.459
-767.395
-861.342
-1038.55
-1087.53
-2586.13
-3005.65
-2813.59
-3034.45
-2604.07
-1951.35
-1900.15
-1929.08
-1616.78
-1385.45
-1281.82
-943.971
-738.493
-404.337
-243.569
-141.178
-83.4511
1.58755
15.8319
123.076
235.266
231.481
438.118
416.389
276.932
85.2198
0.642731
172.482
74.7625
51.4638
299.647
442.439
664.793
793.537
952.974
1041.38
1186.1
1349.43
672.336
790.366
818.906
749.844
747.648
890.004
923.371
898.635
777.733
936.28
847.117
486.022
382.295
196.491
-25.6989
-26.2222
18.8593
168.669
124.637
467.725
467.133
288.36
556.29
501.877
210.795
116.985
137.827
146.76
320.165
128.591
235.003
209.359
257.396
190.506
-281.079
-440.768
-620.857
-819.278
-567.644
-815.321
-524.612
-554.796
-692.415
-386.667
-444.851
-313.219
-155.905
-196.721
-24.3193
0.567223
2.86571
177.325
202.378
286.9
132.48
109.058
21.008
15.7188
-511.11
-829.322
-1204.47
-845.837
-1320.73
-1398.72
-1553.33
-1518.91
-1701.76
-1612.07
-2076.92
-1785.26
-1447.74
-1168.65
-488.917
-303.332
-138.124
-94.7951
0.498366
13.2191
-63.3819
-111.613
-103.962
-345.791
-1429.78
-1538.46
-2021.9
-1994.47
-1570.95
-1557.9
-1533.95
-1562.21
-1330.98
-1175.79
-1121.13
-859.589
-827.174
-531.686
-226.112
-265.814
-214.371
-203.476
-192.44
0.684111
34.6156
61.1137
-79.7527
-57.179
-554.583
-517.705
-709.61
-698.605
-742.911
-777.023
-549.415
-593.915
-160.456
-124.7
-146.003
0.541423
303.953
610.843
190.173
327.504
438.643
449.669
580.714
639.011
594.407
716.289
583.372
656.478
850.425
656.551
505.471
93.3394
183.867
-133.858
-158.972
2.72311
52.2566
463.601
412.764
815.08
675.044
888.209
579.207
599.668
632.304
727.211
616.749
628.016
629.911
818.631
814.267
822.836
799.523
718.284
523.066
449.787
-73.2858
17.8348
140.943
328.741
433.201
404.412
598.979
720.651
806.929
753.931
502.578
449.151
509.53
540.987
451.824
648.14
617.698
607.788
521.175
569.777
542.511
637.918
365.279
-276.575
-160.523
2.23132
152.656
373.082
89.0382
529.454
844.792
942.466
1018.96
931.239
717.928
646.312
824.457
865.362
902.492
865.33
997.383
783.22
862.697
852.121
1143.78
908.892
610.086
305.16
308.699
109.009
168.997
408.882
474.233
725.662
1122.01
1457.34
1564.58
1478.87
942.455
768.056
815.468
960.562
893.042
1056.78
1043.48
1086.44
980.791
1067.15
1460.99
1241.98
717.98
566.298
554.342
737.997
408.704
636.774
712.336
937.584
1076.94
1457.91
1628.57
2043.36
1058.92
1017.85
956.91
1045.58
1017.67
1250.79
1206.47
1245.65
1151.46
1182.42
1721.55
1739.03
1419.92
982.822
939.597
759.405
710.39
923.309
1115.51
1309.5
1714.07
1784.46
1613.69
1474.66
747.503
908.679
927.751
853.611
951.077
831.329
1008.36
936.612
865.171
983.35
1130.23
713.734
379.591
94.4808
118.683
-16.0182
1.86261
152.762
216.828
527.699
488.754
884.548
1051.7
992.829
537.442
536.586
673.611
760.496
679.333
789.432
697.229
820.523
765.771
979.519
1346.52
1027.37
894.727
459.701
315.059
155.44
209.844
507.179
520.927
844.928
878.752
1327.02
1440.95
1560.97
727.503
838.009
834.143
732.006
805.346
916.869
921.694
988.261
809.796
821.615
1299.67
1000.47
447.313
894.633
629.406
266.168
355.073
431.04
406.246
742.459
1025.72
1307.31
1133.57
1117.42
765.725
800.319
727.871
715.238
667.597
859.484
786.489
913.703
888.882
1043.96
1403.32
846.131
833.852
228.822
274.178
-172.518
-419.955
-78.5
0.579584
397.348
300.638
452.062
907.462
928.366
482.985
420.941
486.114
457.821
567.355
477.086
664.996
642.651
653.036
486.631
653.356
36.8089
-91.0582
-383.082
-147.989
-167.616
-103.828
-248.926
2.25991
125.767
391.217
839.918
860.288
893.088
567.894
546.715
529.34
470.65
473.618
690.591
688.465
626.106
575.956
758.367
747.109
691.2
383.578
-178.484
-167.913
-51.3448
-54.5552
0.492551
87.7481
441.791
209.306
622.924
498.751
652.055
291.806
508.526
609.399
630.213
539.111
549.583
783.994
722.129
907.345
903.927
1217.06
906.36
729.415
522.01
181.455
150.802
579.972
276.624
590.87
1081.34
948.867
1244.71
1131.85
1437.69
645.891
792.301
741.539
780.626
998.018
964.097
1060.44
914.374
1029.02
1089.48
1510.62
1271.85
1143.17
635.331
464.589
456.77
535.031
439.566
736.113
682.733
1004.05
1282.01
1330.05
1285.5
698.186
646.266
810.762
877.481
700.272
754.221
877.466
692.323
878.67
890.811
1038.58
676.249
641.858
418.404
90.7032
-57.1422
-3.13364
-19.4286
-104.57
150.241
204.44
378.979
366.409
231.351
145.411
227.091
-42.3882
-53.2666
-60.6113
-14.0673
-69.354
-100.852
-124.275
-200.639
-786.216
-1075.83
-1292.14
-1423.1
-1447.33
-1198.56
-1262.24
-1303.86
-1044.03
-918.095
-974.912
-632.153
-687.574
-747.683
-481.27
-544.824
-741.78
-617.592
-616.272
-758.258
-674.7
-551.957
-569.627
-570.467
-1344.64
-1514.32
-1727.35
-1689.44
-1396.32
-1266.86
-1063.18
-1066.37
-746.406
-838.729
-882.862
-690.164
-856.234
-603.35
-345.485
-248.894
-132.779
-130.233
0.361953
115.088
23.9977
181.57
283.905
397.59
655.804
289.244
109.52
-43.9416
40.8715
316.448
91.0996
411.963
791.7
913.791
1101.31
1461.3
1356.96
1780.1
980.44
1138.37
1030.42
1222.53
1253.9
1267.42
1367.18
1462.61
1534.78
1473.23
2281.74
1995.84
1781.25
1931.35
1312.45
743.388
927.775
1073
1150.79
1417.18
1921.9
2053.62
1902.68
1838.78
1002.59
1071.28
1140.81
1086.47
1261.4
1287.63
1337.55
1438.98
1451.76
1410.08
2477.88
2446.24
1745.88
1444.11
1214.9
1106.28
1311.14
1329.03
1405.25
1474.27
1864
2350.7
2343.09
2650.91
1246.15
1325.14
1422.2
1430.89
1287.39
1374.36
1520.91
1445.16
1579.84
1605.77
2569.71
2333.97
1994.24
1585.08
1383.36
1116.56
1171.05
1359.17
1655.08
1789.46
2392.35
2368.95
2362.92
2550.02
1259.56
1266.07
1428.95
1381.98
1352.17
1448.55
1465.34
1472.3
1431.32
1555.79
2518.78
2213.97
2028.29
2037.61
1165.79
1149.24
874.595
928.493
902.502
1083.72
1468.78
1338.41
1237.86
1318.76
777.26
835.1
821.086
798.06
809.603
674.948
596.775
728.091
796.937
847.156
1084.53
867.22
588.619
32.6983
243.237
292.286
32.2466
369.723
388.086
613.941
470.928
607.648
673.06
567.534
150.838
340.569
160.767
356.74
283.589
400.718
422.279
564.053
439.037
684.335
625.493
667.737
41.4014
58.9659
-129.686
-62.4798
1.85059
184.427
528.354
905.281
843.224
1289.48
1276.02
1567.86
675.498
900.555
815.858
990.492
956.458
1046.87
845.906
824.017
929.959
1019.53
1827.76
1789.89
1353.72
1340.6
1208.78
726.836
1053.61
1163.3
1730.47
1968.34
2473.47
2348.85
2436.83
2602.08
1394.43
1426.05
1405.36
1361.35
1433.37
1397.14
1541.81
1511.97
1610.74
1637.22
2804.89
2330.25
1924.42
2024.52
1485.92
1544.73
1532.2
1457.28
1741.6
2036.52
2332.78
2305.44
2728.63
2473.11
1433.6
1373.66
1432.95
1496.89
1461.47
1463.37
1615.97
1463.92
1650.45
1617.95
2772
2652.14
2117.32
2079.71
1786.59
1440.68
1391.56
1535.64
1715
1967.15
2199.51
2578.87
2733.28
2446.59
1337.67
1480.69
1512.5
1452.38
1410.74
1537.26
1289.76
1363.65
1289.25
1241.25
2280.12
1928.47
1449.27
1281.72
966.177
844.432
955.902
951.33
876.089
1386.4
1413.55
1027.4
933.204
1107.93
972.212
900.062
929.397
1124.29
1131.67
1150.24
1088.13
1155.62
965.243
1086.19
1832.87
1157.53
1066.5
995.772
619.386
710.985
655.766
763.369
661.217
831.423
654.757
476.652
439.306
619.565
376.38
358.573
356.834
462.885
683.261
755.468
699.384
798.045
715.803
928.789
1435.04
1034.67
937.695
624.963
350.199
575.385
779.085
721.73
1015.17
1540.54
1568.03
1789.7
1824.81
2003.83
1130.38
1186.61
1366.98
1657.29
1615.84
1688.02
1532.25
1671.78
1635.75
1598.75
2546.42
2362.26
1598.79
1597.04
1330.3
864.58
1176.97
1144.64
1369.21
1652
2089.05
2075.4
2409.01
2377.38
1175.61
1213.15
1335.08
1396.9
1241.87
1411.61
1224.31
1413.47
1392.19
1356.12
2303.71
2173.56
1904.91
1330.82
622.066
545.322
788.826
854.266
926.478
1117.49
1284.52
1426.43
1360.12
1272.72
726.449
797.78
717.328
756.022
758.375
749.596
774.213
830.832
715.739
947.843
1186.28
1291.51
1002.03
881.39
686.575
584.248
764.774
877.402
1184.49
1173.14
1378.64
1716.86
1636.18
1851.85
935.156
1193.59
1258.38
1196.87
1303.28
1449.42
1456.95
1521.86
1406.75
1495.64
2410.42
2095.24
1785.34
1612.87
1598.98
1314.36
1387.55
1195.77
1280.46
1602.68
1994.35
2228.18
2092.02
2588.27
1171.93
1343.03
1397.37
1434.11
1388.34
1481.8
1482.4
1460.57
1417.12
1395.17
2761.48
2410.7
2001.87
1895.7
1287.4
1429.33
1457.56
1599.15
1828.64
1823.06
2441.56
2603.49
2536.61
2705.48
1471.58
1302.52
1568.74
1643.47
1566.6
1615.71
1563.36
1733.12
1578.74
1838.22
2967.61
2889.55
2619.36
2388.33
2063.93
2022.65
1809.71
2030.26
1936.61
2421.23
2518.53
2763.39
3047.98
2881.91
1481
1635.35
1501.71
1659.95
1615.84
1727.71
1720.95
1588.06
1814.94
1801.74
2929.26
3056.01
2840.16
2614.57
2101.2
1883.75
1727.92
1733.69
1679.61
1855.87
2212.81
2390.04
2159.51
2479.43
1230.31
1091.78
998.615
899.303
1019.77
976.947
887.072
902.379
878.443
1086.64
1592.94
1484.74
1254.73
964.189
488.905
469.024
788.795
650.995
820.836
1114.38
925.618
1055.73
1381.59
1349.88
637.09
707.544
582.54
603.187
439.081
276.087
423.383
354.694
308.459
239.871
113.258
-134.777
-347.247
-369.707
-367.688
-547.53
-393.172
-349.843
-534.531
-457.021
-443.45
-586.024
-442.025
-300.114
-390.372
-378.985
-462.374
-675.788
-745.307
-940.106
-791.504
-796.337
-843.624
-1024.1
-2327.29
-2645.35
-2838.98
-3279.25
-2789.79
-3111.88
-3365.57
-3243.21
-3144.74
-3079.07
-3734.55
-3450.9
-3310.15
-3181.86
-1461.04
-1304.61
-1173.85
-1181.43
-995.611
-990.942
-999.978
-699.606
-522.971
-583.424
-1431.95
-1564.94
-1919.08
-1789.5
-1498.64
-1387.83
-1185.34
-1263.38
-970.95
-593.02
-854.641
-730.151
-661.16
-579.315
-231.59
-100.736
-217.249
-136.753
-151.613
0.360713
-98.5288
-96.8084
-79.9375
-95.6357
-250.321
-276.239
-231.812
-257.572
-226.537
-215.737
-151.483
-209.755
36.0584
259.143
309.983
878.764
552.157
741.233
557.547
652.456
763.006
774.656
887.043
901.763
1038.61
879.99
809.305
1082.32
1418.78
1209.27
1174.82
478.576
598.447
651.407
930.434
954.093
1048.54
1479.16
1535.83
1508.18
1699.46
2037.62
1074.32
1127.64
1239.82
1198.39
1305.8
1305.76
1375.35
1380.24
1459.37
1396.16
2352.68
1881.24
1902.88
1539.49
1277.16
912.821
1071.62
1194.06
1338.11
1781.24
2019.68
1961.64
2045.82
1974.76
1062.09
1201.27
1080.58
1140.31
1136
1126.06
1197.84
1184.64
1023.23
1180.39
2103.44
2028.75
1550.8
1752.16
1126.3
978.309
915.711
1254.91
1107.91
1466.85
1528.68
2010.67
1731.99
2138.06
994.379
902.695
968.035
814.12
778.48
663.34
634.827
767.939
775.095
875.016
1007.48
1082.26
479.487
31.8583
102.126
183.63
715.341
603.806
1031.66
1512.82
1821.12
2253.95
1963.68
2349.66
1208.23
1191.71
1444.87
1300.52
1522.56
1590.64
1636.91
1513.62
1497.89
1586.97
2889.68
2678.1
2682.5
2379.01
1994.91
1907.41
2090.21
1772.81
2180.78
2232.15
2706.48
2803.71
3018.56
3201.16
1585.47
1709.63
1619.62
1717.33
1661.25
1711.16
1741.55
1679.35
1787.08
1709.78
3112.6
3115.4
3042.36
2466.57
2152.89
2247.93
2061.75
2261.66
2262.55
2497.9
3001.47
3141.04
3022.31
3469.35
1743.87
1568.11
1433.44
1352.1
1339.95
1127.08
1217.25
1310.97
1587.56
1798.9
3083.2
3335.57
3556.46
3078.76
2464.77
2237.61
2377.44
2639.26
2641.73
2788.99
3342.59
3644.54
3543.14
3502.6
1830.45
1841.45
1912.2
2039.07
1944.52
2050.3
2010.27
2027.38
2019.55
2186.97
3454.4
3326.62
2737.76
2698.96
1946.28
1873.02
1670.5
1860.88
2201.89
2177.78
2892.88
2783.67
2995.53
2827.82
1596.68
1695.04
1657.85
1660.33
1767.2
1757.27
1765.15
1740.93
1783.53
1989.88
3603.43
3331.61
2984.94
2729.1
2267.39
1989.73
2021.41
2165.01
2398.85
2519.46
3089.76
3037.69
3105.15
3260.71
1415.42
1429.28
1238.02
1056.6
783.983
621.823
639.699
957.851
1182.83
1399.04
2949.68
3075.59
2890.48
2640.26
2280.06
2139.55
2550.54
2659.92
2708.06
2817.25
3465.98
3635.14
3676.27
3307.49
1585.12
1611.02
1595.93
1693.07
1546.44
1492.29
1498.08
1485.72
1288.51
1441.49
2390.82
2201.79
1749.3
1391.71
1031.84
1033.76
1193.58
1636.51
1647.95
2055.61
2084.11
2628.35
2733.56
2594.83
1425.03
1410.55
1372.52
1531.25
1577.38
1507.62
1318.09
1395.87
1443.38
1543.46
2893.52
3042.71
2868.26
2796.76
2233.12
2134.72
2213.65
2461.79
2407.85
2623.96
3055.65
3413.13
3293.28
3222.62
1843.44
1986.33
1980.68
2159.01
2203.94
2066.44
2019.41
2175.73
2179.2
2141.92
3834.25
3921.46
3671.61
3484.79
2636.21
2769.25
2670.74
2615.99
2838.88
3264.74
3526.54
3796.28
4060.91
4040.81
2029
2033.1
2164.59
2131.94
2178.27
2044.01
2122.44
2105.19
2243.95
2230.97
4028.34
3752.49
3943.79
3492.6
2559.46
2570.4
2602.85
2716.52
2956.26
3090.23
3865.53
3975.2
4125.05
3996.41
2038.39
1973.09
2060.77
2175.17
2244.48
2182.86
2247.79
2284.13
2123.28
2260.84
3865.39
3841.56
3670.95
3430.93
2508.53
2662.42
2699.67
3010.51
2768.58
3244.24
3623.47
3775.94
3813.02
3836.86
1770.15
1706.7
1634.96
1500.47
1359.42
1122.86
869.25
978.738
920.205
1158.22
1963.25
1941.39
1815.38
1873.47
1409.58
1187.38
1129.31
1181.9
993.571
1456.98
2021.4
2395.21
2754.63
2835.85
1648.02
1560.98
1630.7
1787.74
1821.54
1623.81
1755.15
1760.1
1626.71
1621.9
2936.28
3004.17
2619.74
2455.96
2363.76
2018.99
2128.9
2277.7
2500.8
2520.06
3174.67
3404.7
3541.93
3353.88
1884.54
1797.21
1981.98
2031.45
1837.12
1974.32
2004.63
2018.43
1963.15
1906.43
3799.24
3659.59
3235.13
3063.99
2287.15
2333.3
2416.91
2332.1
2600.38
2869.51
3280.33
3194.45
3473.36
3230.76
1808.34
1909.38
1772.67
1971.47
1922.34
2041.87
1931.18
2110.31
1949.43
2156.23
4025.75
3499.56
3482.17
3721.97
2734.96
2254.82
2401.16
2485.96
2646.07
2780.97
3469.39
3671.25
3829.49
3606.42
1917.96
2057.5
1904.64
2116.13
1958.59
2258.87
2326.18
2270.48
2240.2
2299.25
4236.43
4300.72
3997.15
3893.07
3095.05
3029.66
2633.54
2530.85
2796.36
3177.93
3876.63
3938.1
4056.17
4249.93
2239.1
2186.75
2216.23
2119.64
2269.77
2228.79
2187.63
2258.91
2301.57
2292.26
4446.56
4359.35
4078.04
3936.75
3012.62
3125.49
2949.38
2801.72
2995.65
3147.27
3881.73
4016.58
4056.02
4338.16
2164.33
2261.56
2278.86
2196.52
2303.92
2159.02
2274.92
2320.66
2371.18
2352.38
4395.59
3693.48
3383.04
3156.37
2265.27
2409.15
1975.52
2349.39
2040.88
2020.64
2587.83
2822.94
3031.26
3172.56
1637.88
1654.49
1649.85
1645.31
1788.18
1791.99
1969.15
1900.48
1845.35
1880.96
3384.72
3438.52
3356.96
2965.1
2045.55
2070.49
2143.7
2050.19
2132.55
2420.94
2863.94
2927.37
3023.53
2891.13
1639.18
1538.52
1556.35
1513.13
1722.97
1542.37
1609.38
1625.92
1661.19
1776.35
3368.32
3101.54
2628.48
2690.47
2036.22
2086.76
2092.8
2371.3
2535.43
2669.02
3157.9
3533.83
3328.91
3370.96
1732.4
1846.77
1966.5
1851.26
1840.36
1966.5
1938.08
1902.94
1672.7
1777.39
2971.83
3066.19
2728.42
2269.01
1879.84
2021.48
1858.8
1942.75
1985.04
2166.62
2471.46
2157.77
2169.09
2328.08
1160.95
1214.75
1185.29
1043.99
976.771
1021.87
1153.64
1117.88
1180.1
1260.33
2222.33
2450.45
2287.63
2303.5
1691.72
1855.05
1495.87
1640.05
1909.64
2037.36
2282.37
2208.25
2128.22
2063.71
1060.65
1269.8
1240.13
1135.58
1213.51
1291.34
1296.15
1288.2
1430.65
1485.15
2932.82
2989.91
2646.98
2251.54
2014.52
1669.37
1980.31
2130.18
2367.51
2506.68
2835.44
2868.76
3073.05
2609.97
1346.57
1355.52
1222.95
1070.48
1071.23
955.541
1136.7
1182.76
1118.86
1246.79
2655.73
2509.85
2586.31
2369.06
1613.8
1904.4
1529.33
1746.1
1942.01
2020.31
2580.83
2530.17
2568.58
2817.06
1556.91
1645.41
1705.85
1662.32
1700.77
1792.79
1890.87
1969.36
2143.76
2199.18
4159.56
4059.56
4219.09
3833.97
2971.45
2783.02
3001.76
2926.71
2806.54
3041.25
3667.18
3713.26
4151.49
4205.59
2038.15
2104.61
2044.22
2101.43
2017.55
1969.8
1965.53
2047.42
1807.43
1859.68
3425.58
3557.54
3213.12
3370.04
2607.54
2023.12
1993.59
1995.39
1797.72
2031.65
1980.36
2334.28
2267.73
2166.24
1178.91
1049.95
1050.93
1138.53
940.2
979.923
956.708
903.165
774.588
861.563
1077.34
845.788
603.367
565.248
683.454
240.439
564.377
688.198
731.606
950.266
1434.73
1567.9
1593.43
1698.36
959.858
1144.34
1093.33
1053.78
1110.4
1108.34
971.564
1061.74
1086.08
986.139
1812.48
1600.35
1227.15
1388.36
987.469
813.15
1115.45
961.521
1062.09
1355.15
1557.63
1512.81
1458.75
1881.36
1027.26
