490.914
477.975
527.274
541.778
567.742
567.553
617.891
1307.71
1206.55
1184.19
1200.27
885.881
718.164
637.384
809.655
955.568
912.854
1158.88
1246.79
1156.29
1249.37
610.354
651.344
671.149
632.148
664.986
652.092
690.313
655.847
677.486
676.863
1270.71
1327.32
1198.92
1207.86
838.63
595.435
640.764
711.936
646.524
754.856
866.366
951.078
932.003
867.43
452.412
486.386
459.039
517.437
472.648
476.213
515.5
512.446
472.277
473.988
897.981
957.839
746.211
770.655
488.124
635.928
490.504
580.062
591.309
643.12
821.741
718.29
790.872
744.767
404.096
421.057
407.507
472.65
471.546
446.833
432.198
433.138
474.559
414.67
865.204
847.832
578.547
447.411
253.537
274.406
149.36
153.687
109.24
42.3723
85.7707
68.4579
1.9015
83.6453
27.8916
-1.4971
46.0473
-1.18738
78.248
64.3722
119.409
133.615
153.897
172.113
336.109
314.457
308.347
196.071
29.6698
-63.4105
-96.4869
-27.2737
-50.6101
68.5338
32.19
72.0155
58.8805
-14.6249
31.6109
30.4764
94.9295
134.841
129.907
144.515
141.384
141.105
176.483
152.74
255.975
144.774
209.967
36.6707
-112.97
-132.313
-67.4854
-40.8296
68.6296
39.918
123.689
44.0071
-14.202
-5.41407
55.4384
105.947
66.2022
112.963
136.483
189.4
221.767
218.28
160.577
144.416
82.6041
82.1114
33.5823
26.3162
18.0463
137.97
180.484
164.314
155.559
281.289
419.914
427.793
522.283
504.761
329.604
364.002
420.035
424.595
447.716
466.047
496.756
460.775
362.634
383.534
602.06
650.384
619.928
803.257
457.175
484.517
381.468
390.347
389.343
374.077
547.182
695.361
576.348
720.868
432.529
416.665
414.393
476.452
495.129
489.155
507.421
496.642
463.649
472.792
935.162
903.48
790.067
750.983
430.828
383.745
403.842
452.118
486.172
438.723
617.943
516.735
679.499
686.986
381.335
364.127
368.558
355.245
346.087
351.292
377.306
327.053
253.176
232.422
278.94
251.485
129.387
11.4186
-48.737
60.6966
39.0642
0.884754
137.281
414.029
419.217
262.472
22.7197
58.5242
151.486
85.4897
-43.7443
-254.644
-537.102
-320.458
137.082
586.983
408.245
424.28
540.003
495.588
608.729
515.984
260.816
564.562
578.858
463.467
480.566
462.573
731.63
908.111
932.603
1058.71
565.502
493.399
488.54
611.778
594.583
613.226
739.665
746.993
574.018
635.902
1262.63
1199.1
1018.59
1002.13
850.908
631.845
527.825
433.427
458.263
617.155
1025.11
1332.26
1312.96
1242.13
699.047
684.402
721.437
669.542
693.631
691.148
680.839
735.748
692.593
700.505
1284.17
1167.72
911.986
698.594
493.082
496
459.955
608.913
686.602
650.108
909.126
898.931
1031.65
1077.63
568.054
701.021
668.914
670.624
652.916
613.249
585.512
611.577
563.413
592.019
1059.55
1001.19
878.661
915.572
685.824
767.91
797.82
740.903
775.29
812.663
901.108
968.486
906.298
866.915
374.962
360.425
389.648
382.445
444.296
456.36
477.334
549.693
525.344
561.181
1121.35
1028.34
926.865
860.639
587.199
628.739
703.204
721.527
710.424
829.633
969.08
1055.66
979.834
1053.47
520.574
542.311
512.869
520.805
547.712
532.851
574.725
551.569
550.39
561.198
1068.11
1099.23
955.021
913.073
927.96
959.609
944.157
943.462
922.576
969.931
1275.82
1243.46
1291.48
1262.77
692.513
663.94
704.469
687.318
697.167
696.919
712.34
741.652
725.481
753.858
1446.04
1353.47
1262.16
1206.81
922.244
929.574
890.039
905.56
972.157
971.728
1216.68
1235.65
1270.84
1349.94
642.455
667.764
682.194
668.831
685.893
679.834
729.108
710.443
719.221
752.305
1402.49
1269.93
1303.02
1143.03
851.22
1005.71
800.838
840.47
998.144
1035.07
1262.49
1244.17
1312.84
1245.76
662.446
670.092
719.499
716.492
694.929
741.944
726.156
722.543
709.858
746.569
1439.26
1353.57
1122.21
952.873
727.69
596.266
686.232
599.501
610.45
573.54
693.975
823.563
761.609
760.672
381.705
340.165
350.726
343.611
306.193
294.166
242.731
260.193
277.914
307.461
666.41
561.159
491.686
331.986
189.208
189.531
24.5457
52.7232
104.337
153.085
125.567
167.001
55.6898
-76.5712
-55.5712
-119.566
-91.6431
-114.899
-147.506
-166.6
-157.719
-175.136
-154.331
-199.469
-356.235
-473.66
-559.273
-576.226
-505.588
-445.879
-591.525
-509.419
-560.464
-488.092
-503.805
-451.466
-490.877
-532.148
-253.966
-258.685
-321.682
-320.47
-329.245
-341.601
-394.742
-513.008
-563.461
-623.56
-1207.71
-1288.26
-1356.85
-1512.75
-1290.67
-1232.83
-1325.02
-1298.44
-1272.81
-1110.72
-1107.88
-900.343
-646.408
-369.565
-144.401
-73.3583
-32.6185
-3.91398
-3.35039
6.56893
79.3933
79.231
69.0019
75.8499
-31.0139
-103.013
-311.987
-499.126
-507.75
-534.935
-518.58
-539.806
-478.632
-417.261
-464.292
-439.501
-453.242
-385.728
-177.98
-240.713
-255.301
-215.474
-241.69
-215.066
-206.62
-190.552
-201.421
-136.592
-276.104
-299.027
-283.52
-254.109
-378.447
-315.956
-346.921
-350.257
-321.5
-298.899
-303.408
-327.153
-292.331
-327.995
-104.065
-163.207
-77.8208
-82.8256
-73.6305
-20.7588
-114.523
-103.93
-117.586
-125.825
-273.606
-216.33
-290.512
-303.437
-300.975
-198.022
-171.91
-182.085
-238.521
-206.474
-93.0912
-106.46
-38.6852
10.3606
8.73962
53.6714
30.2987
30.0496
69.3449
43.407
71.4032
100.349
164.217
144.306
409.623
325.775
352.091
132.463
-9.26374
67.6696
124.922
153.972
187.743
271.936
479.303
468.423
629.423
596.86
338.373
316.14
355.944
310.045
344.279
332.151
403.789
376.366
400.793
409.01
857.795
734.467
744.431
588.843
490.15
485.27
479.791
434.28
594.249
561.596
859.842
862.656
812.264
881.31
457.129
465.041
505.375
507.727
475.628
482.846
483.112
439.169
419.617
371.886
639.287
533.846
523.895
317.387
198.894
160.463
306.188
311.367
370.162
478.219
628.779
763.821
800.911
807.175
422.303
441.972
481.185
451.113
465.967
441.478
487.671
491.392
512.709
527.142
947.478
950.768
854.831
818.281
610.154
562.85
581.049
524.906
611.085
645.829
829.765
956.479
886.443
1020.17
512.633
513.041
569.184
563.095
563.936
609.039
565.954
621.663
593.505
591.655
1121.66
1008.89
978.968
934.134
713.717
696.159
591.721
641.274
674.423
771.555
951.564
895.7
929.097
1042.84
556.01
553.807
577.325
576.405
550.159
616.873
604.585
530.172
526.003
522.819
1019.79
1053.18
914.405
828.334
604.941
726.339
567.994
563.407
537.02
446.272
580.527
619.482
587.042
695.653
307.818
329.931
317.077
277.261
349.792
342.603
395.562
417.03
431.969
482.128
915.398
943.018
839.831
736.481
589.298
491.033
442.661
628.418
572.643
669.115
900.542
877.448
967.482
957.072
543.036
558.326
552.214
555.138
516.685
520.176
552
509.237
526.93
488.009
987.043
835.491
823.399
650.79
372.506
360.79
461.951
534.382
551.838
629.8
807.514
956.06
1023.44
1060.18
505.799
534.166
579.845
609.199
605.231
589.171
589.629
627.453
599.374
659.587
1197.01
1189.16
1121.17
1144.84
810.124
842.092
917.107
894.585
731.161
792.516
975.216
1083.91
1049.69
1072.98
586.928
560.79
575.053
579.279
552.295
607.477
565.732
602.422
653.056
704.669
1308.35
1361.76
1128.04
1126.08
801.206
710.942
892.008
807.207
890.533
896.115
1058.35
1097.87
1112.76
1139.17
557.054
557.651
549.685
609.117
615.432
581.219
646.11
605.828
658.563
641.406
1211.07
1041.63
1039.37
1045.24
593.084
594.928
720.711
606.43
695.199
685.904
797.592
819.192
853.414
928.215
456.354
507.949
514.325
480.765
515.363
546.419
489.71
453.337
437.523
360.762
630.635
451.253
306.793
39.0221
-93.0149
-205.862
-296.652
-295.702
-300.589
-394.667
-501.503
-478.654
-479.072
-439.99
-212.149
-189.174
-203.959
-180.037
-187.236
-133.976
-112.669
-73.499
-57.4929
-80.6735
-42.0745
-163.521
-233.313
-275.287
-297.659
-377.048
-363.873
-317.982
-350.46
-302.638
-231.764
-296.153
-267.778
-414.957
-224.157
-261.336
-242.423
-249.422
-254.803
-259.114
-204.575
-196.872
-217.62
-209.601
-275.421
-264.161
-210.505
-228.889
-156.097
-247.107
-207.275
-194.752
-187.511
-69.2358
37.8364
53.693
103.874
130.364
104.431
98.9988
154.305
130.337
131.746
174.01
178.9
234.915
314.834
289.74
696.382
682.941
443.4
366.754
479.028
532.325
352.71
457.686
516.553
540.5
642.448
628.288
555.97
605.004
337.979
335.265
374.007
371.9
358.677
399.891
425.172
477.026
469.281
529.287
923.057
928.389
805.963
928.191
631.462
685.405
543.022
663.212
587.303
613.799
823.967
923.911
848.305
922.333
481.947
446.589
481.369
446.512
473.076
509.284
498.237
542.116
522.688
559.053
1079.48
923.591
917.075
877.508
586.702
485.838
617.137
619.66
549.732
659.215
938.85
970.43
1007.27
916.71
523.347
475.88
461.345
470.205
446.915
411.148
459.769
448.762
504.815
488.298
992.088
923.958
906.601
1060.98
581.443
782.313
611.817
610.134
609.359
884.95
1056.25
1099.93
1179.31
1193.05
609.753
641.834
630.176
669.21
637.249
633.142
641.582
649.836
677.224
695.893
1344.1
1315.46
1161.18
949.725
791.905
854.402
624.653
730.936
815.989
781.182
1026.1
1071.82
993.93
1044.79
485.619
448.081
459.504
438.628
415.354
361.768
276.292
273.671
179.479
157.655
363.788
269.182
80.3682
-8.67981
-71.2726
81.3142
-151.291
-112.469
-121.211
-183.915
-97.9
-142.649
-100.65
-129.881
-35.5748
-53.5303
-25.3359
-19.7233
8.81325
6.32665
10.3078
65.5614
101.751
154.176
163.718
55.2946
-113.268
-373.036
-357.819
-225.663
-461.48
-398.476
-447.95
-505.117
-621.487
-583.989
-436.652
-428.689
-154.997
-176.238
-120.936
-51.5946
-53.4383
-53.0605
-18.7289
47.3525
131.2
137.565
348.527
481.358
322.842
364.85
156.218
194.76
69.211
236.561
329.02
359.652
593.471
632.745
652.436
645.588
400.228
387.11
377.996
386.19
410.119
430.748
412.054
452.524
442.502
434.508
807.14
690.645
568.459
518.483
292.767
394.373
382.331
200.147
187.411
161.057
-0.158599
-148.545
-284.407
-496.541
-162.768
-97.956
-32.9625
48.8067
126.33
202.673
87.2781
17.8477
17.236
-24.2682
-0.476418
-100.585
-239.042
-332.042
-109.784
-182.236
-215.986
-299.772
-428.942
-506.139
-676.546
-629.422
-604.529
-569.205
-331.585
-257.367
-208.97
-109.56
-50.085
39.3005
138.828
228.191
249.215
284.723
361.98
196.887
-155.294
-252.576
-265.407
-192.667
-196.953
-263.071
-130.853
-93.8425
83.527
186.195
141.471
258.692
156.173
151.83
152.049
143.112
246.856
231.74
306.557
288.081
336.978
403.475
773.139
785.814
603.776
523.165
284.344
376.334
271.085
274.87
377.305
462.069
509.488
593.14
520.044
653.379
329.128
381.681
387.802
410.973
377.864
442.177
456.235
458.929
456.955
465.261
910.159
914.593
727.013
593.633
473.524
470.722
505.721
593.412
559.203
602.661
736.03
909.355
834.226
887.479
487.685
476.226
511.225
515.742
489.01
473.505
469.794
442.739
476.119
419.442
783.616
716.141
630.751
471.065
419.887
277.98
354.554
324.022
374.374
508.365
623.216
717.84
772.726
678.957
375.479
356.539
363.96
408.045
377.751
387.723
425.145
459.643
446.63
455.741
815.627
781.246
667.334
619.696
495.195
527.26
416.394
433.161
445.634
548.548
731.266
836.709
908.782
1132.17
575.072
573.473
578.846
552.599
610.454
604.777
576.42
641.193
648.904
622.771
1248.15
1099.36
922.418
814.221
720.278
635.197
666.449
675.518
747.187
758.594
1014.56
949.066
997.37
1076.73
568.718
581.069
540.487
614.673
582.973
592.437
577.117
583.872
632.613
614.939
1189.16
1074.77
878.77
896.363
657.519
634.389
567.338
594.52
686.783
702.256
976.053
1027.38
1087.31
1024.75
548.474
574.97
575.597
547.713
601.035
574.765
580.268
626.837
606.203
645.708
1184.65
1090.72
892.364
728.083
718.304
538.907
666.823
639.842
622.045
736.44
965.173
970.962
1090.08
986.515
546.325
583.271
567.699
583.92
589.194
621.205
601.899
625.598
586.612
624.564
1155.03
1000.27
988.543
1027.94
628.599
693.386
639.569
602.104
626.294
706.571
902.052
979.668
996.638
1053.64
580.88
562.513
560.326
553.326
617.564
588.865
624.873
621.177
577.851
526.914
1005.62
885.599
782.904
439.971
385.622
535.87
586.345
514.409
540.743
496.161
666.058
699.873
718.036
789.958
461.801
435.927
485.462
449.768
494.572
463.674
494.931
474.11
528.058
488.613
942.331
879.39
586.147
530.429
465.09
373.662
465.176
367.931
374.652
499.429
628.656
552.881
576.728
531.49
276.185
266.289
277.979
328.884
360.311
360.246
343.379
327.244
305.589
344.588
538.422
410.512
382.961
330.753
441.431
330.928
314.999
281.378
294.905
232.015
483.866
554.009
647.927
618.232
389.808
380.619
368.308
404.69
443.834
468.562
454.82
441.568
483.107
446.516
894.344
710.518
516.834
592.405
269.275
182.125
170.871
193.23
243.452
245.299
383.647
362.465
171.7
52.1605
-38.2785
-113.791
-56.7336
-33.1057
94.4553
12.4755
-152.464
-236.304
-291.485
-294.046
-391.604
-236.772
-284.646
-191.795
-54.9897
-74.4732
-225.162
-385.18
-225.655
-150.534
-15.2814
144.627
189.026
137.897
98.6148
160.87
163.238
205.452
178.834
212.399
278.339
248.198
273.448
307.413
435.643
403.646
398.558
315.206
2.35517
-49.9804
-96.4615
-44.0235
36.8099
175.166
189.57
142.05
39.7232
57.7138
-2.35122
8.64725
-5.35583
-34.3226
-31.9949
-43.2844
-12.3229
-44.8388
-58.7594
15.7811
-29.5089
-139.923
-77.9021
-185.449
-257.588
-281.573
-408.677
-372.932
-407.012
-295.02
-314.838
-332.626
-253.948
-395.671
-217.15
-235.893
-202.191
-151.958
-189.863
-162.666
-141.776
-122.121
-108.831
-114.739
-300.014
-418.081
-573.262
-763.972
-695.722
-788.218
-777.985
-684.455
-751.275
-681.079
-756.553
-658.097
-606.89
-667.601
-289.464
-267.805
-243.382
-255.062
-206.398
-200.416
-195.076
-215.171
-173.25
-218.054
-377.659
-480.287
-455.918
-570.806
-472.665
-750.873
-692.464
-758.083
-887.356
-921.833
-1154.47
-1338.4
-1351.49
-1395.22
-732.605
-657.71
-597.838
-490.994
-383.427
-370.383
-328.171
-322.154
-253.457
-214.256
-367.239
-405.267
-494.386
-494.147
-399.624
-580.595
-498.618
-619.415
-487.893
-402.093
-466.141
-380.258
-309.296
-369.86
-142.318
-120.132
-132.583
-102.627
-71.8187
-89.7958
-100.967
-84.689
-122.122
-103.109
-240.581
-307.379
-520.438
-657.699
-595.577
-535.878
-669.762
-623.904
-531.584
-495.361
-508.785
-453.67
-388.892
-358.548
-168.173
-199.634
-161.808
-185.813
-198.869
-205.089
-150.086
-143.508
-110.019
-112.693
-115.674
-157.823
-171.213
-463.898
-423.789
-371.675
-396.368
-458.546
-393.634
-415.862
-439.097
-477.011
-498.245
-440.69
-186.227
-180.491
-234.187
-238.371
-246.88
-185.87
-210.061
-173.98
-215.591
-204.274
-303.176
-278.074
-318.079
-447.757
-315.873
-272.391
-344.308
-330.891
-396
-408.432
-484.477
-477.684
-373.543
-388.792
-147.655
-162.742
-158.043
-144.536
-92.6678
-52.8797
-31.4376
-28.3621
-52.0681
-122.288
-327.862
-608.015
-774.372
-978.403
-876.198
-848.324
-919.63
-775.629
-834.74
-781.304
-905.303
-837.879
-799.172
-823.254
-433.79
-412.897
-395.1
-434.163
-451.56
-438.951
-412.499
-366.037
-335.121
-326.09
-801.862
-910.589
-866.894
-956.384
-910.852
-747.406
-785.678
-801.491
-663.762
-680.392
-802.243
-759.846
-772.096
-764.186
-367.549
-364.046
-399.672
-427.989
-464.019
-500.105
-555.372
-557.738
-533.663
-520.693
-956.661
-958.54
-1061.77
-1078.26
-775.809
-842.838
-653.711
-697.431
-622.597
-405.56
-348.17
-310.593
-335.005
-200.473
-64.4268
-92.6116
-69.1845
-8.42934
39.9622
85.862
67.5426
123.083
139.744
198.232
290.388
100.584
148.802
-9.16974
66.2611
41.0274
264.336
164.63
295.869
413.517
680.686
624.046
950.81
957.916
373.235
419.796
404.108
385.302
314.24
360.563
336.304
295.629
292.999
176.505
70.9989
-227.34
-85.8998
-369.201
-440.163
-742.57
-959.147
-947.625
-850.045
-900.197
-1027.64
-631.667
-395.28
-218.023
-19.5225
-83.7836
-96.0782
-104.844
-122.256
-79.3111
-67.7606
-142.469
-130.041
-184.854
-453.536
-699.189
-695.208
-764.227
-586.813
-696.019
-866.572
-686.968
-854.929
-976.254
-1303.26
-1388.04
-1395.64
-1147.49
-548.555
-502.759
-389.45
-340.168
-268.184
-276.99
-289.909
-241.189
-219.982
-260.847
-553.87
-981.972
-950.942
-1019.42
-635.55
-638.864
-455.97
-355.418
-127.852
-183.867
-96.6595
-72.0902
36.8198
17.3134
-56.7529
-76.9335
-99.2841
-187.42
-223.72
-301.383
-460.31
-590.338
-768.994
-953.407
-2197.07
-2497.96
-2618.54
-2692.25
-2233.52
-2130.16
-1996.91
-1953.7
-1874.27
-1783.55
-2014.72
-2021.58
-1938.4
-1849.5
-930.184
-923.003
-887.077
-848.912
-768.475
-675.69
-599.42
-536.415
-518.864
-551.71
-1238.25
-1295.57
-1350.73
-1221.53
-1056.33
-973.611
-847.197
-787.574
-747.593
-695.944
-613.679
-557.001
-486.846
-535.579
-222.946
-251.797
-204.73
-180.601
-163.107
-133.269
-134.756
-162.387
-119.031
-160.926
-349.743
-437.45
-495.004
-561.741
-509.417
-410.658
-464.886
-372.265
-162.466
-175.703
-148.222
-63.1288
8.66585
50.6728
7.86539
-15.0153
-7.85145
-34.9398
-68.2968
-88.7426
-95.2591
-18.2341
-2.97248
-33.5247
-239.888
-165.428
-225.04
-373.617
-253.89
-190.93
-247.217
-99.8801
-159.049
-45.9086
175.052
195.034
223.28
230.697
150.265
177.745
201.206
187.429
204.536
217.329
248.443
258.582
265.154
290.35
507.487
316.579
255.765
183.981
111.915
205.985
220.978
422.452
422.937
489.014
742.116
800.546
741.555
817.483
434.022
408.321
430.488
473.384
447.762
443.532
502.481
513.399
502.672
466.853
583.632
536.78
333.505
437.81
292.325
167.216
267.43
78.0318
257.496
288.808
349.622
498.684
405.866
480.978
264.626
305.92
298.286
341.311
374.371
383.696
387.028
493.87
449.967
412.091
779.36
645.197
551.234
595.715
364.479
211.781
225.32
310.991
437.497
450.114
739.615
792.864
816.548
746.97
433.795
419.124
436.418
471.087
421.905
432.643
476.954
502.408
467.121
413.833
689.789
664.561
615.794
458.563
384.613
192.644
322.026
118.945
253.037
191.787
397.38
446.156
330.38
348.671
116.039
144.762
172.987
175.185
162.371
190.49
193.987
204.63
199.541
177.894
244.669
87.9174
-3.20996
-25.7342
-134.325
-155.476
-93.1668
-166.591
-220.752
-130.596
-109.769
-23.4183
21.5063
97.2368
47.4015
84.3664
99.5888
92.0026
123.402
132.175
112.791
99.3949
108.069
69.2096
-34.6275
-145.162
-146.814
-300.172
-352.947
-595.003
-568.678
-538.948
-587.792
-552.837
-601.37
-603.371
-538.794
-521.248
-281.641
-302.342
-288.758
-234.35
-229.979
-210.818
-228.157
-199.33
-223.631
-284.315
-521.528
-632.717
-838.398
-913.062
-868.327
-687.985
-910.126
-868.463
-711.234
-676.386
-767.308
-657.216
-770.202
-679.209
-378.276
-361.098
-328.421
-292.211
-274.547
-281.642
-275.896
-293.99
-277.042
-275.665
-650.975
-585.837
-779.358
-896.447
-646.27
-716.757
-748.247
-678.228
-735.621
-586.283
-713.214
-623.377
-588.657
-630.313
-239.475
-229.697
-223.91
-172.036
-164.349
-101.639
-144.783
-141.871
-135.799
-150.525
-286.053
-417.455
-608.218
-721.79
-542.956
-696.657
-506.634
-521.06
-542.432
-419.648
-374.393
-356.208
-369.019
-415.708
-190.898
-155.422
-204.715
-179.015
-210.951
-193.444
-197.024
-202.73
-241.737
-271.757
-562.594
-642.27
-840.777
-746.068
-676.823
-758.233
-602.271
-608.727
-616.462
-425.421
-345.34
-328.191
-296.648
-233.112
-82.5692
-99.9613
-41.2963
-43.4242
-3.92421
-10.4423
48.7593
-3.08639
53.2007
-8.04497
-152.861
-314.233
-500.202
-492.321
-364.88
-499.106
-377.746
-363.435
-203.482
-240.585
-183.826
-88.017
-107.413
-13.0644
-43.3686
-9.64857
-53.4319
-31.7435
-48.5437
-62.2374
-15.4425
7.44047
-22.5522
-36.9143
-170.137
-270.908
-185.746
-388.176
-411.057
-367.518
-391.773
-394.22
-358.702
-181.878
-197.126
-44.9984
69.4786
27.4259
105.487
138.444
122.025
205.291
195.062
214.694
277.193
287.532
315.529
275.948
384.589
315.056
243.539
243.264
350.708
207.906
292.112
318.262
388.101
382.591
641.475
691.501
688.791
604.119
280.325
307.377
306.731
275.756
327.35
316.792
469.299
466.883
438.46
431.726
686.41
583.522
471.723
438.714
209.02
75.6451
29.4442
120.001
60.2123
250.862
301.026
402.616
400.293
388.306
216.983
196.301
119.441
98.0274
37.6001
43.773
32.9173
81.3173
157.79
136.677
43.27
97.8582
-54.4381
58.1587
-72.9398
95.7954
18.6543
96.1646
243.569
271.54
408.08
358.093
372.964
232.963
32.2067
29.7893
-9.57713
10.3453
29.8819
49.5417
80.3851
184.8
218.294
217.49
391.593
326.947
148.219
-28.4289
102.051
188.752
101.32
-56.1092
14.3035
142.756
191.502
122.617
52.3698
107.663
32.3525
62.6406
74.1997
32.8325
20.5753
17.6631
-71.0132
-100.562
-48.7796
-51.8763
-106.189
-91.1137
-338.621
-250.853
-384.421
-155.103
-132.293
-159.567
-181.607
-66.4583
33.7084
-29.7556
-50.4948
-109.161
-52.1444
-10.1113
48.4438
100.151
145.484
211.771
201.724
165.875
183.601
120.981
-81.3345
-129.972
-49.9038
-143.823
-216.787
-183.532
-45.4756
-27.9352
-7.33974
127.501
285.757
368.878
369.243
387.17
187.019
169.398
83.9579
88.9415
59.2676
14.858
18.5363
47.0133
62.4036
-3.38406
-121.444
-282.423
-269.581
-386.972
-426.371
-308.8
-167.038
-370.351
-413.05
-413.705
-484.933
-598.474
-453.262
-420.744
-149.916
-206.378
-148.373
-126.995
-121.84
-96.7237
-103.19
-83.0132
-70.3862
-134.714
-460.435
-544.123
-751.367
-786.921
-798.466
-613.584
-765.44
-627.996
-519.033
-465.675
-548.436
-480.037
-428.753
-473.452
-248.052
-227.396
-296.008
-286.513
-288.4
-312.947
-331.98
-245.532
-223.996
-226.419
-496.524
-548.714
-761.158
-565.794
-398.892
-609.406
-552.777
-529.549
-546.114
-452.958
-470.571
-329.407
-303.228
-289.824
-135.888
-132.399
-162.024
-150.662
-179.593
-163.554
-195.08
-136.7
-175.57
-202.737
-559.555
-650.918
-699.933
-893.007
-770.356
-714.506
-696.982
-723.2
-755.448
-660.546
-850.968
-753.719
-749.964
-595.069
-262.206
-252.773
-215.899
-143.927
-95.0544
-46.927
-9.97636
-10.6413
58.1142
30.5676
-165.128
-214.924
-227.195
-407.926
-137.372
-106.878
-262.221
-139.296
-204.811
-69.579
80.6311
71.8853
114.296
62.4137
24.6824
77.3936
76.2401
89.8411
48.5666
102.073
99.3631
58.9059
30.2914
-71.9534
-384.581
-521.455
-542.316
-809.712
-716.053
-560.48
-756.517
-670.252
-578.647
-642.458
-723.864
-657.545
-555.695
-546.01
-261.126
-320.786
-325.02
-352.695
-399.94
-368.201
-381.365
-377.998
-392.262
-416.236
-828.714
-740.327
-673.422
-816.136
-566.406
-640.778
-523.982
-541.678
-449.531
-363.482
-403.676
-401.419
-479.892
-411.397
-242.144
-230.153
-235.193
-189.174
-175.013
-144.51
-153.616
-122.622
-138.454
-91.0583
-181.086
-223.444
-379.539
-348.424
-62.7189
-262.822
-100.981
-226.165
-68.6711
-10.8052
65.921
251.064
151.627
251.224
106.516
69.9616
49.5175
17.7553
8.78419
6.44171
42.987
6.53982
31.9349
-88.9479
-372.468
-486.25
-564.157
-838.186
-651.657
-674.74
-771.543
-608.962
-760.895
-610.141
-546.63
-376.306
-292.945
-279.414
-92.5236
-113.845
-114.386
-142.891
-145.954
-159.612
-101.299
-102.845
-68.9059
-142.778
-419.988
-555.077
-405.374
-436.948
-428.38
-264.74
-404.082
-418.296
-402.322
-316.587
-453.142
-381.028
-423.738
-379.167
-189.349
-138.056
-111.036
-75.7491
-73.4726
-44.6726
-56.4226
-99.7328
-95.6477
-196.077
-487.315
-521.74
-741.693
-760.753
-648.225
-563.372
-648.991
-595.353
-660.861
-547.311
-565.246
-579.164
-599.322
-520.824
-309.991
-320.163
-325.903
-353.72
-347.021
-372.517
-355.771
-319.612
-351.405
-380.276
-948.796
-939.277
-1022.3
-1013.7
-751.492
-860.965
-970.88
-933.982
-919.234
-1030.99
-1243.1
-1296.28
-1366.45
-1483.98
-737.783
-770.395
-823.305
-779.108
-778.498
-780.678
-714.892
-716.412
-662.951
-716.592
-1344.92
-1573.02
-1486.31
-1628.2
-1147.73
-1282.98
-1291.59
-1469.09
-1283.23
-1267
-1542.58
-1558.64
-1532.32
-1565.3
-770.461
-739.045
-705.363
-645.987
-566.413
-513.561
-470.611
-432.834
-468.277
-530.683
-1239.69
-1441.11
-1543.88
-1728.2
-1405.95
-1515.06
-1380.21
-1406.88
-1445.61
-1553.66
-1928.82
-1922.98
-1954.32
-2070.82
-1070.94
-1096.41
-1126.81
-1097.08
-1144.98
-1174.81
-1117.39
-1063.61
-1085.45
-1173.85
-2464.99
-2497.43
-2409.44
-2398.68
-1829.68
-1954.97
-1975.22
-1781.43
-1804.65
-1766.35
-2118.79
-2112.92
-2012.41
-1859.14
-946.793
-852.834
-842.394
-780.313
-788.895
-703.196
-673.62
-610.075
-610.226
-636.061
-1255.98
-1295.44
-1306.97
-1308.23
-979.158
-1033.62
-958.566
-937.962
-780.009
-670.523
-618.897
-481.263
-415.827
-235.224
-105.818
-71.5283
-58.9249
-4.25462
23.3547
39.7248
68.0897
83.6327
74.4198
1.36596
16.4251
-136.653
-98.3209
-191.387
-91.2134
-115.855
-62.2193
-69.694
17.1808
113.187
271.753
503.633
472.397
472.007
258.083
308.173
314.409
278.034
338.839
341.656
361.066
343.737
318.549
283.938
379.039
140.935
76.6403
67.1434
113.304
38.2943
188.309
287.552
265.46
224.796
442.587
388.703
480.484
495.253
298.212
254.082
304.819
275.398
286.555
344.035
294.691
339.203
331.602
201.865
317.744
306.057
99.2001
-67.7815
189.621
-148.649
-11.6554
63.918
-14.5874
98.8587
119.841
215.008
212.409
295.589
148.075
282.695
199.528
210.493
104.889
216.786
206.953
73.7671
-52.7319
-99.3567
-403.437
-573.163
-466.613
-655.054
-478.862
-603.178
-581.912
-692.699
-669.127
-606.354
-712.5
-729.873
-789.434
-850.508
-423.741
-364.14
-366.446
-298.102
-261.177
-232.666
-188.287
-463.359
-579.332
-830.368
-1067.45
-1296.96
-2109.38
-2212.07
-1330.79
-948.537
-1340.06
-1247.02
-764.784
-752.046
-883.544
-697.672
-497.643
-1091.86
-588.398
-582.735
-628.003
-712.539
-814.299
-864.868
-816.153
-1016.79
-1279.06
-1474.78
-2454.6
-2254.85
-1721.6
-1390.5
-755.322
-753.597
-773.552
-678.141
-658.538
-610.005
-751.529
-661.25
-542.677
-459.12
-237.842
-224.017
-312.16
-456.342
-576.838
-489.876
-358.122
-289.446
-294.097
-441.374
-1043.93
-1198.59
-1221.53
-1253.49
-859.397
-719.687
-636.891
-634.418
-402.395
-369.131
-369.43
-259.828
-258.39
-127.358
-61.7448
-14.045
-10.32
77.5752
75.5047
122.234
124.645
108.309
120.089
36.5322
17.8234
-32.4092
-206.895
51.562
44.018
48.8648
101.844
115.646
74.1453
197.471
382.383
427.324
424.941
511.187
212.073
244.566
275.325
248.347
271.296
266.033
325.719
290.125
245.73
179.215
154.437
127.455
196.959
45.3393
71.0458
205.394
44.3287
232.302
146.276
249.815
318.707
435.922
473.18
496.004
244.2
284.349
245.179
239.255
290.017
294.056
279.548
296.163
265.932
202.512
231.174
162.308
117.498
150.317
90.5488
-38.4958
-18.18
21.7756
105.421
91.3102
325.151
317.581
434.403
378.329
224.618
223.409
235.893
256.134
304.164
286.183
306.025
300.327
243.981
161.521
131.942
160.956
58.0858
151.24
72.2343
52.3352
246.742
-13.5555
231.226
250.898
270.759
332.286
349.503
459.11
262.762
252.762
241.268
259.894
262.265
266.758
195.395
189.733
153.987
62.8296
119.759
-87.8568
-36.9098
-284.614
-163.686
-89.7219
-286.492
-293.625
-191.803
-250.676
-244.503
-225.071
-196.027
-211.936
-117.865
-54.0359
-73.2107
-34.1494
21.4045
40.6936
31.4744
31.1005
-18.1862
-58.1729
-29.2663
-315.898
-311.973
-238.9
-381.653
-287.727
-344.71
-425.91
-411.056
-305.247
-326.495
-278.157
-250.703
-143.752
-10.3701
-1.81549
83.3688
141.708
171.027
265.34
289.837
286.51
160.886
90.6924
23.007
-174.178
-74.7052
-121.88
-23.5822
9.78405
-71.7628
17.4562
32.277
69.9751
87.4398
127.86
166.414
95.8423
109.465
119.916
88.3285
158.234
245.512
239.786
259.112
286.649
241.968
189.267
70.8016
117.585
376.918
31.9084
80.7722
-41.7725
69.1658
29.6942
130.127
91.9865
254.51
286.22
438.112
357.791
222.899
203.883
257.822
236.458
218.94
236.148
260.022
247.922
196.531
182.28
161.388
130.147
66.1267
40.649
36.0074
52.4824
151.133
-4.30971
168.401
299.894
275.545
370.036
447.369
383.841
225.675
245.245
261.605
220.553
218.124
244.846
241.988
272.93
184.303
175.824
209.329
221.323
210.292
131.504
232.836
56.8451
-49.0023
94.1366
197.648
177.938
348.47
402.323
373.301
455.705
197.985
243.568
214.887
242.931
235.813
224.949
161.094
150.787
109.134
12.8122
-158.358
-196.57
-203.788
-192.122
-121.225
-218.257
-370.649
-356.789
-367.38
-246.279
-329.579
-279.465
-171.446
-191.864
-64.6869
-76.9538
-36.8678
-20.6282
11.9143
40.2631
68.4537
63.0394
33.4888
41.4583
98.3367
-182.885
-227.226
-340.683
-207.87
-143.529
-318.348
-234.426
-143.051
15.8083
3.86703
27.2797
5.34428
14.9245
20.8655
74.3001
45.27
90.3037
97.1004
120.825
85.9361
86.2417
40.5726
-21.5974
-7.24326
-150.594
-86.4853
-215.327
-149.389
-75.1537
-165.378
-73.8199
-117.995
-26.4808
103.896
154.853
105.69
211.82
201.76
232.991
208.678
205.486
219
235.997
269.076
272.685
214.364
136.42
318.068
183.289
145.607
-78.0248
160.757
134.071
32.6236
132.8
255.438
167.455
327.601
285.183
409.532
448.239
207.542
194.677
220.917
241.869
255.81
228.917
249.164
217.341
205.485
183.457
147.186
11.4627
34.0457
84.2112
-120.381
-157.565
-192.389
-140.318
-26.9502
84.7146
44.0359
45.5613
108.866
32.9241
-6.36405
-23.3835
-34.6606
-30.9846
-37.5113
-52.4096
-108.338
-98.0553
-193.204
-321.404
-722.148
-998.677
-743.218
-1080.37
-801.645
-938.002
-908.305
-807.05
-884.129
-884.666
-1012.06
-1122.53
-1220.11
-1288.96
-709.189
-682.427
-683.459
-688.987
-697.209
-721.782
-674.945
-699.939
-746.197
-775.443
-1561
-1474.53
-1566.17
-1790.01
-1314.62
-1249.81
-1295.51
-1101.95
-1041.01
-989.027
-1169.37
-1166.88
-1138.7
-1212.54
-650.857
-650.903
-673.54
-731.199
-758.11
-741.412
-751.987
-745.361
-822.665
-852.574
-1700.49
-1617.88
-1756.6
-1547.72
-1270.95
-1043.02
-1218.95
-1256.28
-1089.72
-1064.14
-1149.37
-1111.44
-1106.77
-1082.68
-684.379
-749.983
-856.572
-958.482
-1076.09
-1197.28
-1189.57
-1093.08
-994.696
-920.018
-1723.88
-1646.29
-1562.28
-1502.1
-1370.36
-1374.56
-1561.57
-1443.13
-1525.01
-1724.88
-2360.44
-2609.01
-2760.55
-2862.53
-1565.71
-1597.32
-1633.54
-1632.64
-1803.89
-1876.2
-1972.75
-2083.48
-2100.87
-2150.68
-4347.11
-4283.57
-4321.92
-4766.39
-4690.86
-5466.35
-5755.86
-5708.39
-5763.28
-6013.23
328.037
265.487
373.045
312.43
-3254.6
-3084.85
-3096.51
-3011.53
-3701.3
218.722
248.301
-3845.61
-3504.13
-3183.12
-5905.39
-6231.46
-6290.33
-6464.23
-5334.05
-5293.65
-5088.61
-5162.37
-5029.45
-4925.46
-5740.05
-5564.19
-5361.42
-5128.42
-2534.7
-2416.61
-2306.26
-2271.72
-2091.46
-2012.5
-1836.8
-1702.99
-1752.61
-1824.06
-3540.83
-3414.25
-3490.35
-3285.02
-2711.91
-2520.52
-2525.19
-2180.9
-2081.83
-1906.82
-2119.42
-2031.81
-1804.72
-1765.74
-853.082
-806.102
-824.015
-787.802
-811.643
-794.825
-732.132
-713.47
-767.053
-867.446
-1642.47
-1708.12
-1611.54
-1757.06
-1293.47
-1189.62
-1415.49
-1331.17
-1164.28
-1069.41
-1258.11
-1117.59
-1076.01
-1001.75
-447.186
-413.469
-406.328
-372.06
-375.672
-347.412
-323.847
-295.933
-316.409
-407.085
-831.659
-836.673
-875.203
-788.129
-663.861
-729.312
-840.191
-735.607
-776.527
-703.266
-710.986
-651.208
-659.361
-671.866
-309.403
-316.766
-360.545
-343.382
-366.476
-386.173
-391.505
-380.714
-473.951
-492.082
-1023.75
-1221.14
-1076.41
-1238.7
-907.015
-970.116
-896.06
-678.699
-565.511
-579.515
-628.116
-554.163
-465.103
-355.84
-143.882
-105.807
-70.8354
-103.325
-98.5637
-62.6215
-53.1869
-64.5968
-117.545
-166.251
-349.175
-168.98
-332.261
-373.926
-261.1
-317.299
-349.969
-209.092
-166.425
-76.8031
-48.0451
-112.026
-47.335
-12.6937
-7.64017
-22.0778
11.1335
-44.0868
-51.8108
-42.1686
-66.3484
-41.6446
-94.1597
-160.305
-477.57
-364.755
-242.23
-622.69
-373.343
-494.307
-439.552
-349.261
-393.818
-312.53
-409.848
-409.698
-351.984
-348.627
-129.774
-134.986
-92.128
-91.8191
-46.5209
-69.3218
-17.0414
-35.7534
-46.2307
-82.3245
-195.541
-185.902
-216.758
-240.268
-281.1
-195.453
-152.179
-125.075
-80.0251
-167.004
-76.5902
-69.7742
-117.373
-113.013
-13.9455
-16.8174
-11.8362
19.5982
16.1288
53.0837
14.6834
3.49622
-2.64138
-65.0281
31.2983
-186.436
-290.394
-185.452
-154.721
-235.12
-157.801
-114.442
4.36824
-34.6306
38.4386
168.858
177.258
98.861
77.425
152.846
207.251
190.671
162.82
191.683
226.54
180.06
165.858
106.032
136.81
172.756
59.412
142.919
98.52
71.3904
128.412
167.142
168.598
246.201
373.508
343.709
280.755
317.116
167.94
182.134
174.199
211.708
183.453
215.259
220.799
193.097
174.84
87.731
162.729
141.156
-21.9008
195.953
124.569
39.5486
18.1332
117.289
219.207
150.285
277.733
248.136
338.674
372.386
175.9
181.845
177.507
181.714
195.176
213.083
218.619
122.219
115.608
82.4753
277.067
216.002
-84.2273
-37.0176
-52.5822
-191.71
-17.6553
-86.9654
164.709
5.48473
60.0665
19.4393
9.58154
1.87916
16.9562
-23.1549
-6.27386
22.8261
7.47473
-14.8809
38.4693
10.1292
-6.25242
-30.6057
-105.185
-107.213
-206.976
-179.007
-236.859
-193.697
-267.421
-158.616
-187.362
-170.09
-190.641
-186.265
-228.761
-270.554
-142.722
-87.1836
-134.609
-123.979
-120.146
-163.151
-163.658
-158.806
-183.566
-231.102
-427.261
-522.193
-487.174
-449.472
-630.546
-666.082
-672.482
-607.759
-549.283
-572.29
-691.91
-768.475
-755.333
-766.287
-447.426
-430.323
-416.95
-411.754
-451.87
-413.549
-390.652
-429.161
-428.706
-428.985
-968.737
-864.322
-887.767
-994.935
-826.278
-538.673
-851.039
-683.928
-723.071
-596.104
-800.621
-831.587
-789.322
-779.261
-442.5
-405.799
-378.424
-395.224
-395.008
-413.138
-386.832
-426.975
-414.2
-480.522
-913.003
-823.74
-993.684
-789.109
-758.015
-740.736
-713.607
-666.513
-527.714
-553.685
-566.714
-535.395
-561.348
-491.891
-324.768
-362.312
-330.646
-375.674
-424.972
-413.085
-476.695
-497.19
-530.842
-561.39
-1213.82
-1120.93
-1228.03
-1260.03
-976.042
-1083
-798.719
-949.912
-1049.52
-929.465
-1052.12
-993.466
-1026.61
-956.92
-526.381
-526.605
-488.459
-478.27
-465.39
-386.591
-367.15
-377.582
-417.321
-423.678
-951.365
-1053.38
-732.425
-846.703
-724.556
-764.514
-834.49
-723.345
-505.425
-644.87
-805.693
-718.769
-709.202
-699.255
-345.903
-356.303
-343.995
-328.175
-302.03
-319.733
-305.381
-285.957
-305.483
-362.642
-717.937
-635.49
-738.552
-734.023
-734.437
-539.333
-373.448
-575.154
-565.194
-491.107
-735.741
-697.157
-645.413
-620.903
-316.266
-319.559
-332.935
-347.068
-329.954
-348.166
-336.317
-329.238
-407.294
-491.872
-972.434
-1057.39
-1192.93
-1158.39
-988.573
-1131.85
-1144.33
-1150.32
-1088.66
-1279.22
-1670.51
-1717.19
-1821.05
-1811.44
-958.18
-880.144
-835.657
-830.681
-793.224
-744.831
-731.422
-673.885
-650.286
-665.226
-1115.38
-1116.06
-1147.74
-995.68
-805.324
-836.559
-631.05
-536.269
-527.515
-557.872
-592.473
-593.604
-597.383
-627.878
-296.563
-295.45
-284.693
-279.922
-268.573
-226.487
-238.476
-217.784
-260.808
-247.042
-578.577
-581.876
-466.097
-432.739
-473.284
-363.62
-324.986
-316.992
-286.198
-280.924
-347.561
-368.373
-281.837
-296.179
-97.3593
-35.0752
-29.3275
45.5285
73.6253
175.532
34.1658
-2.72375
-24.131
-50.4914
-62.8944
-58.3396
-208.11
-50.5323
-48.4724
133.834
-120.184
-20.2779
-13.8084
-27.2784
-18.192
-97.9879
-146.343
-290.256
-120.482
-136.818
-146.219
-110.69
-161.126
-183.894
-221.504
-282.408
-378.963
-382.44
-835.272
-850.701
-1007.38
-921.929
-869.341
-818.898
-726.017
-559.683
-565.926
-417.756
-533.116
-573.756
-629.631
-671.925
-384.428
-354.75
-382.734
-393.972
-481.118
-437.696
-456.675
-449.353
-437.23
-416.996
-863.077
-970.939
-1024.51
-1087.11
-1003.8
-1002.64
-1130.02
-1102.21
-1227.94
-1144.54
-1498.8
-1509.57
-1615.91
-1705.32
-979.985
-1061.72
-1140.76
-1303.33
-1392.91
-1500.83
-1461.15
-1373.07
-1527.79
-1555.34
-3265.67
-3103.7
-2742.55
-2549.77
-1866.76
-1709.21
-1291.69
-1433.71
-1435.42
-1530
-1961.15
-2091.46
-2162.02
-2369.12
-1257.3
-1236.94
-1135.8
-1124.75
-1481.79
-1620.37
-1778.4
-1810.67
-1893.62
-1830.39
-3485.45
-3428.17
-3299.24
-3146.32
-2276.85
-1964.85
-2098
-2023.68
-2021.84
-2076.33
-2428.54
-2387.79
-2241.22
-2346.88
-1289.32
-1190.94
-1147.09
-1195.68
-1195
-1083.69
-1097.48
-1090.62
-1053.36
-1046.52
-2112.86
-2182.81
-1933.91
-1598.12
-1205.26
-1079.49
-1109.03
-1069.98
-1076.81
-927.919
-1043.42
-1100.16
-1270.18
-1173.71
-708.239
-819.373
-975.242
-1096.1
-1308.87
-1491.65
-1533.33
-1498.74
-1338.71
-1345.42
-2982.66
-3445.75
-3597.94
-4483
-3361.44
-2904.99
-3068.22
-3173.27
-2439.12
-1519.85
-2715.12
-3433.95
-4195.14
-4586.53
-1861.99
-1609.95
-1771.18
-1883.84
-1903.27
-1573.77
-1459.15
-1807.85
-2381.61
-2109.72
-3335.54
-3922.62
-4262.75
-4142.04
-3143.59
-2842.41
-2660.03
-2329.77
-2117.65
-1877.06
-2050.56
-2011.61
-1791.23
-1801.32
-946.097
-986.242
-1036.84
-1094.37
-1272.48
-1418.27
-1476.7
-1553.35
-1613.77
-1646.31
-3101.57
-3038.99
-3070.22
-3168.28
-2783.64
-2667.58
-2692.93
-2666.76
-2386.22
-2424.43
-2833.06
-2791.74
-2623.01
-2655.22
-1220.44
-1136.52
-1044.15
-924.316
-799.652
-725.857
-696.621
-640.879
-654.864
-597.464
-1187.18
-1080.75
-984.461
-865.25
-741.916
-800.221
-761.184
-824.238
-978.835
-929.135
-851.764
-760.405
-843.881
-933.927
-485.129
-487.518
-423.969
-408.228
-410.551
-475.144
-505.118
-452.973
-433.1
-457.564
-853.214
-1251.7
-1256.78
-1104.01
-541.152
-621.026
-497.778
-508.281
-459.425
-326.035
-450.954
-434.861
-485.72
-626.64
-290.834
-277.036
-264.679
-270.46
-342.12
-321.329
-305.569
-303.307
-313.24
-354.896
-580.833
-425.686
-403.459
-180.292
-320.113
-284.989
-399.778
-291.668
-422.334
-358.306
-433.24
-432.281
-467.426
-570.78
-255.398
-170.98
-125.993
-110.329
-75.5569
-60.0424
-29.0132
-72.3005
-77.3544
-107.186
-214.801
-331.312
-410.684
-609.103
-498.424
-449.347
-259.517
-332.782
-241.38
-286.008
-216.057
-192.171
-155.798
-135.867
-59.6971
-110.84
-108.685
-146.917
-159.773
-173.664
-158.977
-118.741
-119.964
-118.244
-315.789
-390.48
-451.553
-526.414
-299.876
-328.694
-291.816
-177.317
-217.347
-151.925
-120.273
-114.484
-87.9695
-102.065
-37.9814
-47.1142
-50.0741
-57.0953
-111.507
-81.5652
-50.5823
-57.9735
-72.0382
-103.786
-220.447
-266.435
-232.03
-269.449
-72.8251
-211.798
-124.193
-79.0329
-38.9424
-42.6385
-76.8359
-104.412
-189.941
-214.285
-109.686
-136.039
-163.252
-163.924
-199.02
-215.443
-138.819
-109.824
-115.091
-156.542
-214.06
-171.08
-57.1424
-7.04797
-82.2788
-126.123
-22.3993
-64.377
-47.8018
-57.2324
-65.4475
-7.28239
-67.8735
-139.199
-71.6512
-71.9993
-50.7949
-62.5156
-49.9001
-23.8195
-17.1611
-0.911284
1.68657
20.7031
-17.4012
-20.2165
-25.6114
71.1741
85.5468
134.462
52.2596
22.9424
15.3087
191.864
166.151
188.088
146.088
130.912
54.9358
33.5525
24.0406
47.0702
12.8552
41.1388
23.6258
-3.88896
5.08748
-61.9432
-0.328616
-108.645
-56.1605
-68.4132
-106.983
26.5008
42.2347
-27.7224
96.1479
209.408
206.111
232.783
356.929
321.511
179.899
112.346
162.584
116.952
115.892
152.972
131.264
106.689
127.25
142.744
77.8233
181.518
315.937
185.774
249.4
142.136
256.352
262.255
311.572
321.179
327.856
239.998
208.883
78.4232
47.6216
48.6045
10.8262
25.4282
-3.84742
30.9582
36.7922
13.6686
-25.9667
-37.0474
-33.9436
60.7202
128.912
7.47299
-42.6229
121.778
-2.08404
64.171
175.057
123.795
177.438
255.023
399.885
259.783
130.55
144.736
157.69
127.516
122.686
161.455
153.054
151.749
70.5915
61.7362
171.121
79.3961
233.02
313.939
119.992
232.342
267.331
286.559
50.3354
199.685
278.734
139.742
110.903
78.0238
64.3054
-2.19201
-5.67497
13.8285
2.08048
-21.3438
-54.0335
-54.0159
-96.5269
-74.9262
-124.531
21.65
-55.0294
-276.916
-272.656
-14.3517
-179.986
-231.662
-232.391
-330.31
-326.242
-452.17
-464.895
-540.475
-312.265
-301.044
-306.402
-302.579
-318.151
-353.064
-338.187
-336.255
-378.981
-371.399
-547.797
-759.34
-626.985
-611.8
-478.566
-424.272
-501.144
-498.713
-430.692
-453.009
-552.618
-640.705
-659.421
-818.524
-461.403
-497.682
-506.554
-511.842
-511.525
-539.218
-549.361
-582.012
-571.526
-595.157
-918.618
-1075.31
-1086.13
-1055.59
-850.406
-906.538
-827.64
-641.3
-796.721
-801.71
-977.949
-1019.84
-1022.96
-1082.92
-609.195
-605.098
-670.565
-707.407
-743.403
-737.315
-783.777
-816.83
-834.56
-832.482
-1579.75
-1472.5
-1418.26
-1435.1
-912.325
-1130.82
-1284.19
-1225.93
-983.007
-1039.22
-1349.56
-1251.8
-1255.61
-1245.99
-595.293
-549.889
-516.189
-504.308
-493.091
-471.297
-474.019
-458.717
-412.529
-411.4
-740.336
-592.777
-605.035
-770.987
-464.993
-394.169
-425.271
-313.928
-331.936
-238.286
-192.017
-206.565
-335.761
-376.16
-238.805
-271.908
-262.793
-268.41
-287.069
-302.596
-300.397
-287.316
-363.432
-420.559
-730.057
-842.405
-666.213
-657.807
-343.464
-335.439
-339.188
-342.388
-367.029
-276.318
-317.039
-335.04
-386.494
-426.713
-151.854
-125.053
-71.3536
-51.7407
-18.9622
-25.486
30.5
5.50833
4.27806
29.0443
169.224
203.443
216.471
137.083
123.912
181.549
272.651
475.829
312.362
488.084
466.559
352.157
391.874
333.349
160.264
114.182
136.248
118.541
124.417
141.84
101.89
124.359
137.367
151.494
189.72
155.679
155.075
336.285
171.896
208.862
219.03
323.76
327.879
346.435
469.567
416.528
407.41
384.796
175.025
146.678
110.721
129.994
142.115
148.111
107.875
142.027
117.846
91.054
269.789
301.273
191.128
190.948
407.016
489.692
198.474
331.966
277.168
314.358
368.456
381.929
439.442
386.445
147.254
144.972
112.861
154.063
125.12
155.341
127.316
129.28
91.5319
127.716
244.537
124.005
279.692
320.083
190.421
161.113
236.03
229.433
108.251
145.629
9.13035
-56.8142
-91.4251
-75.3452
-7.16413
-16.9891
34.5629
-0.392107
15.8717
32.4448
-8.57679
2.70388
6.48054
51.6109
159.863
-18.7266
-52.315
17.2459
77.0324
324.858
345.055
297.583
253.25
442.395
364.31
401.262
412.291
290.854
171.056
164.664
114.612
148.519
142.558
108.248
154.883
148.019
98.8897
73.8184
201.76
39.9283
111.435
-12.2663
267.64
67.5638
239.973
504.341
294.627
186.04
287.443
122.708
126.725
45.3609
48.235
-17.6431
29.8695
-31.9003
-28.0938
-19.1953
-64.6524
-50.6682
-72.8203
-47.8286
-76.2529
-88.697
-253.904
-237.482
-145.607
-87.0864
193.417
10.9142
94.5109
306.896
230.97
446.445
396.386
313.478
179.712
128.824
128.193
121.621
101.199
125.25
103.848
106.534
108.393
117.179
177.449
118.091
89.1287
206.249
326.326
233.946
192.037
250.593
276.183
287.818
357.046
450.976
337.351
307.621
166.701
127.017
147.423
127.763
139.717
155.888
133.359
149.308
119.303
83.3698
112.579
264.345
297.613
317.277
182.116
191.891
329.067
317.5
437.445
285.926
366.089
464.723
370.805
370.589
185.933
140.043
169.167
56.6888
-21.8831
-75.7397
-56.1597
-26.3401
-41.0904
0.783973
-54.8858
125.559
290.222
185.762
60.0274
89.6131
123.325
48.6609
-108.47
-39.916
213.791
203.024
152.566
315.558
157.135
160.533
88.9514
49.992
62.6381
1.58928
-3.23524
-10.9931
-27.2205
12.306
-13.7945
-2.78971
-3.0431
96.7199
-27.556
70.0726
-8.20878
260.049
121.86
134.394
126.07
-47.0986
-62.2259
-84.6763
-69.4213
-140.623
-230.202
-275.748
-290.641
-277.094
-218.614
-190.778
-152.755
-132.752
-226.184
-287.35
-316.731
-351.536
-322.87
-398.693
-396.261
-457.078
-519.909
-436.426
-582.111
-524.566
-527.071
-559.51
-270.451
-266.833
-242.993
-219.058
-184.958
-134.521
-153.274
-178.509
-186.088
-135.331
-326.247
-165.867
-205.295
-111.139
-43.0288
-168.553
-200.485
-212.812
-304.599
-241.915
-302.845
-272.552
-303.417
-230.7
-124.212
-108.022
-81.459
-100.917
-94.7867
-104.803
-118.851
-106.419
-167.377
-124.285
-307.29
-154.254
-278.956
-90.8367
-69.8212
-143.203
85.0355
-13.6249
115.705
196.441
270.701
394.554
324.638
334.054
147.518
118.602
137.816
161.592
110.761
22.6259
27.3847
20.6006
-0.206412
-44.4955
-91.3276
-83.4533
-140.663
-37.922
-21.325
-24.5948
80.1668
73.3402
156.175
80.1918
144.131
198.167
132.03
57.8028
39.3011
-10.4559
-57.1124
-97.6732
-87.6079
-171.467
-162.271
-227.29
-222.679
-220.401
-368.664
-468.399
-458.769
-150.778
-362.078
-385.089
-303.82
-34.2607
-219.263
-164.318
-111.752
-124.065
-101.753
-116.122
-74.4704
-65.9082
-45.9861
-72.9104
-54.8553
-68.1279
-120.99
-133.52
-143.41
-150.871
-292.638
-423.562
-419.949
-475.137
-111.328
-276.654
-235.048
-261.062
-310.754
-266.871
-183.221
-164.341
-183.356
-203.837
-65.256
-81.2115
-110.475
-68.2454
-78.2917
-92.4777
-73.1283
-53.5638
-55.8919
-55.3071
-21.176
-46.818
-211.951
-25.1863
-112.015
24.4675
-58.8549
-177.327
-159.255
-175.964
-127.887
-268.781
-304.12
-393.991
-223.22
-250.256
-234.879
-311.683
-298.324
-337.162
-442.562
-477.882
-571.441
-645.614
-1384.32
-1319.14
-1374.01
-1555.87
-1161.34
-1238.51
-1243.25
-1168.92
-1131.05
-1094.11
-1148.42
-1002.01
-937.594
-891.378
-431.338
-448.459
-436.877
-394.044
-382.426
-385.332
-380.087
-326.176
-367.263
-382.081
-863.659
-765.701
-878.148
-710.94
-526.391
-358.063
-541.932
-469.649
-245.17
-424.578
-363.653
-301.66
-376.633
-276.482
-172.345
-185.163
-167.72
-190.596
-207.704
-251.022
-258.779
-307.622
-349.086
-402.974
-609.987
-854.029
-795.785
-579.744
-399.059
-672.172
-586.125
-563.776
-534.299
-465.961
-633.722
-647.813
-702.959
-689.399
-317.48
-334.464
-333.816
-304.431
-283.793
-240.094
-265.349
-265.471
-284.25
-240.705
-420.484
-408.196
-524.614
-448.843
-546.913
-503.909
-536.417
-730.806
-728.672
-711.547
-766.505
-702.273
-669.451
-672.452
-293.144
-315.234
-274.55
-273.428
-282.467
-271.825
-252.196
-231.125
-266.802
-247.369
-531.668
-487.286
-505.422
-631.476
-516.523
-364.662
-430.674
-391.002
-385.575
-335.45
-493.507
-492.823
-596.8
-610.306
-328.825
-325.401
-301.618
-328.076
-301.263
-269.322
-306.787
-299.336
-334.497
-336.997
-616.26
-602.667
-611.548
-610.098
-484.256
-437.856
-377.292
-362.581
-358.209
-303.233
-469.837
-453.735
-450.851
-457.359
-294.658
-289.188
-270.804
-332.024
-358.277
-354.245
-398.892
-407.026
-395.706
-327.756
-680.832
-629.885
-431.215
-645.623
-662.38
-523.9
-737.394
-624.839
-567.728
-553.661
-493.593
-526.982
-508.475
-537.369
-311.097
-326.941
-323.984
-356.849
-398.882
-372.462
-411.974
-375.043
-400.756
-442.933
-776.408
-796.54
-599.915
-554.463
-404.912
-261.836
-473.633
-263.873
-240.082
-128.182
-146.695
-128.291
-200.826
-144.475
-63.5361
-73.8176
-122.217
-110.596
-102.912
-142.167
-117.513
-116.196
-132.992
-170.705
-336.916
-402.672
-452.42
-304.369
-304.879
-152.734
-222.733
-119.907
-152.576
-31.6035
-70.043
-13.2333
-106.479
-48.2337
-82.8391
-122.78
-143.197
-152.093
-175.812
-224.83
-173.642
-207.466
-236.072
-226.127
-450.817
-374.116
-474.021
-381.881
-441.422
-456.97
-417.044
-451.74
-480.425
-368.119
-369.949
-326.877
-425.724
-434.512
-243.558
-238.899
-222.265
-233.367
-244.433
-211.494
-258.639
-245.818
-225.558
-227.63
-462.352
-411.466
-342.074
-497.35
-520.299
-394.534
-410.595
-421.984
-415.257
-420.801
-472.433
-418.954
-434.276
-481.959
-270.487
-291.474
-315.598
-338.509
-317.825
-323.276
-327.405
-328.067
-327.546
-317.022
-579.644
-339.031
-483.951
-429.817
-454.696
-299.546
-349.706
-362.525
-307.248
-228.311
-243.243
-237.344
-304.729
-326.415
-160.908
-249.27
-282.861
-299.858
-368.802
-382.063
-325.347
-303.958
-253.112
-226.668
-435.233
-447.049
-373.242
-444.14
-271.331
-338.84
-438.098
-398.207
-322.613
-287.507
-363.168
-322.26
-405.928
-481.294
-245.923
-227.031
-234.699
-213.642
-180.455
-153.741
-182.505
-148.768
-175.981
-202.289
-435.471
-407.707
-379.137
-352.778
-208.089
-237.571
-222.702
-166.068
-139.564
-58.928
-53.4404
-17.8558
18.8873
50.6863
-20.6274
30.2448
40.7499
27.3775
1.80925
41.7518
-0.800166
5.66937
35.6074
18.0431
-9.00571
-46.1799
-80.6637
-100.639
-61.2469
3.92987
-62.0358
84.8853
107.874
39.3182
147.045
57.4512
71.8427
96.3731
-5.94601
31.394
26.7231
-12.0597
16.3109
-12.029
-19.6006
-26.0329
-48.7029
-73.6018
-145.994
-115.71
-21.5209
-131.675
19.7598
287.767
26.5287
131.14
178.667
305.828
436.595
400.698
353.238
239.158
125.12
129.755
106.863
151.345
126.097
146.666
160.368
152.158
139.965
90.3573
159.52
192.945
119.754
102.392
33.0304
214.289
280.4
465.248
171.186
201.845
373
309.554
281.373
87.5912
79.4739
28.9182
37.3051
30.4379
20.6656
9.74408
59.9738
38.4012
37.1526
56.3829
136.004
163.035
306.929
131.448
384.464
188.162
469.325
273.336
215.704
274.076
299.599
330.64
355.977
315.87
117.395
122.889
27.1157
49.4419
26.3348
15.3941
45.1198
32.4212
61.1042
85.2394
258.296
247.318
119.048
140.926
216.641
57.3616
118.838
267.342
292.204
266.935
280.283
306.782
279.681
264.968
154.233
129.471
141.807
158.431
139.417
151.056
95.5011
151.614
112.53
71.393
210.876
219.356
176.492
289.725
220.676
189.749
294.151
275.556
262.996
305.735
285.704
280.003
320.183
218.834
118.547
145.702
99.737
144.878
105.445
106.354
154.318
128.893
119.896
62.6655
84.4429
61.8669
143.62
150.499
141.407
207.605
95.309
156.008
62.4921
55.502
252.856
41.7581
5.71921
9.26014
-13.9654
-9.466
21.0783
-15.0817
-29.4197
-19.9724
-25.4876
-4.4161
-50.6901
-63.0421
-41.2895
-212.675
45.3503
-4.45637
-8.11333
17.6964
-132.08
-22.9431
147.732
40.5049
64.4212
-41.7474
44.778
-49.4686
-20.7713
-3.16816
19.4947
27.5617
5.28696
-3.22582
26.4743
16.2846
15.2213
-14.6681
-158.125
-95.1009
-224.601
-86.422
-73.3
-85.9351
-158.049
24.6638
-65.3405
21.1261
46.0339
31.7512
-13.0767
-17.7868
26.0006
-25.2665
11.1065
-16.5778
10.0362
-29.3739
-2.99071
-11.8725
-70.0433
-62.5297
-38.2237
-211.145
-201.096
-176.163
-106.75
-22.8242
99.7677
133.946
16.9432
52.9123
-39.8371
26.6792
105.481
9.39713
-8.01899
15.3068
-3.22775
9.15629
4.34829
2.02347
-2.19347
-62.3287
-96.7216
-109.87
-289.114
-319.221
-269.181
-446.483
-249.079
-240.29
-134.111
-73.5181
130.034
54.6688
30.5136
53.9165
-86.515
-91.7905
-98.1514
-70.2726
-101.908
-79.2289
-64.9896
-72.782
-50.673
-79.7794
-65.4638
-97.4654
-229.904
-222.9
-220.756
-202.346
-128.376
-55.9793
22.1469
33.845
39.8325
26.0584
134.595
60.3353
60.5267
9.14894
69.2702
30.1902
30.2956
65.0016
63.291
11.8328
47.1108
44.7103
0.643246
-18.1801
36.887
6.21693
240.044
80.73
56.9084
267.471
251.038
228.243
213.441
257.408
399.96
345.687
245.555
224.266
101.908
59.3223
-1.37569
-12.4825
0.94804
-49.9317
-44.5881
-52.8086
-29.9785
-55.4544
-13.1797
108.457
103.609
176.23
396.062
148.506
176.177
371.592
286.152
292.775
307.238
354.672
331.729
222.906
160.213
127.071
143.11
103.282
97.5518
125.019
144.473
138.392
97.2514
78.3365
124.995
151.153
209.79
99.45
263.369
167.865
141.743
285.693
358.028
210.437
360.556
269.491
268.397
325.633
147.583
138.777
110.299
74.5826
11.7268
68.4259
10.4914
71.4257
9.67022
-29.0467
9.00057
-51.7156
-176.059
-5.69716
-24.8102
-42.5796
25.8197
-29.0182
-50.3869
-67.2298
-104.484
-152.296
-143.757
-145.868
-73.5696
-54.3129
-72.3876
-59.797
-27.8905
-55.3297
-16.9919
-2.08544
-19.8027
-17.144
-120.175
-182.852
-255.131
-156.933
-244.783
-154.583
-154.69
-83.4664
-72.9571
-32.7623
26.6604
-94.7609
-113.369
-130.997
-107.141
-137.766
-159.54
-200.554
-212.946
-271.196
-310.083
-258.367
-269.905
-240.512
-330.484
-400.64
-386.898
-387.649
-230.132
-273.121
-258.62
-279.177
-194.447
-185.513
-237.728
-185.198
-272.206
-299.817
-126.576
-115.39
-148.55
-137.4
-109.285
-115.726
-123.625
-135.129
-131.379
-166.443
-328.79
-334.669
-328.139
-161.283
-329.662
-302.935
-201.399
-198.743
-149.009
-113.586
-165.072
-105.435
-173.111
-209.701
-72.3792
-81.8621
-89.8791
-109.68
-115.922
-93.4884
-58.1977
-51.8019
-86.5203
-128.49
-338.229
-330.907
-439.666
-448.112
-440.768
-412.386
-392.957
-331.397
-311.393
-317.437
-279.451
-268.635
-198
-224.571
-82.8369
-39.3842
-20.1673
-20.8114
-41.2729
-33.0073
-21.0038
-8.09983
-38.8461
-45.9412
-229.891
-244.724
-9.93792
-122.536
-145.1
-92.8769
-186.558
-68.3699
-61.9338
-13.8262
11.9584
-49.7884
3.77774
-39.3897
-23.6853
-33.3015
10.5328
-25.6921
24.5581
20.8932
-9.20207
53.9801
45.8575
18.0894
95.8857
81.8182
99.0606
77.1823
375.793
162.492
220.622
320.608
237.392
319.122
350.74
296.167
215.741
282.635
127.155
101.256
151.045
140.325
56.8076
23.415
-5.75604
29.6675
15.6452
19.6391
47.344
-23.1765
67.7791
257.191
26.9177
91.2224
169.479
145.921
306.753
252.568
333.897
336.836
243.505
236.216
120.02
143.851
161.507
142.883
102.595
120.127
113.129
116.426
165.631
110.551
197.902
186.178
206.858
117.36
39.4227
-6.3477
0.722501
-58.5747
35.9805
121.173
-3.42157
-16.6324
-71.261
-142.681
-53.831
-74.4023
-67.0089
-43.362
-38.1537
-8.30247
14.6011
23.7686
164.494
87.8001
56.9858
221.514
295.785
122.525
131.272
20.9043
40.3278
79.1416
74.5864
60.3582
167.574
89.6057
72.9668
41.6946
24.6596
52.371
41.6978
48.287
-2.2494
-7.01633
-7.60944
-1.57771
7.09584
-43.0815
100.46
-80.6529
83.399
-162.141
-1.9297
-11.4161
43.5545
-9.76992
107.742
241.508
278.63
279.246
228.233
284.894
151.496
117.879
104.55
159.87
160.743
127.129
135.325
154.702
131.853
122.783
111.74
152.756
219.578
82.5108
144.136
74.2757
134.249
158.626
208.117
281.488
241.132
296.508
325.164
200.963
165.326
136.288
123.123
166.445
160.413
121.698
160.767
119.591
140.719
80.9923
99.9386
151.113
84.0615
-10.141
-54.3345
-86.066
-64.6214
-23.1356
-3.60404
-2.79864
23.9783
-17.2208
19.6876
-37.0653
31.3882
26.1788
28.9178
25.677
47.3458
162.341
122.629
190.34
187.373
83.2253
204.287
177.022
18.8813
24.0241
110.597
206.429
1.53703
180.47
126.169
185.591
241.214
242.21
216.797
238.402
138.877
125.843
73.5157
151.205
165.937
180.207
172.711
186.869
143.711
147.932
92.6215
-40.6891
-36.0975
-83.155
3.9509
-6.57349
175.753
38.5198
53.344
91.5888
42.8249
34.0599
23.8678
69.0657
37.1843
66.6328
29.8599
117.028
140.132
183.02
186.513
138.728
130.164
119.195
189.419
116.151
107.246
147.339
-100.181
179.861
67.3904
128.972
190.288
248.616
339.613
282.549
283.377
282.553
164.455
149.05
125.92
121.74
162.443
142.786
139.158
168.271
139.306
114.047
141.838
100.349
158.542
90.4048
330.349
33.5212
99.0688
131.815
178.136
269.625
272.042
334.473
285.627
225.381
116.112
118.778
119.262
135.002
176.789
162.704
76.4459
93.5946
45.0507
7.0532
-136.08
-185.39
-198.846
-292.716
-189.353
-282.331
-253.462
-164.407
-151.901
-76.8402
-96.6728
-201.878
-201.812
-111.454
-78.8522
-72.103
-96.2446
-57.9608
-79.2739
-61.2239
-38.1941
-26.6737
-31.9512
-39.6613
-187.652
-224.432
-140.05
-242.075
-293.025
-99.3521
-134.547
-129.337
-96.8738
-73.3842
-34.3784
-55.7015
-51.1764
-107.025
-65.8392
-27.4605
-41.9506
-35.358
-59.6981
-76.426
-67.6435
-33.2691
-47.565
-91.5826
-210.803
-356.641
-234.465
-230.161
-277.77
-249.665
-136.397
-226.851
-88.6647
-127.28
-46.1359
-40.1416
-49.1844
-68.3051
22.0743
-32.156
3.8288
-21.2138
-35.8048
-27.7932
-29.4713
-10.3237
-28.1144
-62.5552
-238.504
-297.363
-263.961
-302.564
-187.222
-258.539
-66.1595
-201.628
-196.913
-124.904
-131.976
-152.166
-66.952
-58.1559
-51.2084
-31.3788
49.0294
45.9885
28.2822
97.9144
66.8154
101.932
32.5444
-26.3383
-167.542
-257.944
-307.506
-110.75
-307.454
-254.32
-328.75
-330.948
-168.184
-200.573
-138.382
-220.862
-208.442
-212.506
-72.628
-81.44
-76.9179
-51.8708
-41.1622
-13.0469
-75.7288
-60.9773
-116.798
-172.401
-435.945
-400.392
-485.95
-536.696
-628.955
-691.906
-647.701
-622.74
-703.066
-664.072
-731.292
-706.935
-742.876
-825.917
-424.371
-458.639
-414.602
-415.133
-471.394
-438.887
-462.162
-499.064
-540.925
-566.22
-1270.09
-1435.59
-1578.18
-1769.35
-1407.07
-1587.37
-1630.88
-1710.5
-1799.94
-1849.74
-2475.63
-2635.28
-2728.71
-2837.51
-1500.22
-1522.73
-1512.71
-1461.57
-1431.54
-1409.83
-1384.7
-1358.3
-1289.46
-1257.96
-2281.31
-2187.96
-2103.35
-2067.84
-1745.31
-1636.93
-1638.96
-1600.27
-1618.21
-1583.42
-1861.34
-1796.21
-1745.77
-1819.29
-825.607
-835.105
-744.937
-693.952
-616.223
-622.392
-541.734
-472.882
-400.169
-399.512
-853.02
-789.575
-690.635
-787.566
-675.251
-663.619
-691.961
-503.529
-497.023
-446.116
-546.839
-489.763
-505.793
-420.487
-174.935
-173.429
-144.353
-131.956
-137.418
-124.239
-46.0037
-1.75075
-18.396
-22.3625
-191.963
-202.676
-293.556
-297.13
-260.777
-80.8745
-237.34
-171.864
-93.8177
-42.4781
18.0716
8.62031
66.4507
134.861
64.0603
74.7965
36.1994
62.4566
44.1196
51.4783
25.8827
5.38575
4.90183
-69.6695
-217.099
-302.56
-410.153
-465.238
-414.022
-271.254
-276.879
-292.08
-299.957
-194.623
-277.411
-227.796
-246.409
-208.04
-67.6319
-61.1814
2.81173
4.76417
16.8722
22.2472
34.8723
43.8146
31.3413
-39.4326
-272.779
-295.482
-387.264
-154.4
-274.92
-246.991
-344.795
-311.884
-204.718
-265.689
-258.837
-291.862
-241.052
-248.301
-145.587
-117.046
-126.075
-78.4476
-107.587
-125.473
-127.92
-147.092
-151.942
-160.208
-541.253
-705.728
-760.232
-755.451
-806.884
-729.508
-765.223
-762.274
-744.75
-647.733
-759.124
-771.513
-684.559
-657.798
-371.729
-340.561
-292.932
-288.648
-321.408
-315.407
-320.881
-378.004
-412.382
-487.509
-1097.86
-1186.12
-1034.52
-1176.01
-1003.57
-988.604
-970.678
-943.025
-899.967
-782.957
-931.944
-888.676
-876.355
-848.597
-440.987
-491.225
-458.877
-490.446
-488.221
-511.079
-512.859
-506.393
-505.95
-494.128
-1107.19
-1295.83
-1317.68
-1356.71
-1301.51
-1258.77
-1482.18
-1350.33
-1454.78
-1556.67
-1999.45
-2106.67
-2233.55
-2287.66
-1216.23
-1270.77
-1338.86
-1350.65
-1367.29
-1389.43
-1413.16
-1319.1
-1266.7
-1251.7
-2340.61
-2285.19
-2300.44
-2184.42
-1705.59
-1562.51
-1553.86
-1439.24
-1359.4
-1204.24
-1389.05
-1342.37
-1254.17
-1159.49
-515.415
-458.01
-406.749
-372.63
-321.539
-248.212
-208.752
-152.956
-117.833
-179.23
-338.787
-410.214
-426.715
-430.437
-342.354
-251.5
-302.164
-141.063
-166.624
-31.2126
98.9999
141.275
189.797
457.135
196.889
234.211
235.985
236.933
240.244
241.638
241.159
265.658
274.293
155.89
148.326
91.9655
-139.48
-158.835
-7.49536
-137.175
-72.3799
49.8752
69.7937
92.1078
122.615
216.638
131.617
186.77
90.7657
111.87
145.162
161.55
149.157
157.515
274.626
276.262
298.145
200.713
233.306
27.3927
-45.9203
-47.982
-39.4004
-76.2204
55.7799
31.0474
-44.3581
16.5371
43.9656
40.7484
29.2024
59.1525
51.8748
20.3703
45.645
40.5023
20.7644
38.4407
33.021
14.6372
43.1912
-4.0524
-124.811
-164.29
-360.803
-453.718
-282.642
-311.774
-186.398
-160.176
-278.147
-191.232
-186.888
-132.39
-178.433
-57.4492
-131.076
-153.846
-232.545
-349.546
-408.799
-555.82
-541.783
-497.011
-473.114
-506.551
-1113.9
-1072.46
-1010.74
-1007.45
-871.752
-749.365
-630.934
-510.352
-640.204
-568.04
-506.207
-363.966
-259.61
-264.498
-114.398
-97.0362
-104.944
-87.6491
-101.061
-16.0676
-1.01484
60.4848
92.3189
11.0364
-169.259
-246.909
-524.053
-620.519
-827.296
-795.66
-871.899
-881.482
-812.256
-862.024
-986.217
-1027.85
-1105.36
-993.923
-507.702
-522.845
-495.309
-482.758
-486.429
-472.06
-459.091
-472.051
-486.061
-461.358
-1010.49
-995.665
-858.738
-1069.86
-626.303
-620.465
-487.054
-347.477
-241.4
-226.219
-197.482
-144.417
-46.8044
83.8443
22.2046
60.4413
66.5702
108.841
108.206
114.229
144.961
103.015
113.308
147.659
107.298
-33.3064
-171.816
-104.473
-51.5679
70.3
14.9453
-50.6665
-8.1201
304.058
223.937
112.348
146.128
35.8455
3.44564
63.1272
32.869
-39.105
-47.8696
-311.97
-584.386
-539.653
-531.221
-622.808
-1662.37
-2196.72
-1842.56
-1741.13
-1642.55
-1842.49
-2082.2
-1917.18
-1850.53
-1716.05
-1932.43
-1675.01
-1294.38
-906.921
-227.266
-69.6917
81.8736
169.436
155.347
191.185
140.496
145.186
164.912
165.638
42.3394
-240.118
-240.22
-497.657
-253.184
-157.403
-75.584
-88.7353
-67.2925
-18.3842
-82.8805
-289.233
-410.081
-452.241
-235.571
-240.779
-213.236
-229.409
-234.422
-248.708
-385.841
-431.38
-624.384
-925.308
-2856
-3761.55
-3918.76
-3504.44
-2488.18
-1549.87
-1062.18
-699.871
-860.569
-985.138
-903.05
-753.661
-701.341
-649.035
-332.271
-301.868
-309.027
-329.426
-301.449
-336.335
-361.54
-378.718
-419.458
-518.933
-1128.66
-1339.3
-1491.73
-1359.55
-1082.22
-1226.36
-1309.65
-1305.26
-1293.42
-1300.52
-1478.57
-1322.08
-1253.28
-1222.34
-604.093
-611.573
-536.659
-560.411
-546.282
-520.32
-559.808
-608.611
-673.74
-707.901
-1486.78
-1696.42
-1631.16
-1695.39
-1436.67
-1145.39
-1099.15
-1110.52
-976.382
-864.928
-817.379
-701.04
-608.341
-486.655
-253.626
-214.968
-179.816
-154.641
-128.763
-100.862
-71.144
-67.8511
-11.2665
-30.9768
-131.506
-223.375
-229.992
-107.387
-122.078
-110.86
-64.5063
-6.25782
118.213
147.621
246.113
244.298
290.098
339.252
169.923
237.11
212.344
190.35
187.697
229.41
240.098
232.318
192.798
217.567
149.936
-25.7786
-80.5178
-137.145
-149.613
-175.737
-94.4817
-109.414
-93.1975
-38.7423
-17.972
-103.824
-52.2589
-79.7187
-58.6173
-87.4156
-84.3913
-84.59
-47.9277
-99.1306
-76.9709
-87.8311
-84.7644
-127.516
-383.057
-468.533
-536.652
-629.296
-455.948
-566.325
-447.196
-447.827
-487.883
-393.604
-410.716
-409.271
-360.144
-373.711
-163.576
-149.032
-147.476
-106.051
-96.2104
-71.4958
-123.494
-139.322
-165.123
-191.673
-492.244
-649.865
-800.111
-654.877
-810.173
-848.863
-947.979
-939.919
-1023.34
-1018.94
-1194.75
-1117.41
-987.047
-873.059
-398.415
-318.849
-239.373
-211.817
-169.346
-171.143
-196.153
-222.103
-239.425
-352.424
-921.867
-1024.76
-1233.58
-1214.19
-949.775
-950.22
-949.589
-918.686
-812.966
-779.111
-761.432
-688.523
-659.759
-563.849
-275.327
-290.907
-274.288
-267.548
-255.908
-194.209
-176.182
-170.606
-208.569
-215.993
-493.427
-484.267
-585.122
-578.34
-539.573
-526.248
-439.853
-434.382
-253.036
-256.392
-246.669
-218.897
-146.644
-61.5789
-59.5066
-21.4059
10.114
16.6559
58.2439
80.2819
76.3456
116.679
85.3616
92.9216
93.4637
-26.6165
-50.7543
-190.759
-118.487
-246.416
-249.17
-188.651
-148.111
-57.6461
-29.5238
50.5689
11.6396
79.8017
79.269
86.6634
99.6601
130.816
98.0505
101.729
103.187
160.21
159.415
144.396
93.6243
52.9459
-4.26978
-58.9941
-223.478
-130.794
-107.426
-41.9082
-25.3041
-38.3207
36.8585
30.3074
51.833
29.0292
47.4638
29.8797
45.1365
52.4516
23.6851
81.3401
74.0639
72.4918
47.2471
44.6142
-15.3495
-25.6672
-116.402
-326.904
-272.351
-152.17
-125.715
-46.6941
-114.102
-7.66062
115.465
116.286
144.415
122.209
140.819
126.624
187.071
204.422
218.827
212.865
248.814
181.361
200.364
169.077
193.831
97.018
-19.0017
-88.9624
-63.4457
-123.732
-78.3141
-31.4057
21.0992
93.4141
264.414
344.847
385.648
369.942
249.033
198.256
210.559
251.234
230.257
278.346
274.376
287.309
252.194
257.554
348.252
236.139
82.4057
30.502
35.0019
120.28
-4.7956
79.0842
121.572
190.184
284.902
374.533
488.57
613.007
317.675
305.354
287.073
313.673
305.302
375.237
361.942
373.696
345.439
336.699
534.347
480.049
390.067
225.016
222.676
153.861
163.877
254.343
325.42
364.336
544.32
535.339
415.834
366.023
181.515
229.868
231.071
206.07
232.364
193.52
249.442
228.426
206.566
215.395
215.466
-7.79982
-67.2356
-162.312
-145.72
-218.677
-139.485
-139.356
-105.447
-30.4591
-9.92949
75.1188
147.039
138.745
77.9723
72.9903
117.987
149.511
123.263
153.714
128.845
169.147
156.01
206.912
279.984
131.113
81.6948
-26.5606
-76.2578
-105.19
-70.016
42.1577
42.7897
139.203
190.611
293.84
326.435
361.858
162.567
193.415
190.122
156.848
178.91
211.281
212.789
232.638
175.952
157.896
272.162
141.041
-55.3389
97.227
40.0712
-52.9442
-45.2337
-6.73223
-17.1425
76.8013
198.057
256.794
208.143
202.745
159.514
168.46
144.64
139.167
125.315
182.373
167.475
213.052
204.36
232.438
313.965
70.7436
50.1738
-154.296
-106.776
-280.185
-384.394
-253.773
-217.243
-120.9
-112.939
-95.9212
26.2393
32.8826
16.9662
-0.816688
21.8206
14.3226
47.6055
18.2121
69.5321
58.7892
52.6932
-21.0362
-72.101
-290.868
-311.567
-457.273
-284.492
-283.754
-263.504
-313.329
-227.418
-174.854
-94.3361
-1.46429
11.5282
26.7353
48.0951
40.8967
33.3654
11.9583
14.0111
83.4943
88.2029
69.7241
51.541
84.265
-3.06387
-63.2588
-141.901
-347.619
-272.557
-224.209
-235.014
-202.95
-195.883
-112.717
-149.081
-81.5805
-110.802
-75.3357
-45.2494
16.0981
48.7139
58.3644
37.294
47.9074
124.041
111.35
173.51
153.212
174.952
32.4854
-1.41397
-74.9677
-119.192
-121.472
5.50897
-74.5335
40.1188
179.852
149.737
196.639
168.102
276.001
118.702
163.366
152.485
169.8
239.11
231.099
261.919
218.072
249.224
245.381
343.153
206.514
169.278
-41.8007
-13.5402
-31.6937
1.74406
-18.3061
63.5047
32.0909
157.213
218.221
233.707
216.817
121.958
106.007
156.329
175.447
121.039
133.575
166.601
104.178
152.356
132.478
91.2754
-39.4117
-62.5717
-133.485
-207.408
-234.734
-243.672
-237.458
-286.908
-208.433
-213.377
-196.753
-198.142
-240.023
-122.799
-113.291
-198.104
-214.396
-226.295
-222.98
-260.165
-277.799
-285.104
-336.593
-752.557
-901.274
-953.214
-1011.33
-926.409
-824.568
-834.972
-852.332
-752.827
-718.112
-756.153
-689.184
-724.466
-764.527
-436.434
-473.325
-553.135
-527.311
-533.34
-586.614
-560.478
-510.042
-501.995
-509.993
-1006.56
-1093.37
-1169.4
-1146.46
-933.025
-841.36
-770.655
-759.701
-637.062
-693.327
-747.999
-725.669
-773.645
-689.183
-357.502
-317.443
-275.134
-265.475
-215.026
-175.99
-192.656
-146.03
-109.113
-79.3068
-113.977
-242.173
-293.083
-322.029
-246.004
-124.552
-185.197
-62.5913
64.3741
97.524
193.177
276.978
252.601
392.023
235.343
295.367
273.193
366.759
376.169
380.225
410.154
438.784
460.433
425.104
694.076
556.242
486.387
555.645
373.538
85.8391
184.605
225.873
245.44
327.475
527.704
537.209
485.431
462.059
255.867
279.548
304.181
292.219
378.42
386.29
401.265
431.695
435.528
406.362
756.164
703.618
453.644
352.716
282.292
251.942
316.709
316.668
359.847
361.684
526.121
705.211
702.927
795.273
373.846
397.542
426.66
429.266
386.218
412.307
456.274
433.548
473.952
464.897
781.071
668.883
562.284
413.86
395.063
263.683
286.767
370.38
476.826
509.874
747.805
710.686
708.875
765.005
377.868
379.821
428.684
414.593
405.65
434.564
439.603
441.689
429.396
450.036
767.49
632.928
539.217
564.91
235.345
224.583
133.752
149.586
126.61
163.191
289.441
191.996
140.666
157.638
110.154
129.051
117.186
102.151
101.477
53.3077
19.4111
59.6432
87.2155
87.1937
54.385
-52.3251
-136.643
-323.041
-206.329
-157.899
-245.888
-130.856
-132.559
-94.6616
-136.21
-157.89
-162.413
-206.355
-146.107
-104.226
-148.934
-99.3117
-108.744
-72.8038
-61.2409
-23.3052
-52.3286
-6.76698
-126.206
-165.248
-337.208
-323.992
-324.082
-310.057
-218.852
-193.178
-70.3521
23.9721
22.6782
125.359
129.761
237.341
86.2717
155.188
134.083
187.434
179.43
210.457
132.712
111.198
151.348
177.772
376.278
359.186
234.056
234.59
215.417
50.6279
216.546
259.953
501.605
564.431
772.142
704.656
731.05
780.623
418.329
427.814
421.607
408.406
430.012
419.142
462.544
453.592
483.223
474.75
866.024
655.07
506.994
518.325
415.821
420.256
436.598
397.109
514.676
584.507
729.935
691.631
818.589
741.933
430.08
412.099
429.885
449.067
438.442
439.012
484.791
439.177
495.136
469.001
854.802
778.806
565.639
589.848
505.958
390.551
381.1
421.833
503.404
563.496
689.954
773.66
819.984
733.978
401.301
444.207
453.751
435.715
423.221
461.177
353.107
365.657
338.419
297.123
570.591
422.692
242.872
189.371
129.534
43.868
92.6439
105.141
85.939
220.673
208.538
-8.23116
-61.1566
56.5842
186.248
151.269
153.144
239.725
266.014
262.858
233.553
246.77
184.454
196.368
335.889
69.7751
47.9138
22.7168
-39.5128
6.31545
1.23259
13.9976
-18.0219
-22.2151
-93.2325
-215.925
-242.872
-202.341
-90.788
-93.092
-83.7139
-47.327
24.3059
57.7289
46.3607
76.243
49.5189
95.934
129.199
-17.4507
-45.1009
-133.257
-145.774
-52.2576
12.5014
6.17636
127.666
278.566
324.627
372.669
395.605
464.496
280.468
306.559
371.36
497.186
484.751
506.405
459.674
501.534
490.726
424.705
696.054
565.025
294.065
268.591
237.219
66.051
200.722
198.459
282.063
370.397
537.486
501.095
604.119
599.708
295.488
307.677
345.004
367.914
323.214
370.283
309.249
362.063
352.38
318.349
566.032
467.534
372.896
133.414
-55.8886
-63.9504
13.914
38.9272
75.7919
107.779
142.564
129.652
97.4218
63.9709
54.0254
72.9073
49.2313
60.4948
65.4176
64.6415
70.9588
85.2261
50.1853
105.35
70.2141
84.1833
-16.3851
-32.7287
-27.9726
-68.1971
-13.0957
45.8522
160.733
135.364
213.89
290.903
274.223
341.056
186.33
275.685
307.667
302.793
342.224
395.591
400.925
419.687
378.777
377.772
619.924
486.597
356.38
316.468
357.521
274.615
275.374
234.995
256.35
342.78
500.851
555.668
521.067
672.057
298.246
349.654
366.412
377.059
364.554
392.303
394.525
391.634
380.107
356.853
756.468
595.126
470.485
424.852
264.396
289.117
307.831
401.818
462.36
448.773
681.976
705.477
688.59
740.48
405.378
357.39
470.623
493.041
469.98
484.713
469.008
519.937
473.623
535.212
912.308
836.471
733.067
687.547
575.576
565.842
522.7
577.315
567.401
700.536
785.66
829.017
914.394
864.572
444.299
490.606
450.513
497.984
484.752
518.312
516.286
476.418
544.482
524.284
899.839
902.829
829.129
721.241
586.237
497.464
482.699
430.895
424.505
448.103
591.088
613.167
522.627
602.404
278.68
213.362
171.22
126.885
156.485
143.694
114.094
118.307
113.446
161.256
213.789
155.577
51.5551
-55.2115
-132.72
-119.756
-30.9322
-58.8624
-20.6457
34.6476
-24.4342
-37.0266
50.5096
35.5296
-1.37072
15.9129
-23.1989
-24.6971
-77.8941
-152.242
-122.247
-142.921
-162.483
-199.767
-423.63
-542.054
-630.183
-652.87
-545.098
-593.043
-560.165
-547.973
-598.303
-611.466
-670.285
-749.393
-703.008
-667.121
-439.681
-463.553
-512.483
-607.345
-661.502
-758.135
-685.924
-673.463
-706.228
-803.834
-1654.76
-1840.36
-1916.67
-2074.11
-1766.19
-1899.75
-2030.82
-1993.41
-1942.56
-1948.94
-2294.62
-2243.08
-2156
-2070.69
-1000.34
-926.223
-867.476
-857.934
-794.303
-789.045
-773.092
-642.826
-564.111
-592.007
-1181.6
-1280.54
-1420.65
-1400.15
-1106.25
-1045.87
-972.384
-971.154
-849.905
-740.877
-865.07
-849.892
-813.144
-779.25
-379.839
-342.285
-382.38
-356.184
-354.671
-292.807
-321.612
-327.274
-330.879
-349.294
-631.167
-663.5
-645.762
-624.462
-521.465
-500.118
-467.647
-495.738
-341.675
-304.206
-299.994
-191.038
-267.987
-213.943
-56.0867
-22.224
20.4999
31.2569
77.8039
95.4463
145.041
80.884
51.0274
125.75
80.7125
-44.9117
-74.0164
-271.721
-125.093
-115.035
-4.55717
-3.21106
45.1349
156.955
168.342
131.284
211.351
332.77
187.443
205.428
242.758
237.197
276.402
281.227
308.12
310.804
331.246
289.011
491.898
281.567
295.42
149.227
137.59
8.25589
84.3017
131.821
193.943
308.996
394.813
347.945
375.119
354.163
195.416
236.556
198.834
211.588
205.396
197.185
214.305
206.535
153.857
182.508
358.302
293.29
127.037
209.843
48.9254
-9.18784
-1.79078
125.087
87.1997
178.172
199.229
314.865
232.708
357.816
140.752
98.8592
108.52
41.4607
21.0403
-26.9905
-32.3419
6.79494
8.73177
14.6416
-108.371
-164.615
-352.096
-488.171
-343.329
-323.523
-118.226
-130.366
18.6738
169.972
292.631
412.074
339.268
469.99
247.491
250.605
331.568
292.473
367.536
395.015
415.194
381.296
377.468
387.433
754.481
634.54
625.486
517.626
458.182
434.311
505.009
393.916
545.708
543.552
722.659
726.436
796.883
855.346
423.773
463.389
438.609
469.273
453.443
469.606
479.053
460.111
490.78
450.638
871.848
839.396
808.64
592.772
521.306
587.695
512.44
590.499
607.251
660.919
857.112
871.878
839.168
975.843
477.162
407.44
347.961
300.933
265.323
167.231
215.73
274.542
390.555
458.775
860.508
905.784
1029.15
898.8
675.193
615.949
695.166
783.596
784.337
811.157
1032.88
1093.36
1062.94
1050.78
549.136
552.436
573.659
611.722
583.355
615.089
603.081
608.214
605.864
639.89
992.416
906.473
699.451
622.476
413.013
393.675
342.186
416.061
525.184
502.422
745.11
684.405
756.719
714.191
413.478
445.487
437.729
443.434
480.48
480.102
486.06
481.757
496.739
543.364
1033.07
897.571
780.654
714.06
560.474
463.885
511.89
553.194
623.026
640.465
839.585
790.246
805.426
844.557
335.165
316.036
224.199
132.146
10.9074
-68.8181
-79.6277
52.7405
176.295
272.127
741.965
784.314
721.083
627.66
578.476
549.813
746.775
765.845
800.484
819.637
1069.9
1090.54
1102.88
922.376
424.01
420.851
401.802
419.408
372.365
347.567
335.967
312.605
241.244
265.998
417.716
297.427
139.066
-13.1458
-22.2323
-8.08219
38.8075
235.501
271.256
371.819
394.237
553.867
607.854
568.335
321.414
315.486
296.731
347.997
363.762
326.66
246.678
265.267
288.649
328.958
697.795
714.28
652.898
646.413
533.357
523.444
544.957
658.365
629.689
676.775
837.678
917.398
883.298
866.971
512.822
563.468
594.204
647.704
661.181
619.933
605.824
652.719
653.761
626.376
1176.46
1156.83
1053.29
1021.11
751.728
792.695
751.366
754.202
841.25
954.029
1088.06
1138.88
1218.27
1212.24
608.699
609.929
649.376
639.583
653.48
613.204
636.731
631.557
673.184
653.092
1235.73
1103.28
1163.09
1027.39
718.041
723.329
730.985
784.412
886.878
901.596
1189.76
1192.56
1237.52
1198.92
611.517
591.926
618.231
652.551
673.343
654.857
674.338
685.238
636.983
662.051
1185.41
1133.46
1051.78
965.523
689.847
760.86
760.048
890.673
822.225
947.893
1117.14
1132.78
1143.9
1151.06
491.037
451.217
401.408
329.869
244.996
123.065
20.7699
50.2981
34.0693
98.7401
174.955
139.514
106.687
146.018
94.0026
15.3951
-18.8877
-9.61651
-58.5418
61.009
277.844
433.526
596.232
644.308
395.266
380.008
408.106
454.932
461.523
399.871
437.615
433.616
385.953
359.784
688.431
679.589
548.277
484.791
557.164
430.582
468.149
532.963
613.374
612.924
841.076
885.821
937.116
890.926
511.622
491.185
549.878
563.995
503.385
541.165
546.668
548.672
531.297
497.541
1052.06
957.499
804.515
736.613
557.201
584.098
605.03
588.265
678.505
738.029
886.703
823.059
898.643
815.289
470.899
508.547
472.579
538.883
529.894
571.136
537.907
588.592
538.267
585.327
1149.11
939.24
924.891
1035.47
731.852
550.83
605.959
663.41
713.952
736.784
984.716
1022.41
1075.87
1011
536.129
571.809
527.53
596.129
555.781
677.66
697.853
681.143
672.061
673.576
1298.36
1277.87
1152.06
1126.63
890.875
869.387
720.367
676.681
782.654
927.771
1193.09
1181.43
1216.85
1274.98
671.731
656.026
664.869
635.891
680.932
668.636
656.289
677.674
690.47
671.478
1361.94
1290.24
1204.86
1149.23
903.785
913.752
855.705
810.466
893.077
918.723
1194.62
1204.97
1216.81
1301.45
649.298
678.468
683.657
658.955
691.175
647.705
682.477
696.198
711.354
689.513
1346.47
1024.1
893.763
798.163
513.599
561.769
407.309
529.264
410.728
351.63
520.487
567.15
659.731
727.789
379.942
390.592
394.711
398.746
447.223
455.059
515.509
497.586
477.246
467.198
874.758
840.675
819.618
697.407
422.22
415.974
467.823
415.347
459.214
521.85
669.646
655.714
679.741
630.713
366.128
333.626
338.396
326.779
390.067
336.081
358.329
366.855
379.93
400.826
820.777
699.728
528.721
537.278
413.468
458.216
461.487
565.221
622.647
646.249
827.781
914.76
853.613
866.556
446.033
481.077
520.874
485.821
482.1
522.334
503.621
475.519
388.752
390.051
665.082
645.284
517.746
367.937
329.127
368.847
343.332
339.985
352.717
377.396
452.696
304.223
288.569
323.471
148.576
150.633
132.211
83.1791
58.9945
80.1632
128.196
122.995
140.443
149.259
284.504
331.039
282.364
308.421
180.592
270.933
132.185
209.839
318.697
329.662
371.005
290.963
248.019
213.789
110.592
177.574
172.137
145.478
173.865
200.402
208.659
212.505
262.134
272.723
621.747
598.623
486.906
346.952
373.262
246.028
372.468
424.523
523.087
552.669
665.889
634.541
679.251
514.762
249.11
247.761
183.711
110.798
100.919
43.0428
98.6479
116.362
109.682
160.781
475.206
408.213
437.088
354.661
192.291
299.325
174.128
271.165
340.333
341.998
519.621
483.256
503.721
580.617
333.215
370.129
401.822
403.332
427.731
463.547
502.168
534.233
596.197
610.56
1275.66
1198.86
1248.3
1125.88
849.824
799.189
870.474
864.787
778.077
821.266
1042.61
1038.49
1245.45
1261.68
611.445
631.384
580.252
591.804
562.575
546.796
541.051
556.266
470.2
461.84
905.014
913.756
802.164
856.533
658.748
418.68
393.507
355.652
270.162
309.474
270.513
335.59
308.438
274.057
149.847
100.582
96.2114
108.818
36.6571
40.5167
14.1232
-18.0036
-54.0018
-54.2155
-226.746
-347.979
-436.62
-408.983
-252.15
-377.125
-278.156
-225.155
-200.615
-149.255
-28.6118
-19.562
-0.991511
57.5785
60.1436
114.282
99.5473
85.6153
93.6296
87.6958
40.4368
60.0054
65.2971
18.105
53.6834
-36.0266
-136.528
-116.101
-111.081
-172.027
-73.2997
-118.882
-84.3583
-32.1942
-3.11706
-46.3443
-42.4462
94.9452
77.303
452.791
