3091.76
2919.22
3163.65
3122.7
3217.78
4105.99
3519.7
5002.54
3710.72
5720.23
1530.8
3587.48
338.764
4650.19
1547.85
2857.81
3111.18
6800.75
5105.08
6153.67
5132.08
3290.05
2827.61
3043.77
2824.64
3083.64
3075.52
3966.21
3138.33
3282.59
3388.65
4844.88
4351.95
2363.71
1527.28
3385.52
357.422
1238.29
2057.99
4151.8
3434.4
4111.77
5006.69
5123.11
4675.9
2494.83
2771.04
2690.96
3066.36
2831.39
2919.29
3887.55
3259.44
3674.08
3248.17
4776.73
4252.35
5220.36
1157.65
4776.21
939.729
812.162
1538.87
4227.85
3294.58
4697.26
4181.18
6326.42
4538.82
2507.52
2634.67
2631.46
3079.68
3050.73
2976.27
2960.57
3114.19
3413.45
3138.02
7001.8
4428.93
5292.2
797.349
49.1412
926.606
1142.43
1867.3
4323.79
2884.04
4469.15
4934.68
4697.03
5244.42
3907.69
2588.03
2953.1
2668.13
3878.08
2994.62
3951.34
3306.92
3356.45
3529.16
5355.81
4348.76
2478.5
1461.71
3749.53
276.906
3290.95
1637.75
2088.97
3316.43
3973.71
4759.84
4770.08
4337.24
2542.9
2482.49
3989.69
3039.98
2941.2
3096.11
2980.2
2981.63
4061.56
3522.46
7926.85
3751.62
5835.45
1043.69
3365.55
439.486
840.903
1774.1
4547.25
2887.52
4445.1
4519.05
6190.48
4826.65
2618.42
2872.27
2646.84
2699.77
3520.12
3095.45
3315.47
3350.88
3938.87
3429.03
4555.79
3777.37
2480.62
1364.05
379.321
642.367
1031.61
1908.84
2086.88
2909.76
4282.89
4577.26
7663.29
4593.07
3556.58
2746.99
3015.16
2930.46
3923.58
3318.62
3389.41
3394.34
3806.5
3486.12
5007.04
3923.33
2170.89
1470.75
301.969
528.438
862.47
1657.73
2165.75
2741.96
3784.61
4737.42
4314.36
4825.78
3638.98
2800.36
2950.22
3175.59
3189.32
3194.82
3243.6
3332.33
3289.49
3518.78
5669.69
4535.84
5804.57
1436.13
269.573
620.287
804.273
1691.13
2466.42
2622.6
7393.63
4172.44
4960.09
4535.77
2496.05
2626.07
3646.59
2871.73
3666.02
3137.94
4154.99
3404.46
3301.55
3578.36
6766.31
4250.12
2721.7
1338.35
318.358
742.879
4881.77
1351.53
2474.37
2900.51
4211.39
4217.87
4698.44
4839.64
3569.9
2656.02
2994.85
2760.35
3639.22
3100.42
3215.75
3251.4
3924.47
3549.52
7236.88
4183.39
3079.63
982.688
550.798
866.68
1019.32
1662.52
4400.55
2923.34
7084.62
4454.66
6352.62
5099.26
2672.83
2657.09
3662.23
3223.58
4345.37
3435.43
4236.26
3590.27
3270.98
3591.29
7606.57
4710.09
5817.47
1175.17
825.07
1016.09
3652.49
1316.36
2344.83
2933.12
4350.2
5222.66
5190.96
4718.81
3718.23
2823.39
4409.07
2948.93
3151.99
3217.97
3149.25
3515.3
3942.49
3357.01
8592.82
4723.43
6067.78
1113.11
821.544
1078.51
3490.37
1711.49
2937.89
2911.64
4583.54
4570.5
6905.33
5089.52
2518.7
2934.18
2857.38
2956.14
3453.25
3329.04
3244.35
3442.5
3295.85
3590.29
7072.89
4086.7
2490.78
1652.93
475.588
590.303
1118.9
1908.24
2750.41
3399.52
6023.86
5099.25
6813.11
5035.02
2358.52
2586.35
3050.05
2996.19
3167.32
3098.01
3226.01
3554.02
4048.43
3570.04
7699.64
4368.98
7680.54
1479.21
3725.72
988.258
804.555
1467.88
2371.74
3325.79
6076.8
4970.71
4653.72
5123.31
3997.77
2781.15
2775.82
2891.56
3910.35
3081.55
3464.95
3278.53
4022.46
3405.38
5048.37
4310.49
5450.71
863.853
475.629
919.218
875.681
1788.82
2312.04
2914.87
4548.4
4438.16
4756.5
4464.53
2527.22
2492.09
3003.75
2980.07
3868.8
3088.17
4012.83
3513.79
4161.74
3672.63
7558.21
4166.33
2155.44
716.013
211.235
711.995
3789.67
1775.31
2795.42
2944.89
4154.18
4483.15
6594.97
5146.23
3786.77
2517.58
2855.25
2900.92
3815.28
2974.27
4124.61
3305.73
4447.39
3662.27
5264.65
3587.49
5666.43
792.443
160.69
1218.48
485.159
1391.71
2766.54
3346.5
4459.54
4539.95
5094.75
4647.59
2482.12
2632.27
3973.18
3261.93
3896.75
3431.61
3491.44
3427.27
3422.1
3664.1
5605.21
4168.36
2662.42
1070.46
3726.42
805.301
899.414
1607.93
2657.63
2821.67
4030.46
5086.52
6736.57
5105.22
2734.65
2648.82
3886.08
3191.55
3077.14
3309.32
3372.15
3571.23
3620.88
3515.66
5536.63
4047.42
2900.36
1576.38
3801.56
1101.01
390.957
1715.78
4740.55
3354.23
4088.23
5126.1
5283.24
4876.41
4230.27
2571.55
3945.34
3122.52
4190.11
3019.21
3357.81
3277.45
4720.18
3483.85
5544.25
3747.49
2598.61
1006.29
3376.19
1016.09
580.795
1655.47
2492.31
3245.66
4624.58
5113.37
5196.3
5078.65
2916.81
2946.12
2821.44
3132.68
3381.8
3313.56
3450.16
3277.72
3419.45
3355.79
5079.7
3762.22
5615.53
1304.91
249.628
1084.56
426.518
1221.02
2393.72
2825.71
4351.99
4695.24
4727.42
5244.72
3441.89
2834.97
4330.04
3329.76
4385.67
3169.83
3603
3429.17
3360.18
3602.83
4950.02
4326.35
2283.34
1621.35
3818.08
472.871
792.119
1335.22
4618.78
3262.99
4402.39
4929.7
5007.4
5498.98
2913.03
2438.6
3568.13
3173.25
3912.53
3378.78
3252.14
3289.84
3298.94
3649.82
7293.21
4076.41
2211.33
1309.34
235.083
311.985
5157.58
1523.82
4416.69
2751.84
4136.1
4722.23
6859.52
4931.9
2825.74
2413.75
3097.02
2989.09
3113.49
3353
3197.59
3356.72
3256.35
3254.81
6941.74
4112.27
2409.17
1526.76
352.985
987.281
832.281
1691.16
4289.92
2778.08
7432.54
4556.89
4990.95
5213.97
4000.39
2937.8
4230.75
3115.62
4458.3
3211.3
3404.04
3373.55
3700.83
3376.45
5593.76
4043.87
6149.39
1113.06
274.196
1014.34
586.608
1765.32
2425.04
2869.22
6183.66
4231.48
5223.95
5062.24
3736.04
2672.46
3132.42
2872.44
3155.58
3043.2
3542.07
3264.44
3457.65
3443.86
5531.95
3782.38
3016.9
1378.3
99.5889
348.2
401.069
1061.19
2362.55
2487.86
4179.29
4557.68
4411.88
4913.04
3900.46
2634.09
3039.24
3188.95
3055.01
3114.81
3322.59
3211.62
3321.54
3309.72
7863.79
3715.25
2929.08
1246.24
3485.87
257.452
3420.94
1626.14
5004.31
3036.47
3833.99
4993.91
7866.26
5254.72
2628.06
2711.53
3911.22
3086.55
3300.87
3060.39
3981.86
3286.43
3506.38
3560.2
4952.34
4344.64
2372.82
1732.57
377.875
844.913
3781.81
1214.97
2233.26
2713.29
3643.41
4940.93
4574.2
5564.03
3599.19
2771.44
3157.31
3191.4
4241.42
3509.04
3233.86
3541.31
4076.13
3470.73
5043.27
3787.16
2949.88
1715.62
570.346
495.872
3330.83
1062.27
2084.16
3133.56
4075.09
4178.21
4630.04
5606.57
3016.23
2992.45
3122.72
3284.42
3132.91
3532.78
3643.25
3213.61
4303.11
3412.81
5304.7
4555.58
2520.99
1160.2
4954.16
801.943
867.271
1313.58
4445.25
2616.15
3662.48
4535.59
4720.01
5813.61
2715.18
2914.23
3797.8
3017.3
4488.87
3378.47
3604.6
3480.72
4105.2
3486.72
5005.11
3675.21
2381.01
947.789
-37.8904
-118.075
2910.83
998.029
3828.9
2839.18
4040.32
4380.33
5167.24
5185.66
2965.8
3129.57
3066.48
3302.68
3145.55
3218.15
3550.08
3273.38
3553.3
3159.38
7489.76
3596.92
5741.93
1132.15
-186.296
-243.626
-83.4792
742.197
1616.97
2679.2
3499.99
4866.36
7099.32
5597.88
3396
2788.13
3082.71
3350.78
3327.59
3200.11
3280.87
3465.42
3960.46
3492.02
7071.64
3835.78
5551.3
1145.02
-18.3348
-300.44
337.336
1005.02
1809.51
2739.14
5643.89
5118.3
5194.74
5365.98
3026.91
2918.15
4227.74
3319.83
3169.96
3542.95
3831.75
3374.49
3748.26
3262.64
7683.55
3661.51
1740.24
476.309
4876.61
-316.987
173.212
768.181
4109.38
2513.65
4052.07
4873.32
5261.9
5486.57
2756.11
2814.74
3588.62
3367.31
4070.71
3229.72
3661.64
3344.09
4649.35
3375.7
8237.78
3121.76
1972.18
1053.65
-299.031
-296.557
72.1704
793.76
1852.32
2581.84
3385.74
4371.87
4969.25
5434.03
2678.49
3085.11
3886.11
3006.79
3239.83
3485.51
3386.66
3354.62
3528.52
3081.18
5117.59
3199.92
2137.96
223.75
-39.4073
-82.328
4624.98
831.699
1401.84
2070.28
6570.57
4481.23
6254.47
4953.01
2637.16
2969.07
3094.33
3304.29
3208.8
3545.72
3512.25
3683.67
4587.46
3313.96
5575.81
3074.29
6782.72
717.532
-294.629
-577.116
2552.71
744.154
1251.18
2253.06
3904.83
3960.06
5037.63
4677.77
3552.93
2731.99
3713.86
2958.18
3676.37
3163.7
3493.62
3539.04
3367.62
3123.23
5285.14
3251.44
7092.45
17.6842
3080.66
-179.522
-554.561
791.987
1065.67
2311.72
6858.12
4191.54
6432.36
4638.53
4006.99
2872.37
3259.14
3214.99
4214.94
3604.64
3365.46
3392.38
3672.3
3113.55
5446.11
3599.74
4704.63
-128.294
-508.106
-287.142
-306.197
402.322
1265.62
1900.76
5221.61
4117.77
4506.35
4785.06
3556.25
2834.93
4271.92
3198.2
4104.89
3394.29
3298.72
3506.11
3936.58
3419.99
4622.95
3206.48
1380.14
426.633
2916.68
-259.374
-494.513
370.204
987.739
1526.3
6198.96
4368.33
4587.86
5078.62
3661.04
2725.87
3028.45
2881.62
3047.34
3321.08
3803.37
3441.6
3920.11
3303.97
7050.78
2754.9
1064.17
-250.737
2647.28
-643.753
2829.4
87.1064
760.885
1679.63
5649.42
4273.03
5027.45
4310.19
2731.38
2711.27
2889.42
3197.08
3883.87
3341.46
3474.13
3190.93
3408.75
2994.81
6892.43
2628.09
1232.27
107.173
4315.51
-522.79
-675.532
-269.996
419.365
1590.13
2456.05
3481.29
4665
4577.36
3664.51
2806.67
3506.33
3151.11
3631.34
3095.78
3116.52
3171.54
3383.83
3311.82
5046.25
3437.37
1245.67
-145.586
2417.75
-413.086
-927.292
-67.9548
2859.89
1068.58
2371
3390.95
6058.25
4951.64
2443.44
2503.45
2919.7
3113.15
3920.42
3303.05
3945.67
3423.2
3792.11
3051.64
6888.34
2882.23
868.964
-234.833
-737.216
-690.645
1954.46
54.1094
3411.4
1091.32
3141.41
3965.96
4937.2
4167.36
3365.87
2530.41
3482.83
2889.48
3268.67
3240.42
2983.19
3152.69
3296.93
3291.52
7277.53
3149.38
1301.97
-574.277
2372.53
-688.555
1987.89
110.945
853.87
1000.25
2119.29
3094.79
4673.13
4055.4
3330.99
2359.6
2701.92
3036.85
3044.51
2987.48
3561.92
3185.71
3396.31
2923.08
4501.58
3218.01
4773.54
-266.619
-920.644
-944.573
-986.017
5.07342
4518.76
1121.98
2652.85
3539.63
4296.32
3893.85
2431.36
2460.27
2493.95
2701.48
2986.73
3133.96
3818.12
3235.71
3225.84
3035.45
7414.39
2682.32
3957.16
-810.702
-1164.07
-873.115
-816.729
-437.251
75.4296
1051.38
1789.75
3010.24
5844.05
4050.48
2279.42
2592.48
2633.97
2883.31
3915.24
3154.95
2939.25
2977.54
3262.1
2874.84
4890.42
3081.96
511.469
-782.988
-1067.29
-995.421
-954.456
-411.998
44.5123
1139.05
4350.68
3193.29
4039.1
4456.9
2158.08
2705.03
2486.89
2900.29
3453.84
2864.45
2799.37
2959.79
2933.9
3135.85
6978.77
2877.38
3826.21
-592.872
-854.998
-757.002
-630.451
-335.335
281.562
654.601
2174.73
3513.46
3891.36
4544.95
2520.8
2718.53
3684.43
2557.61
3101.54
2780.8
3095.78
2846.49
3039.34
3103.21
6223.6
2676.68
6108.42
-615.742
-1178.05
-1262.8
-933.872
-269.437
467.326
1229.43
1719.28
3208.74
3770.2
4724.3
2324.4
2771.33
2741.48
2924.5
2698.17
3066.46
3167.49
3155.83
3147.36
2987.98
4591.96
2520.59
-16.642
-885.811
-1239.66
-1151.93
-963.772
-50.0807
183.137
644.73
3807.03
3391.33
5262.52
4085.14
3447.27
2426.52
2671.31
2871.46
2844.47
2855.62
3462.47
2697.9
3039.4
2574.73
5871.32
1868.93
735.841
-829.006
1957.35
-998.542
2321.48
-145.773
340.884
1035.27
1628.12
3176.12
4394.33
3898.45
2227.1
2268.31
3045.45
2772.11
2610.99
2709.05
3483.19
3093.22
3040.81
2902.79
5700.23
1751.4
67.4005
-875.321
-1403.54
-991.976
-971.702
-543.988
3504.85
368.372
1496.82
2901.73
4092.91
4689.95
3465.76
2473.56
2469.29
2450.01
2872.73
2906.68
3262.45
3077.66
3742.77
2798.12
4415.8
2068.2
3939.3
-1021.01
3701.71
-1206.41
1860.97
-422.308
534.308
812.005
4338.22
2475.52
3624.87
4320.36
2319.24
2563.5
2253.65
2900.85
2725.79
2824.41
2722.28
2731.78
3086.44
2782.16
6038.39
1820.91
3711.09
-629.919
-911.131
-1124.2
-1032.14
-548.08
133.393
362.435
1842.11
2997.6
5736.6
3891.41
2225.94
2522.84
2487.72
2454.45
3426.55
2706.6
2778.08
3018.21
3475.86
2983.83
4159.5
2320.3
5072.17
-891.251
1998
-1387.45
3449.7
-670.51
-2.18018
829.078
1530.58
2522.69
4242.91
3636.5
2211.61
2578.18
3129.51
2695.83
3637.79
3016.2
2922.29
3045.48
2779.76
2843.01
4062.79
1852.63
3928.98
-758.339
1709.31
-1368.05
3148.12
-384.428
2142.46
376.399
1123.43
2480.21
5089.32
4000
2357.85
2400.49
3060.71
2454.85
2920.13
2765.07
3005.12
2980.48
2685.83
2714.5
4080.22
1965.21
154.046
-1172.01
1706.02
-1194.31
1344.79
-893.082
2661.28
477.71
4114.82
2826.36
3384.36
3783.73
2291.14
2257.16
3275.11
2619.24
2831.43
2705.26
3474.29
2671.3
2746.56
1989.98
2653.37
732.401
2887.4
-1973.51
3535.45
-2123.52
-1564.14
-987.118
-337.336
353.992
1498.56
2339.35
3556.58
4071.39
3227.28
2079.82
2188.13
2641.24
2730.6
2769.72
3361.19
2851.97
2786.76
2309.01
5016.21
336.904
-1295.75
-2167.83
-1946.64
-1809.73
-1576.91
-1037.45
-457.572
-112.435
1622.31
2656.45
5508.4
3592.11
2265.04
2327.25
2364.16
2460.13
3251.09
2873.45
3656.7
2680.91
3465.99
1964.3
2899.85
442.693
-1351.47
-1979.49
1532.45
-2033.54
-2236.5
-1344.96
-855.034
-254.397
958.974
2618.12
3202.39
3841.49
3032.37
2162.41
3182.26
2332.56
3753.28
2772.48
2577.45
2558.69
2669.47
2241.79
2517.76
661.469
2499.85
-2097.98
-2021.35
-1989.42
2710.53
-1489.45
-688.385
-340.99
718.446
2681.9
5296.34
3427.84
1961.38
2353
2361.9
2634.43
2305.82
2534.66
2884.61
2500.19
2472.94
2255.31
2078.21
549.252
-953.827
-1647.15
1408.23
-1965.22
-2298.18
-1538.15
-918.576
22.3627
802.682
2251.12
2928.53
3657.09
1808.6
2099.38
3046.83
2519.35
2678.27
2616.03
2739.7
2521.02
3048.83
2171.54
2089.33
138.675
-1344.7
-2126.79
-2550.52
-2056.51
-2461.98
-1572.95
-1138.51
-35.9124
3453.37
1986.76
6113.86
3259.73
2695.69
2000.91
2298.48
2682.98
2966.33
2716.84
2826.59
2829.63
2672.52
2146.79
4533.83
1.26697
2779.17
-2323.07
-2530.78
-2437.44
625.649
-1663.81
1401.49
-424.51
291.335
2143.84
3282.79
3419.51
2031.45
2202.69
3015.32
2295.39
3493.07
2415.55
2562.99
2484.68
2735.67
1889.3
6285.65
1.3661
2149.84
-2209.5
1007.77
-2830.9
-2539.78
-1704.6
2836.02
-624.653
526.727
1263.84
2852.22
3450.29
2595.49
1947.16
2108.95
2416.59
3551.59
2368.61
2600.8
2518.92
2610.81
2081.88
2649.17
272.817
-1531.87
-2629.57
759.158
-2772.39
982.81
-2137.92
2689.44
-316.315
4321.41
1677.78
5829.55
2977.32
1891.38
2171.36
2924.34
2570.98
3245.29
2483.75
3087.11
2747.96
2986.09
1957.78
2137.8
111.192
-1806.69
-2560.11
-2642.7
-2768.33
-2804.38
-2097.26
-1509.81
-1020.98
-483.259
1087.65
2476.87
3116.76
1967.79
1861.41
3100.93
2382.78
2906.14
2317.67
2542.82
2406.63
2991.84
1833.11
2270.22
121.07
4339.39
-2960.87
-2815.91
-2880.95
2650.38
-1957.28
-1228.96
-777.313
22.1147
1243.81
4773.92
2908.67
2674.56
2096.05
1964.33
2209.62
2170.09
2546.48
2380.41
2719.51
2283.13
1753.09
2223.74
-86.8313
1462.38
-3059.92
325.276
-2683.41
-2491.6
-2013.31
-1376.18
-544.586
-331.19
1045.37
2691.21
2811.6
1857.86
1798.83
2010.2
2152.4
2344.82
2524.62
2608.07
2538.55
3367.42
1750.06
1871.22
-581.453
-1800.76
-3170.19
-2745.76
-2849.94
234.861
-2235.96
2643.67
-732.495
-433.342
1062.21
2335.82
2775.07
1573.32
1812.59
2353.18
2230.76
2708.02
2284.46
3095.11
2747.99
2543.69
1750.97
272.91
-1090.03
-2868.94
-3570.15
-3414.79
-3065.66
-3018.57
-2180.26
-1515.21
-532.124
632.003
2240.56
4546.37
3275.67
2012.94
2253.52
2804.05
2239.19
2929.69
2606.43
2520.11
2482.42
2233.5
1427.52
200.72
-1438.89
-2730.61
-3519.99
-3067.4
-3438.57
-3196.87
-2259.52
-1793.74
-204.441
1238.37
2583.99
4322.14
3676.67
2073.51
1900.56
2680.32
2160.24
3202.68
2573.15
2306.87
2424.06
2152.48
1773.87
3372.73
-1822.97
-3348.14
-3964.23
-3375.8
-3338.29
2074.67
-2510.77
-1808.41
-654.257
1266.62
1877.17
4868.6
3609.15
1775.08
2251.67
2973
2380.63
2103.75
2623.82
2701.05
2623.32
2609.23
1471.11
3055.53
-1424.22
-3151.53
-3848.58
-194.615
-3474.02
-3159.2
-2497.11
-1522.65
-558.234
447.392
2264.97
2506.84
2785.56
2054.1
1882.86
2044.98
2053.17
2023.31
2399.04
2635.6
2259.89
3374.57
1723.22
419.875
-1930.68
2612.67
-4466.78
-3505.93
-3393.89
1822.33
-2542.29
-1878.78
-817.577
827.244
2311.14
2428.9
3396.21
1788.07
1770.58
2169.72
1986.05
2376.01
2383.24
2311.95
2523.85
2183.87
1381.13
282.224
-2138.04
3019.21
-3776.24
-3476.75
-3522.35
-3664.82
-2607.03
-1665.43
-387.831
780.13
1573.67
2611.67
2835.75
1592.15
1869.87
2736.21
1889.88
2241.67
2106.49
3029.15
2483.98
2750.04
1238.28
2580.29
-2039.31
-3195.82
-4063.07
-3686.05
-3368.87
-3476.02
-2806.32
-2032.32
-804.425
2766.94
1434.79
2372.11
2749.26
1631.56
1638.31
1992.62
2074.33
2798.12
2382.05
2467.05
2595.08
2243.79
1423.81
-453.163
-1613.27
609.002
-4367.25
-3745.91
-3807.91
-3253.99
-2656.6
-2011.01
-880.462
4036.42
2070.78
2823.12
2549.97
2572.01
1559.64
1968.38
2105.48
2235.84
2396.88
2988.8
2233.9
2344.42
1378.02
2783.48
-1941.75
-3722.08
-3885
-3428.73
-3741.83
-415.226
-2554.55
853.693
-930.497
16.0674
1590.55
4654.53
2649.64
1567.03
1732.25
2923.65
2098.9
2719.31
2212.96
2618.41
2536.4
2696.29
1389.13
-551.31
-1624.59
-3271.42
-4307.36
-403.083
-3363.39
-3158.87
-2595.25
1764.08
-969.558
2885.62
2020.82
2475.45
2502.78
1551.33
1617.66
1858.94
1731.7
1891.85
1924.85
2092.25
2109.08
1896.79
1297.16
-502.841
-2136.13
-3215.52
-4124.15
-92.017
-3521.87
-269.979
-2802.37
-1949.8
-900.266
418.383
1954.81
1919.43
2509.62
1543.89
1372.54
1672.95
1958.92
1859.91
1831.71
2804.69
2366.36
3040.05
1305.48
2481.57
-1987.03
-3756.71
-4132.73
-484.461
-3789.49
-3467.06
-2934.45
2290.26
-776.057
-158.217
2105.94
4069.62
2383.17
2087.98
1610.09
1662.03
1905.99
2144.62
2139.66
2057.83
2269.52
2376.1
905.48
-597.285
-2354.47
217.919
-4249.44
-729.987
-3923.54
-3891.42
-2877.29
-2550.66
-1122.41
335.952
1904.23
4687.58
1955.53
1502.28
1444.57
1675.47
1906.59
1687.53
1759.12
2907.1
2326.44
1860.46
936.38
-851.538
-2334.44
-3878.65
-4610.9
-4063.99
-4313.91
-4163.98
-3358.03
-2486.86
-1384.94
-47.0512
1686.39
3293.54
2345.03
1849.86
1409.78
1767.26
1846.49
1864.65
2034.24
2565.76
2038.81
1702.52
966.435
-735.811
-2233.27
-3845.7
-4839.69
-653.854
-4421.11
-4065.11
-3243.27
-242.232
-1084.19
-584.578
1166.18
1922.97
2495.39
1393.06
1617.19
2369.35
1611.88
2387.22
1850.61
2396.41
1988.9
1756.25
867.102
-1230.5
-2812.22
-4091.4
-4975.3
-724.864
-4297.82
1274.03
-3330.95
-2874.93
-1381.54
-626.118
862.597
1864.24
2216.38
1971.25
1100.6
1304.31
1669.12
1660.09
1757.39
2506.09
2156.69
1902.84
699.272
2222.87
-2487.82
-4485.04
-4816.62
-1171.08
-4104.72
-4545.27
-3912.47
-2995.97
-1538.67
-801.403
1292.04
2767
2121.2
1146.32
1333.45
2202.43
1787.86
1927.5
2045.16
2665.45
1890.75
2695.46
974.566
-1301.78
-2626.84
-965.432
-5478.76
-4414.27
-4758.57
920.915
-3684.01
-3290.93
-1607.66
-1168.51
862.485
3224.5
1258.81
1361.94
1278.72
2016.43
1507.54
2231.43
1965.87
1804.46
1706.94
1791.8
-3.49311
-2141.38
-4185.5
-5411.13
-6509.96
581.092
-5123.51
-1373.81
-4642.63
-898.654
-2202.98
-423.027
1303.57
4112.99
1496.28
1189.52
1488.93
1970.64
1652.64
1587.02
1894.07
2795.48
1973.82
1834.5
-34.426
-2292.04
-3859.37
-5690.82
-6279.62
-1082.54
-4991.14
909.77
-4085.54
-823.635
-1823.27
1988.98
744.265
2856.89
1963.83
1554.89
1359.7
1769
1549.57
1830.12
1737.68
2110.32
1749.79
1229.39
161.049
685.877
-3746.95
1123.25
-5910.42
-4722.68
-5058.51
-4771.5
-4447.01
-3538.42
-2047.02
2629.47
1064.37
1479.92
2376.29
1201.43
1597.72
1366.95
1678.01
1686.42
1710.42
2285
1902.11
1810.64
85.0516
-2333.96
-4025.12
-5576.29
-6455.25
-5086.21
-4936.11
-4953.16
-4682.96
-4053.68
-2015.11
-993.183
891.7
1786.15
1461.59
1325.79
1430.37
1255.73
1668.35
1555.08
1626.71
1925.48
1876.39
1012.71
-1.26036
2719.71
-4443.56
-5977.6
-6275.19
-5086
-4669.73
-1266.74
-4493.55
-3694.29
-1972.07
-626.81
863.381
1306.1
2042.44
2143.92
1474.62
1569.12
1407.11
1732.91
1629.45
2003.49
1991.83
1900.62
74.8459
-2421.31
-4356.18
-5763.81
-6470.46
-4907.25
-4886
-1547.99
-5031.03
-4078.73
-1926.53
1198.54
705.58
1316.51
1525.44
1930.52
1433.06
1278.54
1505.06
1423.42
1921.9
1636.21
1694.92
1021.16
-6.75371
-3166.93
-4192.04
-6176.82
-6030.56
-5282.93
-5237.58
451.816
-4983.73
1217.01
-1935.31
1727.23
561.204
1678.8
1920.12
979.198
1325.65
1230.95
1430.08
1466.21
1629.47
1580.1
1887.49
784.497
-195.903
2495.31
-4266.16
-5874.17
-6095.47
-5256.23
-5082.39
-5280.95
-4974.54
-862.283
-1961.19
3087.16
832.433
1467.79
2132.92
2027.49
1387.33
2176.07
1526.92
1404.4
1738.39
2250.43
1738.41
982.628
-363.761
-76.9819
-4447.67
-1780.41
-6405.29
540.367
-5256.95
-1804.82
-5123.08
-4029.22
-2251.49
1670.46
234.756
1435.91
1767.14
894.151
1075.43
1236.45
1400.17
1496.39
1780.81
1732.88
1581.08
2246.18
-363.778
2365.18
-4922.73
-1660.68
-6734.16
-4943.96
-5396.46
-5412.17
-4734.75
-3873.15
-2260.72
-813.759
777.048
1534.24
1811.39
1288.29
1457.18
2052.38
1667.19
2512.8
1516.41
1569.71
1927.54
954.607
-417.1
2150.54
-4629.52
-6256.18
-6808.14
-5203.19
-5451.37
-5170.62
-4638.69
693.198
-2134.04
-663.36
76.921
1652.63
1515.01
1364.82
1081.77
1952.53
1509.21
2076.18
1774.01
1590.66
1635.11
935.351
-117.215
-3019.49
-4746.44
-6505.17
-6370.26
-5349.41
-5373.79
233.648
-4611.86
-486.073
-1823.25
2262.36
472.864
1338.93
1269.98
1031.71
1247.82
1193.74
1299.39
1509.51
1495.95
1994.02
1746.7
1676.87
-195.061
350.533
-4623.4
-1881.05
-6076.37
-5246.66
-5280.4
4.96438
-4669.4
-3548.54
-1869.51
996.389
928.669
1440.65
1892.79
1295.08
1442.48
1447.43
1719.31
1531.55
1776.19
1481.54
1835.67
1585.08
-192.774
-3076.22
-4897.59
-6486.55
-6243.84
247.403
-5384.96
-4944.35
-4412.67
-3154.13
-1740.58
814.924
273.529
2975.63
2158.28
1360.28
1197.49
1182.56
1541.38
1583.33
1657.75
1694.13
1427.56
1770.62
-193.186
-3243.45
-4453.17
-6203.81
-6659.31
474.6
-5068.71
666.167
-4200.84
-3584.11
-1785.15
1583.27
617.971
1376.77
1518.14
1746.15
1443.47
1426.06
1634.48
1383.51
1722.6
1535.53
1411.86
1639.91
-385.169
-3477.21
-4572.68
-1536.67
-6172.35
-1566.96
-5301.07
-5427.31
-4278.98
772.873
-2294.28
-1314.5
241.381
3370.11
1476.48
1751.13
1109.91
2180.82
1510.93
1300.1
1741.5
1664.03
1457.46
342.313
-443.793
-3150.56
-5070.76
-1730.05
-6664.55
-5086.09
-5552.65
-5236.58
-4739.98
-4044.83
-2094.25
1119.83
372.794
447.144
1470.08
786.15
1110.36
1116.17
1533.34
1455.02
1630.74
1432.22
1521.84
1254.16
-343.125
-67.9282
-4901.68
-6451.53
-6743.32
-5485.2
-5201.92
-5289.15
-4975.75
528.883
-2033.66
-1510.08
434.092
2611.49
1751.85
1627.77
1043.53
1124.87
1161.45
1314.67
1386.81
1591.65
1279.88
1639.47
-565.556
-3294.14
-5238.69
-6637.8
-6661.48
-5262
-5305.67
392.246
-4902.82
-3988.83
-2410.25
-1544.27
368.364
1083.87
1258.91
1613.74
931.908
1330.06
1489.95
1516.94
1366.08
2296.94
1340.91
625.566
-495.449
-3463.52
-5199.11
-1777.39
-6441.33
-5284.75
-5525.46
-1837.19
-5104.07
-3644.75
-2359.79
434.813
1.46823
376.253
1129.63
801.441
1191.98
1351.54
1464.24
1314.05
1602.47
1520.69
1190.61
438.246
-774.039
-3888.15
-4667.63
-6475.35
-6518.78
-5449.51
-5459.74
-5590.53
-4929.04
-1139.71
-2359.75
-1349.07
-3.83269
418.608
1262.32
1541.47
913.85
1629.42
1126.79
1395.74
1406.61
2088
1600.88
237.862
-527.102
1185.45
-5311.71
-6223.82
-6868.77
-5367.79
-5815.69
-5709.3
-4797.74
-1344
-2849.92
-1628.24
99.6915
1141.26
1102.08
1048.82
1272.91
1047.75
1478.66
1519.07
1162.01
1548.81
1313.59
480.688
-865.253
-3444.81
-5291
-2294.61
-6449.24
-5461.32
-5661.62
-5435.06
-5199.35
-3660.07
-2421.1
1969.82
69.9322
1150.55
1013.21
762.694
934.129
1577.51
1265.03
2003.83
1450.37
1418.16
1572.12
1472.96
-496.808
-3439.95
-4958.67
-6409.19
-6702.69
-5444.21
-5881.46
-5482.13
-4915.89
-940.39
-2919.59
-1879.61
-209.074
929.156
1574.44
924.063
1250.82
1878.18
1564.24
1557.33
1321.39
2065.31
1525.49
433.938
-719.175
1707.14
-5292.95
-2349.41
-6624.49
-5572.19
-5829.19
-5958.89
-5033.3
-1297.69
-2748.52
-1811.92
-287.704
610.182
1415.62
1456.92
1238.2
1100.66
1426.79
1507.19
1622.57
1520.86
1468.3
1557.64
-828.869
-3419.26
-5153.98
-6263.1
-6526.32
-2023.67
-5751.04
-1943.86
-5186.86
-4194.98
-2872.98
-1977.82
-234.81
284.246
1623.61
1449.54
1214.58
1535.08
1436.15
1409.44
1452.95
2143.86
1479.05
1755.16
-753.575
-3499.96
-5318.73
-6217.19
-6692.71
-5366.91
-5493.64
-5528.95
-5027.75
-4270.41
-2516.67
-1442.84
-13.9767
2416.43
796.596
762.192
1217.03
1287.15
1099.78
1450.02
1523.93
2030.22
1418.49
352.328
-582.729
-3764.05
-5010.12
-6302.69
-7013.53
-5638.65
-5302.33
-5582.34
-5240.54
-4082.79
-2860.83
-1628.42
-651.098
562.72
951.57
1029.72
884.97
1641.62
1082.21
1519.86
1539.8
1237.43
1416.22
485.612
-844.275
-730.896
-4822.8
-6171.05
-6824.04
-1675.29
-5684.67
-5544.15
-4977.61
-0.47249
-2937.97
-56.3249
-377.222
164.214
1064.89
562.555
1047.18
1274.1
1415.64
1083.73
1268.62
1445.05
1471.06
-15.5477
-861.933
-4204.46
-5278.29
-6137.27
-7028.51
-5547.58
-5687.5
-1983.95
-5250.55
-3758.55
-2971.73
-1799.85
-300.486
17.9169
1058.52
728.66
1043.08
862.553
1223.15
1364.5
1483.65
1273.54
566.749
-75.1404
-1078.93
-4231.99
-5746.69
-7219.57
-8628.82
-2875.1
-6596.27
-6890.01
-6146.54
-4616.09
-3268.88
139.129
-475.732
-39.4728
1137.02
1161.23
770.084
846.624
1156.11
1751.78
1270.64
1261.22
752.588
-81.5277
-1139.86
-4432.07
-5623.85
-7126.38
-8398.42
-6792.93
-6809.68
-2617.36
-5880.66
-1633.86
-3402.9
-2344.81
-492.081
-99.1199
360.941
984.329
1039.72
1098.05
1118.32
1234.7
1183.21
1443.61
737.348
-109.466
-1264.68
-4171.41
-5104.1
-2822.7
-8570.33
-6820.16
-6639.89
-2847.5
-6184.94
-1268.04
-3181.65
753.484
-526.465
1180.85
1150.07
1111.78
917.668
769.937
1277.11
1106.43
1240.42
1415.51
700.44
-34.0073
-1032.94
-4220.06
-5208.88
-2721.25
-8279.41
-2415.53
-7080.01
-800.636
-5968.81
-1778.03
-3392.51
-1933.11
-304.321
2100.06
987.391
902.344
763.777
1431.04
901.875
999.729
1019.78
2001.02
648.305
-270.235
-1180.48
-4624.27
-5497.12
-6836.77
-8020.9
-6635.81
-6568.85
-6865.96
-5800.16
-4824.05
-3020.06
-2156.9
-237.339
1785.78
814.315
1116.53
999.111
797.071
814.013
1124.54
1206.6
1156.55
688.982
-185.718
-1166.37
-4052.19
-5073.8
-6813.32
-8329.34
-2398.52
-6971.06
-6657.62
-5958.83
-4810.11
-3597.06
-2116
-872.951
255.516
101.668
985.982
592.848
1182.11
980.384
1637.25
1180.71
1358.41
744.726
-286.099
-1185.12
-1494.14
-5059.35
-2442.71
-8298.59
-2872.27
-6940.1
-6771.14
-6095.79
-4883.45
-3503.16
-457.762
-734.871
-247.989
710.612
761.445
818.416
1217.94
1031.42
994.657
1102.52
1182.56
688.742
-164.005
-1239.05
-1257.19
-5078.75
-6581.06
-8286.76
-6888.02
-6817.74
-2654.14
-6177.75
120.533
-3337.61
68.856
-289.93
2311.07
579.496
1099.87
939.883
737.88
990.533
1611.96
1345.47
1226.53
647.172
-363.303
-1191.45
-4036.86
-5224.5
-229.49
-7794.39
-6632.99
-6517.46
-6397.07
-6050.54
-4357.81
-3030.95
-2420.94
-590.061
-223.442
703.987
1420.82
533.233
1478.03
1093.52
1444.6
1117.8
1299.31
704.838
-194.424
-1013.07
-4454.05
-5534.13
-724.183
-7850.11
-6514.05
-6337.61
-6511.77
-5513.45
-4353.64
-2946.31
-1842.95
-317.739
235.51
180.956
1390.14
740.762
563.645
941.604
1454.95
922.709
1386.53
706.017
-282.281
-1188.1
-4755.16
-5357.8
-2355.05
-8322.92
-6845.24
-6748.19
-6434.31
-5987.8
-4655.96
-3576.52
-2317.14
-877.687
280.238
104.121
463.045
400.859
881.355
795.372
732.428
873.112
1379.92
422.552
410.487
-1081.19
-4268.07
-5029.02
-6767.3
-7723.56
-2611.36
-6724.73
-305.7
-5840.01
-74.3179
-3156.42
-2112.65
-356.746
416.758
411.473
1264.91
738.418
963.014
769.149
803.024
981.17
980.323
615.082
-549.994
-1188.37
-4392.33
-5077.13
-6555.08
-8025.81
-2802.57
-6614.24
-6282.98
-5475.58
-4353.59
-3370.1
-1939.35
-123.59
-2.56406
955.314
871.626
786.331
1042.07
943.675
920.946
848.518
1007.71
533.593
-235.361
-1137.04
-976.848
-5100.93
-6480.9
-7515.06
-2734.57
-6533.61
-2376.45
-5586.31
-228.155
-2896.84
-1771.45
-306.862
549.358
501.975
1071.53
465.378
1080.08
738.152
853.346
943.249
1163.68
581.924
468.928
-1095.27
-4159.87
-5109.59
-6977.64
-8098.11
-6658.17
-6656.64
-6250.15
-5770.29
-1355.94
-3070.37
-1701.84
-276.712
-138.418
337.75
460.49
827.982
1049.27
1081.39
1419.02
1290.13
1019.88
464.432
-525.555
-1387.59
-1250.02
-5214.73
-2633.17
-7637.71
-2329.8
-6366.99
-5854.98
-5181.83
-4507.88
-3154.49
141.508
-173.238
1369.16
699.52
954.558
826.099
1065.61
789.308
1180.86
1015.04
1522.62
760.558
-302.804
-1248.36
-1333.52
-5106.25
-2145.6
-7864.21
-6056.06
-6411.52
-6173.49
-5320.35
385.12
-3259.65
-1623.91
-726.241
309.739
1150.9
1006.72
570.67
845.757
1031.86
1147.13
967.842
1139.84
392.584
561.742
-993.707
-4041.01
-5349.17
-6336.17
-7998.79
-6093.02
-6303.85
-6098.42
-5435.23
-1147.79
-2791.3
319.408
-451.173
500.397
779.655
898.667
554.115
753.237
1012.15
1543.09
1255.01
957.763
713.759
631.343
-1333.89
-3845.76
-5369.16
-28.3273
-7884.27
-2261.12
-6329.13
-6025.65
-5304.81
-1527.6
-3013.42
386.199
-394.533
129.015
995.034
503.801
772.303
897.124
1029.98
1130.59
902.076
1300.22
470.734
-485.794
-1304.66
-4335.65
-5014.66
-6387.36
-7986.86
-692.405
-6466.25
-5673.18
-5022.49
-4000.37
-2592.41
-1624.27
-439.318
1606.4
987.44
1013.92
1017.4
1082.92
869.615
853.146
1105.71
1175.88
757.148
351.504
-1060.57
-4033.48
-4954.6
-6472.2
-7401.5
-2381.24
-5923.88
-274.429
-5334.86
-1250.48
-2856.21
480.047
-9.86183
549.696
1248.66
490.94
776.293
716.57
791.043
1141.7
1171.49
1084.07
651.375
-380.526
-1223.77
-946.678
-4791.64
-6621.29
-7561.27
-5832.39
-6287.77
-5435.11
-5037.38
-3887.72
-2528.58
137.125
-325.707
1550.31
1167.27
804.911
678.107
985.664
1184.68
956.447
1267.98
1538.49
386.264
591.187
-1009.82
-1442.69
-5163.38
-6316.27
-7209.03
-5863.79
-6289.87
-1699.11
-4647.43
-3584.64
-2555.57
1407.08
-552.295
468.27
673.894
598.619
697.097
1279.7
1110.57
1061.26
983.465
1443.48
421.29
-426.551
-1064.09
-1226.13
-5119.44
-6097.77
-7498.38
-6181.35
-6174.23
-1755.25
-4652.97
-1180.6
-2607.54
-1132.05
-294.118
883.959
946.851
1120.68
1000.33
1086.11
756.601
1423.23
1210.09
893.66
558.244
450.144
-1154.4
-4237.75
-4832.32
-2191.64
-7224.98
-2189.81
-5983.02
-153.491
-4641.64
-3735.31
-2349.01
-1288.14
-555.21
717.106
871.847
796.149
966.64
1067.43
1108.52
811.677
915.108
1310.43
741.386
456.206
-1309.55
-1238.3
-5020.97
-2291.89
-7593.22
-5998.62
-5638.24
-408.462
-4622.77
-3389.45
-2100.04
-1092.68
1.76629
351.101
870.968
826.099
1012.56
1235.82
1051.22
1076.7
1010.49
1156.5
742.646
539.114
-1264.02
-4107.37
-5028.37
-5864.03
-7539.03
-5677.94
-5863.42
-5392.23
-4614.92
-3696.46
-2444.59
-1163.36
1.363
393.036
580.102
877.874
983.16
916.683
1026.69
931.587
870.691
1108.61
750.658
-509.04
-1043.33
-1269.22
-4969.08
-5974.28
-6987.98
-2420.89
-6038.13
-2065.73
-4711.59
-813.132
-2002.29
-1222.35
-356.809
1066.93
1083.84
1082.54
919.857
1109.18
768.393
814.44
1043.86
1262.71
488.6
-535.866
-1191.37
-3893.91
-4214.54
-5808.52
-7151.84
-2206.96
-5673
-5269.89
-4524.04
-3459.29
-2148.08
570.747
-468.044
517.294
1261.22
767.05
790.745
1299.12
707.313
772.938
938.713
794.589
577.53
380.975
-1134.15
-4022.36
-4277.04
-5810.99
-7540.99
-5689.26
-5698.21
-5193.22
-4355.36
-3320.05
-1971.52
134.127
-470.073
1151.99
750.052
1063.36
714.908
1096.85
821.566
1082.94
752.598
1077.15
259.72
283.395
-1185.92
523.988
-4698.37
-6258.87
-7134.82
-5613.13
-5445.63
-5184.05
-4355.47
-3278.12
-2455.92
-1245.54
-26.2852
976.689
681.522
1221.1
817.97
843.762
994.307
1138.89
1135.83
798.046
106.435
-552.158
-1384.58
389.308
-5588.29
-6711.29
-7141.92
-5711.38
-6053.05
-5560.65
-4536.53
-3682.62
-2461.66
-1645.28
1.67519
1483.75
527.297
515.976
601.189
981.795
871.259
910.835
912.265
1417.02
249.083
-479.849
-1307.35
-1311.9
-5071.32
-6616.22
-6721.84
-6046.89
-5750.06
-5434.15
-4599.39
-3790.04
-2281.82
-1263.18
141.222
1483.61
942.577
851.34
796.442
761.446
1011.51
873.762
1085.8
1285.5
349.141
-396.989
-1497.59
-1438.1
-5596.97
-211.356
-6377.49
-6126.31
-5981.52
-5388.87
-4640.38
813.686
-2593.61
-1236.28
-363.26
595.239
1214.04
657.318
812.416
992.132
845.799
1134.48
1071.3
1100.35
433.535
-694.73
-1297.89
-4203.8
-5030.29
-6415.64
-6613.58
-5929.79
-5899.91
-5147.33
-4732.21
839.015
-2317.62
1127.41
-40.8561
1285.78
988.182
1030.28
577.753
736.352
949.072
839.705
619.842
1159.24
210.145
296.436
-1208.65
-3770.11
-5127.94
-2198.28
-6256.9
-5821.37
-5800.67
-142.09
-4471.51
-3443.28
-2469.74
-1552.03
-157.283
-0.28553
372.146
406.527
885.831
670.01
856.836
1141.13
646.614
962.316
244.216
-465.141
-1184.7
-3860.21
-5347.17
-1995.74
-6262.17
-25.3846
-5577.47
-1634.72
-4464.19
-569.873
-1997.56
-1156.91
1.78855
884.915
1298.07
639.656
591.142
837.874
963.59
627.727
880.034
1194.13
-36.3393
188.266
-1169.8
-1389.58
-5010.75
-25.7615
-6308.67
-335.181
-5480.41
-1843.6
-4197.59
-3365.49
-2443.51
-1612.51
-294.389
551.559
1074.16
660.234
545.098
1019.74
558.753
607.004
572.392
1087.59
-32.576
-470.449
-1344.48
-3916.27
-5006
-6308.09
-6127.13
-5424.81
-5549.07
-5306.07
-4690.62
-3562.59
-2560.68
-1435.46
-182.704
1215.8
1165.35
305.576
402.54
873.221
752.085
793.547
962.095
876.875
-18.622
-712.343
-1253.97
-1643.32
-4890.33
-2067.19
-6660.16
-20.2594
-5807.72
-5382.58
-4216.63
-3645.51
-2365.77
277.318
13.4022
1033.34
1207.83
541.611
389.283
905.582
632.592
765.278
974.642
911.147
202.39
103.749
-1173.57
19.0172
-5408.07
-6167.44
-6233.77
-1738.95
-5399.39
303.589
-4144.09
-3248.89
-2205.27
1063.39
16.75
562.988
997.392
598.546
473.598
648.774
508.683
732.185
583.586
658.517
213.488
-501.489
-1449.48
-3930.05
-5440.24
-6213.34
-6289.07
-5698.73
-5259.93
-4795
-4277.58
-3263.27
-2114.21
-1342.33
-100.108
410.122
1027.39
668.708
712.636
590.745
631.941
714.587
564.009
857.729
239.258
-50.5707
-1436.96
-3784.34
-5232.46
-6098.41
-6345.74
-1796.06
-5497.75
-5218.59
-4063.22
-3215.32
-2092.89
390.776
159.998
191.174
813.021
616.327
460.107
607.725
392.758
483.916
699.738
601.01
148.144
-533.774
-1540.64
-3658.06
-5105.12
-1751.82
-6392.37
-5721.13
-5439.06
-4879.31
-4127.74
-3433.43
-2224.9
-953.193
161.875
1482.05
917.45
642.087
601.578
889.859
616.107
722.768
759.401
517.199
43.1576
-62.7394
-1232.75
-1160.38
-5191.59
-5924.43
-6207.33
-5757.15
-5524.81
-4883.78
-4191.09
-3158.52
-2024.81
-911.68
-99.2812
1651.85
304.729
364.927
645.608
483.707
823.228
782.788
820.954
451.363
-195.332
-87.6598
-1483.74
-3666.53
-5041.37
-0.549086
-5931.13
-5201.45
-5339.62
-4863.37
-4215.31
-3219.93
-1726.19
2072.04
209.097
1603.72
536.644
468.224
415.37
369.136
778.182
673.769
602.674
966.946
164.886
-803.602
-1166.38
-1388.74
-4576.26
-5965.88
-5841.64
-5401.9
-5400.61
-4821.37
-3950.66
656.052
-1590.69
-1055.27
1.99253
339.445
642.274
529.895
574.687
556.088
710.158
389.455
749.941
655.448
-153.019
-720.471
-1170.58
-3426.07
-5071.43
-5544.43
-6030.97
-5279.29
-4992.33
-4997.89
-3942.88
758.271
-1523.26
-1097.53
394.555
435.021
912.088
899.521
536.634
729.765
592.478
407.319
646.312
663.132
153.521
-500.702
-1097.19
42.6388
-4728.52
-5957.19
-5694.01
-5046.67
-4849.27
-4734.94
-3960.06
-2640.89
-1550.83
-602.432
115.947
475.784
1042.04
684.236
633.3
393.791
470.172
495.637
784.234
451.725
158.916
-89.6077
-1294.36
-3675.35
-5134.2
-5972.31
-6046.1
135.361
-5066.94
-4731.87
-4131.24
-2848.87
-1284.99
942.551
75.8569
896.755
1383.64
746.945
481.879
794.599
701.426
568.541
756.313
784.544
79.1932
-533.728
-1220.53
-1009.45
-5042.21
-5560.9
-5605.48
-5091.22
-4682.73
-4817.19
-3756.39
-2670.42
-1427.15
-354.278
152.512
547.161
712.222
484.763
501.7
693.023
805.033
436.09
531.423
470.596
66.4566
20.0449
-1346.73
-3931.76
-5126.44
-5666.26
-5674.55
-1475.36
-5108.92
-4713.9
-3878.98
-2819.11
-1789.75
565.688
590.532
501.8
740.94
582.246
554.744
971.114
396.224
536.801
785.114
873.096
-18.1513
-749.391
-1293.85
-4020.16
-4521.71
-5985.83
-5674.56
-5322.21
-4901.97
-4829.47
-3637.26
-437.921
-1582.73
-1122.89
47.2302
1225.01
624.562
565.355
523.654
365.288
659.197
532.799
531.739
946.418
-5.81066
405.733
-1233.61
-3666.86
-4627.5
-1481.54
-5873.74
-1539.34
-4741.96
-4376.15
-3869.62
-2770.2
-1662.45
-716.311
0.692347
1040.86
439.32
809.857
328.689
390.928
532.648
649.787
685.978
652.239
-4.218
-858.135
-1201.49
-36.9973
-4695.36
-1980.92
-5905.13
-5321.32
-4731.46
-4264.31
-3544.05
-306.265
-1575.55
-1068.24
89.6845
862.75
1048.89
650.4
407.669
844.449
602.651
628.759
574.294
663.509
164.361
-511.52
-1435.29
-3560.27
-4879.72
681.216
-5785.42
253.868
-5051.81
-1010.18
-4026.47
1317.13
-1290.55
-1016.05
494.465
1842.15
526.522
606.422
634.619
701.315
557.683
583.353
779.351
593.925
-169.153
-674.485
-1447.47
-883.701
-4861.3
-5892.42
-5811.92
-5377.84
-4803.8
-4442.75
-3937.4
949.703
-1562.31
710.269
476.505
1927.73
714.769
402.78
689.288
760.921
594.485
736.11
485.043
799.562
-195.558
-50.2062
-1248.74
-3418.54
-4575.79
-1820.93
-5699.98
-5160.25
-5026.59
-4220.04
-4077.8
-2525.37
-1492.81
-565.799
686.658
1234.02
1242.29
638.571
358.831
754.181
721.83
657.465
464.593
554.424
-84.2283
-733.182
-1249.14
-4046.59
-4664.47
-5362.84
-6036.78
-1376.45
-4969.15
-4757.74
-3909.14
-2699.2
-1612.11
-731.464
144.865
842.116
913.557
646.403
636.033
691.128
753.023
369.664
687.106
774.644
42.7012
510.878
-1194.28
-3518.48
-4645.22
0.837523
-5762.22
-4870.57
-5122.87
-4791.78
-3728.9
-2525.8
-1528.68
1049.41
474.279
512.487
737.902
567.552
467.117
659.58
608.562
417.571
405.545
772.118
157.043
-567.472
-1465.35
-3880.25
-4816.58
-5899.98
-6111.62
-1389.94
-5077.27
-4685.12
-4062.24
-2897.89
-1688.19
1587.11
679.457
913.413
697.732
734.117
430.091
663.255
536.789
765.129
722.375
682.327
212.869
-579.614
-1516.9
-4345.47
-4860.04
-6651.83
-6162.54
-1730.26
-4392.95
-4758.53
-3844.85
-236.412
-1527.47
-686.223
644.424
1080.68
1309.99
703.606
648.369
617.356
790.962
671.093
737.688
620.904
-21.9165
-636.408
-1569.29
-4102.23
-4851.19
-6089
-6717.7
-5814.73
-4765.69
-945.015
-3781.7
1420.17
-1080.89
-769.104
516.533
2038.74
1101.92
744.152
366.479
750.513
491.014
469.517
745.114
734.752
-50.3846
571.918
-1438.01
-4461.06
-5366.4
-6139.83
-6238.06
-5516.06
-4499.13
-4333.08
-3801.29
-2371.5
-1440.22
-929.71
677.147
1150.07
725.621
542.54
679.225
639.653
670.078
514.552
779.183
769.255
73.1579
-930.12
-1555.07
-4163.27
-4972.6
-1723.24
-6071.61
390.168
-4525.17
-4514.05
-3490.31
-2379.46
-1623.64
926.522
742.319
1266.93
648.182
415.159
599.282
733.268
561.443
673.577
801.667
725.702
237.671
-941.871
-1505.51
-4226.35
-5281.29
-2040.54
-6329.55
-5357.28
-4625.95
-4430.89
-3473.2
-2717.09
-1368.74
2125.1
275.689
1441.37
866.987
735.296
420.041
597.034
675.797
691.469
511.832
566.535
123.468
293.653
-1281.58
-3807.41
-4974.77
-5959.48
-6684.26
-5360.92
-4598.98
-985.041
-3753.71
-155.868
-1816.79
-319.457
427.067
1161.13
953.582
404.864
668.007
676.267
628.418
561.902
428.464
854.273
264.98
-31.5147
-1337.68
-4001.91
-5212.7
1.12316
-6481.04
-5269.1
-4384.04
-4401.63
-3573.72
1274.35
-1627.83
-787.122
266.876
2018.38
865.839
411.107
381.714
410.014
500.616
635.705
545.576
616.263
-15.3367
-691.905
-1575.46
-4076.25
-4714.52
-5964.37
-6542.03
-5445.05
-4543.17
-4534.98
-3761.21
-2490.34
-1282.08
2007.07
254.736
1821.07
1263.43
451.067
811.572
439.233
392.64
401.47
642.182
668.494
225.535
-79.8091
-1455.54
-1311.89
-5074.16
-6080.31
-6348.67
-5175.74
-4267.81
-4472.6
-3361.92
-2438.52
-1256.39
-763.545
622.532
1844.13
880.353
446.362
563.249
833.994
694.394
686.911
733.62
517.19
-110.922
451.931
-1432.59
-3857.66
-5048.58
-5781.98
-6475.61
-5031.77
-4333.48
1089.5
-3537.26
-2269.19
-1225.61
-101.016
865.433
821.945
1076.44
388.941
404.158
519.492
624.533
566.13
430.378
465.756
168.277
-97.5606
-1465.57
-3742.33
-4877.18
-5981.68
-6419.26
-4998.64
-4492.87
-3910.7
-3287.43
190.154
-1272.7
-96.4726
653.106
1446.58
959.268
699.197
611.323
937.022
660.172
676.473
417.136
835.156
-42.3954
-107.47
-1228.19
-4090.01
-4812.22
-5682.29
-6115.58
-1415.85
-4445.07
-3954.27
-3406.76
14.2825
-1031.9
1871.78
500.309
1989.19
1300.89
859.534
427.831
749.319
515.576
568.252
684.405
552.203
64.9968
-536.684
-1140.74
-913.446
-4755.03
-5905.9
-5864.57
-5015.53
-4298.99
-3571.46
-3197.66
199.175
-1183.85
1928.17
977.724
2420.25
1718.54
766.953
659.852
435.042
591.924
816.836
739.269
465.054
182.455
35.7404
-1455.94
-3745.22
-4491.78
-5657.25
-5844.22
-4954.19
-4343.72
-3579.71
-2947.76
61.7016
-1226.18
-292.493
695.745
1719.52
1729.53
563.912
648.481
463.744
752.39
585.996
787.474
781.982
95.6181
-796.4
-1256.98
-3456.81
-4684.58
-5767.95
-5835.69
-5289.08
-4546.43
1044.3
-2910.9
1358.33
-981.989
-421.286
602.677
825.772
991.34
656.296
514.502
821.278
490.849
554.951
682.758
364.379
-54.4854
-721.168
-1128.61
-3962.76
-4813.88
-6151.06
-5883.46
-1331.74
-4503.57
-3567.85
-3073.3
-2224.2
-1032.44
-349.564
902.956
1584.02
1128.04
949.127
809.095
489.383
741.993
714.864
486.132
905.5
233.007
-695.984
-1387.88
-3770.18
-4393.73
-5864.04
-6262.99
-4892.47
-4596.76
-4066.25
-2992.2
-1786.9
-1112.48
-221.25
491.238
1219.11
1138.04
819.039
461.879
859.449
452.494
482.318
615.79
498.308
-23.7933
-693.252
-1200.45
-815.502
-4604.26
-1974.5
-6202.13
-1429.73
-4349.43
-4078.12
-3374.94
1506.42
-891.183
-48.4899
1200.55
1520.96
1313.61
815.584
555.734
717.272
562.674
426.525
599.477
450.82
-45.6105
-674.55
-1240.35
456.41
-4917.07
171.224
-6063.3
-1496.62
-4524.17
-355.927
-3290.2
-2047.24
-1133.49
-299.717
1347.66
1712.24
1274.57
728.842
558.116
721.631
603.618
695.924
803.73
774.402
238.93
-616.823
-1424.46
-4076.52
-4520.1
-5803.92
-5691.81
-5290.97
-4505.23
-3588.93
-2986.22
-2090.64
-1156.87
-393.845
1314.32
2196.3
1694.35
1048.31
630.526
839.116
732.596
619.744
420.895
480.618
85.0268
-132.324
-1198.34
-4043.16
-4373.98
-5841.16
-5777.58
-4808.86
-4423.06
-662.865
-3162.86
-2222.29
-1118.71
249.515
794.491
1039.3
1327.48
951.943
767.125
864.411
675.443
868.638
562.225
718.511
77.7995
-21.2108
-1143.33
-3469.83
-4358.06
-6103.1
-5447.96
-1409.08
-4294.6
-3624.32
-3176.83
-1737.64
-1300.53
285.791
660.702
2110.39
1742.77
729.627
617.418
476.639
458.095
696.345
579.05
852.511
54.2184
-532.985
-1162.6
-3360.28
-4377.97
165.21
-5888.57
-5251.26
-4328.08
-3561.41
-3159.35
-1844.16
-707.311
-213.44
1158.35
1532.8
1604.46
830.593
612.168
618.202
471.927
726.835
773.363
641.651
-58.3128
258.149
-1296.94
-3954.52
-4423.21
-6074.66
-5771.59
-5136.68
-4221.14
-3709.45
-3052.55
1342.49
-808.228
-74.6904
861.981
1551.45
1706.36
774.341
863
866.345
576.843
684.04
498.645
575.671
272.891
-758.119
-1204.14
292.02
-4209.55
-5839.71
-5690.59
-5208.55
-4326
1535.16
-3257.22
1545.64
-976.422
136.996
881.476
1083.23
1484.54
634.2
515.981
657.581
841.757
682.573
510.941
763.918
112.544
114.928
-1318.9
-802.56
-4695.49
-6050.33
-6053.48
-1087.97
-4375.33
-3817.17
-3263.41
-1715.61
-1215.48
-255.305
986.5
1772.85
1094.25
830.242
696.114
561.718
472.793
812.02
447.751
958.347
-91.1439
-605.1
-1156.26
-3404.12
-4153.66
-5854.31
-5642.87
-5115.57
-4185.32
-3607.61
-2742.4
421.35
-780.141
425.664
868.793
1302.81
1301.85
706.979
728.593
1025.78
691.972
878.046
862.743
509.422
9.89902
-659.233
-1376.72
-3521.55
-4261.19
-5643.44
-6123.3
-4748.83
-4005.35
-3572.99
-2860.76
184.456
-1202.94
1600.99
1239.9
1267.98
1113.08
857.24
734.831
452.575
764.747
639.43
482.308
533.091
84.9667
-567.1
-1276.91
-3958.43
-4202.53
-1867.06
-5622.37
-4813.53
-4049.03
-3673.15
-2948.99
-1828.64
-854.877
313.057
804.444
1833.52
993.304
539.457
566.813
1052.81
427.017
768.544
665.64
442.698
202.228
48.1365
-1266.19
-3793.75
-4134.14
-5852.41
-6199.26
-4747.93
-3787.41
-3976.17
-3050.24
-2031.12
-1010.79
17.1234
1362.54
1684.12
1678.04
934.806
647.78
693.428
779.168
919.698
635.166
581.488
177.971
-782.622
-1200.56
289.02
-4343.48
-1592.46
-5700.51
1044.46
-4094.85
1352.8
-3108.56
-1646.61
-1094.68
1672.29
1447.07
962.674
1809.26
819.2
570.099
817.383
770.987
987.59
693.621
844.869
522.908
-301.515
-1059.58
-2941.83
-4125.6
-1205.63
-5197.56
-4121.8
-4020.07
1277.17
-2787.97
-1585.45
-181.959
431.043
914.906
1825
1305.91
941.038
623.857
648.493
544.434
541.149
789.737
567.169
537.989
-437.496
-936.901
-714.279
-3809.66
520.849
-5205.74
-4514.82
-3814.7
-3286.21
-2728.68
-1947.36
-635.814
416.28
1039.41
1421.49
1213.85
786.753
492.173
756.83
567.613
425.852
516.482
730.491
705.655
-327.177
-850.299
520.699
-4010.14
-4947.3
-5164.6
-4568.94
-3906.21
-3695.88
-2792.38
-1676.87
-455.865
343.397
1097.24
1804.45
1369.13
862.951
737.737
946.077
436.072
716.438
855.975
440.307
415.045
-447.775
-1011.2
-3270.73
-4306.18
-4999.77
-4873.58
-4679.44
-3826.21
-3424.04
-2850.02
-2025.96
-440.594
1588.86
1271.53
1712.31
1648.27
660.448
617.493
917.068
528.071
480.427
621.31
491.549
315.644
-391.711
-857.585
-3317.25
-3840.54
-1224.34
-5119.53
-4435.51
-3859.11
-3402.59
-2535.76
455.921
-674.549
952.887
1075.39
1734.63
1545.96
637.459
570.208
839.579
603.016
580.325
867.265
676.291
755.94
-195.056
-1103.54
-994.591
-4137.18
-4590.75
-4931.81
-4180.57
-4153.05
-3679.01
-2673.44
524.522
-261.645
755.649
1087.3
1350.93
1494.07
910
842.699
505.945
605.388
748.352
510.234
854.187
698.414
454.579
-1005.28
-1038.58
-4343.45
-5187.31
-4999.75
546.198
-3875.54
-3303.36
-2437.72
-2024.96
-401.785
375.546
1322.25
1101.59
1743.42
644.278
496.712
639.935
635.126
778.976
508.055
870.317
523.918
-447.764
-1119.42
-3167.58
-3849.92
-1339.34
-5223.31
-4525.87
-4097.32
-832.119
-2715.64
-2081.49
-326.226
726.271
1372.8
1634.88
1341.47
667.591
509.974
644.376
581.877
748.623
881.673
629.993
497.591
-195.513
-1034.68
-818.268
-4168.79
-961.361
-5256.12
-4713.24
-3915.53
-487.717
-2836.52
-1812.22
-565.367
1332.12
1304.76
1616.82
1418.96
647.234
594.349
659.141
519.247
979.689
787.419
610.842
378.031
-372.074
-981.802
-3335.05
-3788.6
-4722.43
-5167.07
-1232.64
-3875.2
1244.75
-2770.29
1248.65
-329.849
88.4151
1177.37
1518.22
1045.8
886.754
519.92
513.864
600.625
545.135
725.552
754.618
295.105
442.478
-1064.93
-3773.23
-4335.86
-1465.12
-5231.32
-4266.22
-3858.86
-3439.7
-2482.15
310.012
-450.726
10.9787
1252.6
1782.3
970.288
744.224
671.327
495.739
527.868
857.244
808.861
528.09
538.453
-333.78
-1046.21
74.8892
-4061.76
-5186.61
-5351.02
-4595.39
-4192.17
-3618.53
-2554.33
-2197.2
-614.522
-121.288
656.509
1710.17
1472.97
455.098
809.176
854.285
689.096
511.58
792.026
597.757
424.235
-108.057
-880.002
-3425.06
-4209.96
-5067.82
-5053.83
-4361.78
-3956.32
-3522.89
-2714.31
-1574.62
-815.624
1626.87
455.204
1096.78
1398.27
446.986
754.533
791.981
492.819
908.898
569.636
547.614
395.309
-438.071
-1204.93
65.3132
-4477.28
-1144.18
-5227.09
-4698.45
-3928.09
-3840.45
-2668.03
-2094.11
-592.454
1849.18
1193.2
1354.54
818.151
531.04
603.839
600.748
773.449
617.308
788.441
957.453
683.686
-159.596
-1095.68
-3466.06
-4169.9
543.107
-5181.97
204.99
-4227.95
-3549.1
-2645.31
-2136.23
-1044.07
2123.85
522.906
875.442
889.136
801.423
519.713
741.079
542.675
497.872
443.645
908.645
490.588
572.308
-983.832
-1058.62
-4070.75
-1149.34
-5385.78
-1312.69
-4375.63
-3445.49
-3130.75
-2224.46
-662.435
-148.751
667.072
1872.99
1294.81
464.632
544.561
539.211
684.371
601.044
587.125
757.696
494.03
372.769
-1064.67
11.405
-4206.6
-5237.42
-5560.2
-4586.16
-4223.21
-3899.87
-2842.99
-1819.27
-713.856
1566.61
494.657
1614.45
955.46
869.223
588.44
709.86
795.014
706.106
795.455
580.839
667.935
-305.162
-1107.09
-3590.39
-4363.05
-1209.96
-5058.3
-4579.82
-4383.84
-3418.87
-3007.76
-2126.98
-755.833
-287.923
372.085
1174.18
647.902
456.933
696.646
429.393
704.662
644.085
485.687
805.447
516.55
-268.776
-1223.86
-3975.48
-4520.25
-4792.31
-5475.87
-4706.56
-4265.91
-3800.13
-2453.71
-1933.55
-987.814
545.576
363.511
726.076
1046.92
481.548
560.56
745.006
450.561
467.77
423.735
448.198
601.645
-424.331
-1054.47
-3843.28
-4617.55
-5080.51
-5042.53
-4564.54
-4036.01
-3753.89
-2774.73
-1959.67
-538.984
242.237
362.595
1387.23
678.53
391.935
553.364
671.742
679.349
666.015
428.404
547.095
365.699
215.94
-992.465
-1377.98
-4613.48
-5440.25
-5216.95
210.344
-4153.55
548.792
-2847.79
-2154.82
-574.657
160.45
634.27
628.416
614.761
819.434
384.322
786.358
629.146
742.592
420.453
724.096
657.372
-436.395
-1066.17
629.21
-4691.71
-1744.14
-5264.32
-1264.25
-3960.89
-3489.52
-2667.25
-2024.47
-711.109
-237.518
627.195
1329.55
968.102
515.158
711.302
709.631
669.883
599.076
587.783
691.747
274.503
387.849
-1002.02
-3667.34
-4525.59
-5023.98
-5676.78
735.028
-4365.87
-898.805
-2657.84
-2080.62
-661.949
1194.14
1024.34
1181.13
1058.65
294.807
658.934
421.272
599.192
806.371
582.483
731.562
341.399
573.706
-1091.82
-1437.38
-4577.44
-5237.04
-5178.55
-1593.12
-4184.7
-3672.22
-2776.2
214.515
-1021.62
-188.759
223.318
1226.69
484.803
912.845
503.61
637.729
704.086
691.365
369.227
722.054
460.394
-496.865
-1200.27
-3479.81
-4634.82
328.666
-5449.8
-4735.01
-4120.48
-3676.08
-2750.59
-2324.2
-822.959
1546.07
726.141
1116.29
611.533
296.892
638.713
353.797
402.354
648.503
414.271
589.04
403.845
-207.819
-1217.69
-3647.7
-4640.8
-5121.14
-5347.26
-4614.54
-4314.81
732.504
-3138.48
-2174.25
-921.705
1611.68
828.303
1170.04
639.278
702.46
544.044
809.736
399.882
361.681
572.268
727.636
566.931
-419.382
-1125.11
211.701
-4784.29
-5431.53
-5554.47
-4447.93
-4676.35
-3567.91
-2886.4
1065.04
-1114.93
1268.59
260.276
747.829
1359.89
618.26
622.083
446.662
760.774
344.954
736.778
371.395
697.13
-383.47
-1201.46
-890.946
-4763.16
-5674.17
-5223.27
-1341.85
-4582.34
-641.057
-2724.24
-2421.55
-1188.38
-354.185
246.246
978.588
1196.77
574.595
731.495
534.653
510.488
703.828
374.934
617.748
470.779
-443.691
-945.496
-3697.53
-4206.6
-1746.95
-5330.61
-4903.21
-4407.41
-3617.33
-2892.27
-268.224
-861.671
346.901
275.644
795.183
1074.84
463.738
501.407
610.215
547.433
983.596
600.701
632.647
627.656
-473.029
-1046.16
323.126
-4394.14
162.241
-5308.6
-4768.5
-4553.48
-3716.6
-2978.8
-1985
-753.742
878.687
878.091
647.537
619.746
653.393
797.016
509.741
564.046
850.339
663.905
638.056
449.523
-272.124
-1122.06
-3817.89
-4785.74
-1842.91
-5783.9
-1441.26
-4611.14
-4047.74
-2899.56
100.015
-706.582
-312.141
808.911
1349.34
808.325
755.833
766.004
638.551
486.821
551.02
564.885
696.939
743.067
-33.5511
-726.653
-3002.97
-3864.22
-1310.86
-5252.68
-4105.31
-3964.97
-3648.15
-2572.58
-1244.77
-174.312
598.903
675.623
1205.63
706.061
469.882
683.408
761.96
718.156
653.018
505.668
750.863
685.725
-69.3529
-641.014
-3227.39
-4194.89
-1644.85
-5672.28
-4395.07
-4269.58
-3504.93
-2798.9
-1229.55
-118.228
396.966
305.384
1717.44
696.464
388.826
360.551
696.583
381.398
687.722
641.089
441.897
807.989
73.4389
-715.178
-1108.6
-4365.99
438.236
-5446.31
-4206.12
-3918.55
-3272.33
-2665.07
1531.78
-209.239
259.775
476.258
354.57
962.798
656.455
341.659
688.967
646.834
700.017
588.362
453.584
642.074
361.651
-719.642
-3394.85
-4182.56
-5382.71
-5399.42
-1299.64
-4128.78
-573.197
-2706.48
-1262.24
-289.264
185.744
795.902
539.664
653.336
434.509
625.626
773.618
663.89
395.305
512.182
506.059
522.045
249.673
-735.487
-3294.85
-4232.29
-5242
-5215.73
-1352.83
-4175.49
-3577.78
-2881.17
1214.83
-231.625
882.703
468.855
1343.76
338.78
572.683
501.553
536.741
617.904
714.911
521.128
552.296
466.654
226.629
-796.964
-204.764
-4002.28
-4974.77
-5888.57
-4697.99
-4498.03
-3678.54
-2617.78
-1443.72
-603.013
358.148
415.381
669.292
579.897
399.443
657.828
778.475
720.061
392.696
386.921
528.452
666.818
734.76
-889.121
-2934.99
-4024.76
197.48
-5961.11
-4645.04
-4012.95
-3686.35
-2920.54
1295.27
-529.323
866.761
408.498
394.51
857.807
573.759
403.366
363.619
732.414
912.619
544.434
640.977
764.182
8.05879
-676.938
-3414.47
-4333
-5063.15
-5984.47
-4362.42
-4402.93
-757.871
-2641.84
915.097
-311.637
-323.758
520.71
996.229
298.269
884.066
508.707
733.509
776.247
751.423
493.324
999.615
502.639
502.919
-932.15
-3468.51
-4193.47
-1648.12
-5670.65
303.772
-4394.72
-3832.44
-2763.38
247.992
-630.177
-147.871
47.1108
599.002
319.169
573.528
522.567
455.839
426.761
530.531
733.019
514.431
959.864
345.1
-910.705
-3572.61
-4380.81
-48.2968
-6066
-4923.99
-4313.75
-4108.17
-3012.09
-181.255
-763.611
-320.444
159.042
228.144
505.644
807.177
402.741
641.06
642.407
939.554
852.124
848.315
936.731
50.1062
-581.398
-3634.35
-4205.94
-169.012
-6060.02
-1527.4
-4683.88
-3955.84
-2979.36
-1576.16
-471.695
-269.983
153.6
274.11
627.79
399.436
603.207
564.208
380.304
584.955
854.507
925.42
600.898
-42.9667
-682.11
-3311.52
-4540.61
-5506.01
-6230
-4762.36
-4640.15
-1064.91
-2904.75
-1953.87
-510.613
217.483
426.457
625.202
756.644
581.019
518.989
403.253
393.818
700.458
569.411
578.467
782.471
465.557
-711.197
-1263.47
-4351.25
-5437.45
-5895.29
197.197
-4517.68
-963.336
-3052.47
1074.87
-340.833
1366
773.166
640.203
375.497
237.558
317.176
358.869
482.231
796.096
719.067
702.104
940.024
120.639
-615.251
-3650.65
-4564.69
-5399.5
-6290.64
-5048.61
-4909.19
-4291.21
-2940.45
-2082.59
-637.88
1179.03
1.92855
93.603
1041.81
658.74
513.187
336.143
692.085
547.628
706.568
858.036
936.773
982.371
-620.806
-3399.13
-4281.22
-5459.8
-6236.59
-1907.27
-4700.9
-1498.46
-3082.11
-49.6774
-719.844
1077.76
582.212
728.647
465.899
246.008
705.401
918.894
769.863
920.322
651.354
710.577
967.836
260.501
-795.898
-3617.02
-4763.56
-5491.15
-5994
-1469.36
-4514.49
-4160.25
-3328.8
-1743.74
-827.921
-67.5717
464.36
1367.75
381.175
657.096
393.393
1026.43
710.911
923.783
846.869
863.97
983.826
202.734
-686.047
-3530.79
-4737.31
-2264.08
-6505.53
-4797.65
-4639.18
-3921.12
-3293.34
-2239.83
-674.963
501.535
15.8612
1833.62
957.471
256.765
368.065
873.759
785.505
639.637
1041.27
789.248
1080.33
166.025
-729.157
-3426.6
-4719.1
-5703.17
-6509.55
-5280.94
-4582.95
-4414.42
-3602.56
19.091
-867.227
1115.19
103.607
385.573
678.48
919.275
596.994
841.412
759.018
864.554
1065.62
973.399
1093.65
921.926
-673.909
-3166.08
-4825.58
-5591.68
-6024.21
-445.368
-5159.38
-4256.39
-3291.13
-2058.92
-835.103
-31.2303
638.518
658.246
746.525
618.887
544.855
898.532
833.345
702.523
1081.06
950.579
887.747
221.879
-538.54
-3194.96
-4587.4
-5753.86
-6507.52
-5100.16
-4857.6
-1628.49
-3381.79
-2297.36
-609.857
591.393
475.231
661.795
1078.14
561.668
644.051
629.978
909.231
969.461
1128.59
1088.93
1000.68
589.604
-512.895
-3110.46
-4486.55
-6040.67
-6625.9
-5498.31
-4746.23
-4317.04
-3264.24
-429.149
-773.367
-182.192
361.396
748.055
703.496
783.622
570.504
1175.11
814.282
1145.43
777.624
996.615
1046.02
634.38
-419.342
-3469.7
-5033.69
-5891.03
-6408.67
-5002.98
-5114.68
-4400.72
-3294.42
-85.4522
-474.291
-218.12
826.941
1642.81
1173.44
955.373
562.797
1137.15
864.162
842.279
774.527
1097.99
1154.38
1115.08
-376.812
-3118.4
-4519.5
-5903.33
-6894.16
-5341.25
-5040.8
-1638.86
-3332.43
-2101.88
-702.615
-137.599
150.933
1535.55
1217.99
637.351
840.479
675.002
924.865
947.96
1096.54
1006.42
948.549
483.445
-568.67
-3032.54
-4665.6
-5818.44
-6468.49
-5439.99
-4966.39
-1445.66
-3772.19
-2110.09
-482.21
521.74
476.521
1334.94
621.331
573.611
562.874
991.06
885.219
903.281
816.92
874.539
1014.01
1361.14
-317.175
-3343
-5052.03
-6369.14
-6484.3
-1906.24
-5233.54
-1496.83
-3383.48
-239.521
-965.652
1035.8
368.92
942.893
1070.32
330.278
661.733
590.711
927.402
804.203
783.025
1181.83
889.416
315.497
-296.46
510.943
-5142.18
-6347.47
-6762.8
-5671.61
-5492.98
-4518.21
-3753.33
-2120.63
-432.761
226.359
282.321
1663.37
1393.15
450.134
712.553
1010.51
973.139
816.136
1007.45
1174.68
963.05
1221.45
-585.585
-3431.63
-5068.39
-2175.33
-6463.08
-5716.2
-5166.69
-4614.29
-3872.11
-599.794
-518.891
321.872
880.127
999.277
1515.24
886.384
719.808
1113.01
1020.2
1344.88
994.118
1096.46
991.467
348.026
-250.45
-634.526
-4868.67
-5933.89
-6757.24
-5309.23
-5094.66
-170.722
-3756.35
-2043.54
-580.668
-149.664
677.949
1824.38
1521.11
854.836
810.925
967.924
1085.17
1101.83
1187.95
1002.07
1336.77
1274.31
-219.302
-2708.43
-4613.43
-5860.67
-6633.69
-5582.44
-5663.16
-46.3386
-3690.78
555.322
-561.807
1595.78
402.883
897.18
1124.06
893.836
1058.42
1147.96
1043.7
1277.85
1141.36
1127.79
1274.78
1351.16
-488.938
-2788.62
-4686.81
-6200.2
-6926.1
-5760.86
-5643.94
-1733.41
-3582.71
-2470.2
-813.856
461.868
560.203
1573.8
1531.47
558.82
885.545
969.718
976.04
1043.36
1052.65
1350.05
1212.78
1664.8
154.975
-2205.56
-3537.01
-1411.55
-4890.83
-4117.2
-3954.9
-3269.17
-2611.53
-1237.23
-382.099
-74.7733
792.302
594.987
1137.19
1181.67
846.379
1593.6
1177.45
1071.74
1010.29
1294.32
1261.15
1658.74
-129.348
-373.658
-4216.18
0.725549
-4907.47
-4602.84
-3891.17
-3474.62
-2465.4
-1588.85
-369.23
309.84
462.077
1477.88
997.436
699.447
621.439
914.329
951.878
1254.15
1175.01
1248.67
1116.07
1326.77
268.574
-1977.49
-3524.28
-4623.22
-5171.32
-4397.3
-4082.34
-2992.95
-2451.07
-1482.04
-350.229
475.825
1013.77
1497.73
1625.66
528.408
974.957
1388.52
921.558
1267.6
1076.5
1390.3
1327.96
1923.77
337.045
-2366.22
-3911.52
-114.079
-5184.96
-1290.78
-3560.3
-3310.41
-2442.53
-1719.89
-668.284
1141.19
727.01
1239.26
1116.83
790.568
980.461
1262.19
1303.94
1002.54
1162.66
1191.75
1477.04
1689.99
37.0183
-90.9644
-3732.43
358.376
-5259.66
-4432.98
-3734.43
-1117.91
-2824.64
-1223.69
-220.221
1664.74
808.089
926.748
745.098
636.867
848.363
1015.2
1227.56
1222.1
1052.57
1261.56
1260.45
1103.87
339.278
-26.1383
-3311.01
-4110.24
-5102.72
-4041.36
-3521.95
-3128.37
-2692.9
1244.69
-246.416
1461.65
644.295
1170.79
1555
653.952
995.725
1331.88
1305.87
1228.74
1226.31
1561.77
1281.39
1106.73
372.068
-1909.31
-3406.58
-4375.81
-4998.34
-4256.36
-3777.16
-675.042
-2848.84
-1626.31
-233.916
529.07
360.305
1386.86
1036.45
615.182
1163
1111.15
1165.15
1362.06
1171.19
1477.59
1238.51
1473.03
174.04
1149.73
-3733.48
-4558.08
-5274.81
-3889.34
-3766.77
-3260.92
-2503.81
-1528.68
-198.17
716.004
629.041
1010.88
1272.87
969.081
964.766
1540.62
1347.35
1007.14
1330.46
1293.98
1262.83
1323.72
236.929
-1702.45
-3099.23
-3967.31
-5296.67
-4367.16
-3538.41
-3046.18
-2358.52
-1481.8
-442.96
838.069
864.505
1605.05
1127.93
668.379
840.23
1228.77
1094.69
1205.73
1258.96
1670.54
1671.41
1234.03
422.321
-1878.68
-2984.33
-1240.74
-4787.54
-4054.73
-3715.16
-1008.16
-2404.65
-1301.95
-315.323
136.897
1313.92
2436.09
1507.93
797.501
1215.59
1778.96
1369.14
1991.29
1474.1
1352.75
1316.44
1576.4
148.748
-1482.21
-3495.98
-4552.31
-4659.25
-4017.85
-3747.43
-3521.98
-2560.6
1159.31
-391.2
333.348
1393.37
1630.42
1340.91
851.611
878.967
1335.85
1075.05
1138.03
1583.04
2061.82
1665.98
1226.78
196.171
1648.39
-3716.12
-4112.31
-5139.44
-4321.03
-3520.02
-934.498
-2701.15
187.036
-595.47
805.278
966.497
2118.5
1873.73
866.996
1103.54
1050.26
1171.04
1191.32
1272.64
1775.33
1402.03
1603.9
565.201
896.933
-3078.8
686.304
-5070.56
-4212.85
-3901.64
-616.223
-2326.99
-1283.27
-266.354
2205.31
867.224
2129.67
1672.29
853.541
879.526
1645.52
1194.58
1547.76
1552.41
1914.11
1542.97
1209.17
602.255
-1737.88
-3447.54
-917.714
-4679.28
-1464.67
-3928.32
-3582.64
-2386.21
-1503.13
81.2306
2123.39
902.247
1694.33
1880.22
1005.67
976.415
1418.45
1164.15
1572.89
1278.57
1556.55
1564.08
1982.86
670.678
-1345.52
-3165.91
-951.621
-4638.1
-3875.79
-3559.57
-2998.75
-2450.2
-1451.07
-139.069
953.03
1320.91
1787.03
1871.64
1061.29
1284.08
1230.75
1585.23
1901.01
1724.68
1625.48
1706.21
1441.85
599.377
2154.66
-3292.35
-4367.03
-4435.25
-4098.97
-3649.64
-747.069
-2348.26
-1078.19
-12.7209
1994.72
972.364
2854.63
2038.96
1547.57
1413.93
1477.75
1360.01
1553.34
1624.79
1452.27
1498.1
1979.41
365.419
1783.06
-3089.47
-4191.92
-4583.27
-4022.22
-3499.52
-634.777
-2780.82
52.405
-243.463
1110.25
1454.76
2235.97
2154.84
1651.5
1299.13
1437.64
1445.6
1369.07
1788.86
2286.08
1857.54
1381.38
463.667
606.602
-3321.37
-943.469
-4462.43
-1151.91
-3835.38
-3341.98
-2781.6
-1011.41
-163.291
637.94
973.533
1553.13
2141.6
885.787
1177.92
1364.9
1354.61
1619.93
1716.37
1557.44
1763.51
1287.25
398.342
1032.34
-2743.66
-753.208
-4537.94
-3807.97
-3482.71
-833.904
-2560.49
-761.546
412.441
971.399
1673.03
2808.9
2017.38
1901.12
1377.93
1788.03
1600.73
1376.07
1421.59
1767.08
1815.2
1675.9
688.003
-1640.25
-3254.26
-4428.97
-4584.61
-4337.32
-3723.21
-3572.33
-2559
-752.361
-84.9894
1007.95
1342.84
1655.97
1739
1171.59
1138.05
1691.83
1399.4
1241.25
1673.52
1594.07
1586.85
1692.87
361.622
-1721.65
-3032.26
-773.163
-5245.38
-1387.22
-3644.1
-3417.02
-2481.65
-1304.19
68.7994
2409.01
1466.75
2657.77
1634.42
1284.9
1156.41
1442.67
1501.58
1543.17
1416.98
1745.01
1348.71
1869.24
527.364
-1184.16
-3055.2
-4008.63
-5023.7
-4073.04
-3744.62
-3827.16
-2348.66
-1136.13
68.0241
2305.61
1755.53
1980.72
1834.59
1758.38
1020.26
1134.29
1453.01
1381.62
1691.55
2083.13
1778.12
1473.01
656.311
1352.65
-2984.78
-4588.53
-5279.81
-1070.01
-3502.53
-3680.02
-2383.29
-1052.1
95.0244
680.542
1263.08
1140.53
2100.99
1622.68
1139.15
1017.27
1194.61
1825.98
1664.12
1575.49
1682.4
1819.56
409.855
-1719.46
-3022.87
-878.444
-5164.56
-1066.89
-3758.44
-3830.12
-2639.09
-1005.19
213.101
2961.85
1287.78
1793.52
1727.37
899.422
1348.17
1431.49
1310.81
1594.29
1383.99
1709.92
1589.89
1293.55
628.025
-1533.16
-3203.32
-4605.78
-5292.66
-4078.73
-3771.37
446.264
-2291.37
-1006.33
262.009
1965.58
1321.43
1603.95
1526.23
851.188
994.667
1261.08
1380.26
1715.76
1513.47
1331.03
1544.48
1302.23
694.665
-1181.05
-2994.33
-468.427
-5099.21
-3980.97
-3811.12
-1138.13
-2671.12
-1123.86
158.382
562.13
1346.58
1756.24
2135.82
1466.66
1297.54
1342.38
1164.44
1774.07
1574.99
1584.03
1748.26
1293.04
395.111
-1305.87
-3180.68
-4365.9
-4483.27
-3805.79
-3891.96
-3482.28
-2428.41
-1131.49
187.055
2384.27
1548.1
2494.36
1375.53
1670.9
1326.69
1202.65
1194.22
1126.48
1515.33
1330.58
1541.44
1902.65
730.042
-1222.3
-3308.31
-457.946
-4825.74
-3838.38
-3546.56
-3611.18
-2240.17
-533.936
889.938
2858.3
1038.8
3148.36
2128.85
1120.1
1124.61
1717.21
1187.52
1881.54
1244.95
2166.1
1758.7
1741.92
564.91
-824.894
-3065.95
-4041.64
-4703.17
-892.069
-3480.42
-3156.75
-2395.82
787.833
519.083
1264.16
1725.51
1862.63
1874.56
1233.35
1301.66
1290.1
1210.72
1205.03
1627.71
2065.14
1506.18
1306.3
751.796
-1202.24
-2796.8
-475.562
-4946.18
-4253.73
-3566.91
-3354.86
-2248.06
-554.313
943.693
2236.59
1641.99
2717.02
1878.45
899.481
1358.7
1536.91
1577.12
1332.31
1310.48
2200.38
1570.03
1774.7
822.226
-734.553
-2757.65
-501.43
-4702.35
500.916
-3737.18
-3072.06
-2364.46
683.984
917.102
2483.2
1836.65
3397.35
2104.92
1479.85
1304.9
1159.9
1214.83
2103.84
1551.14
2203.82
1494.6
2189.29
1325.92
-231.937
-2197.87
-183.864
-4348.45
-3784.27
-3152.75
-2666.65
-1638.86
2252.68
484.701
1450.71
1735.46
1917.81
1863.94
1691
1114.96
1434.22
1609.99
1779.49
1445.05
1731.01
1461.48
2390.62
1428.62
-165.362
-2610
-290.414
-4381.71
-487.349
-3305.25
-12.839
-1306.82
-725.35
946.951
2979.3
1788.6
1840.12
1688.33
1663.56
1461.22
1155.08
1290.73
1393.57
1676.38
1795.65
1851.86
1796.78
1214.73
-20.9397
-2156.25
-455.33
-4579.04
-3898.22
-3190.82
-435.199
-1721.99
1130.72
424.155
2570.55
1947.04
2138.68
2185.95
1175.73
1350.71
1996.77
1606.27
1689.88
1503.18
1698.72
1869.49
2450.7
1036.27
-270.939
-2424.04
-3829.77
-4553.27
-3498.37
-3213.17
-4.28018
-1318.4
1550.64
596.106
1734.04
2116.83
1699.3
2224.04
1112.52
1287.28
2046.73
1414.11
1566.68
1781.92
2016.72
1710.28
1793.14
1245.28
270.266
-2127.57
-3431.63
-4477.73
-262.293
-2780.45
-139.99
-1165.31
2422.37
769.044
1429.27
1896.21
1715.26
2436.74
1931.77
1613.02
1294.98
1319.89
1417.42
1478.53
1678.06
1902.28
2558.08
1381.18
-72.2862
-2172.28
-3650.21
-4197.29
-3582.93
-3078.38
1296.25
-1093.2
1630.94
1069.49
3420.55
2255.52
2039.26
1953.5
2145.77
1363.96
2099.67
1419.8
1977.61
1552.32
1652.15
1855.02
1913.22
1320.67
426.417
-1392.01
-3361.44
-4429.62
1449.12
-2811.5
364.559
-722.405
177.481
929.822
1836.98
2209.03
3414.43
2758.32
1893.82
1489.58
1754.03
1771.4
1518.49
1758.41
2051.52
1900.02
2680.5
1713.59
635.762
-1487.36
-3238.25
-4354.52
-547.112
-3004.15
-2398.19
-1035.85
174.611
1023.9
2261.89
2097.4
2028.22
2402.41
1285.14
1298.16
1697.2
1603.26
1579.16
1840.79
1874.39
1921.64
1839.69
1545.08
442.036
-1831.64
-3082.86
-3842.84
-178.211
-2635.05
-2437.29
-1206.55
-72.5992
1045.01
3498.69
2131.57
3433.83
2319.81
2167.76
1651
2652.27
1843.62
1942.88
1785.36
2278.29
2021.08
2089.58
1664.35
476.291
-1557.31
-3079.27
-4117.11
-2884.19
-2689.36
242.792
-721.62
264.945
1495.75
1961.71
2371.36
2697.84
2719.49
1383.55
1771.68
2102.93
1934.73
1720.94
1890.69
1886.6
2088.63
2354.14
1807.49
2868.56
-1145.93
-3256.3
-3819.13
1415.74
-2883.32
-2221.62
-839.11
188.691
1462.01
1759.27
2628.1
2462.7
2846.09
1280.79
1716.92
2457.17
1987.75
1931.69
2106.81
1912.11
1985.16
2113.37
1621.25
978.225
-1256.32
135.795
-3806.53
241.696
-2855.25
206.752
-1007.15
220.13
1303.98
2266.99
2057.2
2176.05
2427.2
2152.98
1541.8
1650.01
1597.54
1810.45
1737.98
2060.68
2001
2165.19
1705.83
3364.33
-1387.51
-3146.82
-3341.48
-3221.22
-2615.85
1847.12
-928.21
60.0052
1374.08
3333.65
1894.06
2680.31
2088.39
2212.05
1437.04
2267.42
1833.08
1866.65
1870.45
2209
1871.54
2244.61
1666.97
914.635
-1093.21
690.011
-3610.38
-2740.78
-2652.65
-2105.39
-879.975
124.821
1237.35
1555.76
2363.12
2608.73
1952.92
2000.54
1571.7
1791.02
1707.8
1731.1
1984.14
1861.45
2105.36
1971.67
1502.63
3696.07
-1136.16
-2926.8
-3678.34
-3009.6
-2261.08
2349.72
-683.275
104.926
1690.52
3910.24
2365.93
4001.56
2033.54
1608.9
1597.93
1843.79
1990.21
2435.63
1997.45
2014.74
2220.03
1856.51
1665.41
1334.88
-1471.01
514.786
-3574.79
-2964.2
-2568.16
-2081.78
-779.305
-44.6963
1327.39
3408.51
2127.48
2374.6
2602.82
1586.2
1525.96
1520.3
1672.03
2883.07
2003.08
1942.94
2102.63
2793.65
1882.81
1336.28
-1304.64
914.116
-3633.42
-3053.77
-2607.64
874.173
-817.098
211.445
1809.61
1967.59
2266.96
3697.88
2349.94
1416.66
1436.88
2783.89
2042.82
2070.98
2215.34
2008.19
2253.19
2146.34
1980.68
1304.54
-534.001
-2650.26
-3043.01
-2336.6
-2424.32
-1456.65
-516.774
2277.84
1592.61
2610.54
2649.24
5329.43
3112.88
2248.36
1599.31
2589.46
2108.41
2414.6
2264.86
2006.13
2423.75
2909.01
1900.13
3862.68
-434.102
-2054.98
-3025.32
-2710.57
-2539.35
2278.69
-540.811
373.271
1402.27
2370.69
2880.79
2886.11
2783.64
1619.78
1787.61
1784.04
1941.18
2539.21
1940.87
2071.1
2211.52
1986.47
1920.17
4430.95
-966.325
-2516.92
-3509.66
-2802.73
-2405.63
-1439.84
-510.33
813.938
1404.63
2042.43
2638.01
2414.39
2738.85
1297.81
1696.44
2540.45
1684.67
2477.17
2094.24
2150.32
2251.73
2085.3
1900.1
3822.26
-1042.55
-2394.94
-3349.48
-2213.25
-2295.33
1211.74
-742.949
422.708
1404.18
2336.99
2546.95
3737.32
3196.51
1362.54
1746.38
2647.92
2089.66
2024.39
2252.01
2306.04
2225.82
2123.84
1570.64
1705.92
-647.831
1079.5
-3080.92
1997.2
-2014.25
-1184.95
-396.383
3585.05
1446.15
5029.96
2841.39
5041.09
3012.76
1746.19
1424.03
2442.64
1937.34
1822.91
1959.67
2509.73
2269.28
1960.52
2002.8
3607.19
-660.37
1492.53
-3209.24
-2092.09
-1785.54
898.623
-141.777
507.89
1844.04
2024.22
2405.51
4541.04
2653.96
2572.5
1798.49
1613.73
2009.6
1959.92
2221.43
2244.94
1979.15
2432.92
1929.88
1034.4
-449.273
-1948.19
-2572.29
-2026.58
-1862.85
2390.41
-90.0871
2362.91
1541.55
4773.69
2524.51
4772.03
3176.08
2964.24
1810.6
2586.03
1878.06
2223.68
2176.05
2995.18
2094.85
2023.78
1984.69
1214.48
-831.614
-2071.12
-2939.22
515.101
-2418.7
-1161.31
-384.953
861.094
1892.02
2171.93
2358.63
3117.02
3017.81
2356.23
1820.64
1730.47
1894.1
1779.4
2011.71
2411.02
2363.01
2339.35
1860.26
1374.86
-780.416
-2114.19
-2672.99
-2130.09
-2222.74
-988.071
107.707
629.307
1532.76
2842.9
2231.49
2648.68
3087.03
1454.14
1911.08
2085.65
1978.45
2935.81
2329.28
2393.17
2244.21
2956.71
1807.62
4155.64
-276.66
-1551.79
-3012.18
-1960.36
-1903.45
-1070.58
181.898
2958.93
2015.41
2666.47
3087.56
2975.68
2800.01
2593.72
1951.76
2117.21
1990.65
3031.42
2435.69
2216.81
2465.82
2585.85
1950.25
1411.78
-399.182
1686.21
-2218.29
915.297
-1824.93
3300.63
-183.979
1139.32
2294.1
2796.57
2677.36
5210.59
2922.87
2911.07
2176.74
1991.39
2248
2761.64
2472.09
2170.36
2288.9
3037.9
1965.64
1837.68
-195.729
-1222.51
-2310.88
-1589.96
-1495.42
-704.796
0.155234
1505.09
1920.25
2627.05
3398.95
2824.78
3183.41
2687.8
2067.86
2179.48
2211.11
3319.78
2282.6
2508.65
2394.14
2919.26
2318.89
1595.7
-163.054
-1083.08
-2551.26
-2025.75
-1661.46
1865.94
344.919
1454.3
2727.84
3283.86
2845.21
3097.97
3663.35
1939.23
2111.72
3424.1
2309.69
3109.85
2482.53
3496.32
2632.46
2787.42
2660.36
3098.71
975.97
-8.24286
-964.277
-844.811
-1144.48
-510.903
519.858
1516.09
2791.81
3524
3034.73
3280.89
3222.29
1841.62
2251.1
2759.44
2313.89
2429.08
2497.73
2720.97
2767.46
2452.43
2718.36
3342.31
1773.2
4865.02
-597.961
-668.203
-649.311
-368.902
978.761
1514.76
2600.75
3024.84
3610.64
4734.35
4002.28
2092.15
2135.2
3119.09
2422.01
3083.51
2528.91
2453.24
2715.45
3506.87
2870.16
4958.56
2031.6
5179.45
-839.47
-943.693
-619.055
-70.4658
437.551
1818.79
2839.95
3553.04
3766.16
3139.86
3851.36
2808.91
2021.93
2598.38
2343.88
2740.47
2842.37
2907.46
2664.76
2589.59
2702.02
3384.64
1691.87
677.4
-474.711
-473.917
-435.124
344.397
799.378
2374.9
2773.49
5274.9
3632.94
6346.52
4342.5
2953.51
2564.65
2478.05
2696.94
3191.49
2734.59
2826.87
2772.72
2937.21
2718.78
3323.45
1826.28
5504.7
-647.485
-279.786
-300.121
2659.71
1362.75
3704.27
2999.9
3976.38
3865.16
3610
4564.06
2517.16
2416.57
2490.61
2554.2
2921.34
2872.73
3417.47
2819.13
2975.93
3117.06
3362.11
2348.91
1102.63
-648.077
-263.595
-494.384
2454.62
1320.76
3869.02
2952.95
3841.92
4167.82
5531.36
3980.94
3303.27
2333.31
2590.41
2881.18
3326.45
3010.22
2930.17
3064.46
3493.91
3177.41
3826.61
2214.45
214.041
-37.3708
-241.222
-210.616
3668.9
1143.55
2765.09
3054.28
4471.02
4037.02
4300.62
3972.9
3490.96
2670.72
3603.46
2706.62
3749.89
2894.98
2942.19
2896.78
3686.2
3192.02
4309.34
2493.4
726.176
-653.19
2861.29
-203.01
3707.25
1417.81
2849.56
3382.26
4510.67
4248.71
4447.22
4833.73
2294.88
2636.42
2714.14
2800.84
2720.47
2913.04
3170.9
3271.55
3895.48
2950.21
5839.11
2345.64
938.744
-236.66
-102.109
-222.647
564.375
1926.29
2773.05
3148.2
4252.01
4315.45
6617.47
4373.41
2990.64
2574.82
2764.64
3180.9
2985.6
2962.85
3107.8
3344.22
3007.15
3223.74
4471.76
2928.53
1053.94
3.28279
-244.618
-98.7945
939.413
2112.14
4182.97
3885.64
4256.39
4808.46
6160.35
4513.82
2561.43
2700.93
2770.11
3119.97
3290.93
3248.57
3100.73
3336.39
3307.46
3103.98
4112.85
2881.84
6213.77
300.552
86.6785
-33.2081
894.925
2008.05
2979.94
3677.83
4601.87
5097.05
4775.6
4666.42
2739.36
3062.98
2836.19
3261.73
3449.51
3142.59
3015.88
3361.16
3335.46
3087.31
5916.69
2766.47
1337.58
-3.27165
-130.819
267.797
4658.38
1820.83
2944.14
4109.2
6475.67
4718.61
5263.99
5223.79
3363.16
2869.23
3204.01
3173.52
3877.35
3065.08
3221.93
3187.43
3464.95
3229.87
4404.96
2456.15
1598.6
-21.4127
-168.553
1.19853
1028.41
1989.98
5221.92
3827.11
5208.26
5155.78
5392.27
5215.87
3739.38
2749.21
3031.17
3259.97
4249.36
3342.77
3505.28
3577.95
3190.25
3289.57
4093.46
2597.85
1343.9
280.682
2728.47
137.157
3574.41
2428.44
2858.27
4068.06
4646.33
4757.26
4768.2
4896.76
2630.1
2824.38
3070.35
3113.27
3388.78
3360.69
3115.61
3367.76
3204.03
3409.58
6576.32
3037.39
6386.95
590.74
3151.17
130.511
1154.39
2312.8
5009.02
4000.57
7012.11
4685.95
4953
4878.34
3592.62
2770.84
2947.29
3228.68
3469.52
3029.99
3309.21
3339.17
3113.31
3044.31
4273.41
2781.15
936.003
15.3219
162.925
1.44074
1028.41
2141.25
3455.85
3660.65
4920.34
5128
6826.37
4835.88
2875.92
2763.9
3794.15
3283.3
3061.4
3299.25
3359.49
3408.45
3231.01
3013.06
4801.16
3191.04
1352.84
433.611
-245.899
-7.30818
3506.65
1818.9
3302.41
4156.86
4908.33
4620.37
5440.11
5060.67
2860.5
3151.13
2865.78
3196.76
3187.59
3264.01
3659.86
3431.67
3728.6
3304.82
6960.18
2481.37
1284.24
736.746
96.5337
-54.923
4642.76
1836.53
3098.35
3656.57
4787.94
5010.89
5364.42
4981.78
2756.27
3259.09
3630.89
3347.62
3144.79
3320.77
3455.39
3306.97
3208.65
3177.52
4447.67
3102.71
5077.17
681.327
307.816
627.292
1067.33
2008
3162.74
3731.49
4653.22
4754.93
6557.41
5475.59
3005.99
3023.91
3796.58
2967.52
3976.97
3223.59
3758.27
3283.84
4285.19
3163.56
4942.69
3276.71
1571.3
675.135
-186.964
663.257
3741.42
2024.74
3133.05
3738.72
4750.61
4911.89
5002.19
5652.05
2813.97
3173.53
3902.57
3121.28
3447.14
3084.05
3315.86
3407.33
3432.07
3243.73
6878.03
2609.39
4591.77
284.966
-54.44
510.666
820.173
2574.36
3104.61
3706.49
7333.01
5236.32
7004.06
5560.67
2875.29
3016.94
3646.99
2967.36
4178.51
3175.37
3493.68
3292.55
3818.39
3189.2
6578.61
3255.57
1814.49
437.681
-203.577
364.647
1054.23
2133.24
3078.1
4005.78
6466.33
4958.45
5296
5208.28
3062.42
3046.04
3126.04
3026.09
4432.87
3154.09
3865.15
3264.07
3272.68
3406.15
7073.75
3067.34
1180.67
667.248
-168.682
27.0267
3356.76
2241.14
3536.27
4072.21
6397.57
5484.26
5084.15
5248.99
3833.62
3112.81
3987.9
3126.35
3220.12
3375.17
4037.21
3525.53
3204.22
3481.32
7627.38
3436.2
1886.84
254.437
4565.99
685.146
962.094
2350.68
4940.79
4248.75
5204.05
4791.81
4935.5
5465.43
2846.75
3177.74
4276.78
3038.57
3096.94
2997.44
3850.35
3087.68
3185.8
3303.9
6706.16
3497.86
1941.9
1022.75
3524.33
833.029
1260.8
2054.24
3446.81
4079.79
4989.97
5094.36
6648.79
5240.39
2725.09
3183.58
3169
2873.54
3711.92
3142.41
3122.42
3044.2
3221.6
3154.82
4928.29
3432.37
1693.87
379.768
3212.15
64.8864
3729
2358.67
3614.2
4126.27
4806.48
4877.1
7017.81
4877.99
2727.06
2910.32
3602.84
2854.73
3036.69
2997.68
3425.25
3478.44
3187.18
3121.02
4933.47
2937.1
5176.3
786.269
4582.66
799.248
924.535
1972.27
3314.24
3801.12
6507.43
4697.02
4695.83
5254.87
2937.7
3095.21
3816.17
2888.59
3551.77
2978.89
3160.92
3232.73
4101.69
3385.18
6444.47
2690.84
1746.78
292.899
3187.08
105.169
1323.7
1939.62
5483.93
3969.17
5021.95
4887.32
5105.94
5301.33
2518.34
2737.01
3703.3
3158.55
3112.4
3031.46
3781.26
3402.67
3699.28
3174.9
6481.41
3122.46
4661.68
670.964
200.862
114.652
966.9
2289.34
3134.23
4039.1
6773.21
5021.45
4968.41
4980.8
2794.04
2771.73
2820.31
3173.9
2984.83
3144.85
4006.43
3469.11
3276.2
3480.41
6750.99
3052.2
5092.29
327.088
3445.68
192.919
5054.33
2124.32
5377.52
3592.6
6412.61
4790.01
4782.5
4806.16
2639.9
3106.68
3040.63
3023.05
3305.44
3354.47
3219.47
3474.67
4478.2
3282.33
5011.05
2926.52
6175.57
886.681
77.8405
491.612
4004.16
2248.46
3212.15
4153.76
5154.33
4936.5
4714.47
5433.09
3984.61
