3091.76
2919.22
3163.65
3122.7
3217.78
3180.5
3519.7
5002.54
3807.72
2718.53
1530.8
566.653
338.764
765.018
1547.85
2857.81
3111.18
4336.37
5202.08
4598.75
5132.08
2511.07
2827.61
3043.77
2824.64
3083.64
3075.52
3330.33
3138.33
3282.59
3388.65
4844.88
4448.95
2363.71
1527.28
365.534
357.422
1238.29
2057.99
2385.85
3434.4
4111.77
5103.69
5123.11
4675.9
2494.83
2771.04
2690.96
3066.36
2831.39
2919.29
3232.41
3259.44
3038.21
3248.17
4776.73
4349.35
2220.74
1157.65
117.429
939.729
812.162
1538.87
2329.9
3294.58
4697.26
4278.18
4638.28
4538.82
2507.52
2634.67
2631.46
3079.68
3050.73
2976.27
2960.57
3114.19
3413.45
3138.02
5106.31
4525.93
2245.8
797.349
49.1412
926.606
1142.43
1867.3
2380.35
2884.04
4469.15
5031.68
4697.03
5244.42
2638.16
2588.03
2953.1
2668.13
3141.97
2994.62
3276.54
3306.92
3356.45
3529.16
5355.81
4445.76
2478.5
1461.71
643.12
276.906
568.79
1637.75
2088.97
3316.43
3973.71
4856.84
4770.08
4337.24
2542.9
2482.49
2821.23
3039.98
2941.2
3096.11
2980.2
2981.63
3386.76
3522.46
5081.94
3848.62
2786.97
1043.69
258.308
439.486
840.903
1774.1
2603.9
2887.52
4445.1
4616.05
4409.44
4826.65
2618.42
2872.27
2646.84
2699.77
2762.78
3095.45
3315.47
3350.88
3244.03
3429.03
4555.79
3874.37
2480.62
1364.05
379.321
642.367
1031.61
1908.84
2086.88
2909.76
4282.89
4674.26
4920.17
4593.07
2614.5
2746.99
3015.16
2930.46
3166.24
3318.62
3389.41
3394.34
3131.7
3486.12
5007.04
4020.33
2170.89
1470.75
301.969
528.438
862.47
1657.73
2165.75
2741.96
3784.61
4834.42
4314.36
4825.78
2696.9
2800.36
2950.22
3175.59
3189.32
3194.82
3243.6
3332.33
3289.49
3518.78
5669.69
4632.84
2665.14
1436.13
269.573
620.287
804.273
1691.13
2466.42
2622.6
4428.2
4269.44
4960.09
4535.77
2496.05
2626.07
2823.11
2871.73
2908.68
3137.94
3460.15
3404.46
3301.55
3578.36
4870.43
4347.12
2721.7
1338.35
318.358
742.879
659.044
1351.53
2474.37
2900.51
4211.39
4314.87
4698.44
4839.64
2602.81
2656.02
2994.85
2760.35
2860.24
3100.42
3215.75
3251.4
3249.67
3549.52
5302.58
4280.39
3079.63
982.688
550.798
866.68
1019.32
1662.52
2457
2923.34
4119.19
4551.66
4523.87
5099.26
2672.83
2657.09
2815.88
3223.58
3209.36
3435.43
3541.41
3590.27
3270.98
3591.29
5671.54
4807.09
2677
1175.17
825.07
1016.09
788.013
1316.36
2344.83
2933.12
4350.2
5319.66
5190.96
4718.81
2776.15
2823.39
3207.53
2948.93
3151.99
3217.97
3149.25
3515.3
3267.69
3357.01
5690.29
4820.43
2878.96
1113.11
821.544
1078.51
672.354
1711.49
2937.89
2911.64
4583.54
4667.5
5124.29
5089.52
2518.7
2934.18
2857.38
2956.14
3453.25
3329.04
3244.35
3442.5
3295.85
3590.29
5137.47
4183.7
2490.78
1652.93
475.588
590.303
1118.9
1908.24
2750.41
3399.52
4146.57
5196.25
4984.36
5035.02
2358.52
2586.35
3050.05
2996.19
3167.32
3098.01
3226.01
3554.02
3353.58
3570.04
5725.12
4465.98
2897.75
1479.21
524.518
988.258
804.555
1467.88
2371.74
3325.79
4150.11
5067.71
4653.72
5123.31
2508.96
2781.15
2775.82
2891.56
3131.37
3081.55
3464.95
3278.53
3347.66
3405.38
5048.37
4407.49
2215.67
863.853
475.629
919.218
875.681
1788.82
2312.04
2914.87
4548.4
4535.16
4756.5
4464.53
2527.22
2492.09
3003.75
2980.07
3089.82
3088.17
3276.72
3513.79
3486.94
3672.63
5544.55
4263.33
2155.44
716.013
211.235
711.995
873.042
1775.31
2795.42
2944.89
4154.18
4580.15
4717.68
5146.23
2297.96
2517.58
2855.25
2900.92
3057.94
2974.27
3388.51
3305.73
3405.13
3662.27
5264.65
3684.49
2331.21
792.443
160.69
1218.48
485.159
1391.71
2766.54
3346.5
4459.54
4636.95
5094.75
4647.59
2482.12
2632.27
3149.7
3261.93
3160.64
3431.61
3491.44
3427.27
3422.1
3664.1
5605.21
4265.36
2662.42
1070.46
522.843
805.301
899.414
1607.93
2657.63
2821.67
4030.46
5183.52
4907.83
5105.22
2734.65
2648.82
3062.6
3191.55
3077.14
3309.32
3372.15
3571.23
3620.88
3515.66
5536.63
4144.42
2900.36
1576.38
594.91
1101.01
390.957
1715.78
2796.56
3354.23
4088.23
5223.1
5283.24
4876.41
2817.15
2571.55
3121.86
3122.52
3021.64
3019.21
3357.81
3277.45
3707.98
3483.85
5544.25
3844.49
2598.61
1006.29
123.337
1016.09
580.795
1655.47
2492.31
3245.66
4624.58
5210.37
5196.3
5078.65
2916.81
2946.12
2821.44
3132.68
3381.8
3313.56
3450.16
3277.72
3419.45
3355.79
5079.7
3859.22
2330.46
1304.91
249.628
1084.56
426.518
1221.02
2393.72
2825.71
4351.99
4792.24
4727.42
5244.72
2548.52
2834.97
3094.82
3329.76
3249.66
3169.83
3603
3429.17
3360.18
3602.83
4950.02
4423.35
2283.34
1621.35
565.922
472.871
792.119
1335.22
2628.5
3262.99
4402.39
5026.7
5007.4
5498.98
2913.03
2438.6
2721.78
3173.25
3155.19
3378.78
3252.14
3289.84
3298.94
3649.82
5238.59
4173.41
2211.33
1309.34
235.083
311.985
702.187
1523.82
2379.46
2751.84
4136.1
4819.23
5030.77
4931.9
2825.74
2413.75
3097.02
2989.09
3113.49
3353
3197.59
3356.72
3256.35
3254.81
4927.48
4209.27
2409.17
1526.76
352.985
987.281
832.281
1691.16
2252.69
2778.08
4390.43
4653.89
4990.95
5213.97
2660.34
2937.8
3029.21
3115.62
3416.03
3211.3
3404.04
3373.55
3700.83
3376.45
5593.76
4140.87
3008.03
1113.06
274.196
1014.34
586.608
1765.32
2425.04
2869.22
4206.71
4328.48
5223.95
5062.24
2866.39
2672.46
3132.42
2872.44
3155.58
3043.2
3542.07
3264.44
3457.65
3443.86
5531.95
3879.38
3016.9
1378.3
99.5889
348.2
401.069
1061.19
2362.55
2487.86
4179.29
4654.68
4411.88
4913.04
2560.42
2634.09
3039.24
3188.95
3055.01
3114.81
3322.59
3211.62
3321.54
3309.72
4844.19
3812.25
2929.08
1246.24
280.345
257.452
501.453
1626.14
1948.61
3036.47
3833.99
5090.91
5194.7
5254.72
2628.06
2711.53
3110.2
3086.55
3300.87
3060.39
3326.71
3286.43
3506.38
3560.2
4952.34
4441.64
2372.82
1732.57
377.875
844.913
862.408
1214.97
2233.26
2713.29
3643.41
5037.93
4574.2
5564.03
2752.84
2771.44
3157.31
3191.4
3199.16
3509.04
3233.86
3541.31
3440.25
3470.73
5043.27
3884.16
2949.88
1715.62
570.346
495.872
460.095
1062.27
2084.16
3133.56
4075.09
4275.21
4630.04
5606.57
3016.23
2992.45
3122.72
3284.42
3132.91
3532.78
3643.25
3213.61
3349.3
3412.81
5304.7
4652.58
2520.99
1160.2
279.694
801.943
867.271
1313.58
2455.01
2616.15
3662.48
4632.59
4720.01
5813.61
2715.18
2914.23
3061.69
3017.3
3506.15
3378.47
3604.6
3480.72
3485.3
3486.72
5005.11
3772.21
2381.01
947.789
-37.8904
-118.075
-142.493
998.029
1574.49
2839.18
4040.32
4477.33
5167.24
5185.66
2965.8
3129.57
3066.48
3302.68
3145.55
3218.15
3550.08
3273.38
3553.3
3159.38
5440.34
3693.92
2364.91
1132.15
-186.296
-243.626
-15.6792
663.197
1616.97
2679.2
3499.99
4963.36
5544.39
5597.88
2617.02
2788.13
3082.71
3350.78
3327.59
3200.11
3280.87
3465.42
3359.07
3492.02
5060.28
3932.78
2130.26
1145.02
-18.3348
-300.44
337.336
1084.02
1809.51
2739.14
3666.94
5215.3
5194.74
5365.98
3026.91
2918.15
3154.82
3319.83
3169.96
3542.95
3233.27
3374.49
3748.26
3262.64
4668.47
3758.51
1740.24
476.309
-50.4424
-383.787
173.212
847.181
1902.26
2513.65
4052.07
4970.32
5261.9
5486.57
2756.11
2814.74
2852.52
3367.31
3415.57
3229.72
3661.64
3344.09
3774.47
3375.7
5220.86
3218.76
1972.18
1053.65
-299.031
-296.557
72.1704
872.76
1852.32
2581.84
3385.74
4468.87
4969.25
5434.03
2678.49
3085.11
3150
3006.79
3239.83
3485.51
3386.66
3354.62
3528.52
3081.18
5117.59
3296.92
2137.96
223.75
-39.4073
-82.328
-97.317
831.699
1401.84
2070.28
3528.45
4578.23
4611.55
4953.01
2637.16
2969.07
3094.33
3304.29
3208.8
3545.72
3512.25
3683.67
3739.22
3313.96
5575.81
3171.29
1642.15
717.532
-294.629
-577.116
-506.551
744.154
1251.18
2253.06
3904.83
4057.06
5037.63
4677.77
2729.44
2731.99
3019.02
2958.18
3040.49
3163.7
3493.62
3539.04
3367.62
3123.23
5285.14
3348.44
1955.54
17.6842
-183.899
-178.522
-553.561
712.987
1065.67
2311.72
3738
4288.54
4833.84
4638.53
2805.45
2872.37
3259.14
3214.99
3261.12
3604.64
3365.46
3392.38
3672.3
3113.55
5446.11
3696.74
1190.08
-128.294
-508.106
-287.142
-238.397
323.322
1265.62
1900.76
3088.65
4214.77
4506.35
4785.06
2732.77
2834.93
3199.01
3198.2
3151.07
3394.29
3298.72
3506.11
3353.31
3419.99
4622.95
3303.48
1380.14
426.633
-388.182
-326.174
-430.713
370.204
987.739
1526.3
2836.87
4465.33
4587.86
5078.62
2814.69
2725.87
3028.45
2881.62
3047.34
3321.08
3186.38
3441.6
3318.71
3303.97
5036.8
2851.9
1064.17
-250.737
-641.081
-710.553
-323.999
87.1064
760.885
1679.63
3462.7
4370.03
5027.45
4310.19
2731.38
2711.27
2889.42
3197.08
3247.99
3341.46
3474.13
3190.93
3408.75
2994.81
4951.03
2725.09
1232.27
107.173
-662.774
-589.59
-611.732
-269.996
419.365
1673.13
2456.05
3578.29
4665
4577.36
2462.98
2806.67
2811.49
3151.11
3014.35
3095.78
3116.52
3171.54
3383.83
3311.82
5046.25
3534.37
1245.67
-145.586
-750.824
-412.086
-926.292
-134.755
358.86
1151.58
2371
3487.95
4459.73
4951.64
2443.44
2503.45
2919.7
3113.15
3321.93
3303.05
3075.15
3423.2
3244.01
3051.64
5018.02
2979.23
868.964
-234.833
-737.216
-690.645
-1062.76
54.1094
910.667
1091.32
3141.41
4062.96
4937.2
4167.36
2542.39
2530.41
2787.99
2889.48
3268.67
3240.42
2983.19
3152.69
3296.93
3291.52
4472.05
3246.38
1301.97
-574.277
-822.969
-687.555
-1099.73
31.9451
853.87
1000.25
2119.29
3191.79
4673.13
4055.4
2484.63
2359.6
2701.92
3036.85
3044.51
2987.48
2981.57
3185.71
3396.31
2923.08
4501.58
3315.01
1304.28
-266.619
-920.644
-944.573
-981.77
0.12527
919.137
1121.98
2652.85
3636.63
4296.32
3893.85
2431.36
2460.27
2493.95
2701.48
2986.73
3133.96
2947.6
3235.71
3225.84
3035.45
4557.8
2779.32
394.994
-810.702
-1164.07
-873.115
-816.729
-437.251
75.4296
1134.38
1789.75
3107.24
4201.13
4050.48
2279.42
2592.48
2633.97
2883.31
3044.72
3154.95
2939.25
2977.54
3262.1
2874.84
4890.42
3178.96
511.469
-782.988
-1067.29
-995.421
-954.456
-411.998
44.5123
1222.05
1997.24
3290.29
4039.1
4456.9
2158.08
2705.03
2486.89
2900.29
2873.49
2864.45
2799.37
2959.79
2933.9
3135.85
4119.84
2974.38
263.296
-592.872
-854.998
-757.002
-630.451
-335.335
281.562
737.601
2174.73
3610.46
3891.36
4544.95
2520.8
2718.53
2672.24
2557.61
3101.54
2780.8
3095.78
2846.49
3039.34
3103.21
4283.85
2773.68
695.869
-615.742
-1178.05
-1262.8
-933.872
-269.437
467.326
1312.43
1719.28
3305.74
3770.2
4724.3
2324.4
2771.33
2741.48
2924.5
2698.17
3066.46
3167.49
3155.83
3147.36
2987.98
4591.96
2617.59
0.63038
-902.033
-1239.66
-1151.93
-963.772
-50.0807
183.137
727.73
1453.59
3488.33
3707.59
4085.14
2311.26
2426.52
2671.31
2871.46
2844.47
2855.62
2863.99
2697.9
3039.4
2574.73
3895.64
1965.93
735.841
-829.006
-1117.12
-997.542
-715.946
-212.573
340.884
1118.27
1628.12
3273.12
4394.33
3898.45
2227.1
2268.31
2370.65
2772.11
2610.99
2709.05
2902.84
3093.22
3040.81
2902.79
3724.71
1848.4
67.4005
-875.321
-1403.54
-991.976
-907.902
-543.988
-12.0796
368.372
1496.82
2998.73
4092.91
4689.95
2361.6
2473.56
2469.29
2450.01
2872.73
2906.68
2682.1
3077.66
3159.51
2798.12
4415.8
2165.2
324.364
-1021.01
-1153.61
-1205.41
-1085.57
-489.108
534.308
895.005
1984.77
2572.52
3624.87
4320.36
2319.24
2563.5
2253.65
2900.85
2725.79
2824.41
2722.28
2731.78
3086.44
2782.16
4097.48
1917.91
144.792
-629.919
-911.131
-1124.2
-968.34
-548.08
133.393
445.435
1842.11
3094.6
4224.47
3891.41
2225.94
2522.84
2487.72
2454.45
2846.2
2706.6
2778.08
3018.21
2910.37
2983.83
4159.5
2417.3
-137.813
-968.451
-1084.73
-1386.45
-1160.44
-669.51
-1.18018
746.078
1530.58
2619.69
4242.91
3636.5
2211.61
2578.18
2474.37
2695.83
2767.27
3016.2
2922.29
3045.48
2779.76
2843.01
4062.79
1949.63
361.937
-758.339
-1390.11
-1367.05
-1462.77
-451.228
-181.982
376.399
1123.43
2577.21
3534.4
4000
2357.85
2400.49
2385.91
2454.85
2920.13
2765.07
3005.12
2980.48
2685.83
2714.5
4080.22
2062.21
154.046
-1172.01
-1429.9
-1261.11
-1514
-893.082
211.322
560.71
1703.98
2923.36
3384.36
3783.73
2291.14
2257.16
2619.97
2619.24
2831.43
2705.26
2911.71
2671.3
2746.56
1989.98
2653.37
829.401
-985.759
-2050.71
-1847.41
-2122.52
-1563.14
-1053.92
-273.536
353.992
1498.56
2436.35
3556.58
4071.39
2091.27
2079.82
2188.13
2641.24
2730.6
2769.72
2780.84
2851.97
2786.76
2309.01
2385.72
433.904
-1213.55
-2245.03
-1946.64
-1809.73
-1513.11
-1037.45
-393.772
-112.435
1622.31
2753.45
3909.88
3592.11
2265.04
2327.25
2364.16
2460.13
2615.21
2873.45
2786.18
2680.91
2767.41
1964.3
2899.85
539.693
-1269.27
-2056.69
-1906.11
-2032.54
-2235.5
-1411.76
-791.234
-254.397
958.974
2715.12
3202.39
3841.49
2275.03
2162.41
2487.42
2332.56
2770.56
2772.48
2577.45
2558.69
2669.47
2241.79
2517.76
758.469
-1296.19
-2175.18
-2021.35
-1989.42
-2293.74
-1488.45
-687.385
-407.79
718.446
2778.9
3608.2
3427.84
1961.38
2353
2361.9
2634.43
2305.82
2534.66
2884.61
2500.19
2472.94
2255.31
2078.21
646.252
-871.627
-1724.35
-2046.67
-1964.22
-2297.18
-1537.15
-917.576
-48.3098
802.682
2348.12
2928.53
3657.09
1808.6
2099.38
2372.03
2519.35
2678.27
2616.03
2739.7
2521.02
2350.29
2171.54
2089.33
235.675
-1262.5
-2203.99
-2550.52
-2056.51
-2398.18
-1572.95
-1074.71
-35.9124
864.744
2083.76
3581.66
3259.73
1916.72
2000.91
2298.48
2682.98
2311.18
2716.84
2826.59
2829.63
2672.52
2146.79
1974.69
26.4302
-1058.13
-2343.68
-2530.78
-2437.44
-2493.23
-1730.61
-1183.24
-424.51
291.335
2240.84
3282.79
3419.51
2031.45
2202.69
2340.52
2295.39
2539.26
2415.55
2562.99
2484.68
2735.67
1889.3
2445.23
36.2443
-1609.49
-2237.77
-2448.69
-2897.7
-2475.98
-1704.6
-1220
-624.653
526.727
1360.84
2852.22
3450.29
1816.51
1947.16
2108.95
2416.59
2597.77
2368.61
2600.8
2518.92
2610.81
2081.88
2649.17
369.817
-1449.67
-2706.77
-2691.29
-2771.39
-2274.92
-2204.72
-1404.55
-316.315
62.9543
1774.78
3086.43
2977.32
1891.38
2171.36
2288.46
2570.98
2628.29
2483.75
2524.53
2747.96
2305.79
1957.78
2137.8
208.192
-1724.49
-2637.31
-2642.7
-2768.33
-2740.58
-2097.26
-1446.01
-1020.98
-405.059
1087.65
2476.87
3116.76
1967.79
1861.41
2502.44
2382.78
2289.15
2317.67
2542.82
2406.63
2329.65
1833.11
2270.22
218.07
-1701.74
-3038.07
-2815.91
-2880.95
-2403.86
-1956.28
-1227.96
-844.113
22.1147
1340.81
2030.8
2908.67
1917.22
2096.05
1964.33
2209.62
2170.09
2546.48
2380.41
2719.51
2283.13
1753.09
2223.74
-5.63127
-2296.92
-3059.92
-2998.26
-2750.21
-2427.8
-2013.31
-1312.38
-544.586
-252.99
1045.37
2691.21
2811.6
1857.86
1798.83
2010.2
2152.4
2344.82
2524.62
2608.07
2538.55
2374.16
1750.06
1871.22
-500.253
-1722.56
-3170.19
-2745.76
-2849.94
-2807.21
-2234.96
-1504.43
-799.295
-355.142
1062.21
2335.82
2775.07
1573.32
1812.59
2353.18
2230.76
2091.03
2284.46
2496.63
2747.99
2543.69
1750.97
272.91
-1008.83
-2790.74
-3570.15
-3414.79
-3065.66
-3018.57
-2180.26
-1451.41
-532.124
632.003
2337.56
3034.24
3275.67
2012.94
2253.52
2223.7
2239.19
2312.7
2606.43
2520.11
2482.42
2233.5
1427.52
200.72
-1357.69
-2652.41
-3519.99
-3067.4
-3438.57
-3196.47
-2259.52
-1793.33
-204.441
1238.37
2680.99
2810.01
3676.67
2073.51
1900.56
2099.97
2160.24
2277.2
2573.15
2306.87
2424.06
2152.48
1773.87
318.439
-1741.77
-3269.94
-3964.23
-3375.8
-3338.29
-2942.17
-2510.77
-1744.61
-654.257
1266.62
1974.17
3398.47
3609.15
1775.08
2251.67
2427.81
2380.63
2103.75
2623.82
2701.05
2623.32
2609.23
1471.11
1.99804
-1343.18
-3073.33
-3848.58
-3608.64
-3474.02
-3159.2
-2497.11
-1522.65
-558.234
447.392
2361.97
2506.84
2785.56
2054.1
1882.86
2044.98
2053.17
2023.31
2399.04
2635.6
2259.89
2433.76
1723.22
419.875
-1849.48
-3481.29
-4466.78
-3505.93
-3393.89
-3342.17
-2541.29
-1877.78
-884.377
827.244
2408.14
2428.9
3396.21
1788.07
1770.58
2169.72
1986.05
2376.01
2383.24
2311.95
2523.85
2183.87
1381.13
282.224
-2056.84
-3227.31
-3776.24
-3476.75
-3522.35
-3664.82
-2607.03
-1665.43
-387.831
780.13
1670.67
2611.67
2835.75
1592.15
1869.87
2173.63
1889.88
2241.67
2106.49
2501
2483.98
2122.96
1238.28
-332.411
-2039.31
-3117.62
-4063.07
-3686.05
-3368.87
-3476.02
-2806.32
-2032.32
-804.425
413.499
1531.79
2372.11
2749.26
1631.56
1638.31
1992.62
2074.33
2252.94
2382.05
2467.05
2595.08
2243.79
1423.81
-374.963
-1613.27
-3199.11
-4367.25
-3745.91
-3807.91
-3253.99
-2656.6
-2011.01
-880.462
506.255
2167.78
2823.12
2549.97
1916.87
1559.64
1968.38
2105.48
2235.84
2396.88
2443.61
2233.9
2344.42
1378.02
-168.033
-1941.75
-3643.88
-3885
-3428.73
-3741.83
-3500.54
-2553.55
-1729.78
-997.297
16.0674
1687.55
2386.33
2649.64
1567.03
1732.25
2079.77
2098.9
2174.13
2212.96
2073.23
2536.4
2086.33
1389.13
-473.11
-1624.59
-3193.22
-4307.36
-3687.42
-3363.39
-3158.87
-2595.25
-2141.42
-1036.36
588.659
2117.82
2475.45
2502.78
1551.33
1617.66
1858.94
1731.7
1891.85
1924.85
2092.25
2109.08
1896.79
1297.16
-424.641
-2136.13
-3137.32
-4124.15
-3372.61
-3521.87
-3377.66
-2802.37
-1886
-900.266
418.383
2051.81
1919.43
2509.62
1543.89
1372.54
1672.95
1958.92
1859.91
1831.71
2259.5
2366.36
2099.5
1305.48
-371.707
-1987.03
-3678.51
-4132.73
-3763.27
-3789.49
-3467.06
-2934.45
-1787.62
-842.857
-80.0174
2105.94
1801.42
2383.17
1413.18
1610.09
1662.03
1905.99
2144.62
2139.66
2057.83
2269.52
1749.02
905.48
-519.085
-2354.47
-3418.19
-4249.44
-4092.51
-3923.54
-3891.42
-2877.29
-2530.38
-1122.41
335.952
2001.23
2419.38
1955.53
1502.28
1444.57
1675.47
1906.59
1687.53
1759.12
2089.32
2326.44
1860.46
936.38
-773.338
-2334.44
-3800.45
-4610.9
-4063.99
-4313.91
-4163.98
-3358.03
-2423.06
-1384.94
1.38067
1723.32
1738.62
2345.03
1155.01
1409.78
1767.26
1846.49
1864.65
2034.24
2020.57
2038.81
1702.52
966.435
-657.611
-2233.27
-3767.5
-4839.69
-4101.65
-4421.11
-4065.11
-3243.27
-2821.03
-1150.99
-506.378
1166.18
1922.97
2495.39
1393.06
1617.19
1733.47
1611.88
1842.03
1850.61
1868.26
1988.9
1756.25
867.102
-1152.3
-2812.22
-4013.2
-4975.3
-4172.5
-4297.82
-3979.22
-3330.95
-2874.93
-1381.54
-547.918
862.597
1864.24
2216.38
1255.97
1100.6
1304.31
1669.12
1660.09
1757.39
1688.32
2156.69
1902.84
699.272
-728.507
-2487.82
-4406.84
-4816.62
-4660.13
-4104.72
-4545.27
-3912.47
-2995.97
-1538.67
-723.203
1292.04
1124.08
2121.2
1146.32
1333.45
1566.55
1787.86
1927.5
2045.16
2120.26
1890.75
1728.77
974.566
-1223.58
-2626.84
-4935.73
-5478.76
-4414.27
-4758.57
-4473.91
-3684.01
-3290.93
-1607.66
-1090.31
862.485
1536.36
1258.81
1361.94
1278.72
1361.29
1507.54
1651.08
1965.87
1804.46
1706.94
770.279
-3.49311
-2063.18
-4185.5
-5332.93
-6509.96
-5190.74
-5123.51
-5223.5
-4642.63
-4022.9
-2269.78
-344.827
1303.57
1648.6
1496.28
1189.52
1488.93
1334.76
1652.64
1587.02
1894.07
1977.71
1973.82
812.516
-34.426
-2213.84
-3859.37
-5612.62
-6279.62
-4764.71
-4991.14
-4830.91
-4085.54
-3848.58
-1890.07
-319.149
744.265
1301.96
1963.83
1554.89
1359.7
1769
1549.57
1830.12
1737.68
2110.32
1749.79
1229.39
161.049
-2555.89
-3746.95
-5661.02
-5910.42
-4722.68
-5058.51
-4771.5
-4447.01
-3538.42
-2047.02
-872.338
1064.37
1479.92
2376.29
1201.43
1597.72
1366.95
1678.01
1686.42
1710.42
1739.82
1902.11
806.328
85.0516
-2255.76
-4025.12
-5498.09
-6455.25
-5086.21
-4936.11
-4953.16
-4682.96
-4053.68
-2015.11
-914.983
891.7
1786.15
1461.59
1325.79
1430.37
1255.73
1668.35
1555.08
1626.71
1925.48
1876.39
1012.71
-1.26036
-2586.06
-4443.56
-5899.4
-6275.19
-5086
-4669.73
-5068.78
-4493.55
-3694.29
-1972.07
-548.61
863.381
1306.1
2042.44
1161.21
1474.62
1569.12
1407.11
1732.91
1629.45
2003.49
1991.83
878.169
74.8459
-2343.11
-4356.18
-5685.61
-6470.46
-4907.25
-4886
-5401.44
-5031.03
-4078.73
-1926.53
-1047.05
705.58
1316.51
1525.44
1255.72
1433.06
1278.54
1505.06
1423.42
1921.9
1636.21
1694.92
1021.16
-6.75371
-3088.73
-4192.04
-6098.62
-6030.56
-5282.93
-5237.58
-5419.43
-4983.73
-3673.39
-2002.11
-624.108
561.204
1678.8
1920.12
979.198
1325.65
1230.95
1430.08
1466.21
1629.47
1580.1
1887.49
784.497
-195.903
-2829.25
-4266.16
-5795.97
-6095.47
-5256.23
-5082.39
-5280.95
-4974.54
-3888
-2027.99
-435.065
832.433
1467.79
2132.92
1073.67
1387.33
1595.73
1526.92
1404.4
1738.39
1687.85
1738.41
982.628
-363.761
-3311.32
-4447.67
-6448.78
-6405.29
-5305.42
-5256.95
-5709.59
-5123.08
-4029.22
-2251.49
-621.349
234.756
1435.91
1767.14
894.151
1075.43
1236.45
1400.17
1496.39
1780.81
1732.88
1581.08
739.359
-363.778
-3065.87
-4922.73
-6331.18
-6734.16
-4943.96
-5396.46
-5412.17
-4734.75
-3873.15
-2260.72
-735.559
777.048
1534.24
1811.39
1288.29
1457.18
1208.5
1667.19
1720.58
1516.41
1569.71
1927.54
954.607
-417.1
-3114.14
-4629.52
-6177.98
-6808.14
-5203.19
-5451.37
-5170.62
-4638.69
-3944.66
-2200.84
-585.16
76.921
1652.63
1515.01
1364.82
1081.77
1424.38
1509.21
1564.7
1774.01
1590.66
1635.11
935.351
-117.215
-2941.29
-4746.44
-6426.97
-6370.26
-5349.41
-5373.79
-5454.86
-4611.86
-3414.34
-1890.05
-1094.88
472.864
1338.93
1269.98
1031.71
1247.82
1193.74
1299.39
1509.51
1495.95
1465.87
1746.7
705.467
-195.061
-2875.5
-4623.4
-6343.73
-6076.37
-5246.66
-5280.4
-5563.92
-4669.4
-3548.54
-1869.51
-1020.61
928.669
1440.65
1892.79
1295.08
1442.48
1447.43
1719.31
1531.55
1776.19
1481.54
1835.67
630.907
-192.774
-2998.02
-4897.59
-6408.35
-6243.84
-5339.49
-5384.96
-4944.35
-4412.67
-3154.13
-1740.58
-1120.6
273.529
770.432
2158.28
1360.28
1197.49
1182.56
1541.38
1583.33
1657.75
1694.13
1427.56
817.052
-193.186
-3165.25
-4453.17
-6125.61
-6659.31
-5025.3
-5068.71
-4828.08
-4200.84
-3584.11
-1785.15
-461.48
617.971
1376.77
1518.14
902.277
1443.47
1426.06
1634.48
1383.51
1722.6
1535.53
1411.86
685.741
-385.169
-3399.01
-4572.68
-5845.39
-6172.35
-5172.42
-5301.07
-5427.31
-4278.98
-3595.84
-2294.28
-1236.3
241.381
1164.91
1476.48
1188.55
1109.91
1438.09
1510.93
1300.1
1741.5
1664.03
1457.46
342.313
-443.793
-3072.36
-5070.76
-6140.08
-6664.55
-5086.09
-5552.65
-5236.58
-4739.98
-4044.83
-2094.25
-1014.46
372.794
447.144
1470.08
786.15
1110.36
1116.17
1533.34
1455.02
1630.74
1432.22
1521.84
283.307
-343.125
-3184.19
-4901.68
-6374.01
-6742.65
-5485.2
-5201.92
-5289.15
-4975.75
-3791.62
-2100.46
-1431.88
434.092
406.289
1751.85
1065.19
1043.53
1124.87
1161.45
1314.67
1386.81
1591.65
1279.88
668.155
-565.556
-3215.94
-5238.69
-6559.6
-6661.48
-5262
-5305.67
-5193.92
-4902.82
-3988.83
-2410.25
-1466.07
368.364
1083.87
1258.91
1068.55
931.908
1330.06
1489.95
1516.94
1366.08
1578.17
1340.91
625.566
-495.449
-3385.32
-5199.11
-6141.47
-6441.33
-5284.75
-5525.46
-5557.11
-5104.07
-3644.75
-2359.79
-1562.52
1.46823
376.253
1181.21
801.441
1191.98
1351.54
1464.24
1314.05
1602.47
1520.69
1190.61
438.246
-774.039
-3809.95
-4667.63
-6397.15
-6518.78
-5449.51
-5459.74
-5590.53
-4929.04
-4044.37
-2359.75
-1270.87
-3.83269
418.608
1359.32
749.245
913.85
1165.87
1126.79
1395.74
1406.61
1415.59
1600.88
237.862
-527.102
-3709.98
-5311.71
-6223.82
-6791.57
-5367.79
-5815.69
-5709.3
-4797.74
-4248.65
-2849.92
-1550.04
99.6915
1141.26
1102.08
1048.82
1272.91
1047.75
1478.66
1519.07
1162.01
1548.81
1313.59
480.688
-865.253
-3366.61
-5291
-6637.1
-6449.24
-5461.32
-5661.62
-5435.06
-5199.35
-3660.07
-2421.1
-1329.04
69.9322
1150.55
1013.21
762.694
934.129
1129.23
1265.03
1375.74
1450.37
1418.16
1572.12
518.746
-496.808
-3361.75
-4958.67
-6409.19
-6625.49
-5444.21
-5881.46
-5482.13
-4915.89
-3798.86
-2919.59
-1801.41
-209.074
929.156
1671.44
924.063
1250.82
1250.08
1564.24
1557.33
1321.39
1458.63
1525.49
433.938
-719.175
-3172.82
-5292.95
-6596.1
-6624.49
-5572.19
-5829.19
-5958.89
-5033.3
-4156.46
-2748.52
-1733.72
-287.704
610.182
1512.62
738.151
1238.2
1100.66
1426.79
1102.73
1622.57
1520.86
1468.3
150.314
-828.869
-3341.06
-5153.98
-6257.05
-6455.1
-5547.86
-5751.04
-5572.46
-5186.86
-4194.98
-2872.98
-1899.62
-234.81
284.246
1720.61
985.986
1214.58
1130.62
1436.15
1409.44
1452.95
1578.53
1479.05
371.437
-753.575
-3421.76
-5318.73
-6217.19
-6615.51
-5366.91
-5493.64
-5528.95
-5027.75
-4270.41
-2516.67
-1364.64
-13.9767
508.804
893.596
762.192
1217.03
1287.15
1099.78
1450.02
1523.93
1653.33
1418.49
352.328
-582.729
-3685.85
-5010.12
-6302.69
-6964.63
-5638.65
-5302.33
-5582.34
-5240.54
-4082.79
-2860.83
-1550.22
-651.098
562.72
1048.57
1029.72
884.97
1251.11
1082.21
1129.35
1539.8
1237.43
1416.22
485.612
-844.275
-3696.49
-4822.8
-6171.05
-6818.03
-5120.05
-5684.67
-5544.15
-4977.61
-4292.65
-2937.97
-2014.6
-377.222
164.214
1161.89
562.555
1047.18
1274.1
1415.64
1083.73
1268.62
1445.05
1471.06
-15.5477
-861.933
-4127.17
-5278.31
-6136.36
-6951.31
-5547.58
-5687.5
-5613.5
-5250.55
-3758.55
-2971.73
-1721.65
-300.486
17.9169
1155.52
728.66
1043.08
862.553
1223.15
1364.5
1483.65
1273.54
566.749
-75.1404
-1078.93
-4231.99
-5669.49
-7219.57
-8628.82
-6991.35
-6596.27
-6890.01
-6146.54
-4616.09
-3268.88
-1936.44
-475.732
1.47635
1183.23
649.755
770.084
846.624
1156.11
1347.32
1270.64
1261.22
752.588
-81.5277
-1139.86
-4432.07
-5546.65
-7126.38
-8398.42
-6792.93
-6809.68
-6754.41
-5880.66
-4739.02
-3402.9
-2266.61
-492.081
-20.9199
360.941
472.857
1039.72
1098.05
1118.32
1234.7
1183.21
1102.73
737.348
-109.466
-1264.68
-4093.21
-5104.1
-7190.74
-8570.33
-6820.16
-6639.89
-6938.09
-6184.94
-4373.42
-3181.65
-2438.31
-526.465
1.06156
1156.04
600.305
917.668
769.937
1277.11
1106.43
1240.42
1415.51
700.44
-34.0073
-1032.94
-4141.86
-5208.88
-7128.99
-8279.41
-6609.67
-7080.01
-6999.61
-5968.81
-4881.41
-3392.51
-1854.91
-304.321
192.433
1084.39
390.871
763.777
1026.59
901.875
999.729
1019.78
1489.7
648.305
-270.235
-1180.48
-4624.27
-5419.92
-6836.77
-8020.9
-6635.81
-6568.85
-6865.96
-5800.16
-4824.05
-3020.06
-2078.7
-237.339
514.024
911.315
605.054
999.111
797.071
814.013
1124.54
1206.6
1156.55
688.982
-185.718
-1166.37
-3973.99
-5073.8
-6813.32
-8329.34
-6516.79
-6971.06
-6657.62
-5958.83
-4810.11
-3597.06
-2037.8
-872.951
255.516
198.668
474.509
592.848
791.605
980.384
1246.74
1180.71
1358.41
744.726
-286.099
-1185.12
-4563.41
-5059.35
-6766.23
-8298.59
-6993.82
-6940.1
-6771.14
-6095.79
-4883.45
-3503.16
-2413.38
-734.871
-169.789
710.612
761.445
818.416
827.434
1031.42
994.657
1102.52
1182.56
688.742
-164.005
-1239.05
-4294.18
-5078.75
-6581.06
-8286.76
-6888.02
-6817.74
-6698.53
-6177.75
-4491.89
-3337.61
-1810.62
-289.93
459.539
676.496
381.103
939.883
737.88
990.533
1261.36
1345.47
1226.53
647.172
-363.303
-1191.45
-4000.68
-5183.02
-6596.01
-7794.39
-6632.99
-6517.46
-6397.07
-6050.54
-4357.81
-3030.95
-2342.74
-590.061
-145.242
703.987
678.093
533.233
892.271
1093.52
1094
1117.8
1299.31
704.838
-194.424
-1013.07
-4454.05
-5456.93
-7148.32
-7850.11
-6514.05
-6337.61
-6511.77
-5513.45
-4353.64
-2946.31
-1764.75
-317.739
235.51
277.956
622.935
740.762
563.645
941.604
909.57
922.709
1045.64
706.017
-282.281
-1188.1
-4755.16
-5280.6
-6720.33
-8322.92
-6845.24
-6748.19
-6434.31
-5987.8
-4655.96
-3576.52
-2238.94
-877.687
280.238
201.121
463.045
400.859
881.355
795.372
732.428
873.112
1026.36
422.552
-499.162
-1081.19
-4189.87
-5029.02
-6767.3
-7723.56
-6653.96
-6724.73
-6176.84
-5840.01
-4597.03
-3156.42
-2034.45
-356.746
416.758
508.473
546.145
738.418
963.014
769.149
803.024
981.17
980.323
615.082
-549.994
-1188.37
-4314.13
-5077.13
-6555.08
-8025.81
-6846.94
-6614.24
-6282.98
-5475.58
-4353.59
-3370.1
-1861.15
-123.59
1.94237
1046.72
423.352
786.331
651.565
943.675
920.946
848.518
1007.71
533.593
-235.361
-1137.04
-3943.39
-5100.93
-6480.9
-7515.06
-6703.19
-6533.61
-6169.4
-5586.31
-4687.24
-2896.84
-1693.25
-306.862
549.358
598.975
652.799
465.378
729.479
738.152
853.346
943.249
1163.68
581.924
-417.743
-1095.27
-4081.67
-5109.59
-6977.64
-8098.11
-6658.17
-6656.64
-6250.15
-5770.29
-4371.53
-3070.37
-1623.64
-276.712
-60.218
337.75
460.49
827.982
711.334
1081.39
1128.72
1290.13
1019.88
464.432
-525.555
-1387.59
-4228.96
-5137.53
-6872.26
-7637.71
-6263.47
-6366.99
-5854.98
-5181.83
-4507.88
-3154.49
-1582.14
-173.238
-177.943
699.52
564.049
826.099
740.045
789.308
901.729
1015.04
1251.4
760.558
-302.804
-1248.36
-4240.28
-5069.13
-6345.04
-7864.21
-6056.06
-6411.52
-6173.49
-5320.35
-4085.83
-3259.65
-1545.71
-726.241
309.739
1247.9
629.837
570.67
845.757
1031.86
1147.13
967.842
1139.84
392.584
-320.61
-993.707
-4041.01
-5271.97
-6336.17
-7998.79
-6093.02
-6303.85
-6098.42
-5435.23
-4035.27
-2791.3
-1398.67
-451.173
500.397
876.655
535.08
554.115
753.237
1012.15
1156.58
1255.01
957.763
713.759
-244.389
-1333.89
-3845.76
-5291.96
-6209.11
-7884.27
-6085.17
-6329.13
-6025.65
-5304.81
-4374.13
-3013.42
-1305.03
-394.533
129.015
1092.03
503.801
772.303
897.124
1029.98
1130.59
902.076
1300.22
470.734
-485.794
-1304.66
-4306.33
-4966.41
-6387.36
-7986.86
-6374.67
-6466.25
-5673.18
-5022.49
-4000.37
-2592.41
-1546.07
-439.318
581.172
1084.44
675.992
1017.4
1082.92
869.615
853.146
1105.71
1175.88
757.148
-457.978
-1060.57
-3955.28
-4954.6
-6472.2
-7401.5
-6169.92
-5923.88
-5608.8
-5334.86
-4017.12
-2856.21
-1190.56
-9.86183
549.696
1345.66
490.94
776.293
716.57
791.043
1141.7
1171.49
1084.07
651.375
-380.526
-1223.77
-3692.91
-4791.64
-6621.29
-7561.27
-5832.39
-6287.77
-5435.11
-5037.38
-3887.72
-2528.58
-1425.98
-325.707
589.139
1264.27
491.398
678.107
727.991
1184.68
956.447
1267.98
1220.7
386.264
-247.816
-1009.82
-4237.02
-5086.18
-6316.27
-7209.03
-5863.79
-6289.87
-5220.9
-4647.43
-3584.64
-2555.57
-1217.15
-552.295
468.27
770.894
598.619
697.097
908.648
1110.57
833.672
983.465
1231.62
421.29
-426.551
-1064.09
-4020.65
-5042.24
-6097.77
-7498.38
-6181.35
-6174.23
-5312.54
-4652.97
-3870.28
-2607.54
-1053.85
-294.118
1.51301
996.613
668.042
1000.33
848.768
756.601
1214.34
1210.09
893.66
558.244
-361.138
-1154.4
-4163.23
-4828.69
-6173.46
-7224.98
-5913.51
-5983.02
-5437.75
-4641.64
-3735.31
-2349.01
-1209.94
-555.21
717.106
968.847
796.149
966.64
858.534
1108.52
811.677
915.108
1310.43
741.386
-337.766
-1309.55
-3979.17
-4943.77
-6202.76
-7593.22
-5998.62
-5638.24
-5582.29
-4622.77
-3389.45
-2100.04
-1014.48
1.76629
351.101
893.639
826.099
1012.56
922.478
1051.22
893.886
1010.49
1156.5
742.646
-271.001
-1264.02
-4107.37
-4975.5
-5840.01
-7515.01
-5677.94
-5863.42
-5392.23
-4614.92
-3696.46
-2444.59
-1085.16
1.363
393.036
641.891
877.874
983.16
716.743
1026.69
931.587
870.691
1108.61
750.658
-509.04
-1043.33
-3953.19
-4891.88
-5974.28
-6987.98
-6046.32
-6038.13
-5476.2
-4711.59
-3355.17
-2002.29
-1144.15
-356.809
225.75
1180.84
680.145
919.857
1109.18
768.393
814.44
1043.86
1076.94
488.6
-535.866
-1191.37
-3815.71
-4214.54
-5808.52
-7079.6
-5832.9
-5673
-5269.89
-4524.04
-3459.29
-2148.08
-966.483
-468.044
517.294
1358.22
767.05
790.745
1099.18
707.313
772.938
938.713
794.589
577.53
-388.094
-1134.15
-3944.16
-4277.04
-5810.99
-7463.79
-5689.26
-5698.21
-5193.22
-4355.36
-3320.05
-1971.52
-1315.84
-470.073
339.164
847.052
795.095
714.908
896.914
821.566
1082.94
752.598
1077.15
259.72
-467.23
-1185.92
-3538.61
-4651.44
-6258.87
-7134.82
-5613.13
-5445.63
-5184.05
-4355.47
-3278.12
-2455.92
-1167.34
-26.2852
163.865
778.522
818.707
817.97
843.762
994.307
964.26
1135.83
798.046
106.435
-552.158
-1384.58
-3997.61
-5511.09
-6711.29
-7141.92
-5711.38
-6053.05
-5560.65
-4536.53
-3682.62
-2461.66
-1567.08
1.67519
698.635
558.803
515.976
601.189
981.795
871.259
736.207
912.265
1137.27
249.083
-479.849
-1307.35
-4082.69
-5071.32
-6616.22
-6721.84
-6046.89
-5750.06
-5434.15
-4599.39
-3790.04
-2281.82
-1184.98
141.222
305.931
942.577
583.079
796.442
761.446
1011.51
873.762
1085.8
1099.01
349.141
-396.989
-1497.59
-4263.24
-5519.77
-6354.42
-6377.49
-6126.31
-5981.52
-5388.87
-4640.38
-3373.67
-2593.61
-1158.08
-363.26
595.239
1311.04
657.318
812.416
800.883
845.799
967.789
1071.3
1100.35
433.535
-694.73
-1297.89
-4125.6
-5030.29
-6415.64
-6613.58
-5929.79
-5899.91
-5147.33
-4732.21
-3350.82
-2317.62
-1399.37
-40.8561
500.664
1085.18
772.606
577.753
736.352
949.072
839.705
619.842
988.38
210.145
-463.354
-1208.65
-3691.91
-5127.94
-6226.52
-6256.9
-5821.37
-5800.67
-5502.81
-4471.51
-3443.28
-2469.74
-1473.83
-157.283
1.97114
466.346
406.527
885.831
670.01
856.836
902.634
646.614
791.465
244.216
-465.141
-1184.7
-3860.21
-5326.31
-5934.5
-6206.55
-5571.01
-5577.47
-5173.92
-4464.19
-3183.77
-1997.56
-1078.71
1.78855
884.915
1318.59
381.983
591.142
837.874
963.59
627.727
880.034
926.327
-36.3393
-549.203
-1169.8
-4085.96
-5010.75
-6065.38
-6308.67
-5882.44
-5480.41
-5382.8
-4197.59
-3365.49
-2443.51
-1534.31
-294.389
551.559
1171.16
273.724
545.098
732.865
558.753
607.004
572.392
831.319
-32.576
-470.449
-1344.48
-3838.07
-5006
-6308.09
-6127.13
-5424.81
-5549.07
-5306.07
-4690.62
-3562.59
-2560.68
-1357.26
-182.704
38.1286
1262.35
305.576
402.54
873.221
752.085
626.855
962.095
609.05
-18.622
-712.343
-1253.97
-4337.14
-4890.33
-6089.33
-6660.16
-5567.11
-5807.72
-5382.58
-4216.63
-3645.51
-2365.77
-1286.84
13.4022
248.223
1207.83
273.35
389.283
705.642
632.592
598.587
974.642
911.147
202.39
-625.261
-1173.57
-4112.9
-5330.87
-6167.44
-6233.77
-5442.02
-5399.39
-5072.35
-4144.09
-3248.89
-2205.27
-1400.28
16.75
562.988
997.392
598.546
473.598
457.525
508.683
732.185
583.586
658.517
213.488
-501.489
-1449.48
-3930.05
-5363.04
-6213.34
-6289.07
-5698.73
-5259.93
-4795
-4277.58
-3263.27
-2114.21
-1264.13
-100.108
410.122
1124.39
668.708
712.636
590.745
631.941
714.587
564.009
686.842
239.258
-759.889
-1436.96
-3782.57
-5182.82
-6071.16
-6320.26
-5531.99
-5497.75
-5218.59
-4063.22
-3215.32
-2092.89
-1162.29
159.998
191.174
813.021
197.624
460.107
607.725
392.758
483.916
699.738
601.01
148.144
-533.774
-1540.64
-3579.86
-5105.12
-5741.83
-6392.37
-5721.13
-5439.06
-4879.31
-4127.74
-3433.43
-2224.9
-874.993
161.875
696.932
917.45
642.087
601.578
689.919
616.107
539.956
759.401
517.199
43.1576
-764.353
-1232.75
-3921.89
-5192.59
-5847.23
-6130.13
-5757.15
-5524.81
-4883.78
-4191.09
-3158.52
-2024.81
-833.48
-99.2812
474.177
401.729
364.927
645.608
483.707
823.228
782.788
820.954
451.363
-195.332
-781.366
-1483.74
-3588.33
-5041.37
-6008.58
-5931.13
-5201.45
-5339.62
-4863.37
-4215.31
-3219.93
-1726.19
-543.962
209.097
872.116
536.644
468.224
415.37
369.136
778.182
673.769
602.674
710.603
164.886
-803.602
-1166.38
-4027.67
-4576.26
-5929.06
-5841.64
-5401.9
-5400.61
-4821.37
-3950.66
-3288.36
-1657.49
-977.074
1.99253
339.445
642.998
292.555
574.687
373.275
710.158
389.455
749.941
491.993
-153.019
-720.471
-1170.58
-3426.07
-5072.43
-5467.23
-5953.77
-5279.29
-4992.33
-4997.89
-3942.88
-3160.42
-1590.06
-1019.33
394.555
435.021
912.088
543.511
536.634
729.765
592.478
407.319
646.312
499.655
153.521
-500.702
-1097.19
-3900.12
-4728.52
-5878.99
-5694.01
-5046.67
-4849.27
-4734.94
-3960.06
-2640.89
-1550.83
-524.232
115.947
475.784
1042.04
684.236
633.3
393.791
470.172
495.637
784.234
451.725
158.916
-777.526
-1294.36
-3675.35
-5128.84
-5901.39
-5975.19
-5424.36
-5066.94
-4731.87
-4131.24
-2848.87
-1284.99
-655.29
75.8569
896.755
1383.64
519.357
481.879
794.599
701.426
568.541
756.313
784.544
79.1932
-533.728
-1220.53
-3649.83
-5042.68
-5483.17
-5569.21
-5091.22
-4682.73
-4817.19
-3756.39
-2670.42
-1427.15
-276.078
152.512
547.161
712.222
484.763
501.7
510.21
805.033
436.09
531.423
470.596
66.4566
-672.993
-1346.73
-3931.55
-5127.44
-5589.05
-5597.55
-5229.8
-5108.92
-4713.9
-3878.98
-2819.11
-1789.75
-990.254
590.532
501.8
740.94
582.246
554.744
779.866
396.224
536.801
785.114
716.805
-18.1513
-749.391
-1293.85
-3941.96
-4521.71
-5923.83
-5674.56
-5322.21
-4901.97
-4829.47
-3637.26
-2896.2
-1649.53
-1044.69
47.2302
1225.01
624.562
565.355
523.654
365.288
659.197
373.8
531.739
711.976
-5.81066
-709.274
-1233.61
-3588.66
-4627.5
-5367.16
-5873.74
-5269.36
-4741.96
-4376.15
-3869.62
-2770.2
-1662.45
-638.111
0.692347
1040.86
536.32
591.751
328.689
390.928
532.648
649.787
685.978
502.921
-4.218
-858.135
-1201.49
-4018.84
-4695.36
-5883.46
-5905.13
-5321.32
-4731.46
-4264.31
-3544.05
-2733.83
-1642.35
-990.037
89.6845
862.75
1048.89
650.4
407.669
669.821
602.651
628.759
574.294
514.195
164.361
-511.52
-1435.29
-3482.07
-4879.72
-5274.97
-5785.42
-5347.93
-5051.81
-4444.83
-4026.47
-2621.54
-1357.35
-937.854
494.465
1161.57
526.522
606.422
634.619
526.687
557.683
431.805
779.351
593.925
-169.153
-674.485
-1447.47
-3507.71
-4861.3
-5885.8
-5811.92
-5377.84
-4803.8
-4442.75
-3937.4
-2916.47
-1629.11
-874.94
476.505
1247.15
714.769
402.78
689.288
760.921
594.485
591.778
485.043
650.246
-195.558
-724.333
-1248.74
-3340.34
-4575.79
-5671.43
-5699.98
-5160.25
-5026.59
-4220.04
-4077.8
-2494.36
-1492.81
-487.599
686.658
1234.02
1242.29
638.571
358.831
754.181
721.83
657.465
464.593
398.111
-84.2283
-733.182
-1249.14
-3968.39
-4664.47
-5284.64
-6036.78
-5081.48
-4969.15
-4757.74
-3909.14
-2699.2
-1612.11
-653.264
144.865
842.116
913.557
646.403
636.033
691.128
753.023
369.664
687.106
774.644
42.7012
-614.26
-1194.28
-3440.28
-4645.22
-5865.87
-5762.22
-4870.57
-5122.87
-4791.78
-3728.9
-2491.71
-1528.68
-637.8
474.279
512.487
737.902
567.552
467.117
397.638
608.562
417.571
405.545
772.118
157.043
-567.472
-1465.35
-3802.05
-4816.58
-5866.94
-6111.62
-5100.69
-5077.27
-4685.12
-4062.24
-2897.89
-1688.19
-985.502
679.457
913.413
697.732
406.958
430.091
663.255
536.789
537.808
722.375
682.327
212.869
-579.614
-1516.9
-4267.27
-4860.04
-6651.83
-6162.54
-5674.22
-4392.95
-4758.53
-3844.85
-2567.7
-1594.27
-608.023
644.424
1080.68
1309.99
703.606
648.369
617.356
790.962
519.546
737.688
620.904
-21.9165
-636.408
-1569.29
-4024.03
-4851.19
-6010.8
-6717.7
-5814.73
-4765.69
-4397.45
-3781.7
-2393.31
-1147.69
-690.904
516.533
980.057
1101.92
744.152
366.479
750.513
491.014
469.517
745.114
594.408
-50.3846
-604.266
-1438.01
-4461.06
-5367.4
-6062.63
-6160.86
-5516.06
-4499.13
-4333.08
-3801.29
-2307.7
-1440.22
-851.51
677.147
1150.07
725.621
542.54
679.225
472.962
670.078
514.552
779.183
769.255
73.1579
-930.12
-1555.07
-4085.07
-4972.6
-5977.68
-6071.61
-5559.99
-4525.17
-4514.05
-3490.31
-2379.46
-1623.64
-742.117
742.319
1266.93
648.182
415.159
599.282
733.268
561.443
529.245
801.667
725.702
237.671
-941.871
-1505.51
-4148.15
-5281.29
-6297.06
-6329.55
-5357.28
-4625.95
-4430.89
-3473.2
-2717.09
-1368.74
-564.527
275.689
709.768
866.987
735.296
420.041
445.487
675.797
691.469
511.832
426.185
123.468
-827.536
-1281.58
-3729.21
-4974.77
-5881.28
-6684.26
-5360.92
-4598.98
-4439.5
-3753.71
-2589.09
-1848.54
-241.257
427.067
1161.13
953.582
404.864
668.007
676.267
628.418
561.902
428.464
653.879
264.98
-732.942
-1337.68
-3923.71
-5212.7
-6458.07
-6481.04
-5269.1
-4384.04
-4401.63
-3573.72
-2611.59
-1694.63
-708.922
266.876
1337.79
865.839
411.107
381.714
410.014
500.616
635.705
545.576
616.263
-15.3367
-656.915
-1575.46
-3998.05
-4714.52
-5886.17
-6542.03
-5445.05
-4543.17
-4534.98
-3761.21
-2490.34
-1282.08
-607.027
254.736
1165.09
1263.43
451.067
811.572
439.233
392.64
401.47
642.182
668.494
225.535
-766.738
-1455.54
-4121.84
-5074.16
-6002.11
-6348.67
-5175.74
-4267.81
-4472.6
-3361.92
-2438.52
-1256.39
-685.345
622.532
896.145
880.353
446.362
563.249
674.994
694.394
686.911
733.62
517.19
-110.922
-669.671
-1432.59
-3779.46
-5048.58
-5703.78
-6475.61
-5031.77
-4333.48
-4222.67
-3537.26
-2269.19
-1225.61
-22.8159
865.433
821.945
1076.44
388.941
404.158
519.492
624.533
566.13
430.378
465.756
168.277
-785.258
-1465.57
-3664.13
-4877.18
-5903.48
-6419.26
-4998.64
-4492.87
-3910.7
-3287.43
-2212.41
-1339.5
-18.2726
653.106
790.591
959.268
699.197
611.323
778.023
660.172
676.473
417.136
701.561
-42.3954
-788.034
-1228.19
-4011.81
-4812.22
-5604.09
-6115.58
-5249.06
-4445.07
-3954.27
-3406.76
-2319.4
-1098.7
89.0767
597.309
1357.2
1300.89
650.642
427.831
590.319
515.576
568.252
684.405
425.143
64.9968
-536.684
-1140.74
-3678.26
-4755.03
-5827.7
-5864.57
-5015.53
-4298.99
-3571.46
-3197.66
-2106.33
-1250.65
186.451
1074.72
1507.37
1718.54
766.953
659.852
435.042
591.924
686.24
739.269
465.054
182.455
-643.779
-1455.94
-3667.02
-4491.78
-5579.05
-5844.22
-4954.19
-4343.72
-3579.71
-2947.76
-2184.04
-1292.98
-214.293
695.745
1719.52
1729.53
563.912
648.481
463.744
752.39
585.996
787.474
581.609
95.6181
-796.4
-1256.98
-3378.61
-4684.58
-5689.75
-5835.69
-5289.08
-4546.43
-3977.54
-2910.9
-2297.34
-1048.79
-343.086
602.677
825.772
991.34
656.296
514.502
821.278
490.849
554.951
682.758
364.379
-54.4854
-721.168
-1128.61
-3884.56
-4813.88
-6072.86
-5883.46
-5155.39
-4503.57
-3567.85
-3073.3
-2224.2
-1032.44
-271.364
902.956
1584.02
1128.04
757.879
809.095
489.383
741.993
714.864
486.132
778.443
233.007
-695.984
-1387.88
-3691.98
-4393.73
-5785.84
-6262.99
-4892.47
-4596.76
-4066.25
-2992.2
-1786.9
-1112.48
-143.05
491.238
1219.11
1138.04
819.039
461.879
859.449
452.494
482.318
615.79
371.252
-23.7933
-693.252
-1200.45
-3539.04
-4604.26
-6086.12
-6202.13
-5228.61
-4349.43
-4078.12
-3374.94
-2089.22
-957.983
1.3625
1235.72
1520.96
1313.61
815.584
555.734
579.922
562.674
426.525
599.477
450.82
-45.6105
-674.55
-1240.35
-3792.26
-4917.07
-6071.75
-6063.3
-5268.24
-4524.17
-3540.16
-3290.2
-1983.44
-1133.49
-221.517
1347.66
1170.38
1274.57
728.842
558.116
721.631
603.618
695.924
803.73
659.743
238.93
-616.823
-1424.46
-3998.32
-4520.1
-5725.72
-5691.81
-5290.97
-4505.23
-3588.93
-2986.22
-2090.64
-1156.87
-315.645
1314.32
1351.02
1694.35
857.059
630.526
839.116
732.596
489.148
420.895
480.618
85.0268
-792.632
-1198.34
-3964.96
-4373.98
-5762.96
-5777.58
-4808.86
-4423.06
-3845.52
-3162.86
-2222.29
-1118.71
249.515
891.491
1039.3
1327.48
665.071
767.125
864.411
675.443
868.638
562.225
597.761
77.7995
-681.683
-1143.33
-3391.63
-4358.06
-6024.9
-5447.96
-5157.23
-4294.6
-3624.32
-3176.83
-1673.84
-1300.53
285.791
757.702
1568.54
1742.77
729.627
617.418
476.639
458.095
696.345
579.05
671.384
54.2184
-532.985
-1162.6
-3282.08
-4377.97
-5935.97
-5888.57
-5251.26
-4328.08
-3561.41
-3159.35
-1780.36
-707.311
-135.24
1158.35
1532.8
1604.46
647.78
612.168
480.853
471.927
540.734
773.363
641.651
-58.3128
-774.753
-1296.94
-3876.32
-4423.21
-5996.46
-5771.59
-5136.68
-4221.14
-3709.45
-3052.55
-2089.57
-875.028
1.03169
865.055
987.932
1706.36
774.341
863
866.345
576.843
559.972
498.645
575.671
272.891
-758.119
-1204.14
-3844.27
-4209.55
-5761.51
-5690.59
-5208.55
-4326
-3544.85
-3257.22
-1927.93
-1043.22
136.996
978.476
1083.23
1484.54
634.2
515.981
657.581
841.757
515.068
510.941
591.924
112.544
-557.453
-1318.9
-3497.44
-4695.49
-5972.13
-6053.48
-4810.73
-4375.33
-3817.17
-3263.41
-1715.61
-1215.48
-177.105
986.5
1252.1
1094.25
830.242
696.114
561.718
472.793
812.02
447.751
786.352
-91.1439
-605.1
-1156.26
-3325.92
-4153.66
-5776.11
-5642.87
-5115.57
-4185.32
-3607.61
-2742.4
-1727.04
-780.141
425.664
965.793
1302.81
1301.85
547.98
728.593
908.02
691.972
878.046
862.743
509.422
9.89902
-659.233
-1376.72
-3443.35
-4261.19
-5565.24
-6123.3
-4748.83
-4005.35
-3572.99
-2860.76
-1943.87
-1202.94
12.7076
1336.9
1267.98
1113.08
857.24
734.831
452.575
764.747
639.43
482.308
533.091
84.9667
-567.1
-1276.91
-3880.23
-4202.53
-5894.65
-5622.37
-4813.53
-4049.03
-3673.15
-2948.99
-1828.64
-854.877
313.057
901.444
1312.78
993.304
539.457
566.813
856.919
427.017
768.544
665.64
442.698
202.228
-605.575
-1266.19
-3715.55
-4134.14
-5774.21
-6199.26
-4747.93
-3787.41
-3976.17
-3050.24
-1967.32
-1010.79
17.1234
1459.54
1684.12
1678.04
934.806
647.78
569.361
779.168
801.938
635.166
426.804
177.971
-782.622
-1200.56
-3827.3
-4343.48
-5597.36
-5700.51
-4684.94
-4094.85
-3653.88
-3108.56
-1582.81
-1094.68
156.266
1544.07
962.674
1809.26
667.653
570.099
817.383
770.987
801.489
693.621
844.869
522.908
-301.515
-1059.58
-2863.63
-4125.6
-4744.35
-5197.56
-4121.8
-4020.07
-3487.41
-2787.97
-1585.45
-181.959
431.043
1011.91
1074.72
1305.91
941.038
623.857
462.392
544.434
541.149
789.737
567.169
537.989
-437.496
-936.901
-3170.53
-3809.66
-4934.99
-5205.74
-4514.82
-3814.7
-3286.21
-2728.68
-1947.36
-635.814
416.28
1136.41
1421.49
1213.85
786.753
492.173
756.83
567.613
425.852
516.482
624.697
705.655
-327.177
-850.299
-3303.4
-4010.14
-4869.1
-5164.6
-4568.94
-3906.21
-3695.88
-2792.38
-1613.07
-455.865
343.397
1194.24
1054.17
1369.13
718.618
737.737
822.009
436.072
598.678
855.975
440.307
415.045
-447.775
-1011.2
-3192.53
-4306.18
-4921.57
-4873.58
-4679.44
-3826.21
-3424.04
-2850.02
-1962.16
-440.594
334.179
1368.53
1712.31
1648.27
523.098
617.493
917.068
528.071
480.427
621.31
491.549
315.644
-391.711
-857.585
-3239.05
-3840.54
-4738.44
-5119.53
-4435.51
-3859.11
-3402.59
-2535.76
-1597.79
-741.349
952.887
1172.39
1734.63
1545.96
637.459
570.208
727.909
603.016
468.655
867.265
581.624
755.94
-195.056
-1103.54
-3444.41
-4137.18
-4512.55
-4931.81
-4180.57
-4153.05
-3679.01
-2673.44
-1570.18
-328.445
755.649
1184.3
870.75
1494.07
910
842.699
505.945
605.388
748.352
510.234
754.06
698.414
-103.158
-1005.28
-3490.27
-4343.45
-5109.11
-4999.75
-4581.27
-3875.54
-3303.36
-2437.72
-2024.96
-401.785
375.546
1419.25
1101.59
1743.42
644.278
496.712
528.265
635.126
673.182
508.055
870.317
523.918
-447.764
-1119.42
-3089.38
-3849.92
-4849.29
-5223.31
-4525.87
-4097.32
-3806.81
-2715.64
-2081.49
-326.226
726.271
1469.8
1174.16
1341.47
530.241
509.974
644.376
581.877
642.829
881.673
487.992
497.591
-195.513
-1034.68
-3269.54
-4168.79
-4469.53
-5256.12
-4713.24
-3915.53
-3434.4
-2836.52
-1812.22
-565.367
112.717
1401.76
1616.82
1418.96
647.234
594.349
553.347
519.247
820.997
787.419
610.842
378.031
-372.074
-981.802
-3256.85
-3788.6
-4644.23
-5167.07
-4574.42
-3875.2
-3424.84
-2770.29
-1979.25
-396.649
88.4151
1274.37
1057.5
1045.8
886.754
519.92
513.864
600.625
545.135
725.552
754.618
295.105
-345.401
-1064.93
-3695.03
-4335.86
-4967.66
-5231.32
-4266.22
-3858.86
-3439.7
-2482.15
-1746.04
-450.726
10.9787
1349.6
1302.12
970.288
599.892
671.327
495.739
527.868
698.553
808.861
427.962
538.453
-333.78
-1046.21
-3687.6
-4061.76
-5108.41
-5351.02
-4595.39
-4192.17
-3618.53
-2554.33
-2197.2
-614.522
-43.0881
656.509
1229.99
1472.97
455.098
809.176
854.285
689.096
511.58
792.026
497.629
424.235
-108.057
-880.002
-3346.86
-4209.96
-4989.62
-5053.83
-4361.78
-3956.32
-3522.89
-2714.31
-1574.62
-815.624
407.368
552.204
1096.78
1398.27
446.986
754.533
791.981
492.819
750.207
569.636
547.614
395.309
-438.071
-1204.93
-3697.75
-4477.28
-4675.79
-5227.09
-4698.45
-3928.09
-3840.45
-2668.03
-2094.11
-592.454
594.569
1290.2
1354.54
818.151
531.04
603.839
489.078
773.449
617.308
788.441
845.782
683.686
-159.596
-1095.68
-3387.86
-4169.9
-4938.02
-5181.97
-4881.56
-4227.95
-3549.1
-2645.31
-2136.23
-1044.07
241.967
619.906
875.442
889.136
801.423
519.713
629.409
542.675
497.872
443.645
749.954
490.588
-250.276
-983.832
-3553.33
-4070.75
-4708.17
-5385.78
-4675.86
-4375.63
-3445.49
-3130.75
-2224.46
-662.435
-70.5506
667.072
1372.8
1294.81
464.632
544.561
539.211
684.371
601.044
587.125
757.696
494.03
-173.565
-1064.67
-3768.84
-4206.6
-5159.22
-5560.2
-4586.16
-4223.21
-3899.87
-2842.99
-1755.47
-713.856
-173.57
494.657
864.164
955.46
710.224
588.44
709.86
795.014
706.106
795.455
413.333
667.935
-305.162
-1107.09
-3512.19
-4363.05
-4740.97
-5058.3
-4579.82
-4383.84
-3418.87
-3007.76
-2126.98
-755.833
-209.723
372.085
1174.18
647.902
456.933
696.646
429.393
704.662
467.444
485.687
805.447
516.55
-268.776
-1223.86
-3897.28
-4520.25
-4714.11
-5475.87
-4706.56
-4265.91
-3800.13
-2453.71
-1933.55
-987.814
545.576
460.511
726.076
1046.92
481.548
560.56
745.006
450.561
343.702
423.735
448.198
601.645
-424.331
-1054.47
-3784.11
-4617.79
-5002.56
-5023.75
-4564.54
-4036.01
-3753.89
-2774.73
-1959.67
-538.984
242.237
459.595
1387.23
678.53
391.935
553.364
671.742
679.349
535.419
428.404
547.095
365.699
-309.074
-992.465
-3865.63
-4613.48
-5381.23
-5216.95
-4868.52
-4153.55
-4016.2
-2847.79
-2154.82
-574.657
160.45
731.27
628.416
614.761
644.806
384.322
786.358
629.146
742.592
420.453
724.096
657.372
-436.395
-1066.17
-3342.83
-4692.71
-5272.89
-5187.12
-4622.65
-3960.89
-3489.52
-2667.25
-2024.47
-711.109
-159.318
627.195
1329.55
968.102
515.158
711.302
565.299
669.883
599.076
587.783
691.747
274.503
-413.309
-1002.02
-3589.14
-4525.59
-4945.78
-5676.78
-4487.56
-4365.87
-3868.75
-2657.84
-2080.62
-661.949
1.37119
1060.34
639.282
1058.65
294.807
658.934
421.272
599.192
669.021
582.483
731.562
341.399
-273.395
-1091.82
-3962.94
-4577.44
-5158.84
-5178.55
-4977.63
-4184.7
-3672.22
-2776.2
-1903.03
-1088.42
-110.559
223.318
705.951
484.803
721.597
503.61
493.397
704.086
691.365
369.227
591.458
460.394
-496.865
-1200.27
-3403.72
-4634.84
-5147.24
-5447.71
-4735.01
-4120.48
-3676.08
-2750.59
-2324.2
-822.959
291.57
823.141
595.547
611.533
296.892
638.713
353.797
402.354
648.503
414.271
589.04
403.845
-207.819
-1217.69
-3576.38
-4640.89
-5043.02
-5340.47
-4614.54
-4314.81
-3867.99
-3138.48
-2174.25
-921.705
-137.424
828.303
1170.04
639.278
702.46
544.044
665.403
399.882
361.681
572.268
727.636
566.931
-419.382
-1125.11
-3702.72
-4785.29
-5354.33
-5477.27
-4447.93
-4676.35
-3567.91
-2886.4
-2252.53
-1181.73
13.9887
357.276
747.829
1359.89
618.26
622.083
446.662
760.774
344.954
736.778
371.395
697.13
-383.47
-1201.46
-3441.85
-4716.32
-5674.17
-5223.27
-4729.28
-4582.34
-3611.42
-2724.24
-2421.55
-1188.38
-275.985
246.246
978.588
1196.77
574.595
731.495
534.653
510.488
703.828
374.934
617.748
470.779
-443.691
-945.496
-3619.33
-4206.6
-5355.94
-5330.61
-4903.21
-4407.41
-3617.33
-2892.27
-2285.59
-928.471
346.901
372.644
795.183
1074.84
463.738
501.407
610.215
547.433
777.571
600.701
465.142
627.656
-473.029
-1046.16
-3538.49
-4394.14
-5321.49
-5308.6
-4768.5
-4553.48
-3716.6
-2978.8
-1985
-753.742
-166.355
878.091
647.537
619.746
653.393
797.016
509.741
564.046
712.989
663.905
638.056
449.523
-272.124
-1122.06
-3796.98
-4735.06
-5503.38
-5778.11
-4851.58
-4611.14
-4047.74
-2899.56
-1939
-773.382
-233.941
808.911
828.596
808.325
755.833
766.004
638.551
486.821
413.671
564.885
696.939
743.067
-33.5511
-726.653
-2924.77
-3864.22
-4628.76
-5252.68
-4105.31
-3964.97
-3648.15
-2572.58
-1180.97
-174.312
598.903
772.623
1205.63
706.061
469.882
683.408
761.96
718.156
515.668
505.668
583.357
685.725
-69.3529
-641.014
-3149.19
-4194.89
-4990
-5672.28
-4395.07
-4269.58
-3504.93
-2798.9
-1229.55
-118.228
396.966
402.384
936.332
696.464
388.826
360.551
696.583
381.398
687.722
641.089
441.897
807.989
73.4389
-715.178
-3329.57
-4366.99
-4753.29
-5369.11
-4206.12
-3918.55
-3272.33
-2665.07
-1278.93
-276.039
259.775
573.258
354.57
962.798
465.206
341.659
688.967
646.834
700.017
588.362
453.584
642.074
-66.8313
-719.642
-3316.65
-4182.56
-5382.71
-5399.42
-4406.64
-4128.78
-3331.25
-2706.48
-1262.24
-289.264
185.744
892.902
539.664
653.336
434.509
625.626
773.618
663.89
395.305
512.182
506.059
522.045
249.673
-735.487
-3216.65
-4232.29
-5242
-5215.73
-4462.79
-4175.49
-3577.78
-2881.17
-1490.66
-298.425
-61.8795
468.855
498.476
338.78
572.683
501.553
536.741
617.904
487.59
521.128
552.296
466.654
226.629
-796.964
-3493.78
-4002.28
-4945.24
-5840.53
-4697.99
-4498.03
-3678.54
-2617.78
-1379.92
-603.013
358.148
512.381
669.292
579.897
399.443
657.828
611.783
720.061
392.696
386.921
528.452
666.818
56.4273
-889.121
-2856.79
-4024.76
-5112.65
-5883.91
-4645.04
-4012.95
-3686.35
-2920.54
-1471.15
-529.323
-74.6329
408.498
394.51
857.807
573.759
403.366
363.619
732.414
753.62
544.434
640.977
764.182
8.05879
-676.938
-3390.32
-4333.7
-5009.79
-5907.27
-4362.42
-4402.93
-3512.72
-2641.84
-1726.53
-378.437
-245.558
520.71
996.229
298.269
665.96
508.707
471.567
776.247
751.423
493.324
783.117
502.639
51.3265
-932.15
-3390.31
-4193.47
-5108.46
-5670.65
-4532.5
-4394.72
-3832.44
-2763.38
-1476.47
-696.977
-69.6709
47.1108
599.002
319.169
573.528
522.567
455.839
426.761
530.531
733.019
514.431
959.864
345.1
-910.705
-3494.41
-4380.81
-5356.91
-6066
-4923.99
-4313.75
-4108.17
-3012.09
-1855.99
-830.411
-242.244
159.042
228.144
505.644
451.167
402.741
641.06
642.407
772.863
852.124
848.315
936.731
50.1062
-581.398
-3556.15
-4205.94
-5476.04
-6060.02
-4711.3
-4683.88
-3955.84
-2979.36
-1576.16
-471.695
-191.783
153.6
274.11
627.79
399.436
603.207
355.316
380.304
584.955
854.507
925.42
600.898
-42.9667
-682.11
-3305.14
-4469.72
-5506.01
-6230
-4762.36
-4640.15
-3933.7
-2904.75
-1953.87
-510.613
217.483
523.457
625.202
756.644
581.019
518.989
403.253
393.818
700.458
569.411
578.467
782.471
-7.66296
-711.197
-3494.07
-4351.25
-5437.45
-5895.29
-4654.55
-4517.68
-3830.17
-3052.47
-1683.36
-407.633
-58.8762
773.166
640.203
375.497
237.558
317.176
358.869
482.231
796.096
719.067
702.104
940.024
120.639
-615.251
-3650.65
-4565.69
-5322.3
-6213.44
-5048.61
-4909.19
-4291.21
-2940.45
-2082.59
-637.88
153.802
91.9261
100.534
1048.74
390.479
513.187
336.143
692.085
547.628
706.568
858.036
936.773
258.138
-620.806
-3320.93
-4281.22
-5459.8
-6236.59
-5112.74
-4700.9
-4362.62
-3082.11
-1721.28
-786.644
52.5245
679.212
728.647
465.899
246.008
705.401
691.306
769.863
711.431
651.354
710.577
967.836
260.501
-795.898
-3617.02
-4686.36
-5491.15
-5994
-4699.88
-4514.49
-4160.25
-3328.8
-1743.74
-827.921
1.12157
476.152
346.88
381.175
657.096
393.393
779.067
710.911
705.677
846.869
863.97
983.826
202.734
-686.047
-3530.79
-4660.11
-5904
-6505.53
-4797.65
-4639.18
-3921.12
-3293.34
-2239.83
-674.963
-340.358
15.8612
774.939
957.471
256.765
368.065
873.759
785.505
639.637
1041.27
789.248
1080.33
166.025
-729.157
-3426.6
-4641.9
-5703.17
-6509.55
-5280.94
-4582.95
-4414.42
-3602.56
-1625.16
-934.027
154.012
200.607
385.573
678.48
628.976
596.994
604.072
759.018
864.554
1065.62
764.507
1093.65
172.938
-673.909
-3166.08
-4748.38
-5591.68
-6024.21
-5321.99
-5159.38
-4256.39
-3291.13
-2058.92
-835.103
1.58043
694.819
658.246
746.525
618.887
544.855
898.532
833.345
702.523
1081.06
950.579
887.747
221.879
-538.54
-3141.94
-4562.55
-5753.86
-6507.52
-5100.16
-4857.6
-4487.3
-3381.79
-2297.36
-609.857
-192.423
475.231
661.795
1078.14
561.668
644.051
629.978
909.231
969.461
1128.59
1088.93
1000.68
589.604
-512.895
-3032.26
-4486.55
-6040.67
-6625.9
-5498.31
-4746.23
-4317.04
-3264.24
-2068.8
-840.167
-103.992
361.396
748.055
703.496
783.622
570.504
937.775
814.282
1145.43
777.624
996.615
1046.02
634.38
-419.342
-3469.7
-4956.49
-5891.03
-6408.67
-5002.98
-5114.68
-4400.72
-3294.42
-1696.76
-541.091
-139.92
826.941
658.833
1173.44
665.074
562.797
781.139
864.162
842.279
774.527
1097.99
1154.38
351.552
-376.812
-3040.2
-4519.5
-5903.33
-6894.16
-5341.25
-5040.8
-4528.71
-3332.43
-2101.88
-702.615
-59.3989
150.933
514.678
1217.99
637.351
840.479
675.002
924.865
947.96
1096.54
1006.42
948.549
483.445
-568.67
-2963.92
-4656.14
-5818.44
-6468.49
-5439.99
-4966.39
-4335.86
-3772.19
-2110.09
-482.21
-223.882
476.521
314.063
621.331
573.611
562.874
991.06
885.219
903.281
816.92
874.539
1014.01
568.987
-317.175
-3343
-4974.83
-6369.14
-6484.3
-5278.62
-5233.54
-4449.69
-3383.48
-1940.09
-973.275
135.957
465.92
942.893
1070.32
330.278
661.733
590.711
927.402
804.203
783.025
934.465
889.416
315.497
-296.46
-3215.17
-5064.98
-6347.47
-6762.8
-5671.61
-5492.98
-4518.21
-3753.33
-2120.63
-432.761
226.359
379.321
931.769
1393.15
450.134
712.553
1010.51
973.139
816.136
1007.45
1174.68
963.05
399.289
-585.585
-3431.63
-4991.19
-5910.73
-6463.08
-5716.2
-5166.69
-4614.29
-3872.11
-2239.84
-585.691
321.872
977.127
999.277
1515.24
886.384
719.808
1113.01
1020.2
973.832
994.118
1096.46
991.467
348.026
-250.45
-3025.73
-4791.47
-5933.89
-6757.24
-5309.23
-5094.66
-4601.6
-3756.35
-2043.54
-580.668
-71.4641
677.949
1066.34
1521.11
854.836
810.925
967.924
1085.17
1101.83
1187.95
1002.07
1336.77
715.197
-219.302
-2630.23
-4613.43
-5860.67
-6633.69
-5582.44
-5663.16
-4527.32
-3690.78
-2186.89
-628.607
200.521
499.883
897.18
1124.06
893.836
1058.42
1147.96
1043.7
1009.59
1141.36
1127.79
1274.78
791.749
-488.938
-2710.42
-4686.81
-6200.2
-6926.1
-5760.86
-5643.94
-4754.17
-3582.71
-2470.2
-813.856
461.868
657.203
788.684
1531.47
558.82
885.545
969.718
976.04
1043.36
1052.65
1092.38
1212.78
1170.38
154.975
-2127.36
-3537.01
-4372.71
-4890.83
-4117.2
-3954.9
-3269.17
-2611.53
-1237.23
-382.099
1.03064
795.274
594.987
1137.19
616.343
846.379
1123.33
1177.45
1071.74
1010.29
1294.32
1261.15
1329.16
-129.348
-2445.07
-4171
-4532.39
-4907.47
-4602.84
-3891.17
-3474.62
-2465.4
-1588.85
-369.23
309.84
559.077
665.053
997.436
699.447
621.439
914.329
951.878
952.392
1175.01
1248.67
1116.07
1326.77
268.574
-1899.29
-3524.28
-4623.22
-5171.32
-4397.3
-4082.34
-2992.95
-2451.07
-1482.04
-350.229
475.825
1110.77
684.902
1625.66
528.408
974.957
1098.22
921.558
1267.6
1076.5
1390.3
1327.96
1429.32
337.045
-2288.02
-3911.52
-4625.15
-5184.96
-4135.43
-3560.3
-3310.41
-2442.53
-1719.89
-668.284
148.329
824.01
1239.26
1116.83
790.568
980.461
960.428
1303.94
1002.54
1162.66
1191.75
1477.04
1349.16
37.0183
-2091.98
-3732.43
-4276.28
-5182.46
-4432.98
-3734.43
-3511.17
-2824.64
-1223.69
-220.221
671.878
905.089
926.748
745.098
636.867
848.363
1015.2
1227.56
1222.1
1052.57
1261.56
1260.45
1103.87
339.278
-1975.9
-3311.01
-4043.91
-5091.01
-4041.36
-3521.95
-3128.37
-2692.9
-1088.63
-313.216
531.482
741.295
1170.79
1555
653.952
995.725
1018.37
1305.87
1228.74
1226.31
1561.77
1281.39
1106.73
372.068
-1831.11
-3406.58
-4297.61
-4998.34
-4256.36
-3777.16
-3102.6
-2848.84
-1626.31
-233.916
529.07
457.305
1386.86
1036.45
615.182
1163
1111.15
1165.15
1362.06
1171.19
1477.59
1238.51
1473.03
174.04
-2115.37
-3733.48
-4558.08
-5227.28
-3889.34
-3766.77
-3260.92
-2503.81
-1528.68
-198.17
716.004
726.041
1010.88
1272.87
969.081
964.766
1227.11
1347.35
1007.14
1330.46
1293.98
1262.83
1323.72
236.929
-1624.25
-3099.23
-3967.31
-5219.47
-4367.16
-3538.41
-3046.18
-2358.52
-1418
-442.96
838.069
961.505
734.874
1127.93
668.379
840.23
1228.77
1094.69
1205.73
1258.96
1670.54
1671.41
1234.03
422.321
-1800.48
-2984.33
-4196.46
-4787.54
-4054.73
-3715.16
-3364.83
-2404.65
-1238.15
-315.323
136.897
1410.92
1565.91
1507.93
797.501
1215.59
1308.69
1369.14
1538.66
1474.1
1352.75
1316.44
1224.38
148.748
-1404.01
-3495.98
-4474.11
-4659.25
-4017.85
-3747.43
-3521.98
-2560.6
-1205.56
-458
333.348
1490.37
1630.42
1340.91
851.611
878.967
1335.85
1075.05
1138.03
1583.04
1643.11
1665.98
1226.78
196.171
-1710.22
-3716.12
-4042.51
-5131.16
-4321.03
-3520.02
-3359.71
-2701.15
-1253.28
-595.47
805.278
1063.5
1248.32
1873.73
866.996
1103.54
1050.26
1171.04
1191.32
1272.64
1485.03
1402.03
1603.9
565.201
-1328.5
-3078.8
-4137.66
-5070.56
-4212.85
-3901.64
-3076.09
-2326.99
-1219.47
-266.354
716.022
964.224
1229.83
1672.29
853.541
879.526
1319.95
1194.58
1234.25
1552.41
1612.36
1542.97
1209.17
602.255
-1659.68
-3447.54
-4014.39
-4679.28
-4296.97
-3928.32
-3582.64
-2386.21
-1503.13
81.2306
1162.22
999.247
1694.33
1880.22
1005.67
976.415
1092.88
1164.15
1572.89
1278.57
1556.55
1564.08
1619.19
670.678
-1267.32
-3165.91
-4010.08
-4638.1
-3875.79
-3559.57
-2998.75
-2450.2
-1451.07
-139.069
953.03
1417.91
1787.03
1871.64
1061.29
1284.08
1230.75
1585.23
1587.49
1724.68
1625.48
1706.21
1441.85
599.377
-1379.39
-3292.35
-4288.83
-4435.25
-4098.97
-3649.64
-3207.26
-2348.26
-1078.19
-12.7209
552.96
1069.36
1549.36
2038.96
1170.68
1413.93
1477.75
1360.01
1553.34
1624.79
1452.27
1498.1
1615.78
365.419
-1677.05
-3089.47
-4113.72
-4583.27
-4022.22
-3499.52
-3095.71
-2780.82
-1263.52
-243.463
1110.25
1551.76
1394.8
2154.84
1274.61
1299.13
1437.64
1445.6
1369.07
1788.86
1850.63
1857.54
1381.38
463.667
-1529.59
-3321.37
-4034.71
-4462.43
-3984.99
-3835.38
-3341.98
-2781.6
-947.61
-163.291
637.94
1070.53
1553.13
2141.6
885.787
1177.92
1364.9
1354.61
1619.93
1716.37
1557.44
1763.51
1287.25
398.342
-1242.05
-2743.66
-3880.44
-4537.94
-3807.97
-3482.71
-3364.65
-2560.49
-697.746
412.441
971.399
1770.03
1459.14
2017.38
1294.44
1377.93
1411.15
1600.73
1376.07
1421.59
1416.47
1815.2
1675.9
688.003
-1562.05
-3254.26
-4350.77
-4584.61
-4337.32
-3723.21
-3572.33
-2559
-752.361
-84.9894
1007.95
1439.84
1655.97
1739
1171.59
1138.05
1287.38
1399.4
1241.25
1673.52
1594.07
1586.85
1252.33
361.622
-1643.45
-3032.26
-4016.07
-5245.38
-4356.33
-3644.1
-3417.02
-2481.65
-1304.19
68.7994
1350.71
1563.75
1664.91
1634.42
1284.9
1156.41
1442.67
1501.58
1543.17
1416.98
1745.01
1348.71
1428.64
527.364
-1105.96
-3055.2
-3930.43
-5023.7
-4073.04
-3744.62
-3827.16
-2348.66
-1072.33
68.0241
1247.31
1852.53
1980.72
1834.59
1294.83
1020.26
1134.29
1453.01
1381.62
1691.55
1692.62
1778.12
1473.01
656.311
-1133.52
-2984.78
-4510.33
-5279.81
-4077.37
-3502.53
-3680.02
-2383.29
-988.302
95.0244
680.542
1360.08
1140.53
2100.99
1127.53
1139.15
1017.27
1194.61
1197.89
1664.12
1575.49
1682.4
1336.19
409.855
-1641.26
-3022.87
-4160.62
-5164.56
-4110.75
-3758.44
-3830.12
-2639.09
-941.389
213.101
1272.02
1384.78
1793.52
1727.37
899.422
1348.17
1431.49
1310.81
1594.29
1383.99
1709.92
1589.89
1293.55
628.025
-1454.96
-3203.32
-4527.58
-5292.66
-4078.73
-3771.37
-3661.73
-2291.37
-942.534
262.009
839.018
1418.43
1603.95
1526.23
851.188
994.667
1261.08
1380.26
1267.48
1513.47
1331.03
1544.48
1302.23
694.665
-1102.85
-2994.33
-3706.8
-5099.21
-3980.97
-3811.12
-3815.8
-2671.12
-1061.6
82.1634
562.13
1443.58
1756.24
2135.82
921.478
1297.54
1342.38
1164.44
1310.52
1574.99
1584.03
1748.26
1293.04
395.111
-1227.67
-3180.68
-4287.7
-4483.27
-3805.79
-3891.96
-3482.28
-2428.41
-1067.69
187.055
1222.51
1645.1
1402.29
1375.53
1108.31
1326.69
1202.65
1194.22
1126.48
1515.33
1330.58
1541.44
1404.49
730.042
-1144.1
-3308.31
-3694.51
-4825.74
-3838.38
-3546.56
-3611.18
-2240.17
-466.136
806.938
1115.66
1135.8
2021.8
2128.85
1120.1
1124.61
1222.06
1187.52
1402.36
1244.95
1702.55
1758.7
1741.92
564.91
-746.694
-3065.95
-3963.44
-4703.17
-3889.12
-3480.42
-3156.75
-2395.82
-701.776
436.083
1264.16
1822.51
1862.63
1874.56
1233.35
1301.66
1290.1
1210.72
1205.03
1627.71
1569.99
1506.18
1306.3
751.796
-1124.04
-2796.8
-3749.04
-4946.18
-4253.73
-3566.91
-3354.86
-2248.06
-486.513
860.693
1038.9
1738.99
1555.26
1878.45
899.481
1358.7
1536.91
1577.12
1332.31
1310.48
1721.2
1570.03
1774.7
822.226
-656.353
-2757.65
-3779.26
-4702.35
-4150.29
-3737.18
-3072.06
-2364.46
-820.754
917.102
1321.44
1933.65
1654.71
2104.92
917.27
1304.9
1159.9
1214.83
1608.69
1551.14
1724.64
1494.6
1725.74
1325.92
-153.737
-2197.87
-3430.8
-4348.45
-3784.27
-3152.75
-2666.65
-1638.86
-32.8676
401.701
1450.71
1832.46
1917.81
1863.94
1110.65
1114.96
1434.22
1609.99
1268.02
1445.05
1731.01
1461.48
1911.44
1428.62
-87.1622
-2610
-3618.58
-4381.71
-3411.59
-3305.25
-2378.93
-1373.62
-661.55
946.951
1744.95
1885.6
1840.12
1688.33
1065.07
1461.22
1155.08
1290.73
1393.57
1676.38
1795.65
1851.86
1796.78
1214.73
1.71036
-2156.96
-3827.42
-4524.2
-3898.22
-3190.82
-2841.1
-1720.99
-497.968
341.155
1260.65
2044.04
2138.68
2185.95
1175.73
1350.71
1152.89
1606.27
1689.88
1503.18
1698.72
1869.49
1658.47
1036.27
-192.739
-2424.04
-3751.57
-4553.27
-3498.37
-3213.17
-2331.42
-1385.2
-30.1717
596.106
1734.04
2213.83
1699.3
2224.04
1112.52
1287.28
1484.14
1414.11
1566.68
1781.92
1505.24
1710.28
1793.14
1245.28
270.266
-2121.06
-3354.34
-4407.59
-3148.11
-2780.45
-2428.55
-1232.11
1.75558
831.757
1429.27
1993.21
1715.26
2436.74
1314.78
1613.02
1294.98
1319.89
1417.42
1478.53
1678.06
1902.28
2046.61
1381.18
1.06204
-2172.34
-3572.07
-4192.5
-3582.93
-3078.38
-2487
-1092.2
-29.1337
986.495
2110.64
2352.52
2039.26
1953.5
1220.28
1363.96
1537.08
1419.8
1432.43
1552.32
1652.15
1855.02
1913.22
1320.67
426.417
-1356.61
-3283.8
-4386.61
-3166.6
-2811.5
-2000.18
-722.405
177.481
1012.82
1836.98
2306.03
2142.68
2758.32
1295.34
1489.58
1754.03
1771.4
1518.49
1758.41
2051.52
1900.02
2201.32
1713.59
635.762
-1406.16
-3160.05
-4354.52
-3467.15
-3004.15
-2398.19
-1035.85
174.611
1106.9
2261.89
2194.4
2028.22
2402.41
1285.14
1298.16
1697.2
1603.26
1579.16
1840.79
1874.39
1921.64
1839.69
1545.08
442.036
-1750.44
-3004.66
-3842.84
-3069.03
-2634.05
-2436.29
-1205.55
-71.5992
962.008
2149.88
2228.57
2085.02
2319.81
1550.77
1651
1808.4
1843.62
1942.88
1785.36
1766.82
2021.08
2089.58
1664.35
476.291
-1476.11
-3001.07
-4117.11
-2884.19
-2689.36
-2131.6
-788.42
264.945
1578.75
1961.71
2468.36
2697.84
2719.49
1383.55
1771.68
1540.34
1934.73
1720.94
1890.69
1886.6
2088.63
1858.99
1807.49
507.823
-1064.73
-3178.1
-3819.13
-3246.8
-2883.32
-2221.62
-839.11
188.691
1545.01
1759.27
2725.1
2462.7
2846.09
1280.79
1716.92
1613.3
1987.75
1931.69
2106.81
1912.11
1985.16
2113.37
1621.25
978.225
-1175.12
-3168.97
-3806.53
-2725.08
-2855.25
-2083.46
-1073.95
220.13
1386.98
2266.99
2154.2
2176.05
2427.2
1517.1
1541.8
1650.01
1597.54
1810.45
1737.98
2060.68
2001
2165.19
1705.83
966.424
-1306.31
-3068.62
-3341.48
-3221.22
-2615.85
-1929.5
-995.01
60.0052
1457.08
1904.73
1991.06
2680.31
2088.39
1556.91
1437.04
1668.93
1833.08
1866.65
1870.45
2209
1871.54
2244.61
1666.97
914.635
-1012.01
-2683.97
-3610.38
-2740.78
-2652.65
-2041.59
-879.975
124.821
1320.35
1555.76
2460.12
2608.73
1952.92
1325.74
1571.7
1791.02
1707.8
1731.1
1984.14
1861.45
2105.36
1971.67
1502.63
1299.47
-1054.96
-2848.6
-3678.34
-3009.6
-2261.08
-1474.46
-683.275
104.926
1773.52
2440.11
2462.93
2572.65
2033.54
1608.9
1597.93
1843.79
1990.21
1873.05
1997.45
2014.74
2220.03
1856.51
1665.41
1334.88
-1389.81
-2902.83
-3574.79
-2964.2
-2568.16
-2017.98
-779.305
1.27938
1350.58
1853.58
2224.48
2374.6
2602.82
1586.2
1525.96
1520.3
1672.03
2012.55
2003.08
1942.94
2102.63
1923.13
1882.81
1336.28
-1223.44
-2583
-3633.42
-3053.77
-2607.64
-1549.85
-883.898
211.445
1892.61
1967.59
2363.96
2227.75
2349.94
1416.66
1436.88
1771.69
2042.82
2070.98
2215.34
2008.19
2253.19
2146.34
1980.68
1304.54
-452.801
-2572.06
-3043.01
-2336.6
-2424.32
-1456.65
-516.774
609.277
1675.61
2610.54
2746.24
3306.22
3112.88
1573.56
1599.31
1953.58
2108.41
1852.02
2264.86
2006.13
2423.75
2380.86
1900.13
1469.15
-352.902
-1976.78
-3025.32
-2710.57
-2539.35
-1586.37
-540.811
373.271
1485.27
2370.69
2977.79
2886.11
2783.64
1619.78
1787.61
1784.04
1941.18
1940.73
1940.87
2071.1
2211.52
1986.47
1920.17
842.078
-885.125
-2438.72
-3509.66
-2802.73
-2405.63
-1439.84
-510.33
813.938
1487.63
2042.43
2735.01
2414.39
2738.85
1297.81
1696.44
1865.65
1684.67
1860.18
2094.24
2150.32
2251.73
2085.3
1900.1
1393.65
-961.352
-2316.74
-3349.48
-2213.25
-2295.33
-1281.03
-742.949
422.708
1487.18
2336.99
2643.95
2225.19
3196.51
1362.54
1746.38
1973.12
2089.66
2024.39
2252.01
2306.04
2225.82
2123.84
1570.64
1705.92
-566.631
-2360.19
-3080.92
-2644.47
-2013.25
-1183.95
-463.183
1018.43
1529.15
2761.76
2938.39
2772.89
3012.76
1746.19
1424.03
1747.8
1937.34
1822.91
1959.67
1892.74
2269.28
1960.52
2002.8
1101.43
-579.17
-2068.66
-3209.24
-2092.09
-1785.54
-1492.02
-141.777
507.89
1927.04
2024.22
2502.51
2986.11
2653.96
1404.04
1798.49
1613.73
2009.6
1959.92
2221.43
2244.94
1979.15
2432.92
1929.88
1034.4
-368.073
-1869.99
-2572.29
-2026.58
-1862.85
-1433.17
-156.887
651.829
1624.55
2441.3
2621.51
2374.24
3176.08
1762.71
1810.6
1891.19
1878.06
2223.68
2176.05
2097.46
2094.85
2023.78
1984.69
1214.48
-750.414
-1992.92
-2939.22
-2390.86
-2417.7
-1160.31
-451.753
861.094
1975.02
2171.93
2455.63
3117.02
3017.81
1509.88
1820.64
1730.47
1894.1
1779.4
2011.71
2411.02
2363.01
2339.35
1860.26
1374.86
-699.216
-2035.99
-2672.99
-2130.09
-2222.74
-920.271
28.7073
629.307
1532.76
2842.9
2328.49
2648.68
3087.03
1454.14
1911.08
2085.65
1978.45
2261.01
2329.28
2393.17
2244.21
2358.23
1807.62
1650.59
-195.46
-1473.59
-3012.18
-1960.36
-1903.45
-1002.78
102.898
1290.41
2015.41
2666.47
3184.56
2975.68
2800.01
1814.74
1951.76
2117.21
1990.65
2356.62
2435.69
2216.81
2465.82
2585.85
1950.25
1411.78
-317.982
-1756.98
-2218.29
-2037.08
-1823.93
-828.347
-250.779
1139.32
2377.1
2796.57
2774.36
2746.21
2922.87
1742.6
2176.74
1991.39
2248
2086.84
2472.09
2170.36
2288.9
2439.41
1965.64
1837.68
-114.529
-1144.31
-2310.88
-1589.96
-1495.42
-704.796
0.155234
1505.09
1924.55
2627.05
3495.95
2824.78
3183.41
1886.77
2067.86
2179.48
2211.11
2307.58
2282.6
2508.65
2394.14
2302.27
2318.89
1595.7
-81.8539
-1004.88
-2551.26
-2025.75
-1661.46
-713.996
265.919
1454.3
2727.84
3283.86
2942.21
3097.97
3663.35
1939.23
2111.72
2381.84
2309.69
2454.71
2482.53
2598.59
2632.46
2787.42
2660.36
3098.71
1072.97
0.31223
-972.311
-844.811
-1144.48
-443.103
440.858
1516.09
2791.81
3524
3131.73
3280.89
3222.29
1841.62
2251.1
2104.29
2313.89
2429.08
2497.73
2720.97
2767.46
2452.43
2718.36
3342.31
1870.2
9.12454
-597.961
-668.203
-649.311
-301.102
899.761
1514.76
2600.75
3024.84
3707.64
3135.83
4002.28
2092.15
2135.2
2483.21
2422.01
2485.03
2528.91
2453.24
2715.45
2662.99
2870.16
3000.86
2128.6
321.876
-839.47
-943.693
-619.055
-6.66583
437.551
1818.79
2839.95
3553.04
3863.16
3139.86
3851.36
2051.57
2021.93
2598.38
2343.88
2740.47
2842.37
2907.46
2664.76
2589.59
2702.02
3384.64
1788.87
677.4
-474.711
-473.917
-435.124
344.397
878.378
2374.9
2773.49
3845.99
3729.94
4014.13
4342.5
2217.4
2564.65
2478.05
2696.94
2611.14
2734.59
2826.87
2772.72
2937.21
2718.78
3323.45
1923.28
642.597
-647.485
-279.786
-300.121
214.049
1441.75
2168.3
2999.9
3976.38
3962.16
3610
4564.06
2517.16
2416.57
2490.61
2554.2
2921.34
2872.73
2905.99
2819.13
2975.93
3117.06
3362.11
2445.91
1102.63
-648.077
-263.595
-494.384
52.6856
1399.76
2372.77
2952.95
3841.92
4264.82
3976.43
3980.94
2230.35
2333.31
2590.41
2881.18
2763.86
3010.22
2930.17
3064.46
2948.72
3177.41
3826.61
2311.45
214.041
-37.3708
-241.222
-210.616
0.990727
1182.68
2765.09
3054.28
4471.02
4134.02
4300.62
3972.9
2418.04
2670.72
2677.97
2706.62
2906.01
2894.98
2942.19
2896.78
2893.98
3192.02
4309.34
2590.4
726.176
-653.19
0.355577
-210.928
101.514
1496.81
2849.56
3382.26
4510.67
4345.71
4447.22
4833.73
2294.88
2636.42
2714.14
2800.84
2720.47
2913.04
3170.9
3271.55
3128.27
2950.21
3951.47
2442.64
938.744
-236.66
-102.109
-222.647
564.375
2005.29
2773.05
3148.2
4252.01
4412.45
4412.27
4373.41
2295.8
2574.82
2764.64
3180.9
2985.6
2962.85
3107.8
3344.22
3007.15
3223.74
4471.76
3025.53
1053.94
3.28279
-244.618
-98.7945
939.413
2191.14
2838.76
3885.64
4256.39
4905.46
4731.43
4513.82
2561.43
2700.93
2770.11
3119.97
3290.93
3248.57
3100.73
3336.39
3307.46
3103.98
4112.85
2978.84
1418.1
300.552
86.6785
-33.2081
894.925
2087.05
2979.94
3677.83
4601.87
5194.05
4775.6
4666.42
2739.36
3062.98
2836.19
3261.73
3449.51
3142.59
3015.88
3361.16
3335.46
3087.31
4028.67
2863.47
1337.58
-3.27165
-63.0193
188.797
1113.5
1820.83
2944.14
4109.2
4452.45
4815.61
5263.99
5223.79
2668.31
2869.23
3204.01
3173.52
3398.17
3065.08
3221.93
3187.43
3464.95
3229.87
4404.96
2553.15
1598.6
-21.4127
-168.553
1.19853
1028.41
2021.54
3150.12
3827.11
5208.26
5252.78
5392.27
5215.87
2727.18
2749.21
3031.17
3259.97
3530.6
3342.77
3505.28
3577.95
3190.25
3289.57
4093.46
2694.85
1343.9
280.682
-81.9889
58.157
1250.94
2428.44
2858.27
4068.06
4646.33
4854.26
4768.2
4896.76
2630.1
2824.38
3070.35
3113.27
3388.78
3360.69
3115.61
3367.76
3204.03
3409.58
4687.91
3134.39
1517.68
590.74
194.46
130.511
1154.39
2312.8
2937.22
4000.57
4868.73
4782.95
4953
4878.34
2897.77
2770.84
2947.29
3228.68
3469.52
3029.99
3309.21
3339.17
3113.31
3044.31
4273.41
2878.15
936.003
15.3219
162.925
1.44074
1028.41
2179.19
3455.85
3660.65
4920.34
5225
5314.24
4835.88
2875.92
2763.9
3177.16
3283.3
3061.4
3299.25
3359.49
3408.45
3231.01
3013.06
4801.16
3288.04
1352.84
433.611
-245.899
-7.30818
1058.08
1897.9
3302.41
4156.86
4908.33
4717.37
5440.11
5060.67
2860.5
3151.13
2865.78
3196.76
3187.59
3264.01
3042.87
3431.67
3092.72
3304.82
4884.72
2578.37
1284.24
736.746
96.5337
-54.923
969.427
1915.53
3098.35
3656.57
4787.94
5107.89
5364.42
4981.78
2756.27
3259.09
3013.9
3347.62
3144.79
3320.77
3455.39
3306.97
3208.65
3177.52
4447.67
3199.71
1689.15
681.327
307.816
627.292
1067.33
2008
3162.74
3731.49
4653.22
4851.93
5002.49
5475.59
3005.99
3023.91
3160.7
2967.52
3414.38
3223.59
3141.27
3283.84
3331.38
3163.56
4942.69
3373.71
1571.3
675.135
-119.164
584.257
1293.01
2024.74
3133.05
3738.72
4750.61
5008.89
5002.19
5652.05
2813.97
3173.53
3247.42
3121.28
3447.14
3084.05
3315.86
3407.33
3432.07
3243.73
4844.78
2706.39
1205.97
284.966
2.52037
444.296
820.173
2574.36
3104.61
3706.49
4935.23
5333.32
5449.14
5560.67
2875.29
3016.94
2991.85
2967.36
3307.99
3175.37
3493.68
3292.55
3182.52
3189.2
4583.2
3352.57
1814.49
437.681
-135.777
285.647
1054.23
2133.24
3078.1
4005.78
4911.41
5055.45
5296
5208.28
3062.42
3046.04
3126.04
3026.09
3588.99
3154.09
3266.67
3264.07
3272.68
3406.15
5115.66
3164.34
1180.67
667.248
-146.06
0.667327
864.366
2241.14
3536.27
4072.21
4885.44
5581.26
5084.15
5248.99
2729.46
3112.81
3352.02
3126.35
3220.12
3375.17
3420.21
3525.53
3204.22
3481.32
4690.6
3533.2
1886.84
254.437
2.21855
626.724
962.094
2350.68
3483.57
4248.75
5204.05
4888.81
4935.5
5465.43
2846.75
3177.74
3294.06
3038.57
3096.94
2997.44
3214.47
3087.68
3185.8
3303.9
4747.69
3594.86
1941.9
1022.75
395.948
833.029
1260.8
2054.24
3446.81
4079.79
4989.97
5191.36
5136.66
5240.39
2725.09
3183.58
3169
2873.54
3094.93
3142.41
3122.42
3044.2
3221.6
3154.82
4928.29
3529.37
1693.87
379.768
84.3197
64.8864
1281.13
2358.67
3614.2
4126.27
4806.48
4974.1
5462.88
4877.99
2727.06
2910.32
2928.04
2854.73
3036.69
2997.68
3425.25
3478.44
3187.18
3121.02
4933.47
3034.1
1791.93
786.269
-18.3216
720.248
924.535
1972.27
3314.24
3801.12
4908.91
4794.02
4695.83
5254.87
2937.7
3095.21
3121.33
2888.59
2876.97
2978.89
3160.92
3232.73
3446.55
3385.18
4449.75
2787.84
1746.78
292.899
15.1463
105.169
1323.7
1939.62
3179.98
3969.17
5021.95
4984.32
5105.94
5301.33
2518.34
2737.01
2988.02
3158.55
3112.4
3031.46
3145.38
3402.67
3063.41
3174.9
4487.08
3219.46
1279.38
670.964
200.862
114.652
966.9
2289.34
3134.23
4039.1
4308.83
5118.45
4968.41
4980.8
2794.04
2771.73
2820.31
3173.9
2984.83
3144.85
3370.55
3469.11
3276.2
3480.41
4756.73
3149.2
1710
327.088
322.219
192.919
1320.82
2124.32
3012.94
3592.6
4769.69
4887.01
4782.5
4806.16
2639.9
3106.68
3040.63
3023.05
3305.44
3354.47
3219.47
3474.67
3580.47
3282.33
5011.05
3023.52
1175.18
886.681
77.8405
491.612
1514.84
2248.46
3212.15
4153.76
5154.33
5033.5
4714.47
5433.09
2848.6
