5.8936
31.5626
38.9238
42.4387
46.7721
47.2933
107.378
33.226
115.706
106.01
113.669
78.0516
52.7776
38.2981
72.5661
93.9675
175.084
18.7882
124.679
115.629
124.937
61.0354
65.1344
67.1149
63.2148
66.4986
65.2092
69.0313
65.5847
67.7486
121.682
29.2724
130.275
115.665
116.703
71.6435
29.3392
31.9205
45.3978
40.5387
104.949
1.19793
65.7047
62.9062
55.3919
29.0294
32.3423
29.36
35.4089
31.2135
31.2093
34.9595
34.5213
29.8059
82.6707
1.52181
10.3334
25.9426
31.9486
2.68785
27.3874
5.62035
24.1527
26.3747
66.0569
0.812305
30.1976
37.9561
30.227
17.8158
19.987
18.6603
25.6146
25.828
23.8773
21.1858
19.6708
23.466
71.3374
-22.446
0.624371
-7.49554
-23.0878
-35.6745
-36.8724
-55.1476
-53.9289
-57.7283
1.15504
-162.32
-89.9422
-96.5754
-90.0651
-47.5077
-51.6683
-46.7651
-50.4312
-42.8506
-41.831
-36.4081
-34.0282
-31.3775
17.5251
-133.631
-59.7089
-53.5485
-71.2705
-77.5241
-85.6449
-91.4546
-81.2225
-81.8308
-0.868874
-165.68
-87.2748
-89.4402
-96.5921
-46.3286
-45.2261
-37.3614
-33.0814
-32.1759
-30.2262
-29.3363
-29.398
-28.599
13.1846
-144.07
-80.6474
-73.0123
-92.9769
-100.268
-101.389
-88.9239
-85.5513
-66.9065
-0.300579
-157.13
-89.9717
-98.4987
-101.748
-44.5711
-37.8282
-40.3943
-33.0186
-29.4923
-23.5177
-20.9792
-21.962
-29.9123
11.7536
-166.391
-91.9452
-99.762
-99.746
-76.2384
-55.2757
-48.8508
-52.7167
-47.9048
1.47418
-68.523
-30.3893
-19.3667
-17.1001
0.0917087
4.70702
14.7489
17.5928
19.3293
22.585
28.2661
20.996
5.30727
59.31
-87.7848
-2.78379
0.04302
29.2327
-3.43243
0.0479002
-15.7642
-14.6413
-11.446
0.693639
-12.9134
0.265144
0.130552
14.1344
17.7899
15.2383
14.5946
24.9364
29.1028
29.0636
32.5861
29.6891
23.1435
77.2495
-12.4723
0.766569
23.8534
19.1697
-9.95987
-15.6633
-12.6045
-6.28818
-0.688906
0.198167
-8.13803
-6.93561
0.134061
14.4982
9.81353
6.63351
6.66054
4.60381
2.86705
2.34405
2.71371
-4.72018
-14.8338
27.7038
-137.84
-70.5345
-87.2905
-101.821
-89.2318
-69.9287
-69.2219
-74.4103
-55.4793
0.585998
-47.3125
-53.6728
-97.8012
-92.6017
-30.2061
-40.214
-64.9996
-103.278
-160.439
-118.463
2.45089
7.74908
12.66
65.9182
-102.178
-30.6958
-14.9124
-18.0954
-32.0532
0.283517
14.5473
-3.3452
0.0235025
14.9109
0.476251
58.4849
63.8003
80.391
43.9952
32.0225
30.0791
50.6325
48.056
50.2685
73.9665
74.6993
45.495
107.616
10.7472
94.4017
69.3499
73.2515
63.1584
22.6947
7.81034
-4.79666
0.0676654
94.5498
1.65243
133.226
131.296
124.213
69.9047
68.4402
72.1437
66.9542
69.3631
69.1148
68.0839
73.5748
69.2593
124.051
14.7732
87.9055
43.5481
13.4551
-5.61625
-4.34402
0.0975765
21.9932
36.3044
83.2385
1.14252
57.7484
76.0336
87.1589
48.3051
70.1021
66.8914
67.0624
56.7012
51.2559
47.5918
49.2196
43.0008
98.8539
1.7589
39.5617
42.7191
47.1882
35.3421
56.249
56.7951
46.5861
55.4887
110.076
1.21312
62.3223
51.6318
41.5389
9.83838
5.02736
7.4745
8.17678
17.9801
22.0816
26.2315
35.17
33.9198
92.3888
1.78285
41.8307
46.251
38.8125
13.536
22.4519
42.5656
47.8846
46.8084
124.809
1.45674
78.7974
69.8422
76.0432
36.7042
38.4826
35.5459
36.7568
39.2025
37.6267
41.5124
39.6776
39.6191
94.8626
1.77797
56.4793
60.7179
56.9895
82.4298
89.6876
89.7216
87.4709
90.1353
180.507
30.4818
124.346
129.148
126.277
69.2513
66.394
70.4469
68.7318
69.7167
69.6919
71.234
74.1652
72.5481
129.386
46.9755
129.74
121.531
116.3
85.2107
86.74
77.4133
80.0755
92.7993
180.416
24.5685
123.565
127.084
134.994
64.2455
66.7764
68.2194
66.8831
68.5893
67.9834
72.9108
71.0443
71.9221
129.23
42.4624
120.42
125.58
102.373
71.7095
94.3409
65.3698
72.7998
99.8144
187.06
29.1489
124.417
131.284
124.576
66.2446
67.0092
71.9499
71.6492
69.4929
74.1944
72.6156
72.2543
70.9858
128.657
45.882
130.952
87.3869
63.3444
41.5881
18.64
36.208
21.3467
23.907
32.0048
0.351
30.6409
23.8419
19.2374
6.30868
0.775528
-0.398559
-2.01628
-6.63034
-11.3407
-18.7954
-18.3904
-15.1795
42.4601
-86.6991
-21.5938
-35.0262
-54.7908
-53.8251
-53.7767
-72.0162
-72.8684
-63.5206
2.72046
-147.745
-79.8469
-97.2335
-117.721
-67.5299
-76.792
-75.5545
-79.1454
-84.4563
-88.246
-88.5137
-91.0328
-91.5571
-53.6566
-266.68
-203.534
-221.919
-216.329
-180.666
-173.375
-196.516
-182.477
-189.766
-111.771
-284.247
-196.707
-202.151
-210.118
-107.815
-109.111
-117.957
-119.862
-124.097
-126.259
-137.026
-158.129
-169.449
-136.938
-431.395
-365.564
-378.177
-405.924
-338.065
-331.595
-341.363
-335.062
-329.944
-231.258
-401.791
-281.465
-227.631
-179.595
-80.9032
-70.7115
-63.4251
-59.4354
-57.8422
-55.1631
-47.2093
-45.1493
-45.477
-3.53502
-195.458
-136.29
-169.807
-208.236
-186.393
-185.823
-184.482
-184.711
-175.035
-97.813
-274.905
-193.276
-193.482
-185.878
-92.5726
-100.016
-104.034
-100.398
-104.376
-101.735
-97.0258
-94.2646
-96.0666
-44.0436
-247.939
-172.53
-162.107
-154.286
-156.612
-140.118
-149.097
-149.07
-141.747
-68.0067
-239.533
-167.151
-162.725
-167.527
-76.742
-84.2164
-72.492
-71.1297
-69.7545
-62.5639
-77.9519
-78.2332
-78.7887
-36.6597
-242.737
-155.394
-164.714
-165.509
-141.427
-123.505
-114.478
-116.281
-123.63
-48.7632
-200.521
-121.029
-110.373
-102.53
-51.9665
-48.1069
-50.7273
-50.2461
-46.5734
-48.7571
-45.1474
-40.6219
-33.3963
13.1095
-127.487
-58.1354
-55.1545
-77.3871
-80.9846
-72.2344
-55.9603
-54.9716
-47.9539
1.52094
-61.7018
-19.7391
-4.72476
-6.86945
-1.12862
-2.21224
0.0326738
-1.94733
0.0265428
0.00370926
7.91196
6.06262
9.21746
64.4496
-44.7379
0.263059
10.8042
-7.52878
1.77186
3.22243
3.80396
0.13063
17.4258
60.9389
0.945088
47.8486
42.8434
50.5412
26.2186
26.696
30.782
30.9909
27.8423
28.3888
26.5397
19.4156
14.4461
59.037
-82.6821
-20.8713
-26.6862
-50.5955
-48.4739
-48.3022
-27.0951
-29.2648
-13.0486
1.21836
0.116134
22.9693
28.8304
31.9701
18.9503
21.6321
25.5534
21.841
22.8352
21.5444
27.9792
28.7381
30.8698
86.331
1.5369
2.9209
41.1332
31.1523
20.2052
9.86589
15.6916
10.8415
26.1723
76.1203
0.98595
62.2956
56.6504
71.2849
35.8434
36.3322
43.1078
43.2896
43.9546
48.9283
45.0286
50.969
48.0208
101.165
1.87477
55.6603
58.6412
54.5412
37.9847
41.7308
25.3207
37.8615
42.5082
110.136
1.34725
61.5805
65.7247
76.5146
41.9279
41.844
45.255
45.1693
42.7942
50.1388
47.192
38.1758
35.8849
88.2662
1.65322
32.7514
53.5539
43.1945
23.3034
45.9741
15.8992
19.9427
10.8716
0.0889697
-0.243977
0.0481289
0.0811917
2.65349
-2.02678
-0.877329
-3.67452
-8.041
-1.8306
0.0725194
5.90441
12.1189
15.5172
76.0281
-4.06723
0.97606
28.2577
19.2079
16.7468
1.28875
0.142703
24.4032
23.2789
85.4327
1.15164
56.3046
66.7002
66.9817
40.0895
42.0013
41.7255
41.2434
36.4994
36.6865
39.1943
33.6704
34.0447
82.1124
-12.0227
0.589376
27.8956
2.13726
-16.977
-15.4089
0.0407975
15.7806
19.8904
72.3609
0.970493
66.1174
74.8745
81.4196
38.5352
42.2911
47.6451
51.3342
51.478
50.7563
50.7582
54.4331
51.447
111.438
4.50101
96.3476
89.6493
97.8726
63.1227
76.2374
84.9033
84.0964
52.875
131.681
1.59748
89.265
85.3691
87.458
48.6127
45.6656
46.2299
46.4039
43.8333
49.8415
46.6928
51.3572
56.8897
124.467
32.6855
133.503
98.1823
104.175
61.97
50.3641
82.3756
68.7987
83.3591
163.648
1.81669
92.9946
94.336
96.2474
46.0385
45.9398
45.0661
51.0699
52.1986
49.2882
56.3429
52.4945
57.598
109.55
4.90724
77.5168
75.6087
77.878
22.4156
26.769
48.2267
28.2526
43.6308
82.1464
0.934038
44.78
46.8563
54.8449
27.0628
31.9439
33.5317
30.8072
34.8209
38.4913
28.6324
21.8383
17.0789
58.3945
-85.5896
-32.4873
-58.7592
-90.0176
-99.5231
-119.299
-135.086
-135.168
-132.191
-81.5153
-271.86
-192.29
-190.583
-186.864
-93.3002
-91.6398
-94.5999
-90.92
-91.2139
-83.7074
-78.6092
-73.2675
-69.9411
-28.4595
-202.456
-135.916
-148.618
-157.288
-136.652
-147.234
-143.549
-139.719
-141.517
-66.4295
-223.677
-150.66
-153.437
-179.64
-97.3482
-102.718
-101.389
-101.106
-102.707
-104.151
-97.202
-95.7713
-97.5073
-51.9558
-245.642
-158.12
-147.758
-140.798
-108.931
-128.204
-111.5
-114.695
-106.704
-20.4529
-167.755
-85.6166
-79.7506
-75.3194
-36.1811
-36.2953
-31.0971
-32.9871
-33.3151
-29.3424
-26.1251
-17.0505
-7.26612
44.8006
-79.0438
-1.12405
-27.6862
-35.4509
2.14221
10.0318
-18.531
0.00845949
12.1085
32.3848
0.333659
7.57356
-3.48556
-1.13537
1.89997
1.80879
5.35798
6.16297
5.39297
11.1093
17.0438
24.8592
26.0586
87.5662
1.54851
8.58093
33.6086
57.5156
30.2423
39.9386
15.7286
38.6656
27.6153
80.9305
1.07764
61.4834
51.5556
56.262
28.7784
25.0604
28.7639
25.834
29.2507
33.5308
33.342
38.2894
36.7151
94.706
1.7906
37.8466
59.1228
56.879
24.6305
7.25536
30.0816
35.7095
25.0238
100.635
1.38531
72.2167
76.7554
68.045
38.9942
31.7867
27.4694
25.841
21.5868
14.6971
21.8874
23.9341
32.3339
85.7465
1.64904
26.1003
55.9824
87.3015
25.4124
62.8693
32.9458
39.8997
39.3707
170.173
8.51277
109.993
117.931
119.305
60.9753
64.1834
63.0176
66.921
63.7249
63.3142
64.1582
64.9836
67.7224
123.589
37.31
128.675
108.131
71.0244
70.4993
76.7854
42.893
63.0111
81.5989
158.767
5.39888
107.182
83.9343
85.3955
36.4415
29.9812
27.26
21.3741
15.2873
5.39739
-6.62342
-11.2194
-23.366
19.8477
-125.422
-57.7921
-81.8908
-95.5677
-85.7688
-55.9466
-95.0177
-92.6515
-95.1878
-33.4353
-190.302
-121.175
-116.695
-116.5
-57.3872
-58.2376
-55.1993
-54.3419
-51.7423
-51.8012
-48.0774
-40.8444
-36.4374
15.5512
-150.881
-95.2378
-122.635
-163.352
-141.866
-116.262
-156.516
-149.581
-159.845
-97.8019
-284.066
-201.34
-181.772
-174.918
-81.1275
-81.2294
-73.2865
-62.4846
-61.5854
-59.9639
-53.453
-44.1541
-32.918
18.2764
-121.668
-26.9827
-47.259
-33.6952
-43.7679
-35.0182
-52.4753
-28.4146
-15.9804
0.393283
0.215312
8.14386
16.7548
20.0657
18.8707
18.4348
17.3448
17.0615
19.2683
21.7299
20.7864
25.0916
23.6697
75.9806
-38.7963
0.280928
0.901893
-4.79042
-19.3316
-6.36961
-6.09134
-28.9481
-31.88
1.92857
-132.341
-115.67
-146.725
-188.429
-79.6701
-67.8676
-54.8764
-42.5142
-30.2522
-18.9337
-35.2349
-45.9593
-49.5419
-11.0641
-185.049
-123.379
-139.456
-153.274
-89.5705
-102.97
-107.253
-121.322
-146.069
-100.668
-296.303
-212.815
-208.805
-206.754
-111.439
-100.61
-88.3129
-71.9764
-58.4273
-41.5873
-25.3084
-12.509
-8.90442
43.9928
-115.788
-70.2492
-119.728
-140.257
-122.817
-108.632
-108.321
-113.959
-88.1014
-13.6338
-149.117
-59.775
-61.3793
-50.4669
-23.9574
-25.0057
-23.9342
-22.6011
-11.2236
-9.79331
-2.02859
0.146566
2.44662
68.2356
-26.6365
0.668685
2.06603
-4.37785
-20.4817
-2.2835
-20.9818
-19.5245
0.175377
5.50106
0.0777793
11.2411
2.09194
14.4473
8.23934
15.1119
16.7839
20.3727
18.2227
25.561
26.8571
26.4939
26.6828
81.7935
1.52759
14.1658
37.4411
12.0843
13.4195
15.354
21.2569
36.6651
35.9117
87.441
1.07361
71.7452
64.5834
70.8546
40.148
38.6034
41.3301
41.0001
37.1804
34.4561
33.0444
29.5696
31.5911
78.2837
-24.5442
0.582235
6.78827
-10.8005
3.03967
-20.9082
-9.74125
-12.3367
0.126809
37.8492
0.56491
38.1524
43.2661
33.2107
19.6061
17.0393
16.9884
21.5177
18.9749
20.0312
24.0759
27.5758
26.216
81.1673
-6.68378
0.855472
22.6583
18.7192
20.8366
24.8594
2.306
11.1315
17.368
80.8424
1.07549
66.042
74.9988
113.217
57.5072
57.3473
57.8846
55.2599
61.0454
60.4777
57.642
64.1193
64.8904
116.138
25.4382
102.395
71.17
61.8696
62.3876
49.1917
57.0875
60.0423
69.7016
156.574
3.88141
94.9066
99.737
107.673
56.8718
58.1069
54.0487
61.4673
58.2973
59.2437
57.7117
58.3872
63.2613
115.347
19.4874
102.378
66.5933
72.5432
45.4173
48.8063
35.0977
44.9647
63.6451
150.366
1.9599
102.738
108.731
102.475
54.8474
57.497
57.5597
54.7713
60.1035
57.4765
58.0268
62.6837
60.6203
118.473
18.711
98.1254
75.6543
45.3392
62.1108
33.3651
57.1117
56.3036
52.453
150.668
1.94132
97.0962
109.008
98.6515
54.6325
58.3271
56.7699
58.392
58.9194
62.1205
60.1899
62.5598
58.6612
116.354
13.1522
85.8106
85.2682
102.794
47.1049
62.4739
55.8029
43.1576
55.1839
143.162
1.80967
97.9668
99.6638
105.364
58.088
56.2513
56.0326
55.3326
61.7564
58.8865
62.4873
62.1177
57.7851
98.219
1.79694
40.2546
45.7882
-8.1387
0.0791902
25.5225
46.149
32.4281
30.2951
52.124
0.680237
38.3233
46.194
57.1317
36.5349
33.6737
38.1385
32.7106
37.9332
34.7454
38.433
37.342
44.0129
93.879
1.699
31.7851
10.5834
7.23822
10.3389
2.00585
13.689
-2.87164
0.0287686
42.6274
0.520101
13.1886
12.7093
-0.109481
1.14773
0.602256
1.92869
7.08193
11.4489
12.5489
9.55265
4.71475
0.0965325
58.0313
-84.137
-21.5028
-20.6026
-24.5695
6.22067
-8.8877
-13.7836
-16.9357
-11.5689
0.906688
-17.9151
0.205887
22.9817
24.4007
21.9027
19.7567
17.3539
25.5262
30.4623
32.6561
31.7609
30.1454
34.1527
84.7333
-8.46243
0.637088
0.524919
16.4322
-23.3033
-31.5153
-28.4515
-26.6795
-16.334
0.828829
-34.9036
-23.261
-50.3869
-74.0434
-53.1323
-66.3738
-57.872
-49.873
-33.8573
-46.5348
-75.7858
-92.773
-107.551
-65.1942
-252.271
-139.551
-137.602
-116.909
-77.8801
-77.4375
-100.209
-133.489
-103.254
-17.1603
-155.816
-58.8803
-53.5696
-56.3888
-26.4537
-20.1633
-18.42
-14.0019
-15.2515
-11.6932
-4.44467
-5.09841
-2.69128
53.1038
-96.0794
-26.3322
-23.3483
-33.613
-65.1378
-74.1026
-75.4006
-65.8017
-50.0754
1.49158
-81.1352
-54.1232
-69.302
-70.942
-40.8689
-41.9851
-45.7307
-51.9046
-54.7334
-55.3103
-49.7046
-54.0278
-56.7204
-2.5673
-173.793
-113.94
-97.9555
-115.171
-111.687
-118.035
-136.299
-132.333
-135.013
-51.6334
-216.015
-140.204
-134.285
-154.542
-85.126
-88.8561
-84.2151
-77.3952
-81.4302
-79.9431
-76.2027
-71.8818
-69.7251
-26.8765
-225.663
-166.109
-200.164
-230.123
-199.645
-215.939
-209.028
-193.593
-203.55
-124.333
-300.435
-209.7
-203.516
-211.872
-101.495
-97.6599
-92.9578
-93.3649
-87.0118
-83.8778
-83.6994
-86.3525
-83.3696
-44.8967
-246.865
-179.742
-169.631
-194.394
-156.467
-202.75
-193.185
-208.703
-230.216
-169.483
-382.844
-335.2
-347.269
-357.766
-187.015
-172.575
-160.598
-141.561
-123.12
-117.308
-110.772
-108.16
-97.9134
-46.4544
-247.266
-169.84
-181.032
-172.123
-139.531
-171.916
-157.45
-174.842
-148.901
-71.4974
-242.663
-151.142
-142.786
-147.018
-69.8557
-67.2492
-69.2392
-65.3056
-60.7111
-62.5719
-63.9898
-63.4153
-68.4211
-22.733
-216.651
-148.285
-182.138
-207.28
-179.244
-162.043
-184.705
-177.359
-158.369
-80.9361
-244.742
-158.743
-151.391
-146.429
-75.4242
-78.94
-76.7545
-79.2579
-82.0514
-83.6375
-73.6155
-71.0832
-65.852
-22.7186
-192.341
-118.455
-112.592
-161.104
-141.049
-127.264
-134.038
-145.057
-132.679
-64.9968
-236.764
-165.285
-167.909
-160.36
-78.4283
-78.4173
-85.6704
-88.118
-90.6781
-82.9929
-84.5056
-81.3584
-86.844
-40.5143
-231.085
-139.66
-135.51
-158.892
-116.972
-109.38
-124.298
-118.671
-131.881
-68.0033
-239.064
-163.039
-150.893
-148.816
-70.0016
-71.301
-70.992
-68.6645
-61.9324
-56.1324
-51.5127
-50.0634
-54.7957
-23.641
-231.782
-197.205
-234.159
-262.048
-232.642
-223.103
-232.688
-205.658
-216.774
-138.759
-321.697
-236.613
-231.754
-235.27
-123.814
-121.497
-122.519
-127.53
-130.212
-130.465
-126.823
-120.547
-114.32
-66.6726
-318.49
-261.834
-245.78
-261.663
-233.164
-203.443
-207.69
-212.004
-184.743
-118.694
-303.704
-223.91
-227.121
-227.428
-114.832
-115.113
-120.547
-127.276
-135.364
-145.227
-155.679
-155.7
-150.308
-101.233
-348.607
-266.233
-286.889
-286.875
-211.459
-217.021
-178.702
-191.056
-171.412
-68.9279
-220.166
-137.036
-137.012
-118.509
-54.4437
-56.5901
-52.9649
-42.4165
-35.7402
-31.0683
-30.804
-23.3238
-19.367
37.8874
-109.186
-52.7457
-40.1754
-64.9874
-41.1478
-39.863
-6.88076
-20.1391
0.0132868
60.9312
0.974564
43.1715
95.081
95.7916
28.3664
31.6743
28.0488
23.9405
13.8813
15.8778
10.3894
3.42044
0.644984
39.2008
-140.475
-117.776
-82.7337
-137.291
-136.324
-193.953
-239.137
-237.606
-220.988
-162.55
-345.234
-196.297
-144.421
-111.325
-44.2773
-53.7146
-57.2574
-59.5352
-62.6593
-58.1527
-58.2638
-68.6969
-70.2664
-36.717
-250.67
-207.005
-199.808
-209.975
-168.451
-188.413
-219.522
-187.538
-216.605
-173.869
-406.25
-348.126
-344.566
-305.536
-147.363
-136.607
-117.429
-105.795
-95.2333
-97.4989
-98.8096
-91.6084
-85.2557
-47.804
-269.044
-260.456
-256.189
-269.875
-178.597
-173.75
-132.213
-118.854
-75.7486
-20.5591
-165.72
-77.2111
-62.7672
-66.542
-46.6516
-53.0862
-59.4423
-74.091
-84.7285
-99.0563
-134.75
-160.96
-194.324
-184.585
-588.051
-563.805
-589.899
-598.616
-492.504
-474.32
-441.897
-434.153
-418.159
-334.25
-544.933
-464.317
-452.437
-437.184
-221.339
-219.521
-215.255
-208.603
-193.815
-177.225
-162.573
-151.1
-145.749
-106.474
-395.635
-329.702
-335.091
-301.33
-257.338
-237.695
-216.577
-203.136
-193.134
-115.585
-265.837
-179.034
-167.538
-172.009
-83.3151
-84.7985
-78.495
-75.7495
-72.536
-68.9184
-69.3589
-71.9598
-66.9879
-27.7625
-220.996
-151.847
-155.854
-175.059
-150.182
-123.497
-134.046
-121.597
-78.9436
-9.52669
-165.508
-73.3916
-63.5407
-57.982
-33.2693
-39.0511
-40.0295
-46.1031
-52.8333
-57.806
-57.015
-46.359
-40.2695
-2.41372
-193.34
-102.219
-105.999
-129.654
-93.9968
-85.2188
-94.0535
-65.1552
-71.0811
2.35091
-96.0035
-33.6385
-29.2638
-26.4454
-9.83461
-6.23379
-4.04269
-4.72006
-3.061
0.103673
0.766995
4.23567
6.28253
64.0772
-62.8341
-9.50978
-20.8187
-28.1394
-29.9223
-11.65
0.333752
24.4096
29.4716
103.994
1.44613
80.0442
74.1555
81.7483
43.4022
40.8321
43.0488
47.3384
44.7762
44.3532
50.2481
51.3399
50.2308
99.2405
-28.2611
0.593197
0.00837043
13.7059
6.07092
-12.1364
0.0491831
-27.5818
-2.93207
1.93925
0.0471614
18.7371
8.78789
16.344
11.4835
16.1874
16.2169
21.7178
25.8274
27.7666
30.1825
49.387
44.9457
93.7113
1.73417
30.5702
36.6893
45.8663
23.5358
-5.98735
0.00621671
7.83782
39.2763
100.282
1.46101
79.2667
81.6548
74.697
43.3795
41.9124
43.6418
47.1087
42.1905
43.2643
47.6954
50.2408
46.7058
93.6155
1.58774
18.3381
53.4812
23.4711
25.4746
0.206029
15.5326
-17.8403
-1.118
0.380572
0.20875
7.47456
-5.32082
-9.67134
-11.9702
-10.4316
-8.79035
-8.93607
-9.89842
-7.4346
-6.29343
-4.40049
-3.97094
45.4
-104.744
-48.4298
-59.6912
-57.8701
-68.7741
-66.0978
-56.2453
-72.9161
-80.2159
-2.02922
-150.206
-60.3571
-55.9258
-50.678
-25.8086
-22.1028
-20.1285
-18.9858
-15.4444
-14.1437
-17.0482
-19.8472
-18.4249
25.73
-144.258
-81.5944
-84.7442
-110.742
-111.431
-154.55
-154.016
-147.466
-155.286
-82.0168
-250.68
-173.809
-168.494
-169.211
-88.5666
-90.8422
-88.6644
-81.7071
-79.8452
-76.7542
-78.9757
-78.0216
-82.6104
-45.6809
-250.305
-186.507
-220.012
-237.194
-208.435
-178.65
-215.19
-207.523
-181.129
-107.02
-282.661
-192.001
-206.959
-200.726
-106.578
-104.897
-99.7438
-94.7044
-91.9677
-94.3723
-93.7069
-94.1627
-91.6206
-47.7319
-269.961
-177.701
-203.276
-225.505
-170.362
-177.322
-186.754
-177.368
-183.089
-90.6916
-269.248
-181.244
-176.683
-181.684
-81.405
-78.9506
-76.841
-67.7588
-66.6111
-57.4201
-64.1122
-62.3057
-60.9198
-19.6956
-201.018
-136.393
-175.856
-188.748
-143.842
-175.755
-138.465
-143.178
-142.887
-53.4981
-211.606
-131.938
-133.017
-138.415
-69.1301
-65.6278
-72.2212
-70.8957
-75.1628
-74.9197
-76.2217
-77.6808
-82.6252
-43.4833
-252.9
-183.558
-216.751
-195.537
-174.359
-187.332
-159.165
-163.178
-157.329
-57.67
-203.314
-117.354
-112.271
-105.471
-50.4336
-51.5697
-43.8508
-41.6433
-36.2483
-36.0251
-30.6068
-34.6632
-30.3497
7.74286
-167.095
-120.968
-147.875
-150.325
-111.259
-134.501
-116.601
-110.153
-80.4026
-17.3495
-164.135
-73.1601
-75.5327
-66.4115
-38.352
-36.3634
-41.4534
-40.4132
-43.4478
-45.6481
-37.0508
-34.6837
-38.2899
1.42281
-176.309
-109.472
-90.4775
-122.882
-116.335
-111.328
-118.072
-114.185
-105.19
-7.40944
-166.155
-63.6091
-48.6817
-48.4341
-14.7551
-10.7368
-10.3525
-1.53715
0.0700803
1.03788
10.2008
13.0497
17.2473
66.7466
-73.8284
-0.0770608
-8.3992
-7.47451
27.3893
0.334781
2.06962
15.8648
27.1635
79.7986
1.25328
69.0322
68.8791
44.8232
18.9926
20.8463
19.8549
16.634
22.5989
22.5611
46.9299
46.6883
43.846
96.0803
1.59028
10.3926
27.1367
33.3279
-4.81238
-26.5692
-29.8709
-12.5089
-23.4718
1.22231
0.0300601
13.6221
12.3553
10.6756
4.31675
-1.0497
-11.0398
-16.3047
-24.567
-29.1436
-27.8697
-20.7765
-11.5352
38.3377
-123.701
-39.9994
-60.0736
-40.8537
-48.5953
-18.0917
-31.3415
-16.2354
0.024476
15.2584
0.302387
8.31437
1.45515
-21.0505
-22.3208
-25.9493
-31.0504
-29.0077
-26.3154
-24.7114
-19.6016
-4.6216
0.0688764
58.6959
-70.3332
-2.22733
-28.4455
-54.8854
-18.1277
-5.57181
-20.211
-42.3356
-31.1799
0.778606
-42.6827
-34.2795
-46.5526
-42.663
-22.9687
-21.4333
-21.2051
-26.5719
-26.6452
-31.119
-47.9588
-54.0217
-45.2323
4.06568
-150.309
-71.5201
-113.375
-96.3378
-112.057
-65.5895
-57.9579
-62.2746
-68.6885
2.2495
-105.08
-54.9873
-66.76
-79.329
-36.8822
-30.1885
-21.8942
-14.7063
-8.60758
-0.988283
-2.44705
-6.29071
-3.60515
41.2055
-150.376
-73.6882
-57.4591
-70.0558
-82.6148
-69.2332
-45.0934
-41.8243
-36.1876
0.621569
-15.8922
0.117221
4.18715
7.39555
-0.344326
-4.7461
-14.5708
-18.4513
-23.8397
-28.904
-28.9552
-28.6579
-25.1755
17.7682
-155.205
-108.673
-102.196
-116.104
-120.659
-92.1189
-71.5742
-110.251
-113.764
-50.6653
-227.242
-164.527
-147.802
-135.652
-60.7247
-68.1852
-59.4427
-55.7849
-55.4199
-52.9082
-52.4015
-48.8826
-48.6085
-15.4373
-224.383
-156.36
-191.626
-201.057
-190.227
-154.26
-184.101
-160.702
-141.457
-64.4114
-232.296
-145.591
-139.136
-142.302
-76.3546
-74.3813
-86.202
-85.1706
-88.0696
-92.816
-96.662
-82.7252
-76.5784
-32.6107
-232.573
-157.738
-193.287
-159.672
-110.511
-153.405
-138.454
-138.646
-143.004
-59.8754
-215.06
-118.705
-114.225
-112.116
-56.6469
-56.8739
-62.0492
-62.2644
-66.1809
-65.5255
-68.678
-61.6417
-65.5851
-27.886
-242.049
-172.587
-178.472
-222.517
-184.727
-172.851
-175.202
-179.796
-188.017
-102.043
-288.284
-194.62
-194.521
-175.435
-82.2666
-77.6002
-69.2541
-58.0406
-49.1362
-40.4037
-33.8251
-31.1568
-23.3921
21.8478
-158.243
-89.3092
-85.0906
-116.175
-60.1945
-53.3997
-87.2433
-62.0406
-68.7659
2.24493
-92.2924
-35.4425
-32.5279
-37.8559
-20.3802
-16.8223
-16.7979
-15.9978
-19.5901
-15.4648
-14.0286
-19.4159
-26.2824
1.65061
-199.903
-150.282
-152.375
-203.894
-173.788
-142.046
-178.541
-168.482
-146.075
-88.8773
-262.484
-175
-160.401
-157.442
-79.9898
-89.7515
-94.1447
-99.0701
-106.348
-105.663
-108.125
-105.363
-105.864
-66.3317
-294.861
-186.664
-177.215
-199.338
-146.503
-155.702
-137.709
-138.651
-116.279
-38.6166
-204.551
-127.542
-136.627
-131.358
-71.791
-72.4394
-73.1082
-67.3602
-63.9631
-59.9712
-59.4103
-55.0614
-54.3909
-2.80966
-163.653
-85.89
-114.926
-104.586
-39.8108
-85.3661
-52.3202
-70.5967
-41.4935
1.70334
-70.2201
-7.82304
-15.8983
-11.3485
-9.24174
-14.0041
-17.851
-21.8551
-25.4959
-26.7363
-23.7222
-26.5878
-26.2198
0.917828
-200.308
-133.524
-147.662
-202.388
-160.989
-166.264
-186.554
-149.746
-178.05
-84.5275
-226.369
-121.361
-106.879
-100.614
-44.4118
-46.6276
-50.7216
-56.8575
-58.5194
-59.074
-50.698
-48.5615
-44.6072
-11.4215
-208.487
-147.913
-122.206
-126.97
-115.977
-80.9626
-109.057
-108.601
-112.919
-26.5888
-206.225
-117.277
-123.205
-119.632
-60.1627
-54.1903
-49.926
-42.7702
-40.8631
-38.5641
-40.2913
-45.7687
-47.3108
-17.4014
-214.423
-146.559
-182.712
-189.106
-156.194
-141.7
-158.997
-145.23
-158.646
-74.0561
-234.443
-156.276
-158.423
-150.101
-83.6648
-86.8825
-90.2964
-94.3149
-96.5532
-101.783
-98.8998
-94.6679
-96.0577
-58.4464
-308.213
-220.417
-244.032
-234.445
-178.025
-195.884
-221.565
-216.322
-207.257
-163.444
-365.827
-304.361
-320.309
-339.644
-173.227
-181.238
-188.734
-183.966
-184.328
-180.48
-172.69
-170.947
-161.67
-121.158
-393.744
-349.941
-327.981
-362.467
-254.593
-281.253
-286.96
-317.295
-287.482
-217.084
-427.615
-355.352
-353.594
-353.963
-175.52
-170.144
-165.382
-154.427
-139.841
-130.166
-121.54
-116.608
-122.782
-88.4725
-371.581
-324.719
-342.647
-378.317
-306.5
-324.427
-304.045
-309.161
-317.893
-268.285
-497.779
-421.959
-434.615
-461.259
-236.776
-244.342
-250.412
-247.231
-257.057
-260.192
-250.689
-241.852
-244.429
-213.26
-617.113
-530.833
-510.347
-510.918
-388.042
-411.845
-415.882
-382.312
-384.347
-313.394
-536.788
-459.873
-442.407
-417.016
-209.717
-195.475
-191.394
-182.229
-180.719
-169.482
-162.346
-150.459
-146.366
-104.055
-373.974
-291.378
-294.621
-294.014
-218.339
-228.767
-216.985
-209.906
-177.475
-91.0356
-234.321
-132.146
-118.262
-93.902
-44.1208
-38.5875
-35.0594
-26.8108
-22.5488
-20.1247
-17.0933
-14.8506
-14.6896
27.0578
-117.101
-57.2031
-53.6435
-69.673
-43.4755
-49.049
-39.7438
-40.0691
-18.9741
0.554233
0.236934
37.5055
47.2397
47.2007
25.8083
30.8173
31.4409
27.8034
33.8839
34.1656
36.1066
34.365
30.749
80.3602
-53.7938
-12.3212
-20.0099
-15.4446
-3.05489
-17.5914
0.110741
28.7552
22.334
46.934
0.828987
37.9422
48.0484
49.5253
29.8212
25.4082
30.4819
27.5398
28.6555
34.4035
29.4691
33.9094
31.8112
70.038
-49.4446
0.330631
-15.0764
-39.1829
4.74664
-48.9049
-29.4501
-16.7177
-24.3713
0.368599
-21.3309
-1.20436
0.00830371
7.89274
6.32208
28.2695
8.23221
9.14865
0.435994
5.49138
8.80715
-16.3359
-32.1043
4.54701
-190.592
-142.595
-125.817
-154.638
-115.869
-139.723
-141.066
-161.397
-161.921
-76.7407
-257.134
-184.197
-190.704
-211.85
-105.767
-95.7449
-93.6894
-84.0051
-78.3163
-73.3824
-61.7368
-115.267
-140.288
-142.227
-328.355
-285.013
-447.194
-465.128
-284.775
-216.56
-288.73
-270.833
-178.188
-110.091
-290.818
-174.004
-131.532
-261.062
-137.752
-136.188
-145.809
-165.753
-188.735
-197.267
-186.85
-228.187
-279.758
-270.184
-602.756
-478.407
-369.706
-304.201
-172.605
-174.4
-177.506
-161.104
-153.777
-78.3771
-258.068
-165.369
-138.729
-124.357
-65.5181
-67.3294
-85.3155
-113.734
-139.556
-120.9
-93.0383
-82.2031
-81.9966
-61.1568
-322.33
-273.738
-267.487
-274.258
-194.22
-170.179
-146.025
-147.776
-108.039
-33.5192
-179.07
-84.5688
-82.2733
-67.4739
-31.828
-24.221
-21.3527
-12.2855
-10.9033
-4.69976
-5.83987
-6.86741
-5.44696
35.5546
-110.286
-38.819
-66.6763
-20.9181
-19.6362
-11.7198
-2.69026
-5.54262
0.371162
28.5439
0.668486
41.9019
42.4941
51.1187
21.2073
24.4566
27.5325
24.8347
27.1296
26.6033
32.5719
28.9825
23.2016
68.0562
-78.9252
-2.13412
0.0767774
-23.2299
-5.59892
0.209145
-0.0678814
0.369252
5.00647
39.5523
0.56501
42.3656
47.318
49.6004
24.42
28.4349
24.5179
23.9255
29.0017
29.4056
27.9548
29.5823
25.2062
71.8849
-76.2564
-5.99077
-10.0086
-1.7381
-11.3083
-27.738
-25.0656
-19.3209
-2.73074
19.1061
0.575554
30.6151
43.4403
37.8329
22.4618
22.3409
23.5893
25.6134
30.4164
28.6183
30.6025
29.9805
22.689
64.0384
-82.2071
-7.6086
-18.9185
-2.02236
-7.18158
0.620783
8.32691
-4.1171
0.570928
44.5653
0.463702
32.2993
34.9503
45.911
26.2762
25.2762
24.1268
25.9894
26.2265
26.6758
11.485
9.47892
2.83201
45.88
-87.2267
-48.4108
-38.4216
-83.3896
-54.2487
-41.526
-78.1519
-78.2755
-62.7485
-3.62733
-159.435
-77.9685
-75.5083
-76.7149
-39.6465
-32.1352
-32.542
-26.8266
-20.1261
-17.4483
-17.2777
-16.9964
-22.3271
19.015
-118.271
-89.649
-90.7849
-77.8176
-98.2046
-81.9086
-90.4337
-103.915
-106.042
-16.7078
-167.855
-82.0487
-76.6916
-63.7614
-22.0947
-17.1619
-5.52029
0.0557151
7.27737
26.534
28.9837
28.5818
5.65762
47.7777
-101.535
-56.608
-36.199
-54.8699
-28.3442
-25.4591
-34.0737
-23.972
-20.002
0.681902
-35.5615
-10.0445
-6.98833
-14.2105
-2.2362
-0.827851
0.197106
2.99668
24.5512
23.9786
25.9112
28.5935
23.105
70.2121
-89.255
0.252374
29.5317
-19.4929
-6.85463
-30.3889
-11.0936
-16.2686
-1.08674
11.5049
0.399804
27.0716
43.8112
35.7791
22.2899
20.3883
25.7822
23.6458
21.894
23.6148
26.0022
24.716
17.6323
66.8048
-82.0906
-9.55162
-18.8685
-24.4196
-15.7074
-14.0401
-0.588888
-17.041
0.168065
48.4912
0.440521
35.3509
44.7369
38.3841
22.5675
24.5245
26.1605
22.0553
21.8124
24.4846
24.1988
27.2192
16.5845
67.5284
-64.7672
0.172151
2.83387
-4.12726
23.2836
-13.8382
-31.7897
-2.84642
0.239787
40.6257
0.701959
38.6967
37.3301
45.5705
19.7985
24.3568
21.4887
24.2931
23.5813
22.4949
7.6091
4.76241
-3.13427
34.5417
-143.228
-67.5974
-70.7583
-69.9549
-42.7559
-67.8308
-95.3772
-94.438
-92.3491
-6.91275
-174.349
-85.5691
-69.9277
-68.6286
-30.8204
-30.6822
-24.5418
-20.5078
-15.576
-12.1191
-10.0498
-10.2375
-12.1622
40.0674
-90.7318
-63.5995
-68.0114
-90.941
-60.8131
-51.0688
-83.6619
-67.1665
-53.505
0.997331
-57.1671
-24.793
-25.2641
-24.4253
-11.5596
-7.09306
-9.40316
-5.49526
-4.97577
-2.84878
-4.99817
-4.57295
-9.06816
32.9437
-107.92
-54.4723
-41.3859
-71.4787
-53.9357
-40.5306
-57.7885
-42.5519
-43.8726
1.24509
-45.0482
-5.93337
-3.86365
0.0870861
20.176
23.2991
20.8678
20.5486
21.9
23.5997
26.9076
27.136
19.6552
63.5443
-48.5182
0.0848166
-7.51045
-40.6503
-0.356912
-2.17665
-14.6591
0.203859
12.4805
30.5579
0.561696
26.5683
40.9524
44.8239
20.7542
19.4677
22.0917
24.1869
25.581
22.8917
24.9164
21.598
18.2333
68.2029
-83.6866
-20.4437
-24.2163
-8.26695
-48.4355
-55.5487
-58.2694
-49.4339
-31.4855
0.567554
-38.9667
-20.2216
-15.96
-24.7598
-16.4199
-19.4364
-22.9381
-24.781
-27.5653
-31.4789
-38.6938
-40.4526
-57.4588
-32.968
-254.732
-220.733
-179.123
-239.571
-183.773
-209.087
-200.286
-183.548
-196.61
-130.455
-312.98
-251.896
-271.339
-289.089
-156.298
-153.277
-154.157
-156.341
-158.705
-161.118
-156.125
-157.667
-164.425
-123.816
-414.192
-320.187
-339.885
-379.833
-280.948
-269.356
-280.729
-245.535
-232.396
-156.486
-339.642
-260.095
-260.484
-272.461
-146.394
-149.632
-154.141
-162.859
-167.322
-167.013
-169.813
-169.719
-179.839
-142.924
-445.73
-349.831
-376.682
-338.93
-275.302
-235.001
-266.346
-270.491
-240.686
-167.564
-340.976
-254.497
-252.943
-249.623
-150.877
-166.554
-186.352
-207.373
-234.381
-258.977
-256.008
-238.001
-215.132
-153.594
-453.48
-356.005
-334.59
-326.322
-299.248
-294.76
-336.41
-311.176
-328.527
-303.48
-578.492
-548.339
-583.412
-604.012
-326.563
-334.3
-341.628
-346.441
-377.49
-395.918
-414.284
-432.68
-438.079
-402.546
-970.234
-877.919
-890.021
-983.358
-962.901
-1112.06
-1178.51
-1168.92
-1180.73
-1158.52
-35.9346
0.488373
37.2948
31.243
-665.629
-632.034
-636.142
-621.569
-736.941
0.857733
24.8301
-785.761
-716.355
-608.246
-1285.14
-1269.11
-1288.06
-1318.49
-1087.74
-1079.25
-1044.75
-1059.6
-1028.53
-939.098
-1258.85
-1139.85
-1095.22
-1053.95
-522.198
-501.51
-477.133
-469.12
-437.879
-422.256
-382.745
-358.431
-366.743
-334.717
-808.192
-708.134
-724.924
-685.777
-565.39
-525.472
-529.157
-462.335
-439.908
-338.191
-531.261
-428.541
-392.31
-379.941
-187.137
-178.516
-180.119
-176.097
-176.659
-174.745
-166.61
-162.503
-169.426
-140.341
-431.57
-362.187
-346.592
-373.586
-279.432
-263.444
-302.841
-290.381
-259.391
-172.365
-360.827
-254.053
-240.571
-226.241
-106.05
-100.307
-97.3488
-92.0401
-90.2484
-86.1982
-82.9095
-78.7989
-80.2855
-48.9373
-267.457
-187.409
-204.733
-179.868
-157.365
-168.018
-190.619
-171.409
-177.257
-93.9723
-251.446
-160.297
-157.518
-156.682
-78.8533
-80.3857
-85.5085
-85.7952
-88.8617
-92.2729
-95.8665
-95.6476
-107.95
-68.536
-306.51
-263.703
-241.893
-276.684
-199.471
-212.452
-199.383
-157.429
-139.036
-74.804
-232.876
-135.09
-117.082
-99.3964
-43.3764
-37.2131
-32.2758
-34.6842
-33.8735
-29.4382
-28.0192
-29.275
-36.2499
-1.4808
-172.409
-63.4656
-96.6159
-102.375
-73.5047
-87.3513
-94.2526
-66.3459
-57.6701
1.89358
-91.0554
-44.9939
-36.3463
-32.8957
-17.1709
-18.9179
-16.2074
-22.1037
-23.8285
-24.0858
-27.2633
-25.956
-33.7967
-0.824431
-196.224
-102.637
-78.7216
-146.395
-98.1305
-122.375
-114.418
-96.9293
-104.167
-21.8853
-186.649
-103.618
-95.1386
-93.9484
-41.9341
-40.5896
-33.9871
-32.8126
-26.4905
-27.4855
-20.7926
-20.9691
-23.0561
18.6514
-145.884
-60.9073
-65.9086
-76.0675
-80.8466
-66.4508
-57.1434
-51.0631
-42.0776
2.4685
-107.465
-42.2901
-46.1128
-46.0032
-19.0518
-18.4137
-17.2909
-13.5945
-13.1816
-9.52401
-11.703
-12.3565
-14.0174
22.8826
-100.503
-60.6719
-82.0576
-60.7813
-58.8656
-67.8569
-55.2702
-50.9593
-24.4547
1.32479
-52.6431
-0.0368245
0.0191121
-4.94622
0.0177922
14.994
20.7251
19.0671
16.282
19.1683
22.654
17.72
14.9465
58.8769
-79.6848
-2.69229
-15.0097
-6.16366
-7.24792
-14.0407
-5.13594
0.0183473
3.78344
49.0988
0.75254
31.3717
28.0086
31.7116
16.794
18.2134
17.4199
21.1708
18.3453
21.5259
22.0799
19.0739
15.503
59.1878
-72.3891
0.0229628
-31.9252
-1.9489
-1.08288
-16.7188
-23.5273
-1.31481
0.160054
19.0632
0.355096
22.6604
33.7978
37.2386
17.59
18.1845
17.7507
18.1714
19.5176
21.3083
21.8619
3.87506
9.5563
55.2405
-49.913
0.133034
-42.4375
-36.1176
-33.4598
-61.5962
-33.5016
-41.4345
-3.82488
1.10901
-45.6803
-23.2993
-24.4817
-26.7799
-12.7424
-16.3626
-14.681
-12.1242
-12.8811
-14.6054
-9.80623
-12.5322
-15.3153
29.8558
-128.957
-48.3873
-68.8447
-69.8657
-71.9169
-62.5289
-78.1564
-58.6698
-66.2718
2.57301
-131.998
-61.0886
-65.0991
-73.2651
-39.3595
-32.8653
-39.5519
-39.2689
-38.6767
-44.3901
-46.3297
-46.1221
-50.5013
-15.9594
-191.299
-127.21
-128.248
-123.62
-153.457
-159.402
-163.064
-147.576
-140.517
-75.3358
-248.134
-180.842
-180.125
-182.605
-100.253
-98.1717
-98.0345
-98.1049
-101.723
-97.2707
-93.5312
-96.5232
-98.4977
-55.448
-295.06
-201.527
-207.365
-232.17
-187.964
-136.328
-195.642
-167.841
-174.624
-74.394
-264.094
-188.924
-184.49
-183.964
-97.9688
-92.4996
-89.0691
-89.941
-90.1015
-93.4968
-91.4427
-96.1372
-96.7667
-63.4345
-286.92
-193.522
-224.88
-193.662
-181.168
-176.68
-169.367
-157.001
-132.565
-66.1528
-219.957
-131.361
-132.734
-127.051
-75.0588
-82.3062
-81.1979
-88.3508
-96.5172
-98.3533
-106.933
-110.58
-116.712
-80.9394
-340.233
-255.393
-274.931
-280.822
-222.639
-241.23
-185.228
-219.77
-235.697
-143.218
-318.105
-227.056
-227.143
-219.403
-114.995
-115.227
-110.958
-107.633
-104.262
-93.2049
-88.4647
-89.3828
-95.3331
-54.6246
-291.688
-233.458
-173.878
-204.76
-174.373
-182.789
-197.117
-175.638
-131.83
-87.741
-266.091
-172.156
-167.439
-164.824
-82.5473
-82.1783
-78.8792
-75.9302
-73.1929
-75.1407
-73.0794
-71.0049
-74.5956
-38.3103
-247.151
-149.486
-174.57
-180.491
-172.548
-139.868
-109.103
-145.018
-143.556
-56.4109
-253.119
-164.125
-154.011
-151.198
-77.7159
-78.1596
-78.4745
-81.3844
-78.7569
-80.5923
-79.6069
-80.1662
-91.3399
-64.6871
-301.003
-237.429
-269.5
-266.053
-226.813
-255.882
-258.127
-263.337
-249.036
-214.401
-442.639
-372.731
-385.348
-385.568
-200.707
-187.487
-179.223
-175.439
-168.839
-161.751
-157.598
-148.002
-143.344
-97.5269
-331.607
-250.393
-265.452
-233.581
-187.318
-196.812
-159.636
-139.599
-133.575
-69.1456
-231.347
-148.037
-146.683
-150.11
-73.4559
-72.0052
-70.0163
-67.7652
-64.5816
-58.6013
-58.0029
-55.526
-61.7447
-18.4941
-220.27
-142.179
-126.651
-122.76
-120.369
-100.056
-98.4171
-94.8534
-89.463
-16.7574
-183
-99.2078
-82.0643
-77.581
-30.2892
-20.4585
-16.4686
-6.98167
0.132682
15.386
-4.05106
-9.26094
-13.9169
30.3928
-120.223
-40.0794
-71.6539
-47.2497
-42.8711
-8.73521
-57.7493
-34.1041
-33.0429
1.72932
-87.749
-49.4805
-57.2924
-76.9888
-35.8992
-37.8101
-38.0609
-35.4768
-44.311
-48.0114
-56.9296
-69.913
-84.553
-45.9703
-267.518
-203.493
-231.87
-222.484
-203.256
-192.093
-178.565
-145.993
-140.463
-48.7483
-216.948
-141.33
-146.947
-154.106
-86.0924
-83.0808
-85.4135
-91.3169
-104.713
-100.354
-101.162
-98.8452
-97.24
-52.534
-282.637
-219.533
-241.341
-252.35
-232.037
-235.043
-255.782
-254.682
-273.862
-194.209
-408.458
-333.211
-345.34
-364.507
-208.215
-224.019
-241.297
-271.591
-287.285
-311.558
-302.149
-287.74
-318.441
-281.313
-754.254
-651.269
-579.683
-549.003
-408.125
-376.727
-292.094
-319.796
-323.21
-270.003
-508.364
-446.247
-455.051
-498.333
-265.367
-260.449
-236.274
-234.593
-306.121
-337.301
-365.024
-375.525
-387.699
-333.68
-802.832
-711.079
-690.811
-663.118
-484.658
-425.587
-452.545
-436.37
-438.4
-382.392
-599.882
-505.031
-475.944
-497.984
-269.558
-249.433
-243.341
-251.369
-249.639
-229.45
-232.661
-230.192
-223.33
-177.746
-528.197
-462.619
-423.184
-360.304
-275.459
-253.451
-252.54
-250.25
-251.096
-149.677
-327.562
-247.631
-277.541
-255.293
-152.927
-175.357
-205.558
-232.88
-270.823
-308.345
-316.064
-311.846
-278.319
-235.649
-699.225
-714.791
-756.351
-938.282
-706.473
-613.046
-646.871
-670.034
-521.308
-263.493
-653.177
-721.25
-862.608
-938.696
-384.848
-334.11
-368.184
-385.522
-390.911
-327.813
-304.182
-372.604
-485.749
-389.602
-768.513
-818.775
-883.428
-868.936
-660.719
-603.727
-562.603
-504.004
-454.853
-338.044
-519.444
-429.452
-389.281
-380.257
-201.238
-208.994
-216.138
-230.6
-262.797
-293.332
-307.634
-321.706
-332.792
-297.832
-727.037
-639.498
-652.436
-670.663
-589.589
-570.321
-575.037
-566.957
-510.564
-445.477
-682.055
-583.742
-555.194
-549.978
-256.424
-236.483
-217.908
-194.892
-171.544
-156.7
-148.943
-139.061
-138.558
-88.2531
-337.72
-247.1
-227.58
-208.457
-180.488
-197.022
-190.345
-203.348
-228.603
-147.726
-280.518
-179.721
-195.463
-211.377
-109.844
-107.409
-97.0227
-92.3413
-93.4713
-105.055
-110.777
-103.341
-99.1758
-56.7299
-278.882
-278.153
-290.188
-257.235
-139.032
-155.521
-135.923
-132.909
-126.406
-31.3744
-201.138
-119.469
-127.417
-143.651
-70.4573
-68.036
-63.4471
-64.4214
-77.2428
-76.7523
-71.8245
-68.8977
-72.7514
-35.7193
-223.982
-114.252
-110.255
-70.949
-94.3755
-92.1116
-116.347
-90.9335
-114.583
-33.7544
-198.542
-118.738
-124.785
-134.738
-60.9264
-47.266
-38.3302
-32.6636
-25.6767
-20.9633
-17.1892
-22.3018
-24.8297
12.8082
-153.267
-99.3387
-114.911
-161.263
-133.334
-121.626
-91.5477
-97.4936
-86.6435
-21.6962
-161.949
-74.0478
-62.9068
-54.5788
-24.8368
-31.2726
-34.9783
-41.6825
-43.4814
-43.6043
-40.3242
-33.4413
-33.4384
9.68638
-164.741
-109.114
-128.089
-139.788
-94.9041
-99.2985
-90.9595
-69.4467
-79.7418
2.83861
-136.154
-52.0091
-44.6382
-44.3801
-20.8152
-21.8538
-22.4994
-24.0925
-30.3744
-27.8547
-23.1639
-22.8957
-25.653
11.8502
-153.691
-86.1638
-76.4007
-92.9728
-52.8209
-73.6832
-56.9851
-51.9885
-46.211
1.86924
-102.745
-53.9475
-61.077
-64.2096
-33.9824
-37.6118
-41.613
-43.7246
-48.4519
-51.2516
-40.6135
-34.4777
-34.9733
4.09958
-147.686
-64.5418
-41.4347
-35.2844
-51.2679
-57.2013
-37.2225
-44.6227
-41.8983
1.8685
-95.2305
-36.9838
-41.4745
-48.7104
-24.4483
-24.1509
-22.1186
-22.4086
-20.0709
-16.7288
-14.9885
-12.198
-12.0804
44.9448
-106.931
-39.731
-35.4486
-30.6385
-19.518
-18.0041
-23.8808
-28.8321
-29.9908
0.00198485
-11.3669
-5.84042
-6.53288
-7.27176
-5.11565
-7.00199
-7.75285
-5.42429
-7.81486
-5.56643
-7.03904
-9.90453
-10.8891
26.6915
-107.095
-55.5399
-51.1069
-49.4917
-52.4675
-30.5373
-30.8538
-38.9579
-19.6446
0.18167
-4.71956
0.0927558
35.5114
32.1511
17.9899
11.2346
16.2584
11.6952
11.5892
15.2972
13.1264
10.4776
10.235
68.2744
-84.9429
0.0562022
13.223
-13.2484
5.4749
-13.2933
0.0782011
12.4015
14.4857
41.162
0.460266
3.62516
2.57732
-9.16415
-4.35313
-4.76148
-7.94395
-7.4364
-10.4081
-7.53119
-6.71254
-8.13284
-12.4743
33.0038
-112.854
-22.1896
-19.6731
-43.2796
-42.5672
-18.7812
-36.1715
-26.4043
-8.20559
0.479303
-15.3502
0.114195
39.7994
25.9783
13.055
14.4736
15.769
12.7516
12.2686
16.1455
15.3054
14.9767
5.50365
53.677
-75.6846
-13.5791
0.0432466
10.7747
-17.8935
0.0254843
6.46678
11.086
-25.1292
1.47621
0.152935
-8.32328
-8.33132
-10.9245
-3.9968
-9.66997
-10.118
-9.1934
-11.2611
-13.5451
-19.2893
-21.7345
-28.1415
18.3896
-136.323
-28.4338
-51.9717
-90.6478
-90.7174
-40.1708
-73.0384
-80.1656
-81.1219
-27.4548
-186.812
-122.122
-123.851
-132.036
-72.7734
-72.4159
-73.0327
-71.3532
-73.6694
-79.0508
-78.6902
-79.7204
-85.845
-43.1468
-218.066
-180.737
-158.58
-160.249
-133.285
-125.379
-137.852
-136.286
-119.925
-53.8799
-225.078
-157.907
-164.272
-186.099
-102.676
-108.308
-109.868
-111.672
-113.23
-117.687
-120.473
-124.88
-125.248
-84.3175
-290.351
-250.026
-258.876
-248.588
-205.014
-219.468
-200.201
-163
-195.984
-128.817
-311.675
-233.589
-234.316
-243.749
-132.486
-134.95
-143.021
-149.489
-156.633
-158.466
-167.984
-175.362
-176.019
-132.781
-420.132
-324.146
-322.796
-326.593
-220.7
-268.522
-292.494
-284.907
-233.015
-176.694
-383.795
-284.393
-277.044
-271.287
-129.877
-121.124
-115.154
-112.491
-110.157
-106.359
-104.216
-99.3693
-93.0851
-49.2113
-257.448
-148.662
-164.635
-192.853
-134.176
-121.126
-123.6
-100.932
-105.354
-16.9727
-162.224
-78.2615
-92.7591
-99.6735
-57.6628
-63.4226
-62.6086
-64.6403
-67.5038
-68.9801
-68.8748
-68.9334
-81.5385
-50.5643
-256.472
-201.193
-173.896
-171.062
-109.548
-106.017
-110.079
-109.315
-112.173
-22.9214
-186.285
-100.615
-102.53
-107.911
-43.9957
-36.3471
-27.423
-21.5666
-15.0444
-13.2371
-6.74503
-7.77378
-7.91193
42.8938
-75.2106
0.00743134
-9.69529
-20.2526
-16.4346
-5.59843
0.120207
47.5829
17.284
80.066
0.744231
31.6859
39.0571
33.3349
16.0264
11.4182
13.6248
11.8541
12.4417
14.184
10.189
12.2943
12.0582
66.1268
-77.1064
-8.75526
-6.70819
0.226036
-12.1255
-6.53291
0.396896
4.0683
18.8357
57.2116
0.751718
38.3496
40.6138
38.4796
17.5025
14.6678
11.0721
12.9994
14.2115
14.8111
10.7875
14.0749
10.4262
59.9953
-53.045
0.288835
-13.0279
-13.5925
30.9411
48.9692
-0.0814331
0.31503
11.3607
41.5037
0.510566
35.6594
43.8381
38.6445
14.7254
14.4972
11.2861
15.4063
12.512
15.5341
12.7316
12.8264
8.04139
63.6205
-72.6631
-10.9954
0.0728737
8.72867
-4.05518
-9.12678
0.0360571
-5.76714
-16.2388
0.63555
-53.3514
-42.8271
-42.8003
-37.1263
-14.3218
-13.3878
-7.78925
-9.10292
-7.09756
-5.97954
-9.29387
-8.03081
-8.31344
45.9826
-78.0509
-34.9422
-45.8226
-40.8277
-9.14219
0.469358
15.5669
9.48558
6.07175
66.8928
0.539365
37.3478
41.1251
29.0854
17.1056
16.4664
11.4612
14.8519
14.2558
10.8248
15.4883
14.6898
8.05585
55.5597
-73.7149
-30.5164
-21.1665
-39.5895
2.75894
-19.6237
0.121083
50.4341
7.28511
2.03242
0.180077
-9.7497
-8.41155
-16.1306
-6.70083
-12.7083
-8.83066
-14.7876
-14.3842
-14.0548
-20.4348
-18.9106
-23.9712
25.3346
-125.582
-51.4949
-85.1685
-85.4724
-64.6588
-54.0531
-3.37465
-33.7696
-7.66492
0.356965
0.1706
36.4045
39.5571
31.3478
17.9712
12.8824
12.8193
12.1621
10.1199
12.525
10.3848
10.5594
9.56694
61.4689
-76.789
-10.1603
-20.3948
-7.04819
22.6088
4.29881
-7.22843
0.131866
8.38233
35.6003
0.490867
41.5299
33.6588
30.7621
16.6701
12.7017
14.7423
12.7763
13.9717
15.5888
13.3359
14.8587
10.6625
58.1427
-75.0366
0.21753
10.7126
7.57756
-4.61851
0.162335
9.48124
11.7839
43.7445
41.9948
0.58673
43.8696
36.9902
37.0589
18.5933
14.0043
16.9167
-3.01734
-13.3807
-23.1763
-19.8973
-15.5749
-16.1378
37.0481
-115.066
-7.56195
0.200655
-13.7461
-31.4382
-21.1409
-18.065
-30.0277
-54.7218
1.8714
-58.2009
-0.538138
0.0403581
30.2509
15.7135
16.0533
0.494152
-3.2409
-3.37918
-9.31866
-10.7182
-12.2699
-15.033
38.6154
-114.892
-36.0368
-34.5021
-32.0782
-40.5971
-25.4149
-36.5802
0.183194
-20.0209
0.426417
-34.5727
-40.8362
-44.272
-47.1634
-27.2297
-38.9975
-55.0565
-63.6243
-69.4619
-65.0475
-54.6775
-47.9452
-42.1882
3.32753
-158.472
-92.7182
-97.2264
-111.21
-97.4611
-115.039
-120.459
-127.329
-141.875
-58.243
-231.87
-141.574
-136.812
-140.066
-66.251
-64.0089
-57.6652
-52.4523
-46.4581
-38.8647
-41.2525
-43.9636
-45.2217
5.22177
-169.544
-67.7092
-74.6974
-64.7282
-43.0951
-70.585
-79.1036
-81.1108
-93.1865
-16.8544
-178.108
-88.3423
-86.0631
-75.9312
-38.5219
-35.2568
-29.9843
-30.0832
-28.6546
-29.6244
-33.5762
-33.845
-41.5691
6.53899
-166.289
-68.0331
-92.3818
-61.1453
-47.483
-63.2007
-28.6812
-38.1928
-16.196
0.395817
0.0784137
37.2383
32.4236
33.4054
14.7518
11.8602
13.7816
16.1592
11.0761
-5.0502
-5.47345
-7.04473
-11.1614
28.9323
-128.361
-46.6264
-61.6366
-45.9504
-43.787
-38.799
-25.4225
-22.7999
-13.9504
0.80289
-33.2091
-2.89144
-6.39826
-12.7924
-7.86579
-13.7409
-21.1407
-28.0344
-29.9459
-42.2055
-44.6423
-52.9376
-54.6181
-13.888
-186.464
-131.785
-128.271
-74.7332
-106.69
-113.763
-102.204
-47.3023
-81.7817
-1.96367
-145.241
-57.2868
-47.9889
-46.9821
-25.2858
-25.0591
-22.9197
-25.5658
-24.1877
-26.3816
-32.786
-35.6707
-38.1276
3.39946
-168.922
-120.603
-122.958
-132.325
-61.9961
-94.7604
-88.9215
-90.8504
-97.6469
-16.1322
-155.46
-69.7954
-64.3848
-62.6412
-27.1541
-28.1946
-30.5035
-25.6523
-26.0116
-26.8223
-23.6337
-20.7188
-22.0026
25.4354
-108.68
-46.1931
-77.1292
-50.6976
-61.9906
-34.8896
-53.0813
-74.695
-69.1044
-2.97915
-148.004
-86.1698
-89.0752
-99.6278
-54.9334
-60.1493
-60.3931
-70.4383
-71.7135
-77.9592
-96.2997
-106.841
-124.527
-97.0585
-383.272
-301.717
-311.399
-348.222
-272.201
-288.954
-284.589
-270.561
-260.504
-184.442
-347.685
-238.801
-219.733
-207.322
-101.123
-100.599
-97.1853
-91.2932
-88.9346
-87.2275
-83.614
-76.0712
-80.872
-45.3254
-277.43
-187.864
-214.147
-185.89
-145.414
-107.52
-148.301
-128.058
-88.2635
-49.2766
-191.534
-99.049
-98.8832
-85.9174
-46.118
-47.1702
-46.3303
-50.5054
-54.1363
-61.0669
-64.4333
-71.7658
-79.5976
-46.8012
-234.41
-201.423
-196.484
-154.673
-119.19
-170.93
-155.097
-148.795
-144.849
-63.2867
-241.729
-161.894
-165.493
-162.461
-78.4256
-77.6755
-75.2896
-70.5537
-66.0786
-60.0347
-62.4149
-63.5186
-64.4533
-16.205
-191.937
-117.003
-139.488
-129.28
-142.889
-140.358
-148.173
-183.11
-178.265
-105.577
-268.107
-174.28
-162.953
-157.967
-71.7069
-72.2492
-66.9695
-64.6312
-64.4298
-62.9659
-60.4745
-58.5206
-62.6186
-18.8259
-212.119
-129.783
-136.594
-166.341
-136.712
-111.165
-120.861
-113.177
-115.512
-34.0588
-212.634
-133.084
-144.015
-147.401
-77.8523
-77.2295
-73.1653
-73.9823
-70.263
-66.408
-69.0441
-68.675
-74.1897
-34.3381
-230.669
-149.03
-157.059
-166.458
-128.593
-126.255
-114.281
-107.5
-104.805
-28.6385
-208.634
-127.358
-122.242
-120.161
-68.5052
-68.3818
-67.8457
-75.5679
-79.9595
-80.4507
-87.9489
-88.7531
-87.1177
-34.5405
-242.28
-160.801
-122.92
-168.172
-166.372
-142.156
-184.89
-163.897
-149.471
-73.4143
-219.964
-138.973
-134.035
-134.542
-73.1653
-75.2084
-76.2118
-81.4322
-88.0803
-87.0454
-91.6463
-87.6399
-91.0753
-53.8757
-258.821
-189.674
-159.969
-152.755
-118.615
-84.5633
-127.961
-89.6152
-85.1747
2.84876
-144.324
-58.7126
-62.1386
-55.3408
-26.9236
-28.0102
-33.1948
-32.5182
-32.2427
-36.8282
-34.9545
-35.3104
-39.0558
-0.908266
-170.291
-108.433
-122.189
-102.519
-92.6213
-67.6037
-83.409
-64.3341
-61.8852
1.85767
-98.9298
-37.8708
-45.5722
-39.0847
-27.5955
-33.6509
-37.6588
-41.0178
-45.7796
-53.3346
-47.5754
-51.4695
-54.5026
-10.2806
-199.103
-110.141
-129.694
-114.686
-120.729
-124.404
-115.547
-125.725
-126.62
-40.7578
-192.515
-101.206
-110.292
-111.517
-58.3709
-56.8771
-54.7247
-56.6335
-59.1397
-55.0247
-59.8557
-58.6939
-56.0277
-11.8416
-198.676
-112.782
-108.948
-136.486
-133.67
-114.622
-119.004
-117.102
-116.781
-47.7012
-205.649
-118.17
-117.314
-121.936
-64.9984
-68.4047
-72.2987
-76.7589
-75.956
-76.3762
-75.2141
-73.8385
-73.9147
-30.498
-222.845
-103.905
-134.641
-124.334
-122.576
-96.1787
-106.981
-106.185
-91.6633
-13.5149
-159.519
-80.3197
-84.693
-86.7425
-46.119
-59.0706
-65.2776
-70.0053
-82.8411
-87.3913
-76.5279
-68.1582
-59.429
-11.2019
-186.87
-117.246
-107.541
-125.404
-90.4705
-103.562
-124.437
-116.641
-100.065
-24.5488
-182.576
-98.8403
-108.335
-117.217
-59.8473
-56.2883
-55.4278
-51.889
-47.0128
-42.7265
-44.0395
-40.0407
-44.1839
-6.63066
-187.667
-114.216
-107.365
-105.437
-72.8925
-78.9781
-78.6938
-70.972
-56.6959
1.99832
-92.8973
-30.1718
-23.2623
-18.8807
-13.0506
-7.84856
-6.27048
-6.71501
-8.38855
-5.09605
-8.53465
-8.0106
-6.53523
42.0071
-106.916
-39.718
-48.8111
-58.7547
-46.3926
-33.7402
-48.0384
-21.7961
-20.0699
1.02261
-38.2683
-14.9928
-12.7239
-10.6744
-10.1902
-7.00897
-7.76713
-11.152
-8.9318
-11.3873
-13.0306
-13.779
-17.0352
26.0768
-129.67
-49.6756
-42.4465
-62.4457
-15.6049
0.325012
-26.5986
-15.08
0.0846234
51.342
0.79004
38.8384
35.3238
23.9158
12.512
12.9755
10.6863
15.1345
12.6097
14.6666
16.0368
15.2158
13.2852
60.5003
-77.5449
-0.24245
-15.7762
-21.911
-19.6794
0.0803339
10.0208
46.5248
0.109122
31.0367
0.639956
29.8708
28.1373
-5.96992
-0.717239
-4.90602
-4.26417
-4.61966
-5.20703
-6.03671
-1.9427
-3.71222
-4.46389
51.6029
-79.4717
0.273728
4.44347
-14.205
38.4464
0.860777
46.9325
17.2977
6.58994
34.3458
0.47323
31.9255
35.5977
31.587
11.7395
12.2889
-4.81211
-3.128
-5.67904
-6.98552
-4.55327
-4.70913
0.130386
56.6108
-47.7147
0.227662
-12.5354
-9.19595
4.07171
-22.5114
-0.0798591
0.320291
14.1369
31.9927
0.434208
29.7402
27.9681
26.4968
15.4233
12.9471
14.1807
15.8431
13.9417
15.1056
9.55011
15.1614
10.5375
56.9539
-61.2235
0.173558
-1.55635
0.178872
4.81959
1.41366
12.4411
16.5396
15.2996
43.2961
0.469795
27.0163
32.0183
21.8834
11.8547
14.5702
9.9737
14.4878
10.5445
10.6354
15.4318
12.8893
11.3382
57.1567
-81.8038
-15.2485
-13.7429
-8.06063
-3.78
0.0696043
-15.2932
-12.549
-21.9045
0.78254
-16.8162
-15.7837
-19.3222
-20.8133
-12.5723
-11.7542
-8.54517
-11.5574
-12.986
-11.7594
-13.3021
-12.3668
-18.0693
25.6899
-108.135
-66.8263
-26.6274
-40.3088
-33.9462
-32.3276
-59.2804
-38.8986
-9.52943
1.2416
-55.9814
-30.8035
-21.4868
-28.1973
-13.0486
-10.738
-8.23814
-7.03871
-8.71341
-8.61225
-5.30688
-6.04618
-7.38327
36.3471
-129.981
-44.2484
-73.0255
-54.4945
-42.3681
-51.3102
-60.4715
-28.41
-43.278
1.32395
-59.3956
-21.2536
-22.1609
-21.0957
-7.76865
-13.1291
-10.9556
-13.9996
-10.4396
-13.8978
-12.2649
-14.6852
-21.9198
25.7555
-114.972
-65.3619
-69.3043
-71.2591
-52.7621
-40.8652
-20.8176
-14.4862
-29.4477
1.03023
-64.3623
-22.6148
-11.5754
-20.7166
-12.1732
-9.55051
-10.8931
-9.86998
-9.78957
-9.70726
-11.874
-20.3448
-27.6165
12.7177
-160.85
-90.103
-88.5408
-119.967
-84.0139
-79.0547
-57.8894
-51.5646
-11.357
1.08849
-54.6342
-23.0225
-37.9788
-41.2231
-27.5555
-25.4257
-28.9008
-26.5001
-24.3226
-24.6805
-22.0476
-24.6373
-23.639
17.1936
-144.015
-70.7799
-77.2267
-79.4232
-52.5462
-46.4819
-30.4778
-30.5549
-28.3376
1.05092
-34.1007
-12.3833
-11.2849
-14.9567
-2.16589
-4.85003
-4.53743
-1.51275
-1.63379
-5.67178
-2.69406
-2.794
-7.09922
39.3221
-97.8517
-17.6485
0.147863
-21.9318
-13.0916
0.225403
7.73007
1.20447
6.98653
44.9851
0.733906
34.049
24.5555
22.4266
10.1908
-1.81014
-7.98468
-10.7887
-11.0943
-18.0919
-18.9637
-19.8321
-17.3626
30.3436
-105.883
-7.30056
-18.3257
-8.99922
39.6062
-9.58073
0.132947
33.6583
18.7171
45.3163
0.529472
35.1067
33.1729
22.2906
16.0213
12.7071
14.311
10.3282
9.75518
12.5019
14.4473
13.8392
9.21127
58.4394
-78.8566
0.0401786
4.07105
-19.0573
9.84434
-1.11843
0.5987
0.496185
35.8028
37.8793
0.65875
26.5908
26.8397
32.5633
14.7583
13.8777
11.0299
-0.492465
-5.55955
-1.0275
-5.60435
-1.20659
-7.35922
36.9366
-104.098
-34.3958
-60.7148
-39.7813
-35.6458
-37.8519
-30.8084
-40.947
-36.3388
1.75166
-93.2619
-52.1367
-52.9922
-53.2668
-25.9966
-23.2777
-24.1898
-21.3816
-17.3204
-18.8615
-13.4915
-10.3356
-11.9705
35.0967
-126.578
-67.8293
-81.2876
-69.5214
-76.9917
-62.8476
-65.7766
-49.2829
-41.8456
1.62165
-72.3408
-40.9824
-44.7138
-48.8293
-31.1841
-37.034
-42.527
-49.9763
-55.2165
-64.7439
-70.2784
-63.324
-61.3902
-14.2652
-169.896
-109.277
-108.14
-115.15
-76.098
-84.4003
-85.1168
-86.3593
-71.7253
0.588549
-152.852
-66.2993
-74.7095
-77.5615
-37.3471
-36.1061
-39.2909
-37.545
-33.7093
-34.2464
-34.9207
-36.392
-36.7018
1.68271
-165.91
-91.0341
-93.6885
-62.8397
-95.4684
-89.52
-68.724
-72.3097
-62.3042
2.44171
-122.941
-49.5164
-57.0632
-62.243
-27.9333
-29.2016
-29.1024
-31.0743
-31.4448
-28.7727
-22.6829
-22.1752
-27.2928
9.21751
-169.023
-93.9326
-120.37
-124.841
-118.788
-114.071
-105.631
-95.2024
-93.4082
-24.3163
-169.02
-79.9373
-66.5653
-63.5481
-26.397
-19.7149
-16.641
-16.0765
-17.739
-15.9659
-13.8811
-12.7468
-17.223
28.2362
-144.044
-71.7558
-29.8229
-54.364
-55.3623
-45.6322
-66.5215
-40.2659
-42.8163
1.4828
-69.2727
-31.1203
-23.1294
-26.3967
-13.7905
-14.8029
-10.3109
-13.0116
-7.78735
-7.81413
-9.96943
-4.10858
-4.21639
44.4012
-79.8618
-7.95864
-16.4805
-22.8146
37.5793
-6.29278
0.0523529
26.1883
8.42578
53.9183
0.643112
29.461
21.5741
28.2635
12.7155
10.1256
15.1045
14.0325
-2.77497
-6.95107
-9.57184
-6.00764
-7.17885
44.7694
-86.8259
-29.6691
-6.42642
0.159133
-22.8035
-15.57
-5.65622
0.257984
14.9734
42.0755
0.617964
33.5562
24.3505
23.6216
12.002
14.3851
16.1507
14.2883
10.2595
12.0127
11.3129
11.6426
16.2346
63.2342
-58.7423
0.138066
8.83054
-17.9902
-20.0493
-29.9122
-29.0074
-38.0496
-21.4727
0.416175
-38.0299
-26.4507
-33.7585
-44.1259
-22.437
-25.2866
-23.8433
-19.7244
-17.119
-11.5512
-7.42567
0.367869
10.127
59.8388
-75.1314
0.205459
19.1216
-10.0511
-2.57707
-22.0682
-22.0044
-17.4582
-17.9412
0.655077
-21.0665
-8.14562
-9.36124
-11.812
-5.86119
-4.10455
-4.67034
-4.7308
-8.97822
-9.68345
-10.9976
-11.5234
-10.3951
33.2553
-85.7538
-42.98
-16.5451
-60.0448
-24.7129
-34.8883
-20.4402
-26.6304
0.560668
23.0346
0.508992
27.8494
22.8233
28.4894
15.1496
11.7879
10.455
15.987
16.0743
12.7129
13.5325
15.4702
12.9193
64.6208
-74.4886
0.0576207
5.74485
-13.1056
-5.44983
-14.826
-8.47477
0.205701
6.69022
41.0835
0.422228
29.6185
32.5164
20.0963
16.5326
13.6288
12.3123
16.6445
16.0413
12.1698
16.0767
11.9591
13.8261
60.465
-79.1591
-1.57865
-16.0646
-34.8298
-38.3897
-45.6976
-39.7736
-34.3597
-29.8367
1.06242
-49.0631
-22.1124
-18.644
-23.7409
-7.32233
-7.0956
-5.43318
-5.40032
0.205268
12.8814
12.2629
19.034
18.5133
60.2004
-56.7731
0.106496
-22.7976
-21.8695
0.185315
0.336106
-20.4647
0.0601793
0.149635
27.0428
0.441347
24.1838
21.6797
23.8402
13.8877
12.5843
0.0382477
14.4958
16.5937
18.0207
17.2711
18.6869
14.2021
67.2699
-77.8623
-34.8208
-31.2194
-42.4341
-24.2154
-22.255
0.0689577
-21.2182
-20.0907
0.430489
-26.4068
-13.8916
-14.0765
-10.0075
-4.78057
-2.03935
0.330854
6.29883
14.0132
18.302
18.6513
13.8728
12.8181
63.1165
-67.8774
-3.86227
-8.13682
-0.639166
-40.7023
0.123877
-16.2758
-1.79807
0.203931
47.8783
0.651481
28.2405
28.3377
28.2553
16.4455
14.905
12.592
12.174
16.2443
14.2786
13.9158
16.8271
13.7507
62.662
-71.5038
-9.92499
-1.77068
-15.6077
33.0349
-22.045
-12.7014
-2.42717
0.0786408
42.3862
0.496445
33.4247
28.5627
22.5381
11.6112
11.8778
11.9262
13.5002
17.6789
16.2704
-0.581396
-0.377108
-5.43847
39.4937
-122.147
-57.8109
-68.5626
-83.7996
-58.3467
-77.0397
-71.3932
-60.7255
-51.3449
1.70459
-92.9944
-57.2223
-57.3125
-48.4002
-26.8945
-26.275
-28.7447
-25.1317
-27.4397
-25.5222
-22.7338
-21.0348
-21.0756
27.6513
-136.885
-70.8916
-54.551
-73.1844
-78.078
-44.369
-47.395
-52.472
-44.7206
1.65276
-77.9865
-35.0345
-34.7227
-40.5203
-22.8192
-19.6531
-22.1479
-21.7721
-25.4902
-27.6914
-26.8542
-22.7267
-24.2267
17.9497
-138.929
-90.8655
-73.85
-74.3792
-81.9714
-77.176
-50.7951
-68.2394
-44.6472
2.07665
-89.5962
-31.0986
-30.3334
-32.2934
-11.3204
-17.0887
-14.673
-18.2358
-20.8636
-20.5196
-21.0605
-18.5319
-19.847
23.168
-144.985
-79.3038
-73.43
-82.0527
-61.4731
-77.003
-40.3025
-63.6994
-57.9417
2.12332
-102.701
-48.1214
-39.6285
-37.1792
-20.2901
-16.8767
-8.33657
-7.53
-8.16388
-1.62756
-3.57909
-1.31611
-8.57217
33.0601
-132.265
-71.6335
-85.096
-42.5628
-79.0352
-76.8992
-85.3624
-84.89
-59.4894
2.65349
-124.22
-62.9136
-62.6492
-64.1675
-29.0405
-29.3887
-28.3286
-25.1785
-23.6205
-20.1954
-29.3332
-30.189
-37.4186
-2.96618
-190.54
-100.098
-122.37
-135.872
-143.494
-155.692
-152.395
-147.885
-160.083
-81.9153
-249.396
-166.547
-172.218
-187.146
-99.268
-104.203
-99.3989
-98.7229
-107.508
-105.549
-108.853
-115.335
-122.824
-83.4963
-356.92
-310.744
-338.344
-375.136
-302.437
-340.2
-344.632
-365.003
-376.756
-323.208
-593.93
-549.666
-569.428
-593.444
-313.483
-317.97
-315.564
-308.922
-302.954
-300.522
-295.02
-288.538
-277.165
-222.49
-561.145
-463.569
-439.94
-433.977
-364.978
-351.756
-348.741
-343.748
-342.816
-267.491
-472.397
-381.077
-374.465
-385.825
-181.224
-179.563
-165.937
-154.258
-141.788
-138.823
-125.32
-112.213
-99.8527
-52.2171
-270.134
-175.79
-160.66
-182.171
-158.423
-151.626
-158.135
-123.073
-123.309
-43.7419
-208.23
-124.783
-124.808
-111.183
-49.935
-47.1355
-43.9405
-42.4574
-42.6043
-39.1556
-27.3901
-19.2874
-20.1143
27.4412
-143.202
-67.0586
-81.1391
-78.9448
-71.3904
-37.0632
-66.2328
-57.1486
-38.4982
1.26813
-51.8891
-17.3396
-11.878
-6.56264
-4.36574
-4.05513
-8.00428
-6.8015
-9.32979
-9.93531
-12.9493
-15.6057
-17.4647
19.2118
-149.517
-84.8439
-105.732
-118.969
-101.51
-77.2338
-77.044
-75.5048
-78.7134
2.82976
-148.704
-68.7753
-69.3846
-63.6699
-27.6519
-25.1749
-17.3797
-15.7972
-13.3744
-11.7056
-10.377
-10.6913
-14.4877
21.71
-156.695
-79.4293
-94.9224
-57.647
-76.9759
-69.3493
-90.7993
-86.2419
-62.9754
-1.06144
-155.539
-81.5219
-77.0837
-77.6718
-41.1911
-38.3172
-39.0027
-33.5176
-37.1047
-40.4278
-42.7344
-46.0996
-47.3376
-7.05493
-213.047
-160.08
-169.873
-173.706
-178.472
-162.947
-173.83
-171.742
-168.376
-85.4628
-256.681
-176.413
-165.652
-163.445
-87.5612
-83.63
-77.4118
-76.1066
-80.2593
-81.355
-84.2091
-93.1655
-100.422
-68.4592
-321.097
-258.18
-230.305
-262.313
-217.134
-219.673
-212.548
-206.142
-196.614
-110.436
-292.391
-207.654
-204.821
-203.646
-106.648
-113.582
-111.57
-116.516
-115.267
-120.082
-121.425
-119.184
-118.524
-74.5325
-328.327
-283.086
-286.589
-295.188
-283.813
-275.777
-316.03
-291.357
-313.346
-265.826
-499.779
-449.477
-477.698
-492.118
-261.919
-271.126
-286.087
-289.59
-293.117
-298.58
-300.593
-286.371
-275.342
-226.823
-581.397
-486.765
-486.379
-463.811
-361.576
-329.088
-332.481
-311.163
-292.04
-195.627
-383.084
-293.981
-279.793
-262.946
-122.535
-111.827
-102.092
-93.7496
-82.8612
-69.777
-61.2207
-52.3983
-46.4936
-8.30365
-179.901
-110.755
-105.616
-108.732
-87.2402
-67.2057
-79.7429
-52.1319
-50.2527
1.15949
-43.188
-3.33211
0.0520343
45.7135
19.6889
23.4211
23.5985
23.6933
24.0244
24.1638
24.1159
26.5658
27.4144
59.7966
-84.036
-15.2102
-53.471
-61.3012
-25.0572
-45.5371
-36.2407
-14.2369
-12.345
0.304305
-8.41001
0.0784394
-5.58885
-2.60577
-1.9189
0.0270316
2.33558
5.24289
5.04633
7.29594
27.4626
27.6262
29.8042
73.1514
-67.1419
-17.111
-32.4224
-39.3184
-25.1512
-35.3348
-10.7697
-19.4274
-28.075
0.910493
-44.7672
-21.7854
-22.816
-21.3476
-9.80029
-12.6125
-11.1931
-12.4665
-15.3486
-15.1918
-16.1389
-18.2931
-17.1877
25.5335
-138.195
-65.176
-94.0529
-116.088
-76.892
-79.578
-63.1781
-55.6207
-77.4256
2.85503
-142.969
-60.6915
-63.4133
-49.1908
-41.9284
-50.2823
-66.6548
-87.6671
-103.938
-131.049
-131.224
-122.037
-119.686
-80.0165
-329.44
-240.082
-222.993
-226.679
-197.658
-173.917
-147.336
-126.826
-146.274
-64.4595
-207.394
-104.278
-86.9813
-85.8093
-42.0733
-39.2831
-39.7562
-40.1443
-39.2098
-23.8646
-20.6882
-14.7461
-9.59886
32.2011
-144.214
-77.4545
-133.092
-149.348
-184.29
-180.553
-193.51
-195.315
-188.124
-129.977
-309.679
-238.755
-252.38
-227.914
-118.555
-122.86
-118.486
-117.981
-118.65
-113.742
-113.141
-115.974
-118.109
-71.007
-312.664
-232.548
-201.539
-240.443
-149.942
-147.705
-121.297
-90.5039
-73.9772
-0.789277
-148.742
-58.6632
-42.9181
-24.7527
-13.6669
-10.3885
-9.09353
-4.9552
-4.39908
-3.13832
-1.7317
-5.33254
-2.60719
53.9793
-94.2401
-38.5876
-61.1517
-47.7339
-31.7045
-9.50471
-23.8964
-30.8998
0.983985
8.58153
0.128508
-9.10816
-13.4501
-26.2099
-16.2031
-12.2702
-15.599
-28.77
-33.1608
-83.1477
-141.047
-129.492
-132.098
-101.572
-442.384
-466.737
-392.041
-370.377
-354.337
-389.38
-439.304
-408.279
-391.196
-300.288
-498.69
-365.31
-291.891
-216.166
-66.7891
-33.93
-4.8832
0.194821
6.557
9.90603
0.641662
1.38581
2.90686
60.1909
-108.742
-83.4541
-80.8188
-121.744
-69.2024
-54.7292
-41.1707
-43.7339
-37.1945
1.23659
-85.627
-90.9809
-111.719
-123.491
-64.507
-66.3489
-65.2061
-65.9853
-68.8774
-71.5484
-103.653
-113.032
-147.86
-165.016
-685.724
-789.409
-811.809
-730.67
-520.847
-330.524
-232.664
-164.195
-196.555
-154.176
-286.625
-188.548
-179.943
-167.41
-85.0694
-82.7745
-85.034
-89.282
-85.9957
-91.6555
-94.9791
-98.24
-107.033
-80.7505
-346.18
-299.228
-324.328
-304.694
-241.163
-266.319
-280.831
-283.95
-283.601
-215.112
-404.086
-303.185
-291.105
-280.067
-140.41
-140.973
-131.176
-132.225
-130.155
-130.028
-138.378
-148.413
-157.918
-119.116
-413.219
-368.324
-359.886
-365.804
-307.53
-254.534
-242.19
-244
-220.476
-125.931
-276.751
-174.566
-157.532
-140.004
-70.5013
-64.6506
-56.6767
-52.505
-47.5726
-42.6863
-39.0163
-37.6368
-30.2304
13.2685
-149.478
-83.2944
-79.2245
-49.1813
-47.2131
-41.8888
-40.556
-28.7366
-6.78792
4.4266
0.142253
7.40087
12.5768
17.5308
9.04785
23.711
12.9025
10.3842
9.62018
13.5431
14.7816
13.9137
9.14924
63.9776
-92.1448
-38.1838
-51.119
-59.7903
-50.4371
-54.4563
-38.9401
-48.4151
-40.0973
1.69367
-87.537
-53.6401
-51.6681
-58.0142
-33.1637
-37.6146
-37.8065
-38.4121
-35.9846
-42.4112
-41.04
-43.3024
-45.1113
-9.02108
-199.794
-130.929
-141.264
-158.808
-117.009
-137.065
-117.173
-115.13
-118.828
-35.8766
-197.192
-119.754
-114.358
-116.045
-54.4959
-53.0289
-51.7885
-47.7572
-45.8163
-42.2375
-51.1718
-55.306
-59.0537
-20.9887
-220.757
-165.253
-189.704
-165.769
-184.506
-192.198
-215.293
-215.053
-230.536
-162.84
-349.197
-257.198
-236.886
-217.922
-102.777
-88.8474
-73.4213
-66.2078
-60.0337
-60.6933
-63.9
-69.3649
-76.0015
-50.329
-302.225
-243.28
-280.112
-275.381
-214.6
-215.735
-217.31
-204.375
-184.715
-111.62
-269.222
-176.514
-168.878
-157.471
-79.406
-81.8814
-79.9229
-78.3811
-75.1347
-67.2753
-64.4112
-63.3789
-67.0177
-24.2242
-217.911
-130.666
-151.572
-150.024
-133.132
-125.91
-112.743
-107.49
-76.5283
-7.49975
-160.601
-78.2221
-69.5626
-58.2032
-32.2377
-27.1423
-23.4866
-22.3165
-18.5346
-15.8617
-14.2876
-10.3072
-11.1011
41.3367
-108.156
-48.7088
-48.0922
-72.3659
-52.5023
-76.2062
-75.2867
-61.6165
-59.2769
1.98853
-95.9056
-34.7455
-37.2436
-30.9481
-12.5571
-11.7143
-10.0334
-7.00432
-9.5508
-9.19691
-8.90218
-4.25921
-4.21979
46.8758
-105.057
-28.2722
-32.8784
-47.6352
-67.6358
-51.5881
-46.0556
-34.3923
-34.8485
1.51097
-71.5556
-34.753
-33.9025
-37.1077
-16.8648
-18.5827
-17.9336
-17.7728
-20.4776
-16.1132
-16.324
-16.1696
-18.0413
30.9317
-124.758
-47.2586
-62.6576
-93.6731
-78.1988
-58.1333
-53.1596
-38.7279
-45.278
1.3615
-59.4933
-23.9879
-20.7011
-21.6559
-3.64635
-0.197456
0.142764
6.64541
8.90261
9.60294
12.281
4.73496
5.42529
53.3178
-97.6541
-27.3685
-43.2557
-49.4465
-40.7279
-49.8466
-37.5497
-35.5249
-22.5462
0.571469
-5.08916
0.230214
17.633
18.5644
16.4776
11.7855
12.5356
15.8899
13.6119
18.1622
17.7707
19.0748
14.7087
68.1576
-73.449
-8.40017
-20.0052
-25.4373
-23.4599
-10.6013
-26.2007
-16.0629
-6.56922
9.54249
0.228699
21.7431
48.857
61.3007
31.7675
30.5354
28.7073
31.3673
30.5302
37.5237
36.1942
37.3696
34.5439
87.213
-7.28349
0.759394
30.0298
5.04389
7.46702
0.114969
1.05036
19.7718
30.2335
81.7048
1.09762
53.5339
24.5149
17.5082
7.46747
12.3027
11.2937
8.10363
9.99672
5.38237
11.6776
9.70313
7.41018
59.6869
-90.7834
-45.554
-46.3079
-62.478
-58.123
-70.5999
-53.3458
-57.9403
-49.9163
1.72605
-86.8525
-32.0396
-21.9309
-20.7212
-10.4143
-11.7578
-7.3804
-3.76671
-6.24627
-4.32597
-5.75727
-1.87018
0.166423
54.0652
-85.6956
-24.9306
-30.8091
-36.8783
-45.5938
-46.143
-37.0962
-18.6265
-19.2745
0.309202
-10.7904
0.0670208
6.1811
9.57725
2.33556
4.84452
3.98213
0.00021365
2.21409
5.18319
5.34917
7.30373
0.848405
51.6925
-85.0748
-20.5367
-46.2074
-26.4544
-26.5444
-34.5006
-37.1362
-28.2187
-30.3747
0.833479
-33.6354
-6.53643
-9.7344
-10.277
-1.27949
-0.850392
-3.17295
-3.94747
-4.96762
-0.504567
0.0217791
5.68486
4.85983
61.1062
-79.5892
-30.9596
-35.9825
-67.7328
-53.8222
-85.1257
-103.041
-81.4595
-77.4434
2.82944
-140.013
-60.6962
-47.1007
-46.4948
-24.2286
-25.5423
-23.057
-23.4589
-20.7118
-23.5258
-20.4308
-22.0981
-24.428
12.3493
-151.272
-104.012
-102.219
-131.315
-88.4731
-86.7425
-84.4394
-90.9958
-75.9352
0.343481
-143.326
-50.9076
-48.3894
-46.0994
-20.607
-21.3518
-22.4181
-24.8907
-24.494
-18.057
-16.6111
-18.0436
-20.1259
30.6652
-132.734
-63.6126
-72.68
-108.28
-82.8013
-74.6222
-76.9109
-72.2293
-73.8241
2.8203
-146.947
-65.9286
-68.7059
-65.4908
-33.3457
-26.0041
-22.9241
-21.4707
-21.9043
-19.5609
-12.3083
-12.1497
-5.85795
43.8796
-107.337
-45.2857
-44.2598
-57.5593
-52.6045
-51.5633
-33.2558
-42.6841
-24.2189
0.438961
-32.4016
-19.6239
-20.8424
-8.98117
-5.51696
-1.7955
-1.0384
0.0346224
8.83709
8.57728
12.1388
7.74705
10.0522
62.2226
-77.8543
-18.4867
-21.1927
-52.7501
-32.6144
-38.499
-31.6135
-32.7811
-26.3855
1.24715
-54.4164
-15.8187
-14.3651
-16.4211
-7.74285
-9.09396
-4.87361
-3.52376
-8.1253
-7.85219
-5.99953
-12.3695
-10.0606
37.6063
-120.058
-54.369
-60.4116
-71.824
-78.0349
-77.8714
-85.0502
-81.653
-87.4902
-14.1061
-173.783
-91.6022
-91.3342
-97.8889
-51.7042
-53.2773
-66.1574
-71.0435
-74.6576
-76.9878
-85.856
-89.6657
-90.4658
-55.6748
-291.234
-234.759
-236.714
-247.234
-215.693
-198.707
-197.572
-200.526
-185.187
-109.597
-278.34
-193.803
-201.995
-211.508
-116.657
-124.802
-137.964
-138.239
-140.448
-148.445
-145.565
-137.118
-132.976
-88.6277
-338.254
-269.107
-279.739
-274.552
-221.835
-199.461
-189.991
-185.918
-166.991
-106.875
-282.39
-202.222
-206.558
-195.963
-99.2142
-92.4381
-86.3386
-83.1487
-74.8898
-68.8564
-68.8695
-62.0047
-55.2238
-4.57281
-166.075
-102.115
-109.15
-109.414
-88.5537
-62.5799
-70.2848
-46.6247
-29.4772
1.04077
-44.8717
-10.1242
-7.6161
0.0747669
8.83712
18.0005
18.3364
36.6759
37.6169
38.0225
41.0154
43.8784
46.0433
96.3443
1.6482
10.8716
36.6419
49.6245
32.3048
-20.5683
-3.97723
-1.13586
0.015006
42.152
0.665232
34.0013
27.2003
23.812
14.3594
17.4957
20.9025
20.7912
37.842
38.629
40.1265
43.1695
43.5528
94.5209
1.7191
35.5514
27.834
15.1423
7.68467
5.20866
12.5129
11.1562
20.553
53.4736
0.741766
70.5211
70.2927
79.5273
37.3846
39.7542
42.666
42.9266
38.6218
41.2307
45.6274
43.3548
47.3952
100.331
1.73759
33.6077
47.2318
25.9704
34.5203
8.54717
12.5398
27.6954
42.7585
113.911
1.5087
71.0686
70.8875
76.5005
37.7868
37.9821
42.8684
41.4593
40.565
43.4564
43.9603
44.1689
42.9396
98.8781
1.72816
29.1096
36.6044
44.8974
-4.05089
-6.07114
-15.0252
-13.8255
-18.6994
0.661554
-30.2073
-26.5456
-34.885
-34.987
-15.7924
-13.9717
-16.453
-19.2814
-20.1627
-25.5707
-30.3714
-26.9854
-23.3959
25.0311
-133.144
-70.347
-83.1423
-115.026
-86.8094
-72.8016
-87.9956
-67.9831
-69.681
2.87196
-162.764
-91.7205
-97.2281
-106.276
-60.1876
-56.9131
-61.773
-56.1635
-55.0756
-49.5244
-46.771
-42
-44.6572
3.7643
-168.537
-97.9011
-120.507
-116.935
-103.702
-99.1289
-81.0952
-78.6781
-56.3245
1.97059
-103.001
-42.2682
-40.2284
-27.6163
-16.3738
-10.5808
-11.4084
-6.94811
-7.14714
-3.88401
-13.595
-18.3055
-13.4202
43.8054
-87.6079
-6.8209
-15.6878
-14.7506
-12.2103
-29.4343
0.119613
0.585954
45.7769
121.656
1.55786
70.4656
73.105
78.0623
41.8329
42.7814
42.1607
40.8406
43.0012
41.9142
46.2544
45.3592
48.3223
101.421
1.85976
40.9029
33.1168
29.5744
34.0935
31.235
37.8941
29.692
49.5166
119.988
1.4726
69.1631
81.8589
74.1933
43.008
41.2099
42.9885
44.9067
43.8442
43.9012
48.4791
43.9177
49.5136
100.854
1.84501
58.6369
39.1741
50.4685
43.0909
28.6419
29.0178
32.4685
47.5664
114.444
1.39183
77.366
81.9984
73.3978
40.1301
44.4207
45.3751
43.5715
42.3221
46.1177
26.8551
25.7065
21.753
68.9498
-57.7294
0.066805
-18.9518
-23.8792
-21.701
-38.3829
-31.4138
-27.6404
-28.5024
0.757211
-52.008
-64.5249
-77.3971
-50.6322
-6.18335
-11.6483
-12.8835
0.0245827
7.82809
5.73234
0.13382
-0.241662
-6.26756
45.3144
-99.2231
-49.9148
-50.5741
-53.3856
-50.9927
-40.8908
-39.0008
-41.8828
-45.9807
2.43614
-144.242
-104.173
-111.364
-107.993
-54.3586
-54.0966
-50.7099
-44.3376
-34.19
-29.164
-28.982
-26.5347
-29.0829
21.9678
-133.227
-68.1881
-72.047
-84.1377
-72.0329
-52.8133
-43.2447
-41.5744
-25.1638
0.434894
-20.4772
-1.70532
0.0323383
12.2862
13.3855
18.3003
27.4528
49.7186
48.4751
50.6405
45.9674
50.1534
49.0726
86.7903
-24.9265
0.415942
-13.5893
-20.617
-13.3966
-33.3805
-14.4156
-13.1097
0.146983
28.1802
0.481142
19.7283
30.7662
31.594
15.2502
16.7006
20.6209
24.0021
19.985
23.7282
16.4136
20.7122
18.9186
67.7631
-62.5435
0.0125295
-9.88365
-42.4932
-56.885
-55.102
-43.4337
-40.3563
-34.367
1.47368
-81.176
-49.2832
-54.3291
-58.4515
-28.4599
-27.4528
-29.2549
-28.4228
-27.1855
-26.8762
-26.5843
-25.9866
-28.8924
23.8343
-134.817
-53.919
-65.8566
-64.3384
-50.9849
-58.9239
-50.4699
-39.8055
-26.0641
1.27066
-61.6273
-21.5589
-21.3883
-15.6154
0.289494
2.24162
13.3047
16.2122
22.0324
29.7502
31.0525
32.751
27.0654
78.0975
-43.947
0.265972
-7.33387
-8.1609
5.20846
-1.9693
-6.14841
-5.94733
0.0330889
15.2046
0.365584
27.3703
25.4715
41.0998
16.4908
21.6519
23.4417
24.4125
23.4687
26.1707
26.9039
27.5291
26.7534
78.3109
-15.462
0.555386
14.5297
6.52041
-3.21312
-4.80702
0.0583629
19.1633
24.6782
67.326
0.968684
51.6557
50.7606
56.2567
31.5134
27.3972
47.0623
49.3041
46.998
48.4713
46.9008
51.9937
47.3623
107.508
1.90012
66.3609
60.1214
61.5166
46.6565
46.3461
47.2172
49.7909
53.3446
136.473
1.58517
82.9017
91.4394
86.4572
44.4299
49.0606
45.0513
49.7984
48.4752
51.8312
51.6286
47.6418
54.4482
106.419
1.88509
75.6434
77.1833
56.3418
47.5931
32.8309
39.3506
20.7864
22.6061
52.1967
0.67263
35.3551
20.9562
24.884
5.26461
-5.76547
-11.9752
-18.4303
-17.37
-18.3827
-21.2781
-21.0169
-20.9418
32.9915
-119.016
-45.5225
-60.8485
-77.1754
-75.7863
-70.0562
-58.154
-59.6616
-56.4762
2.41304
-135.82
-76.303
-68.7528
-71.0443
-38.7052
-37.9971
-43.072
-44.8352
-53.6078
-69.8501
-68.1893
-71.3039
-75.3766
-37.2707
-241.901
-179.611
-194.521
-200.776
-163.208
-166.5
-166.57
-165.552
-169.316
-106.852
-288.146
-218.336
-212.901
-210.984
-124.61
-133.82
-144.691
-161.887
-175.628
-194.839
-180.711
-175.987
-183.908
-157.45
-491.425
-445.724
-457.912
-479.995
-408.934
-431.523
-458.369
-454.451
-444.042
-378.314
-609.829
-526.261
-506.338
-486.103
-240.54
-226.332
-215.578
-211.67
-203.335
-201.845
-195.584
-172.519
-158.216
-116.361
-392.969
-330.817
-353.297
-355.841
-274.791
-261.966
-251.434
-245.151
-224.646
-141.945
-325.481
-242.701
-235.014
-229.289
-115.575
-112.244
-117.539
-114.408
-112.172
-103.034
-105.174
-107.285
-109.812
-67.9953
-288.939
-211.507
-208.631
-199.244
-165.523
-158.861
-152.315
-152.691
-126.49
-49.1807
-210.432
-119.589
-126.925
-119.354
-53.0832
-46.9257
-40.0404
-37.7274
-31.4375
-27.3808
-21.705
-30.1519
-34.2706
20.8886
-145.828
-88.2753
-96.3948
-123.817
-79.6893
-79.3467
-57.421
-58.3694
-50.2747
1.84084
-98.4847
-53.7312
-42.7896
-29.0815
-11.9754
-10.1388
-6.41699
-5.48818
-0.52809
0.0195198
4.69057
5.26345
6.48328
54.4921
-86.7293
-34.0358
-31.455
-50.586
-38.1046
-52.4576
-40.6929
-34.734
-25.9825
0.709043
-34.9792
-20.2741
-17.7161
-19.3196
-9.00908
-5.84043
-9.16159
-9.1737
-10.6492
-12.3516
-11.8648
-13.2485
-18.3141
33.3986
-109.182
-39.6038
-57.478
-46.3737
-53.8787
-61.9143
-55.5694
-40.2701
-42.0585
1.5316
-81.4499
-32.4778
-38.7611
-28.095
-20.2521
-26.4811
-27.6964
-37.2382
-40.8175
-49.2471
-49.4093
-44.1738
-44.0608
-1.36131
-185.213
-122.551
-152.003
-172.771
-126.293
-124.251
-84.2996
-81.8564
-56.6709
1.76559
-78.8655
-19.8563
-22.8256
-9.38242
-3.19654
0.0980173
6.08247
4.82663
14.4456
18.957
22.5494
19.9323
19.7722
74.6287
-28.6553
0.428917
17.7322
2.74336
10.7454
8.95339
19.9877
4.90939
27.4389
65.0391
0.854939
43.9741
52.5168
59.2838
29.4105
33.9641
32.0412
35.446
34.111
36.0249
37.0519
35.0872
37.7423
87.5398
1.64724
25.9155
54.847
22.4774
20.99
37.0988
24.7223
37.0499
42.8468
107.343
1.35867
69.5791
67.0358
81.3437
36.2166
24.9954
14.2785
3.91919
-6.10643
-20.8002
-12.6304
0.131361
15.4819
83.704
1.62942
30.9099
93.4678
83.6729
51.4599
47.7611
64.9997
76.3143
76.3885
165.031
6.18779
109.336
106.294
105.078
54.9136
55.2436
57.3659
61.1722
58.3355
61.5089
60.3081
60.8214
60.5864
117.989
1.81455
49.78
39.4756
15.4441
-1.13286
-2.15194
0.204547
0.668936
18.6731
49.5274
0.731267
30.7669
40.1867
37.8808
24.9667
28.7927
28.8664
30.6771
35.6283
36.2401
37.7351
38.0452
40.0936
98.9864
1.84537
49.2804
49.358
45.2386
26.1119
13.1299
27.5555
31.2424
38.1453
87.7439
1.10097
48.7595
49.013
51.0415
11.1516
3.41694
-11.5056
-26.3952
-43.9849
-61.3957
-66.2517
-42.7037
-21.6074
48.3663
-17.9008
0.885672
35.5927
21.6617
31.4624
31.968
70.0804
68.5515
77.0649
165.879
9.88955
109.054
110.288
74.7701
29.5198
26.4716
20.9364
19.8127
14.3448
9.72644
5.23221
-1.61409
-9.76219
43.0377
-109.789
-48.828
-66.0194
-88.1036
-69.6918
-64.8543
-60.7484
-32.2507
-22.9252
0.656823
-37.6627
0.09917
4.52537
4.30543
5.61748
4.62867
0.917167
6.95536
9.01299
1.25916
-10.0157
-9.47745
-2.8387
53.8656
-44.3135
0.440292
13.3945
16.488
19.1911
23.1012
24.7115
45.7932
39.8026
94.2188
1.13915
65.1047
62.1581
61.7435
41.2299
48.2392
59.4204
64.7704
66.1181
61.9933
60.5824
65.2719
65.3761
116.638
19.5655
110.781
93.2804
96.0284
65.3889
69.7494
62.6731
67.7717
81.5219
179.354
11.7061
113.888
121.827
121.224
60.8699
60.9929
64.9376
63.9583
65.348
61.3204
63.6731
63.1557
67.3184
119.309
25.7553
104.712
111.296
97.6401
59.3549
60.3854
60.631
70.8051
88.6878
174.092
21.876
119.256
123.752
119.892
61.1517
59.1926
61.8231
65.2551
67.3343
65.4857
67.4338
68.5238
63.6983
120.205
20.3631
108.593
92.8034
80.6133
53.3068
66.6195
63.5412
85.9475
80.1348
178.744
14.6142
113.278
114.39
115.106
39.1016
29.9233
17.8708
2.91916
-12.9664
-32.9132
-46.3394
-44.6408
-45.6729
5.7429
-152.108
-77.4196
-79.0505
-71.5232
-58.2542
-66.9319
-74.3692
-74.2795
-80.1039
2.50392
-126.788
-20.5949
0.0421011
12.819
14.7414
15.9291
20.5343
25.1456
24.9177
18.1689
21.5294
19.758
13.0804
62.3315
-56.8079
0.25341
-3.66658
-11.616
17.7255
0.0266884
3.48157
15.7094
27.1206
73.099
0.982854
54.6853
62.3456
60.283
37.7272
37.124
43.8084
45.0396
38.4004
41.3338
40.9868
40.6531
38.718
89.2072
1.76416
37.7787
38.9458
28.0154
23.4839
29.4365
30.4925
30.9851
42.4484
97.503
1.14539
48.4872
54.0231
43.0439
29.1892
34.7881
32.4527
40.7489
41.2874
46.7572
43.4286
47.7337
42.1862
101.197
1.93568
60.0281
62.5487
83.2661
51.0261
23.6791
31.9986
45.7465
51.4278
120.783
1.55194
82.4995
89.3446
83.3702
43.7985
45.8211
41.7878
49.9351
47.6289
67.766
69.7853
68.1143
67.2061
121.358
32.0673
124.702
103.433
102.34
79.6778
77.061
54.6132
47.0249
64.2024
176.675
22.209
118.143
121.685
127.498
67.1731
65.6026
66.4869
63.5891
68.0932
66.8636
65.6289
67.7674
69.047
121.148
38.5636
124.632
115.847
106.975
90.3785
85.4014
78.2934
73.5339
87.9031
175.808
22.362
120.497
121.681
130.145
64.9298
67.8468
68.3657
65.8955
69.1175
64.7705
68.2477
69.6198
71.1354
122.951
36.9693
81.426
59.0892
42.6295
9.86466
15.9332
0.20761
3.57088
-7.44882
0.821397
-36.7707
-7.61715
0.0719455
16.7838
10.1388
12.6204
14.4101
16.1625
22.4143
24.8714
32.7422
31.6192
28.6351
80.4969
-12.74
0.734295
35.094
21.7104
-4.51148
-5.27825
0.0730985
-6.05812
0.0193558
17.5207
0.241522
9.9471
11.1442
3.91452
5.20594
1.3802
1.71224
0.888159
7.30104
1.9503
4.7112
6.45539
8.38592
65.1126
-45.8743
0.248272
-9.66673
-10.9901
-3.1645
0.0955184
4.5601
19.9798
27.7688
70.7095
0.914255
55.1292
49.0963
50.4724
26.1814
29.8689
34.8181
31.1925
30.7077
35.3294
30.9111
23.7111
10.6108
61.2634
-75.3866
-3.29167
-18.7365
-33.1183
-20.635
-18.012
-15.3948
-21.3692
-20.3413
0.892889
-50.6094
-44.2841
-49.3461
-49.113
-28.0555
-30.7078
-34.0985
-39.3493
-42.0878
-38.8667
-33.3233
-32.6341
-31.4822
15.7662
-136.979
-54.3363
-58.1956
-51.852
-50.9377
-35.4418
-52.7402
-39.648
-25.3434
1.15261
-68.8214
-51.0254
-58.248
-63.9616
-32.6729
-26.4673
-26.2096
-27.4012
-24.1285
-21.368
-19.3447
-17.7906
-12.4413
42.1171
-85.1799
-11.7804
-22.4849
-37.9458
-16.3578
-31.2741
-14.5274
-4.32658
0.136222
22.575
0.258135
6.93275
7.25912
-12.4652
-11.0433
-11.9583
-21.938
-33.2052
-36.0167
-45.2805
-40.5805
-38.3845
-36.4206
20.8137
-109.586
-36.2915
-32.7938
-42.8383
-42.9867
-30.4528
-43.0042
-28.8402
-21.2275
0.945317
-39.7823
-16.4984
-13.0728
-6.45092
0.00839762
6.00218
12.6993
16.4924
22.1476
27.7821
33.9436
39.2794
47.8868
106.807
29.8892
115.134
120.475
106.51
74.5797
70.9899
79.5337
83.1722
61.8367
135.437
1.66162
84.9785
124.545
126.168
61.1445
63.1384
49.7717
49.5243
45.5851
43.6433
41.9531
41.1367
29.0125
80.2177
1.52739
7.15612
39.7732
47.0332
34.9959
-4.15704
-9.43372
-20.141
-32.218
1.39844
-85.1645
-46.0915
-49.7009
-53.2389
-28.7776
-34.8343
-36.1165
-37.8426
-46.148
-47.4507
-53.448
-60.4912
-65.3759
-23.6292
-230.836
-172.54
-189.019
-177.059
-129.26
-146.42
-131.217
-120.096
-114.112
-36.4153
-182.933
-100.921
-95.9529
-85.7796
-40.7512
-36.6616
-37.7267
-39.2544
-40.408
-41.9459
-46.9716
-46.903
-46.8817
-7.05892
-177.017
-108.63
-121.414
-123.937
-98.1264
-108.999
-92.5818
-99.3001
-93.2508
-19.737
-181.384
-106.989
-102.381
-86.297
-16.8179
