4109.49
3944.13
4159.33
4159.68
4251.72
4225.24
4565.78
7892.22
3130.23
-3084.65
1694.45
-3302.7
0.993982
-4767.64
-2081.25
4599.48
5797.41
7415.16
8117.13
7520.65
8142.5
3975.46
4254.56
4387.93
4129.69
4350.29
4264.21
4514.55
4285.6
4434.73
4490.03
7579.97
6406.75
3872.78
4017.73
-4844.89
-7217.62
-5783.71
589.259
1608.44
5767.57
6943.26
7712.67
7627.08
7245.92
3772.63
4003.07
3832.3
4211.88
3900.05
3940.65
4210.89
4196.73
3961.53
4084.04
7415.47
6271.32
-3870.92
-952.523
-8020.05
374.883
-6228.79
1970.33
3860.53
5592.56
7328.31
6731.4
7191.93
7030.1
3748.35
3839.26
3747.6
4161.35
4138.88
3949.83
3909.57
3990.93
4283.25
3944.51
7630.96
5906.22
-1863.12
53.1346
-4186.85
-1506.7
-6673.89
-3114.54
636.922
4251.92
5829.09
6022.48
5655.11
6201.78
3087.39
4280.74
3249.83
2925
3386.43
3169.69
3477.11
3499.28
3574.51
3706.78
6410.59
1344.97
6618.26
55.9588
-4177.77
-1675.2
-604.64
2049.96
1926.46
4538.06
5365.97
5907.21
5884.66
5427.35
3060.76
2983.59
3255.29
3457.95
3349.2
3401.03
3313.63
3314.07
3668.42
3689.77
6358.74
634.501
3825.1
-1887.15
-9399.58
-9292.99
-3254.24
-3925.12
3490.36
4284.33
5956.06
5747.1
5544.56
8388.73
3228.28
3407.38
3106.62
3206.33
3267.19
3518.39
3737.14
3754.96
3564.75
3662.21
5450.41
4822.6
-2410.61
-3633.86
-1047.69
-504.089
51.8755
-2198.44
310.997
4894.77
6434.96
6621.03
7048.93
6718.13
3808.27
3835.79
4072.12
3991.08
4172.08
4227.9
4310.82
4242.31
3862.18
4152.91
6612.43
4283.24
2899.34
1349.94
-7719.68
-102.107
-4665.39
-657.285
3282.89
4786.78
6409.87
7268.28
6732.99
7313.24
4071.8
4011.09
4015.37
4236.09
4253.33
4187.46
4230.08
4243.12
4174.66
4327.33
7889.84
6147.24
3623.33
1226.43
-3708.99
-3409.8
-2583.12
-2818.16
664.54
5048.04
7072.26
6582.32
7391.31
7109.26
3863.83
3817.21
3866.16
3811.27
3788.53
3871.92
4149.49
3981.95
3734.64
3915.27
5939.48
1055.48
-4866.7
-9067.42
-9914.55
-698.688
-318.121
-3165.57
3046.16
4960.61
6523.04
6105.6
8453.03
6065.04
3478.86
3314.7
4687.56
4362.4
4418.2
4530.97
3497.96
4422.72
4035.98
4306.32
6695.27
4787.71
7.2195
-3271.07
-5359.06
-3123.97
5802.51
-543.548
3517.1
5303.91
7083.33
7562.63
7592.16
8247.15
4355.92
4097.47
4133.09
4570.63
4495.99
4604.03
4780.73
4845.18
4382.44
4758.82
8591.15
3985.48
-2919.87
1382.35
384.525
-5508.25
-2618.94
-3585.38
366.235
5311.77
7692.48
8681.01
8503.35
8102.62
4588.95
4510.12
4770.82
4434.77
4605.74
4595.37
4518.2
4873.6
4575.76
4643.66
8422.12
7550.45
416.31
472.607
-5017.32
-5891.77
-4814.06
2092.66
4184.13
5473.12
7555.88
7492.96
8143.76
8145.78
4183.71
4520.79
4302.63
4315.44
4753.66
4558.22
4414.84
4634.29
4378.64
4670.37
7972.2
3276.91
-3751
-4369.87
-3254.51
5999.03
1668.41
-2804.58
2886.67
5917.09
7301.92
8067.81
7861.89
7886.56
3790.44
3850.21
4067.2
3952.79
4196.28
4141.6
4185.65
4588.59
4370.97
4622.57
8268.71
3522.65
-1832.2
-2616.88
-8962.54
-7309.78
599.609
1933.99
630.977
6147.55
7509.51
8286.93
7845.48
8390.63
4186.98
4350.34
4153.71
4187.14
4377.95
4283.07
4576.3
4399.5
4388.86
4507.33
7911.15
3468.59
-4199.94
-6964.89
-2902.13
290.37
1765.63
-142.647
3975.72
6021.59
8357.96
8272.5
8601.76
8414.71
4615.45
4424.91
4693.45
4576.41
4638.27
4633.42
4735.64
4931.1
4821.67
5064.56
9005.03
3741.02
3988.05
3905.94
-276.701
290.497
-3923.26
-2942.07
2260.62
5831.58
7971.68
8196.43
8425.98
8953.7
4260.98
4430.88
4527.37
4440.34
4556.37
4516.54
4846.01
4723.58
4784.94
5061.26
8589.04
2312.35
4257.64
-2831.78
-5429.71
769.472
-6756.75
-3897.71
6503.14
6487.84
8210.1
8196.17
8663.81
8211.31
4355.41
4393.72
4705.87
4668.48
4505.55
4792.77
4722.17
4729.79
4658.88
4955.43
8437.08
4673.92
219.082
-2224.43
-3508.4
-9560.01
675.199
-432.958
3609.08
5368.39
6945.9
7903.8
7518.94
7723.21
4031.59
3819.01
3998.14
4011.87
3856.96
3995.42
3847.36
4021.63
4035.17
4077.08
7172.37
1002.28
-4829.17
-9402.63
-8556.22
-4440.31
-5487.42
-5045.96
2687.52
4664.63
5849.53
6550.41
8845.32
8533.9
4701.31
4406.57
4768.83
4680.47
4579.6
4577.16
4747.49
4667.14
5057.58
4850.91
8955.33
6229.49
-3876.08
1372.11
-376.889
274.999
-7463.4
511.475
660.527
5835.47
8578.49
8867.86
8664.65
8640.73
4751.82
4781.13
4468.41
4647.36
4854.02
4828.24
4839.85
4627.32
4729.74
4722.81
8156.91
6277.33
5633.61
-3463.48
-9369.53
-7559.11
-7000.32
2251.07
4076.91
5312.71
8305.89
8449.73
8195.77
8806.8
4335.25
4669.99
4741.78
4887.72
4764.34
4684.51
4992.69
4818.86
4709.77
5009.92
8074.36
6836.44
4053.84
-8458.31
-9058.81
-2614.45
1093.69
-442.321
2047.32
5951.75
8458.54
8781.29
8569.48
9061.07
4748.05
4322.76
4414.49
4775.29
4669.87
4893.46
4641.82
4679.52
4648.54
5097.77
8493.62
3142.03
3880.91
8622.02
-9427.4
-419.79
-2980.23
-3005.12
280.225
5357.93
8192.26
8476.72
8688.26
8493.98
4660.76
4297.92
4743.99
4547.05
4585.7
4867.68
4587.27
4787.27
4605.95
4661.89
8248.49
6530.63
-4569.28
-6350.3
-7680.09
-3568.08
3011.41
-302.828
0.820165
5058.39
8446.58
8311.38
8553.03
8682.32
4447.07
4724.53
4631.26
4587.83
4805.72
4641.85
4714.33
3506.9
3809.24
3597.69
6563.61
2168.15
2264.02
-2856.06
-11127.7
-9103.63
1088.57
-2306.89
-1198.62
4239.54
6639.94
6460.24
7409.07
7165.14
3900.73
3753.71
3995.15
3661.35
3870.24
3767.32
4204.23
3982.56
4112.17
4201.79
7495.04
2798.41
-1120.73
-7405.85
-1455.33
-1255.96
-1242.67
-4708.99
1650.24
3879.63
7452.18
7543.83
7206.3
7629.59
3957.26
4024.65
4291.09
4308
4091.15
4147.45
4236.75
4071.19
4081.52
4033.64
6499.73
2176.43
-1556.91
-9301.65
-11012.6
-9502.89
-1005.58
-4413.07
4877.34
4032.63
6749.07
7584.74
7731.57
7656.05
3901.75
3999.52
4260.94
4093.36
4215.32
3998.01
4221.24
4228
4370.12
4519.5
7307.02
1660.24
2305.26
-4304.5
-4362.08
-9091.56
-5766.08
-5540.87
73.8995
4485.44
7015.36
7932.96
7402.67
8235.24
4137.15
4118.96
4439.05
4361.56
4340.06
4619.13
4312.81
4666.96
4485.41
4558.4
7701.73
1049.31
-3899.64
-4025.48
-4711.69
-1060.51
-5947.16
602.939
2924.5
5343.11
7559.5
7277.51
7462.62
8248.22
4344.82
4323.76
4431.12
4424.68
4238.07
4651.41
4649.67
4227.07
4286.74
4380.19
7264.71
5668.99
2118.84
-4619.34
-10704.3
-1804.11
-7981.5
1237.28
2755.61
3765.67
6453.26
6909.62
6778.18
7637.73
3606.83
3790.39
3807.89
3611.35
4071.1
3940.37
4152.22
4160.79
4171.51
4490.14
7450.17
5156.91
-5944.79
-7013.19
-4954.65
-9851.82
-9698.53
714.842
23.7627
4054.45
7426.1
7316.87
7852.12
7721
4283.56
4367.63
4311.24
4366.87
4152.46
4183.29
4426.93
4200.07
4383.12
4272.86
7665.05
589.822
2038.17
-4884.18
-10249.4
-10128.4
-1041.11
2383.23
2367.17
4627.24
6789.66
7749.87
8104.85
8215.77
3934.08
4080.3
4348.14
4508.66
4456.98
4308.65
4313.74
4570.93
4392.04
4848.86
7373.25
3234.33
2326.64
-6535.54
-9229.21
-1654.14
-314.514
635.541
-1230.05
4788.75
7244.22
8118.62
7912.6
8079.04
4383.26
4224.56
4359.87
4399.65
4213.79
4558.8
4232.63
4430.78
4746.44
4598.37
7375.4
6342.31
-5077.16
-454.039
-9412.1
-11823.9
-479.441
-4686.99
312.551
3695.62
7647.94
8102.82
8208.94
8419.03
4164.82
4176.19
4126.68
4520.07
4538.96
4287.03
4693.24
4416.31
4775.81
4730.93
6803.12
-646.262
-1593.67
175.293
-11818
-9162.77
-900.9
-6540.94
44.897
3481.11
6748.37
7194.44
7485.39
7960.34
3909.08
4266.04
4264.2
4011
4215.81
4396.49
4213.87
4118.7
4161.57
3937.56
5456.19
888.824
-2887.55
-2397.44
-10365.8
-11631.5
-10004.8
-4528.31
2648.79
3541.48
7555.64
8046.58
7897.39
8238.86
4239.2
4483.75
4484.01
4576.04
4480.56
4742.69
4672.95
4880.64
4870.21
4730.64
7448.65
2250.64
1462.7
-365.456
-1565.46
-5454.1
-4870.33
-2402.9
2430.18
4879.2
8012.29
7619.14
8323.47
8054.05
4376.41
4204.2
4408.7
4268.47
4312.25
4360.66
4690.59
4699.74
4498.62
4538.55
8014.3
4928.09
-1679.84
-968.35
-1610.21
-11738.1
1.4589
-5253.55
-96.1342
1633.64
5516.33
5602.82
5829.36
5871.1
3294.11
3239.21
3562.79
3401.4
3436.51
3683.75
3551.5
3656.99
3991.98
3763.32
5796.13
3849.59
-6762.35
-11062.1
5329.01
5564.87
-10224.5
-3363.17
-439.835
3728.05
6355.26
6767.16
6504.32
6922.94
3741.77
3715.26
3988.7
3927.26
3813.33
4013.66
4023.24
4246.21
4102.45
4479.59
5275.47
-59.6522
-7517.28
1747.45
-2171.33
248.684
-8529.38
0.21873
-2706.85
2340.87
6654.9
7601.77
7208.2
7827.54
4119.07
3891.85
4113.21
3854.88
3996.5
4207.11
4090.73
4357.14
4210.43
4482.26
6406.13
-378.915
71.3708
1817.2
-6557.14
-13222.6
-5061.49
-795.226
-3510.86
2387.04
7216.11
7628.09
7833.86
7213.95
4111.53
3909.92
3946.67
4123.08
4057.66
3973.81
4189.31
3969.05
4212.33
4093.62
5422.89
3676.24
-3053.22
7853.42
-10034.1
5853.32
-5427.53
-960.95
-2237.11
3492.59
6667.33
7113.83
7681.31
7808.95
4006.85
4234.12
4166.37
4432.53
4225.78
4204.58
4264.4
4323.48
4510.4
4691.85
8856.33
6088.9
281.318
-12833
-2296.8
-1954.59
-11353.4
-3650.83
5232.98
2013.18
6417.69
6887.95
7347.6
7855.82
3803.08
3679.13
3935.58
3973.66
3993.94
3848.16
3517.68
3756.07
3397.11
3411.66
4338.31
-837.687
-5301.93
-10241.3
-11516.9
4106.11
-12672.9
-9389.5
-4670.92
-4.20138
7376.98
7720.46
8047.05
7543.63
4189.35
3960.96
4177.67
4199.77
4429.37
4401.12
2921.34
3125.62
3278.69
3569.39
4452.4
-2103.79
-8064.04
-11337.1
-6775.32
5848.43
-11640.4
-3603.31
-3167.58
3639
6503.08
7045.18
7870.17
7431.67
4177.34
3831.82
4091.61
4347.14
4241.47
4112.65
4142.27
3112.32
3407.15
3258.15
3685.77
4215.8
-9693.99
-2076.8
-7791.18
-3817.58
-12600.1
-4669.25
-1488
1307.72
5929.16
6578.87
6612.38
6380.26
3655.28
3526.96
3474.53
3580.62
3748.82
3867.75
3699.92
3957.66
3910.43
3911.25
4032.77
-2398.03
-2832.86
-3513.99
-7795.13
-3292.37
-435.994
-5256.46
-185.977
3214.44
4352.96
7163.4
7486.97
7426.75
3926.38
4023.03
4023.66
3033.14
3196.45
3401.43
3044.52
2883.23
4358.3
4175.73
5619.96
-521.915
-7117.63
-14332.2
3669.68
-4658.31
-4316.88
-1313.24
2251.17
2783.66
6537.67
7244.19
7324.94
7742.75
3760.13
4094.71
3876.57
4172.04
4034.19
2871.33
3049.71
3315.85
3343.86
3697.43
6245.08
-2316.02
-8555.27
-7237.38
-6960.61
-2844.15
-7056.99
-10099.3
-958.66
-444.794
4693.87
5597.09
5183.79
5875.75
3167.48
3179.41
3119.38
2940.34
3452.41
3197.66
3592.65
3381.19
3593.19
3889.18
5628.7
2732.65
-10146.9
-10848.9
-15400.1
-3852.67
-12482.3
-10402.9
-1637.1
2928.41
5254.33
6197.67
5796.21
6730.75
3345.61
3620.5
3611.85
3706.97
3432.06
3818.49
3917.33
3964.82
3933.62
4029.93
4397.88
7565.89
-1348.19
-12860.6
-7592.92
-6929.23
-6003.4
-1415.69
0.0603971
2902.51
5437.98
6957.91
6440.66
6751.54
3653.53
3595.73
3865.15
3931.73
3807.02
3758.43
3782.26
3637.8
3921.77
3590.72
3036.16
2067.29
-8344.14
-13257.4
-3454.01
-15828.4
-10169.6
-10570.3
-5161.96
593.61
5295.34
6355.07
6738.47
6145.01
3340.48
3245.61
3332.09
3620.36
3395.69
3459.4
3694.77
3922.42
3838.39
3859.92
4884.83
1574.22
-7363.38
-8480.28
-3406.53
-3660.77
-12844.4
-7583.46
-4037.8
2500.79
5413.42
6400.74
6799.59
7253.2
3712.73
3727.76
3786.43
3629.96
4033.66
4006.1
3813.65
4237.08
4277.64
4006.32
5907.24
81.0755
-10985.1
-10423.8
-3493.76
-7452.75
-3729.91
-2081.79
44.5602
1908.35
6027.2
6139.29
6470.6
7025.19
3727.95
3820.96
3554.47
4054.38
3848.44
3916.81
3818.82
3866.45
4191.93
3990.22
5595.89
2350.64
-11248.6
-8019.66
-11700
-7562.15
-13148
-7664.29
-45.4957
2629.98
5922.78
6831.97
7236.68
6823.65
3654.08
3831.76
3836.6
3651.05
4006.58
3831.34
3867.79
4177.67
4038.83
4263.04
5305.03
-2369.41
-5399.01
-16647.5
-3447.56
-12477
-3619.13
-2357.54
-3938.31
632.652
5924.64
6334.35
7094.49
6371.98
3555.39
3810.14
3720.53
3837.32
3883.11
4105.41
3986.6
4156.67
3902.31
4116.28
2682.59
-5292.96
-4804.68
6732.61
-8429.17
-1445.32
-2700.84
-9556.43
-2197.31
1389.91
5356.31
6447.27
6570.03
6951.6
3835.86
3712.98
3690.82
3621.43
4022.38
3816.45
4052.67
4018.66
3719.44
3733.26
5091.18
-1432.44
-2822.87
-17551.2
-15029.4
-16729.7
-6376.4
-855.876
-124.436
2310.01
5549.83
6143.47
5982.03
6286.71
3528.78
3369.07
3722.11
3570.88
3834.94
3633.52
3815.67
3630.62
3930.72
3510.04
1589.28
1305.2
-13273.5
-9320.03
-5168.6
-4413.33
-1691.3
-8561.65
-5557.19
2366.39
5090.58
5650.52
5943.15
6029.94
3076.54
2989.84
3060.43
3396.86
3549.24
3497.18
3445.83
3488.74
3539.93
3395.73
1796.39
-2683.78
-8875.82
-13881.3
-177.764
-4661.25
-6797.12
-8931.79
-77.3128
-1376.32
4795.07
5803.17
6270.7
5867.93
3395.7
3391.7
3364.31
3395.26
3608.54
3786.41
3672.45
3597.65
3881.42
3353.02
1068.47
-1851.28
-6359.74
5850.09
-9557.59
-9607.62
-4720.83
-6888.09
-1384.35
1986.41
5031.55
5464.83
4885.16
4910.35
2557.1
3634.62
3877.1
2440.26
3045.51
2855.92
3774.42
3792.67
4104.47
3901.39
1815.13
-2378.89
-14467.2
-14792.4
-12769.6
-5908.96
-3273.27
-10430.6
-5961.16
167.359
3247.03
5073.79
5267.18
4852.18
2660.77
2999.39
2924.53
3145.23
2916.46
3089.29
3413.78
3110.32
3256.07
3342.16
614.807
-4747.24
-2761.17
-5192.76
-17817.5
-18209.7
-15858.4
-11923
-5730.78
1198.17
3617.69
4767.09
4492.81
4792.38
2350.71
2547.14
2591.75
2541.53
4027.87
3887.78
2724.86
2516.4
2476.26
2676.03
440.896
-7702.97
-3693.41
-11416.2
-11088.5
-4767.32
-4373.01
-6648.2
-7017.64
-943.336
5128.88
6139.92
6957.93
6283.99
3474.67
3473.13
3648.08
3916.96
3621.47
3950.82
3987.28
3954.8
3996.58
3770.01
1167.71
23.182
-13839
-18132.4
-12069.5
-16495.8
-7807.99
-2262.49
-7141.06
-1376.21
4471.86
6506.75
6844.87
6529.36
3633.49
3674.9
3690.12
3529.37
3811.01
3649.54
3723.69
3609.85
4059.96
3458.5
549.752
-7482.28
-4619.26
-14646.1
-4584.26
-18395.5
-4422.41
-6881.98
-7097.05
1638.06
5190.36
5626.75
6414.3
6560.14
3374.47
3419.38
3419.24
3613.56
3869.52
3602.59
3761.5
3644.09
3935.16
3742.88
-2.46694
-2687.8
-10352.6
-4867.97
-4837.4
-17401.2
-8023.54
-12602.6
338.25
2925.06
4402.49
6257.57
6743.92
6087.17
3449.34
3601.91
3560.22
3731.68
3862.28
3717.73
3649.7
3873.13
3666.39
3436.23
962.356
-31.881
-10504.4
-19009.3
-18077.1
-5566.05
-13127.3
-10751.8
-3478.8
-322.112
4046.33
5667.44
6134.36
6226.61
3482.47
3251.1
3699.41
3507.94
3523.13
3551.65
3633.2
3531.8
3654.02
3079.74
3584.4
-7533.15
-4672.54
-21663.4
-20136.7
-9547.56
-8265.04
-7276.66
-1410.33
2070.87
4255.48
5823.59
5688.29
6018.52
3431.91
3526.6
3236.09
3370.32
3441.84
3818.24
3541.11
3880.21
3643.81
3124.98
-257.972
-459.971
-5341.73
-21787.9
-12306
-7032.4
-9848.57
-307.492
-1577.94
-2011.61
4186.54
5625.16
6348.7
5921.45
3372.55
3229.38
3281.95
3313.1
3616.57
2525.26
2559.54
2518.57
2458.78
3123.26
4614.26
-1175.33
-15173.2
-16196.5
-18859.9
-10832.3
-13663
-3474.26
-8408.23
-2416.69
3461.64
5753.14
5993.32
5884.92
3088
3243.14
3624.94
3391.46
3325.01
3556.21
3693.6
3944.96
3941.35
3080.14
2425.79
-8031.88
-3921.54
-13173.8
-15383.3
-5812.12
-4912.85
-11015.5
325.034
1632.56
4508.18
5995.05
6058.5
6215.93
3443.49
3525.28
3384.4
3473.18
3546.68
3767.12
3717.07
3679.39
3631.25
2721.27
2282.41
-1384.33
-16040.3
-15819.1
-5604.22
-11055.5
3917.62
-11007.2
-7984.75
-1665.02
4401.79
6243.08
5834.27
4072.97
2263.17
1989.09
2109.51
2354.88
2537.75
2785.42
2562.39
2755.5
2713.51
2240
906.582
-9055.62
-4832.78
-22124.5
-15410
-16034.5
-5474.89
-11775.7
-4536.43
-753.037
3547.15
5057.85
6041.27
6107.9
2906.23
3279.55
3270.95
3249.53
2913.59
3345.42
3326.6
3190.84
3290.56
2121.74
154.602
-3410.22
-5551.81
-18916.1
-6159.73
-6375.75
-9536.33
-11163.7
-1884.42
776.963
3029.01
5830.32
5447.11
3405.31
2306.27
1946.42
1978.91
1987.6
1923.17
2268.67
3725.98
3350.26
3684.27
2742.43
-1971.16
-8691.17
-2456.52
-7097.42
-5932.97
-6309.47
-17482.7
-3919.55
-4449.19
342.421
3821.42
5876.49
5453.17
6336.47
3137.67
3004.56
3294.89
3146.75
3466.38
3508.41
3402.32
3614.23
3431.48
2619.85
3952.68
-9130.09
-3234.41
-21726.7
-5702.98
-16041.3
-7465.25
-14601.8
2528.43
-2687.16
2337.09
3482.7
4078.71
4077.84
1917.34
2006.8
2060.95
3050.58
3332.04
3231.65
3557.3
3574.36
3370.48
2074.62
-3449.61
-6399.88
-17668.4
-17524
-15867.2
-20656.4
-10149.9
-13590.3
-8798.96
83.5887
2919.09
4998.93
5396.38
5607.09
2941.85
2910.06
3153.32
3235.03
3343.31
3507.22
3557.42
3651.38
3489.33
2598.06
-3426.29
-9977.59
-9648.6
4654.96
-11519.8
-6267.9
-5803.02
-4478.15
-2802.83
-3323.24
3204.97
5634.3
5847.38
5407.8
3227.16
2869.93
3129.08
3302.45
3326.21
3522.05
3533.98
3290.2
3586.27
2520.55
1136.36
-2062.39
-2347.77
-19739.7
-21855.5
-8380.26
-16042.7
-15931.7
2224.44
2105.59
387.651
3384.33
3804.75
3956.58
2029.85
2065.26
2223.83
2194.37
2114.41
2114.83
1976.37
2445.96
2285.32
795.598
-5939.88
-3366.73
-3619.06
-14849.4
-8054.21
-8654.57
-19986.5
-9361.73
-11474.8
-3719.03
2530.78
4167.58
4237.56
4157.21
2276.69
2378.08
2516.16
2399.53
2496.63
2545.31
2700.87
2732.93
2684.73
1991.46
4805.17
-6777.68
-14730.8
-18634.8
-21291.8
-12414.6
-11126.3
-4688.86
-7488.06
-1689.89
2286.72
5155.91
4800.13
5323.48
2830.34
2654.14
2792
3072.51
2895.6
2861.22
3253.4
3317.96
3193.62
1672.52
-4274.01
-2574.53
-10909.4
-7298.6
-4709.85
-12534.5
-3576.71
-15919.2
-5319.79
-290.639
1047.09
4760.53
4189.71
4688.36
2463.2
2711.68
2623.78
2854.7
3037.59
3052.77
2977.8
3176.25
2879.76
1362.87
234.458
-2683.3
-10842.6
-7066.44
-7703.34
-20278
-15758.4
-15606.8
-1034.4
-2110.98
3332.78
5201
5370.07
4899.78
2845.74
2746.08
2861.02
3093.17
2767.06
2835.55
3127.91
3297.91
3062.31
1123.53
-4441.67
-2575.97
-2813.77
-14327.3
-7712.23
-17611.2
-6829.82
-15005.6
-5938.14
-5316.8
1007.91
4477.62
4054.69
4515.76
2013.36
2249.15
2473.29
2506.7
2417.61
2592.57
2565.64
2575.84
2493.1
423.758
-6245.72
-14070.1
-15999.8
-8512.68
-13098.4
-4721.96
1882.11
-6139.87
-7255.71
-5084.28
1061.57
3168.86
3506.08
4058.23
2042.72
2245.48
2302.83
2150.2
2299.49
2323.03
2272.77
2284.23
2251.09
587.438
-7392.02
-12266.1
-12433
-15002.9
-13580.6
-24700.5
-20411.4
-9346.21
-9824.06
-2394.27
2736.19
4388.87
5061.29
5413.42
2686.52
2531.15
2576.06
2903.1
2820.79
2882.56
2778.69
3179.64
3051.92
349.658
-2381.62
-7059.31
-19306.8
-24731.6
-20275.2
-6991.24
-19362.2
-16893.1
-6167.54
-3878
1130.49
4997.03
4409.92
5407.04
2576.87
2723.14
2838.31
3021.84
3088.2
3170.33
3210.64
2947.05
2939.45
748.994
-6795.39
-2999.88
-11637.3
-22077.8
-12498.5
-13094.4
-16719.5
-13068.1
-11765.9
-677.769
2650.39
4689.32
4912.63
4635.08
2792.49
2750.94
2671.58
1515.42
1557.37
1909.63
1688.79
1624.66
1367.43
-103.72
-1599.64
-3061.89
-23469.5
-22545.9
-9919.56
-25422
-8933.29
-15034.1
-13451.4
-2221.95
910.57
2580.63
2531.56
2185.02
1328.2
1626.48
2606.52
2924.4
2747.72
3019.24
3068.08
3094.57
2715.84
-12.7587
-3531.39
-6609.2
-22460.7
-8603.61
-12689.7
-18555.2
-7394.76
-13544.4
-12248.3
-4284.24
418.031
2138.92
2346.65
2850.09
1772.23
1592.12
1972.93
1814.01
2058.89
1953.53
2338
1978.3
2267.45
211.789
-2331.56
-16326.8
-21343.5
-23830.5
-13890.1
-25524
-20525.1
-16846.9
-2459.51
-4144.64
-283.35
2853.12
2884.4
3688.93
1622.81
1984.51
1661.16
1907.74
1846.75
1781.11
1942.53
2107.54
1709.82
48.6374
-5764.42
-6514.2
2549.46
-10418.3
-13495.4
-13958.6
-20494.2
-16221.7
-13672.6
-1801.8
-949.771
2844.17
3627.19
3136.15
2056.23
2195.35
1986.85
2416.3
2266.3
2331.35
2665.48
2649.7
2771.12
1241.4
-4575.66
-4544.46
-8491.34
-9499.5
-4059.9
-21327.9
-12277.5
-10372.5
-6787.56
-6341.96
2048.86
4230.77
4303.78
4754.94
2290.7
2510.78
2549.72
2348.98
2655.35
2537.46
2970.34
2965.19
2771.59
1761.72
-4198.36
-3251.8
-12658.1
-5750.02
-19183.8
-19113
-17727.6
-7212.45
-13044
-3450.01
-847.026
3721.73
3960.07
3902.6
2257.69
2285.97
1997.65
2062.08
1859.21
2196.14
1998.8
2133.56
2186.28
-490.433
-10030.6
-10398
-20830.1
-16328.4
-21247.4
-8763.33
-17664.1
-10618.6
-3623.54
-3436.61
1746.55
3552.3
4159.02
3868.2
1667.06
1851.32
1675.6
1809.36
1873.73
2002.97
2054.45
2451.98
2123.81
-180.374
-2003.9
-6928.68
-17520.8
-28357.3
-9462.06
-5553.85
-12498
-19025.3
-10520.7
-1220.43
-552.429
3073.38
3309.09
3708.85
1706.51
1960.2
2077.9
1922.13
1787.49
2015.46
1791.58
1726.64
1712.79
-1491.6
-8026.55
-6088.8
-21840.6
-10558.8
-25741.5
-9228.77
-6415.09
-7141.77
-8350.76
-1895.07
1.45985
2514.74
3178.99
3081.08
1412.75
1617.75
1826.19
1992.91
2150.93
2457.73
2428.95
2246.87
2023.79
403.509
-9622.71
-11699
-14391.5
-10828.9
-10128.9
-13903.3
-12609.1
-10809.2
-10562.6
-1467.74
286.491
3721.37
3989.35
4042.8
2139.63
2196.7
1801.48
2084.33
2062.35
1854.46
1899.13
2204.53
1781.65
508.066
-7710.01
-18365.1
-14792.5
-11352.5
-21714.5
-9873.12
-8579.98
-16134.8
-5299.12
-5065.92
-2129.75
3444.24
4762.48
1952.52
1418.46
1053.78
1365.54
1455.02
1506.75
1716.06
1594.9
1675.46
1435.55
-74.6443
-9274.1
-5777.76
-14203.4
-16855.5
-25194.4
-8877.01
-23126.7
-16638
-8709.84
-4943.74
-1687.13
1403.25
2042.27
1593.69
2228.68
2408.52
2250.04
2322.34
2532.46
2518.9
2522.17
2801.57
2291.05
1288.55
-1228.16
-7342.78
-26293.2
-11413.7
795.524
-21391.3
-9735.62
-11772.4
-12428.7
-6872.79
-856.232
1943.92
2367.37
2434.26
1379.32
1442
1324.2
1497.71
1316.31
1505.3
1242.59
1659.18
1071.99
-1963.31
-10046.8
-5792.45
-6502.7
-28750.9
-19725
-9299.5
-6911.74
-6039.63
-10723.3
-1332.83
-1643.08
3316.96
3710.7
4701.78
2485.45
2253.8
981.255
1346.73
1519.67
1692.08
1831.8
1666.73
1626.31
118.017
-12026.3
-19074.6
-15707.4
-30432.7
-10122.7
-5133.21
-23576.2
-11010.3
-12046.9
-7285.95
439.006
2676.01
3192.81
2915.61
1468.58
1858.43
1843.93
1951.4
1693.18
2058.95
1944.45
1800.19
1330.73
-1410.75
-10422.9
-16841.9
-8970.27
-26417.2
-19245.8
-7073.9
-22243.4
-15416.6
-1994.59
-2063.72
1117.23
3338.37
4105.18
4019.99
2313.72
2132.85
2428.39
2377.6
2196.64
2668.61
2654.33
2480.29
1679.24
-1585.19
-11127.2
3119.52
3544.23
-10608.8
-8817.92
-16143.9
-13754.9
-17691.8
-5748.36
-3023.73
-732.372
1293.48
1171.46
1834.43
757.432
965.127
932.747
1249.38
1251.83
1451.09
1289.37
1474.77
662.708
283.384
-2089.66
-5553.26
-26118.1
-23361.9
1433.78
-26564.4
-9433.46
-16467.3
-4820.81
-7472.93
-284.299
2667.19
2645.84
3509.2
1746.28
1609.81
1602.51
1476.11
1586.82
1632.62
1870.98
1625.07
1311.94
-255.924
-8213.4
-8116.42
-10973.2
-27592.4
-9686.97
-9434.77
-20745.4
-4746.05
-14136.2
-3932.56
-1392.23
1309.12
2084.53
1910.79
1279.94
1107.13
1338.28
1292.4
1345.95
1184.81
1522.32
1375.79
1025.45
-1387.58
-11341.9
-21412.7
-16650.5
-18943
-20591.6
893.333
-9859.82
-6644.33
-14224.1
-2552.53
-4049.18
982.445
1184.01
1607.02
827.047
1205.31
1339.34
1421.82
1342.82
1616.71
1551.01
1256.96
844.237
-1775.42
-5554.95
-7722.22
-17700.6
-19725.9
-15890.3
-11021.9
-18801.4
-8803.59
-12956
-3950.77
-1315.8
397.069
750.953
1377.55
1805.55
1904.15
2092.98
1964.24
2262.41
2273.27
2312.13
2562.12
2148.06
-768.777
-11979.1
-6634.83
-25299.4
-18460.2
-9534.95
-14646.8
-23919.1
-15483.3
-5025.08
-7741.9
287.676
3362.78
3918.21
3570.78
2139.2
2263.21
2006.11
2345.33
2385.74
2028.68
2475.92
2305.36
1646.36
-1604.45
-3597.31
-18621.7
-7815.15
-26427.9
2087.28
-9526.05
-8895.73
-19974.8
-4660.4
-2386.29
399.12
3188.8
3927.5
3408.59
1785.64
1861.24
2025.78
2102.49
2213.2
2287.82
2284.83
2503.41
1521.33
543.891
-10630.7
-11978.9
-9411.79
-18262.9
-10809.9
-20636.1
-8996.07
-7381.91
-5022.36
-4680.72
-2395.39
2539.46
3645.96
3924.56
1882.42
2088.28
2087.54
2318.01
2338.35
2102.4
2267.54
2426.72
1603.6
223.406
-12746.7
-6836.03
-16873.1
-30161.8
-10212.1
-21005
-24361.6
-11635.8
-8628.96
-4608.73
-134.776
2280.13
3326.99
3765.73
1696.51
2075.66
1909.57
2180.57
1911.64
2403.59
2301.88
2368.47
1318.47
-410.565
-13172.1
-12491.2
-20278.5
-23222.1
-10116.5
-20989.9
-21952.6
-20525.3
-8847
-6570.04
-2191.93
1.30611
1007.76
2145.27
1074.62
1237.62
1210.36
1503.69
1580.03
1624.16
1768.79
1807.68
731.864
-2190.38
-4776.95
-9978.34
-11226.8
-19219.8
-10717.3
-15987.7
-14410.8
-16740.4
-6369.68
-7985.48
-2764.74
2962.73
2862.03
2883.77
1600.03
1951.01
2008.84
1781.87
2200.8
2229.88
2360.55
2230.45
1030.6
-30.5945
-4625.68
-21498.5
-24225
-19297.1
-10882.6
-22727.2
-9756.98
1716.13
-1807.71
-6547.95
-86.5191
1465.4
3005.67
3068.34
1856.86
1560.72
1902.75
1718.68
1802.75
2189.09
1862.34
2151.73
858.349
-2048.13
-8345.63
-9153.11
-21115
-30899.8
-9798.1
-21736.6
-14561
-8018.04
-9329.89
-2368.73
-3289.71
1551.52
2388.12
2981.69
1383.15
1726.6
1877.14
1958.65
1534.63
1868.31
1934.47
1771.11
1125.72
-3591.13
-15747.6
-11005.2
-11836.1
-27968.1
-11825.8
-22867.6
-15854.8
-8192.15
-8818.04
-9835.52
-2705.93
2133.76
2734.72
3479.05
1751.61
1909.75
1700.01
2032.06
2173.41
984.535
933.911
1866.12
2035.18
-3118.91
2860.15
-13192.4
-24021.3
-12242.3
-11575.4
-10279.8
-24502.6
1706.74
-12248.9
-3130.7
-370.337
2098.93
622.769
3557.55
1672.7
1636.75
1684.08
1937.13
2156.23
2024.42
1968.32
2048.68
1167.17
-2362.57
-4929.77
-22176.5
-24235.4
-12282.9
-11145.1
-10550.5
-10492.6
-8490.6
-16216.9
-10147.4
-3280.68
-490.781
307.582
749.942
452.456
753.979
1906.96
1872.1
2015.72
1910.38
1784.49
2009.99
1078.01
-3487.17
-14869
-21849.6
-10874.3
-19698.1
-11074.6
-10437.5
-10109.1
-21798.4
-10153.8
-10410.9
-2421.28
54.7794
1138.74
2131.74
981.914
1213.92
1099.37
1595.84
1491.74
1659.47
1753.3
1603.79
358.127
-3557.62
-9048.1
-13698.2
-28084.7
-8933.59
-10918.4
-14522.3
-9754.43
-13371.3
-12799
-5766.56
-1890.93
1829.65
2728.95
3334.41
1383.74
1603.75
1812.58
1633.69
1785.04
1748.28
2143.79
1877.14
324.066
-1920.62
-12405
-13850.6
-10888.1
-24892.9
-16830.3
-7986.47
-14890.8
-5003.35
-6462.4
-5496.19
-1218.17
1570.21
3071.15
3244.69
1605.99
1879.7
1622.87
1587.79
1928.86
1956.29
1859.29
1937.12
471.343
-649.552
-15168.2
-16856.5
-17498.6
-12054.7
-16841.6
-22563.4
-21833.9
-19564.7
-9890.58
-10093.6
-1279.18
820.877
2726.46
2321.32
1403.75
1407.98
1498.2
1640.47
1962.38
1854.27
1989.1
1901.02
-20.8775
-3714.9
-13957.8
-18403.7
-21829.8
-12515.9
-11833.2
-16191.4
1432.63
-20758.7
1357.82
1574.16
-1573.53
1141.45
2222.04
2939.06
1675.35
1595.47
1509
1625.97
1629.88
1640.86
1678.52
1655.2
-62.0607
-1079.48
1833.82
-17613
-11873.2
-31403
-17749
-11136.9
-25751.4
-21362.7
-10403.9
-6926.05
-3290.07
10.0204
1627.6
1472.61
642.961
1109.05
861.131
1081.1
1416.6
1479.01
1364.57
1318.94
-337.045
-2392.08
1729.77
-18898.7
-18133.4
-9883.15
-21743.5
-11582.8
-11547.1
-14612.5
-16827
-6937.62
-1843.68
-278.835
825.046
1682.93
1141.95
975.391
1338.04
1539.72
1598.7
1626.24
1787.95
1691.23
-167.95
-3622.16
-9585.66
-23726.4
-13089.8
-26036.1
-12176.5
-11086
-11240.9
-8734.74
-6784
-4573.43
-4712.81
607.966
2293.68
1915.16
1371.05
1407.34
1157.43
1503.23
1490.92
1468.95
1606.17
1744.27
516.685
-1016.17
-16231.2
-14343.1
2352.44
-20455
-12033
-24772.8
-15175
-17263.6
-10055.6
-10275
-2816.91
343.566
2900.1
2363.32
1474.67
1348.54
1709.22
1567.75
1451.57
1566.35
1725.6
1574.05
-466.186
-3037.83
-15767.7
-17942.9
-22200.1
-25615.3
-17160.7
-16745.9
-11030.1
-20850.3
-6526.88
1918.45
-2673.67
824.085
2978.8
2555.13
1500.7
1628.36
1733.66
1452.65
1428.75
1597.54
1572.23
1705.18
-428.664
-2070.84
-9236.41
-9010.08
-12486.5
-12986.7
1540.37
-16866.4
-25435.3
-16786.8
-6475.12
-3978.03
2159.78
1172.73
2395.08
2923.29
1249.54
1538.28
1322.07
1494.52
1440.45
1349.93
1470.64
1409.36
18.1672
-1287.72
-13113.1
-10088
-13290.6
-13846.2
776.732
-11985.3
-23093.8
-21567.9
-14409
-4461.97
-5313.44
-16.1844
1553.3
1285.27
881.461
699.615
909.31
904.054
1043.63
1163.26
1362.05
1208.47
-259.179
-1329.57
1795.51
-23634.3
-22787.4
-31749.5
-17507.9
-11941.7
-26198.9
-17990
-13499.7
1356.8
-3210.67
2.94968
1438.93
1593.95
910.786
1255.83
1061.58
1344
1390.72
1535.53
1265.5
1127.32
-907.228
-4515.49
-9851.89
-20064.6
-12877.3
-29316.1
-22543.5
-16927.7
-25697.9
-19329.9
-16531.2
-9010.9
-3102.25
151.208
1631.99
2199.45
1190.99
1410.4
1250.61
1222.82
1304.24
1423.68
1657.78
1571.6
-277.892
-2376.72
1813.4
-9728.19
-17261.5
-31330.8
-11594.4
-11432.4
-16042.2
-13410.4
-4475.29
-6433.16
-2075
1.89135
2518.02
2822.4
1286.86
1187.11
1352.73
1487.76
1578.09
1395.32
1529.55
1190.85
-736.253
-2176.95
-16475.2
-20094
-25192.9
-13799.3
-24533
-27468.2
-25962.5
-21272.2
-13638.5
-2737.93
-5591.32
185.315
2162.51
1817.46
867.668
802.526
847.033
1006.61
1076.57
1093.8
722.35
820.91
-933.661
-2418.14
-14619.5
-19853.5
2442.92
-20983.1
-11340.4
-23096.4
-16140.9
-10137.2
-13982.7
-8984.55
-2917.11
729.075
2273.11
2608.13
1205.01
1399.33
1455.39
1545.32
1605.27
1396.81
1761.31
1349.37
-603.562
-1618.65
-6589.72
2009.76
-10301.2
-29295
-11894.6
-11980.8
-22446.4
-9626.43
-6443.84
-5977.22
-3406.67
0.774053
2724.46
2496.01
1351.86
1620.91
1619.44
1384.96
1308.32
1560.88
1618.01
1558.98
-429.163
-4313.06
-14640.2
-9528.55
-25606.7
-13306.1
-11745.1
2120.79
-16115.9
-17826.3
-5871.04
-6254.47
-1970.97
1032.4
2624.68
2757.23
1166.8
1379.81
1253.09
1306.39
1596.87
1626.66
1507.77
1433.6
43.1958
-1067.8
-12880.9
-14266.3
-13565.6
-11684.4
-22868
-12389.1
-25468.4
1800.13
1960.4
-6087.14
-2370.62
-110.182
2504.51
2625.43
1118.42
1236.38
1243.34
1659.36
1392.66
1723.16
1644.42
1154.76
-14.9851
-1504.54
-10256.7
-8882.38
-13562.2
-21092.2
-27854.9
-27507.3
-21197
-17444.1
-10734.6
-4365.12
-2059.8
-274.583
2380.85
2082.86
1225.64
1255.37
1403.38
1605.3
1288.85
1458.15
1655.34
1194.76
-1028.92
-4428.27
-13339.3
-23463.5
-28047.8
-26809.6
-24966.9
-27374.8
-11264.4
-21168.9
-7533.44
-4594.4
-2145.26
-67.7394
1814.13
2355.82
1271.56
1515.67
1323.45
1231.28
1632.13
1646.3
1282.09
1486.03
-988.552
-4530.45
-7620.32
-8610.32
-28651
-14733.6
-18376.3
-12908.3
-25672.9
-10695.6
-11076.6
-4405.05
-3670.77
-440.325
2500.29
2232.82
1376.75
1441.32
1276.32
1544.74
1194.17
1314.99
1681.98
1446.74
-96.9589
-4792.87
-10329.8
-14937.7
-14035.7
-29576.2
-12620.6
-7143.94
-23756.4
-21518
-10960.8
-4474.08
-5722.82
241.721
2088.42
2157.61
1384.37
1467.74
1340.26
1469.01
1259.51
1392.99
248.559
196.36
-986.041
-5711.82
-18865.7
-16667.2
-26846.8
-9037.23
-13870.5
-14898.6
-23368.4
-13817.9
-15606.9
-11163.9
-6916.52
-1662.24
-140.047
-302.659
216.571
201.645
-51.9812
1377.57
1297.21
1253.19
1463.79
1415.02
-1271.32
-1890.29
-7111.43
-22039.9
-13322.3
-31225.7
-12741.7
-25559.3
-26143.4
-13195.5
-9285.58
-11578.1
-7639.31
-2040.69
111.474
757.054
491.961
671.83
879.254
559.48
579.636
830.088
880.971
553.85
-1180.52
-4227.66
-10380.8
1211.28
-18448.3
-22191
-13541.7
-22644.1
-26649.6
-14643.3
-11589
-5180.8
-2906.05
-621.507
1318.2
1739.09
893.4
790.775
1071.61
664.819
656.009
807.615
650.424
674.237
-679.485
-3581.52
-18375.3
-11120.1
1063.51
-28494.8
-13982.1
-26191.8
-22057.7
-12653.3
-14833.5
-7711.39
-5394.7
-1299.91
428.992
541.438
607.698
455.418
677.437
613.296
886.234
621.262
971.485
454.02
-1629.7
-3485.37
-15864.4
-11304.3
-14104.4
-22073.6
-28343
-22360.7
-17547.9
-14478.4
-9657.36
-11708.3
-3294.86
-856.957
879.883
1082.5
913.796
835.884
840.959
1015.13
951.719
1157.18
849.086
538.403
-659.823
-5160.7
1551.34
-15562.7
-26559.9
-16620.5
-23231.5
-25845.1
-21689.1
-22409.6
-8694.05
-10029.1
-4461.74
1864.69
1919.95
1408.95
891.598
864.054
1233.95
1128.18
947.595
1143.63
1378.3
799.779
-449.371
-3779.77
-12039.8
-14724.8
-18363.7
-15895
-13785
-18241.2
-13877.3
-12132.2
-8671.93
-4103.44
2151.65
-498.499
1510.96
1930.25
1026.1
1126.23
1077.7
1333.76
1151.66
1365.8
1414.21
1018.66
-577.947
-2190.49
-7679.52
-8968.37
-27917.7
-15413.2
-9648.85
-18346.3
-23216.1
-14424.5
-10362.4
-7262.84
-6158.62
-230.735
2043.76
2409.13
1122
1147.44
1102.27
1110.15
1176.64
1286.47
1308.28
941.524
-994.28
-4847.49
1477.67
-10304.9
-18786.8
-16199.2
-14120.4
-26962.2
-14008
-14937.8
2010.82
-5738.27
1572.35
-303.59
1365.82
1583.46
935.479
626.457
767.51
965.94
836.111
641.166
1008.01
554.697
-635.197
-2257.14
-13286.6
-9842.65
-19161.4
-21530.8
-23635.4
-18996.8
-25871.7
-15002.9
-17862
-8184.48
-6706.75
-1627.69
378.488
440.948
274.078
682.04
400.233
534.317
554.079
278.121
384.072
205.795
-1343.04
-5328.66
-8352.15
-12057.6
-14287.5
-8512.85
-28509.2
-27515.7
-26338.2
-15659.9
-11941.4
-8734.13
-3941.4
-262.324
2239.66
2445.63
897.329
1008.93
1220.37
1312.85
945.726
1213.42
1283.39
655.528
-1357.87
-2053.17
-17425.8
-14337.8
-20079.8
-31024.5
-22150.8
2303.78
-25617.6
-13707.4
-17271.1
1835.43
-4275.5
-1121.97
2025.01
2342.69
789.07
944.979
1115.36
-281.964
-228.214
856.776
1173.01
593.576
-414.072
-4074.21
-10758.5
-5962.15
-23822.1
-17854.8
-28568.8
-28655.3
-26955.2
-21346.6
-12114.2
-12094.5
-5807.63
-1765.35
-178.133
345.849
-177.961
-221.442
3.38697
-90.7964
911.238
1311.35
966.15
676.682
-1559.26
-4896.27
-17707.2
-20547.4
-28379.8
-26796.5
-17936.1
-27475
2044.72
-12262.7
-15786.4
-5918.44
-2747.79
-851.358
1618.87
2334.87
809.872
825.496
1105.52
998.217
931.97
1323.9
1252.9
849.975
-1183.39
-3258.06
-14302.3
-23648.3
2185.72
-16130.2
-14232.5
-18346.7
-25300.9
-17550
2483.05
-11187.8
-9228.01
-1806.71
-305.353
-233.099
-68.0263
-203.112
-217.577
-175.904
-7.34249
-117.074
-50.6098
-128.806
-1682.16
-3233.55
-12708.4
-226.188
-15628.4
-21467.7
-29005.3
-15021.9
994.817
-14055.6
-11967.4
209.291
-9168.86
-3195.81
-191.288
0.479682
52.9973
32.2229
-111.119
-135.499
-64.1556
-184.903
-96.6102
-232.474
-1692.04
-5115.94
-10426.2
-10871.3
-24711
-16161
-12685
-22689
-16054
-14080.7
2529.64
-3935.81
-7341.79
0.900818
1589.52
1940.07
755.894
954.842
1007.61
775.255
849.541
1065.36
942.791
775.178
-1405.79
-2449.83
-7540.38
-10804.5
-27984.1
-15722.2
-14722
-26872.9
-16674.5
-10533.4
-9198.03
-10925.1
-8752.42
-2609.41
-35.6973
-110.839
83.6193
14.755
51.1262
-10.0746
2.20746
173.787
5.09749
-126.706
-1415.06
-2811.9
-16696.7
-16378.9
-14470.2
-16701.7
-23561.9
-14123.8
-15806.8
-13309.2
-8006.82
-3393.01
-3910.47
-2331.03
579.465
329.695
387.616
696.514
545.193
923.254
939.682
1021.67
623.524
190.301
-1335.82
-2604.9
-12523.9
-11006.5
-28904.9
-19925.7
-17816.8
1947.34
-25476.4
-12539.7
-11306.9
-9544.58
-3199.5
-945.846
1011.46
379.049
387.295
267.337
148.786
501.37
302.192
195.506
182.915
-178.236
-2304.51
-4200.38
-10265
-10688.6
-13769.5
-16151.9
-27476.9
-27028.6
-26789.1
-13725.8
-10559.3
-10215.9
-5710.84
-2585.88
-410.957
-423.56
-339.204
-143.397
-307.883
994.541
707.454
1067.94
818.904
430.082
-1006.27
-1684.69
-14112.6
-11638
-18843.3
-16737.6
-21560.5
-17959.3
-16014.8
-12078.9
-16131.7
-9061.7
-4297.3
-997.242
1586.28
1953.57
1018.19
972.846
1095.39
910.476
725.318
949.407
826.61
779.415
-1375.51
-2062.25
-17244.9
-20394.7
-13766.4
-20014.6
-14563.1
-26611.4
2734
-14219
-10906.5
-7402.78
-5252.9
-536.819
1606.5
2042.41
1158.92
1088.48
759.415
803.555
813.636
1102.23
778.71
814.969
-1051.17
-2165
-14406.4
-20298.4
-24515.6
-20332.1
-27590.7
-15669.9
-14324
-11870
-8684.22
-5210.82
2802.47
-1270.48
2035.72
2384.02
974.533
937.055
1160.22
1019.42
886.54
1059.41
1097.12
707.042
-554.055
-4123.28
-16738.2
-23400.2
-27431.5
-18074.5
-14558.3
-16755.9
-15938.4
-17087.6
-17092.8
-5415.55
-6843.22
-892.978
1684.95
1712.6
939.938
956.875
875.835
1138.42
754.089
834.518
783.17
717.224
881.331
917.725
-10990.2
-23400.9
-27278.5
-26198.1
-27264.1
-26398.1
-14211.7
-11770.7
-11251.2
-7749.25
-2928.68
-416.389
1702.04
1782.42
1037.42
1009.92
1162.36
729.608
854.799
1088.21
1029.39
623.715
-1499.12
955.952
-16880.7
-14556.5
-13502.1
-26400.5
-23347.8
-26209.3
-20599.5
-13804.7
-10463.6
-9214.38
2399
-633.563
2301.28
1666.05
1001.57
978.829
730.913
977.196
691.798
806.438
1024.57
664.326
-1026.37
-4670.11
-10553.4
-10795.6
-18203.5
-15724.1
-27510.9
-17632.4
-13410.1
-13936.3
2697.65
-6398.66
-6467.73
-777.939
2273.39
1577.8
1027.96
764.901
756.553
835.743
967.786
960.678
801.557
609.95
-1477.4
-4670.2
-15443.7
-17974.3
-18482.1
-15478.3
-17930.4
-25649.5
-15616.8
-11518.7
-10178
-9136.67
-5806.66
-398.369
1940.43
2049.27
1068.18
825.452
1019.08
891.316
946.758
835.486
812.823
805.902
-817.874
-4420.52
-10156.1
-23135.9
-17801.4
-15069.6
2566.79
-19014.5
-16956.6
-15310.2
-16658.6
-7179.33
-8338.96
-1778.97
276.053
-398.217
0.596524
34.3488
-38.8292
-58.8847
-272.696
-59.9538
-111.305
-432.171
-1738.19
-5007.32
-17786.7
-11487.4
-14895.6
1487.56
-15286.6
-13929.5
-23905
-7857.31
-18031.8
-11118.1
-8426.84
-1629.08
370.044
-181.078
-7.48165
285.968
451.032
342.383
427.417
372.258
591.682
14.9323
-1790.59
-4968.97
-14055.1
-20461.1
-19911.4
-29190.8
-19322.8
-22173.3
-16581.7
-15314.5
-11894
-7384.42
-3578.85
-933.075
1185.93
1258.98
603.105
253.998
500.692
350.155
272.959
83.3444
100.074
20.0901
-1340.78
-4190.1
-12007.3
-20778.4
-27648.2
-29799.8
-18953.7
-21884.9
-17172.7
-9354.86
-17350.9
-7975.2
-7193.78
-1264.83
1068.76
1142.92
676.152
607.354
603.083
596.545
192.165
469.35
634.645
270.991
-986.683
-4846.94
-15286.1
-19963.4
-14885
-28289.2
-14399.5
-21633.6
-13761.9
-14691.3
-13325.8
-6799.79
-7145.35
-1578.27
577.978
709.858
428.419
266.8
114.697
228.35
6.91744
-6.14929
353.521
208.304
-992.072
-4439.17
-14840.9
-19554
-13160.1
-14484
-25611.5
-25643.9
-13274.2
-14743.9
-11846.5
-7932.71
-4868.26
-742.096
1360.81
869.454
411.091
388.813
570.66
421.528
463.882
638.404
631.215
483.2
-1367.51
658.212
-11256.5
-22537.3
-18541.6
-21191.8
-13865
-14364.7
-12924.2
-14438.3
-13528.3
2097.96
-4118.2
-78.9754
1752.85
1907.86
921.018
788.712
724.71
849.879
601.559
790.949
678.369
297.761
-713.211
-4848.36
-7100.57
-22616.8
-23921.4
-21778.9
-24511.2
-15207.5
-16641
-19325.5
-11465
-5810.81
-4171.64
-422.237
1831.28
1886.24
1068.53
613.007
939.599
639.543
626.7
871.091
730.351
415.064
-1204.11
890.1
-14756.8
-10574.8
-12098.6
-25321.5
-13270.7
-24808.2
-15493.9
-9030.51
-10915.8
-6058.85
-5963
-815.476
1982.08
1423.37
793.644
828.604
586.094
721.976
552.633
790.179
808.544
430.113
-952.012
-4489.03
-14639.6
-10763.3
-13824.4
-27846.4
-25432.4
-14998.3
-22611.8
-18570.8
-9205.19
-7425.1
-6042.53
-750.936
2085.09
1436.41
729.232
834.195
928.909
738.171
717.48
988.889
946.972
763.353
-831.22
-4521.04
-10542.9
-19929.2
-14659.2
-13836.4
-25126.6
-16743.2
-13348.8
-11760.2
-16824.4
-5669
2697.37
-669.239
1476.28
1521.53
961.941
533.028
509.82
693.004
680.479
487.757
359.736
313.272
-1679.94
-4363.58
-14064.5
1807.01
-12252.2
-23531.8
-25318.9
2060.98
-12746.8
-12515.1
-11843.3
-12156.1
-7540.12
-2061.83
381.858
45.3588
-142.907
-32.42
-64.3613
-99.412
-167.805
-312.357
-160.574
-235.995
-1645.76
-4558.26
205.29
-21717.2
-13689.9
-15717.3
-16730.9
-15687.4
-21409.5
-20446.6
-10123.4
-7178.19
-4323.22
-1917.8
1.54607
1866.22
866.282
730.97
713.109
775.315
910.404
820.275
883.448
550.864
-427.668
-3152.8
2173.59
-21913.2
-25523.6
-14116.8
-12375.1
-22353.1
-14906.1
2816.03
-10667.4
-6594.79
-2532.85
-34.5602
2281.06
2263.81
887.28
1160.83
742.328
667.339
662.662
916.881
935.684
847.192
-512.526
-3033.04
-15633.1
-14276.4
-25732.3
-25109
3186.26
-16363
-21457.7
-16432.6
2955.43
-5448.74
-2930.37
104.125
2061.12
1840.72
901.538
928.874
992.993
969.094
961.611
1008.32
784.38
635.494
-1418.85
-3927.08
-14298.3
177.277
-13300.2
-28029.1
-22338
-21543.1
-24314.7
-14937.7
-17522.3
-7678.5
-3947.01
1541.91
509.309
485.363
-15.523
-121.905
-56.5919
-25.4293
-103.274
-210.349
-190.342
-39.3512
-1668.03
-4193.98
-8445.84
-23874.6
-19922
-21642.2
-6432.56
-7871.74
-13274.1
-14912.3
-17601.8
-6322.2
-7508.74
-1314.44
271.284
249.711
415.152
348.662
588.831
525.059
608.96
411.115
739.126
364.643
-670.879
-3633.41
-10395.4
-14040.8
-24242.3
-28580.2
-24073.5
-21758.4
-15341.8
2923.55
-8810.39
3035.34
-4892.42
-793.522
2242.08
2075.29
997.347
692.398
841.982
732.344
781.784
907.766
652.481
678.235
-533.155
-1416.23
-13091.9
-18979
-25693.8
-14970
-23242.8
-20587.9
-23200.9
-11623.4
-8688.92
-4826.98
-4802.79
-182.047
2478.58
2544.42
1156.57
967.954
727.722
856.363
939.16
981.505
715.233
824.972
-387.61
-1794.94
-6713.19
-10216
-25414.1
-25930
-5054.82
3174.28
-23817.5
-13505.7
-10751.7
-6767.46
-6627.43
55.156
2801.33
2547.51
970.421
957.285
745.929
1022.32
831.247
1033.67
844.834
759.884
-351.595
-1642.31
-12757.7
-21688.4
-16734.7
-15718.3
-17033.7
-20886.5
-15348.8
-21410.9
-12739.6
-6933.24
-6175.89
-1260.68
989.735
1098.31
733.945
540.278
846.086
525.449
593.904
716.514
420.638
406.932
-861.509
-2603.28
1753.09
-17561.4
-24301.4
-24390.3
-16934.4
2715.63
-12496.4
-13724.5
-13122
2690.47
-5406.98
2.10668
2461.11
1831.6
1089.17
1047.67
713.592
938.113
892.598
654.352
956.923
790.516
-930.872
-4019.4
1974.98
-17101.6
-12603.6
-21142.1
-5535.02
-16909
-13098.5
3069.09
-15158.9
-7056.52
2733.38
-135.43
1710.24
1455.04
937.545
491.374
853.643
410.69
441.082
547.929
276.124
287.989
-1349.2
-1910.64
-7200.26
-9448.97
-25447.7
-27569.4
-24727.9
-22369.5
2309.92
-16350.1
-10863.4
2724.49
-6489.34
47.5454
2351.38
1940.31
1138.58
806.814
804.75
760.761
624.214
785.695
643.321
574.279
-402.641
-2524.84
-11950.5
-17679.6
-25216.4
-20878.9
-5745.09
-13012.2
-24236
-13390.1
-12895.4
-8708.65
-6636.03
-197.416
2053.75
2020.08
1090.88
823.525
957.102
817.843
883.656
978.701
817.199
848.421
-379.183
-2715.21
-13860.6
-10394
-12713.2
-16398.2
-16980.5
-16614.9
-12572.4
-13171
2810.93
-6818.88
-3654.76
532.111
2347.57
2423.63
1193.21
854.267
1002.6
818.485
470.53
278.972
365.08
510.393
-1246.44
-3313.39
-13730.2
-10599.6
-12928.4
-25946.4
-23166.3
-14720.7
-12006.2
-11976.8
-17711
-9261.76
-3542.2
0.24424
1724.18
1807.7
901.295
918.929
985.055
755.628
907.017
561.6
579.395
484.729
-461.616
-1641.1
-13332.2
-14087.7
-13260.8
-18161.3
-21038.7
-14584.1
-25051.2
2521.99
-10631.6
1981.42
-2661.91
-402.34
1546
1551.62
604.934
282.701
-39.6549
-156.007
-52.3721
-61.0494
43.4854
36.9191
-797.024
-2849.27
-13657.9
-21299.4
-21733.7
-26772.3
-18204.3
-21597.1
-19602.3
-15098.7
-18234.8
-7767.16
-5418.17
-1149.08
363.183
244.096
33.2571
-37.0197
-62.8766
2.56479
47.9204
361.389
235.019
-11.8886
-942.454
360.13
-10701.8
-9625.12
-18947.6
-17219.2
-6335.18
-17213
-16118.1
-12563.5
-11717.2
-7447.5
-7287.98
-1379.74
577.779
1161.07
487.447
526.334
595.083
325.192
328.708
243.382
274.893
466.69
-1276.97
-1821.25
-13973.5
-11013.4
-25929.7
-16782
-15275.8
-26561.2
-15313.4
-19694
-10808.2
-4639.44
-3350.61
183.678
1867.25
1969.71
854.08
659.046
781.078
928.646
580.566
551.022
629.644
597.559
-662.336
-3451.53
-14620.9
-11143.1
-21035.7
-16380.7
-20566.6
-17063.8
-13644.7
-11855.1
-10487.1
-8980.18
-5716.36
-140.406
1732.07
1401.32
904.251
653.43
424.116
251.636
505.733
32.8702
305.298
-134.714
-1174.81
-4150.58
-8451.55
-21033.3
-21456.5
2126.41
-21425.7
-26979.3
-24828.3
2194.94
-15425.2
-10209.5
-5733.15
-691.108
1223.53
1095.56
420.009
528.079
685.513
458.443
633.832
573.779
198.493
157.808
192.464
278.023
-7266.91
-20986.7
-21322.7
-22145.2
2039.3
-15676.9
-13936.2
-14352.6
-16845.9
-9397.7
-3004.08
-547.981
1061.24
766.381
659.527
494.187
214.31
529.574
408.21
254.533
342.651
414.074
-712.256
-1678.65
1284.91
-10662.7
-24954.8
-15546.1
-22389.1
-6659.52
-13338.4
-19028.3
-10901.8
-7474.58
2067.08
-87.5671
768.537
230.081
42.17
2.15176
160.335
-245.28
-34.3711
-139.277
599.944
906.952
-200.83
-3038.49
-12475.3
-9322.51
-13157.6
-26927.3
-12954.6
-20567.7
-12956.4
-10522.2
-7584.96
-9400.64
-3935.72
1286.25
2669.53
2420.53
1237.9
908.972
817.496
1040.36
-183.875
-296.482
-405.666
-171.996
-388.283
-4084.31
-15825.1
-9598.21
-23967
-16372.5
-14884.4
1120.41
-24257.7
-14683
1596.46
-10743
-3321.39
-170.004
328.204
1095.02
248.661
128.451
326.562
246.034
215.476
6.09141
92.5723
-151.173
-1045.65
-4439.38
-3153.73
-21316.7
-19713.9
712.529
1299.42
-22923.1
-15460.8
-11870.3
-11679.1
-5434.41
-4004.22
-1418.16
-253.375
-231.691
77.1937
-165.736
-269.738
-157.712
-88.8507
51.6925
-94.5942
-61.0645
-1006.69
-2015.83
-10021
-15342.6
-25217
-15418.9
-24018.6
-17159.6
-13942.8
-18603.6
-10227.4
-8115.79
-1280.45
675.273
11.1565
-249.352
30.0347
-186.332
0.670618
-82.7246
-194.565
-142.277
2.6523
84.5154
-853.184
-1853.35
-10122.6
-10112.4
-13102.1
-28568.4
-23920.6
-13821.8
-16273.9
-13222.3
-15150.6
-5124.57
-5691.56
-1085.68
-49.835
-38.1035
-93.5709
-83.8378
-3.95444
-265.684
-91.5749
9.41319
-254.859
-195.638
-1403.23
-4216.91
-13151.1
-11176.5
-19515.1
-28437.9
-18434.8
-21716.9
-15828.4
-10928.9
-8328.66
-5061.24
-6012.45
-778.769
645.364
530.139
-142.55
-42.5121
72.2758
-236.437
-329.025
-260.419
-416.488
-476.497
-1115.8
-2001.49
-15368
-18158.4
964.477
-15190
-16689.2
3035.66
-14746.7
-11320.5
-12064.5
-10601.5
-5725.78
-867.99
517.003
235.573
-111.386
-195.611
-115.268
-244.117
-410.246
-159.117
-392.211
-165.277
-1305.82
-3944.17
-7959.75
-18759.3
-12881
-13795.6
-13762.2
1144.52
-24708.3
-11187
-13275.5
-3665.14
-5078.56
71.3186
779.717
1181.48
670.449
588.18
204.958
330.116
422.905
134.281
374.237
407.332
-665.682
-1815.36
-6960.04
-15679.9
-23999
-20245.9
-21756.5
-13476.8
-23901.2
-16771.8
-13356.4
-4623.18
-5138.06
500.477
1149.14
1596.63
436.186
223.582
168.13
238.049
179.81
-15.3209
266.295
60.51
-132.029
5.23674
-12187
-10342.7
-21711.2
-14543.6
-23187
-19885.3
-13526.8
-17548
-15638.7
-10359.5
-5401.14
-200.15
305.613
349.565
-36.35
-15.8889
1.70632
-1.92756
0.764173
201.128
-137.974
-50.3538
-829.411
-2405.37
-14185
-10578.2
-11985.3
-20766.1
-23801.1
-13504.9
-13317.1
-10938.9
-11302.5
-10559.9
-4341.29
-530.774
594.087
285.191
-32.2546
-111.158
-202.832
-254.348
-57.4013
-99.5693
-200.595
-274.901
-1176.32
-3604.68
-14218.4
1161.2
-17672.4
-14262.9
-23600.4
-12959
-16106.1
-14634.7
-8271.42
-8223.33
1104.59
-40.4264
526.434
435.767
410.748
-68.4286
-159.469
-131.475
-313.839
-251.79
-115.965
-264.724
-978.677
-2313.7
-9971.04
-19983.5
-18519.4
-25319
-12887
-16745
-24224
-19573.1
-10876
-8227.28
-3081.79
-62.0411
471.92
19.3347
7.18189
67.2165
-73.0659
0.0104963
185.96
314.385
0.971128
211.949
-522.731
-3130.24
-12594.9
-19692
-17116.8
-19782.3
-12298.9
-16726.3
-19200.9
-19151.3
-10824.8
-7803.78
-3331.62
101.721
1571.02
1675.82
469.065
800.607
827.611
701.987
509.837
770.457
486.519
531.186
-73.114
-1340.85
-8687.65
-15445.9
-20464.4
-27535
-22430.8
-16057.5
-23313.3
-9717.63
-10007.4
-7616.66
-2574.51
190.411
1556.44
1714.9
510.192
764.655
755.944
479.689
705.878
493.846
482.44
434.976
-446.401
-3049.9
-13073
-14338
-17098.5
-27595.7
-12289.5
2568.09
-15304.6
-13029.5
-14274.4
-5983.36
-1161.08
1248.9
2209.34
1479.65
788.992
825.188
674.989
973.924
806.363
944.945
1038.06
984.245
238.207
-1393.41
-11445.5
-13665.3
-23096.2
-27627.7
-23270.8
-12511.3
-11987
2894.61
-14181
-8690.1
-2312.5
700.513
1587.12
1340.95
942.543
613.925
671.535
614.443
537.953
462.574
793.027
651.76
-69.2788
751.87
-11791.3
-18274.8
-11573.6
-22592.6
2337.31
-12511
2828.1
-6213.85
-10212.1
-8307.07
-3425.51
782.222
2114.71
1838.85
634.728
662.838
588.017
742.808
629.739
581.955
776.965
642.14
795.955
-2319.92
1360.49
-8897.93
-20084.5
-18453.2
-12034.1
-25023.5
-18474.7
-8871.09
-9723.08
-8188.22
-3340.47
1029.31
1808.2
1694.5
984.062
819.785
904.195
1015.79
890.057
965.781
588.543
951.21
0.41774
-2789.99
-6252.53
-8981.24
-20705.2
-13603.5
-11793.4
-12186.4
-11192.2
-6837.46
-6882.98
-3596.57
-2439.68
780.991
2072.93
1403.62
766.012
950.907
647.451
949.693
687.092
693.783
1014.19
845.136
177.174
-1956.53
-10191
-18569.8
-22864.4
-18082.4
-15672.8
-12457.1
-21067.7
-12565.3
-13872.7
-7553.09
2563.63
499.138
1191.95
1319.06
535.539
551.561
737.355
460.523
340.737
403.022
414.884
658.835
-212.952
-2830.32
968.173
-19032.7
-3856.95
-13325.1
-11963.6
-12171.2
-23828.2
-12984
2151.18
-7093.73
-1433.64
361.395
1760.88
944.035
466.906
581.5
701.499
722.957
568.201
456.682
609.61
537.252
-17.2406
-2579.69
-12584.7
-9328.58
-23643.9
-17932.7
-12230.7
-19324.6
-21298.8
-7499.9
-13632.4
-7117.87
-2241.53
837.142
1107.46
978.601
747.845
407.924
764.953
581.792
722.721
394.577
673.085
688.444
-225.004
-1508.36
-6143.74
-17739.7
-20459.3
-24751.7
-20820.2
-19357.9
-11388.3
-8549.04
-11854.4
-3692.76
-3020.29
1023.29
1870.69
1314.97
596.5
730.59
589.705
679.52
620.339
589.19
661.573
303.789
-301.967
-1529.93
-9100.63
-12238.2
-15323.2
-28632.4
-21949.3
-21983
-15506.4
-18235.8
2057.21
-5345.95
-2188.97
1360.13
989.801
1104.32
216.924
487.637
242.186
423.428
498.13
408.618
568.245
306.966
-120.197
-2486.93
-9848.24
-15490.6
-22813.8
-27173.8
-14633.8
-16465.6
-9813.97
-12989.9
-13219.9
-8013.61
1828.75
903.733
1344.26
976.163
911.406
625.074
608.034
824.929
812.602
464.959
691.076
669.7
-126.739
-2581.58
-7846.64
-8869.01
2281.94
-13521.1
-23487.6
-11901.1
-11796.9
-15069
-9713.24
-7326.69
-678.071
1535.07
1427.13
1266.49
532.122
777.91
446.284
452.507
657.913
347.995
474.552
408.75
40.9405
-701.113
-5169.32
1558.04
-11517.3
-20853.8
2409.1
-19423.7
-15007.9
2191.21
-6018.33
-3140.77
-1828.44
1724.96
2000.33
1278.99
966.599
752.965
865.303
605.845
563.824
741.423
870.588
831.238
74.6207
-2150.08
-11833.1
-9127.56
-11628.7
-24812.3
-11020.2
-12798.8
-22026.3
-7733.27
2135.06
-7034.06
-745.297
1154.93
1577.54
1950.36
857.805
784.866
582.089
873.997
457.211
835.43
445.824
879.875
87.0804
-1889.46
-7775.48
-9011.07
-22163.3
-16168.4
-13306.2
-13364.4
-11362.7
-15160.3
-7310.69
-5574.59
-2488.04
496.67
1054.66
1040.76
474.23
588.43
385.577
400.138
615.243
316.419
546.282
573.365
-8.20337
-1665.29
-8314.48
-17421.1
-20793.6
-14181.8
-17124.3
-12167.2
-17877.2
-12946.5
-9554.48
-7352.6
-1464.26
675.062
1002.24
992.591
301.243
208.636
220.59
74.1086
204.224
-52.1673
-205.675
1.32147
-513.68
-2554.2
-2259.34
-18559.9
-20913.7
-25533.2
-12032.3
-17069.5
-19531.3
-18460.3
-11428
-7581.86
-2253.29
880.01
501.799
277.015
385.414
471.502
187.509
243.62
418.169
358.253
285.689
208.544
-85.4796
-2012.83
-8653.1
-9278.72
-11917.8
1283.81
-24093.5
-21826.2
-11535.2
-15346.4
-11123.8
-6325.63
-2018.24
1075.01
876.278
660.078
604.072
543.714
424.353
258.863
192.055
353.988
498.702
559.694
-50.4004
-1388.02
-9602.52
-9134.03
-20871.1
-18887.2
-24085.2
-21816
-15243.2
-13145.4
-11352.5
-7496.02
-2341.24
571.7
1077.98
525.55
366.304
592.092
685.018
642.971
450.075
463.739
512.179
628.815
77.647
-1074.39
-11942
-15787.6
1501.88
-13014
-16796.3
-11404.1
-21934.9
-7939.55
-10856.5
-5989.01
-1801.3
624.932
1392.03
981.786
468.903
391.731
720.84
395.038
732.587
692.614
451.187
851.441
421.336
-1998.41
-9361.5
-13303.5
-22436.8
-26819.3
2349.33
-18901.2
-13812.2
-2766.91
-10249.7
-2043.31
-557.921
1649.32
1347.4
1780.07
774.2
588.457
892.443
791.558
805.692
670.85
476.813
686.678
318.009
-979.163
980.803
-13570.2
-17026.8
-12160.2
-23302.2
-20988.3
-17150.4
-15428.9
-5119.17
-5503.93
-356.476
1889.72
1491.89
1445.8
733.102
888.598
997.897
864.885
591.533
711.368
669.503
693.47
713.129
-802.028
-1711.49
-7992.35
-7951.79
-25156.5
-11138.6
-15831.1
-14192.6
-15757.5
-5510.61
1818.67
-753.499
1106.45
959.712
552.701
546.217
421.019
441.565
536.294
458.095
556.2
598.644
561.221
666.44
-1774.7
-9674.02
-7895
-6366.23
-18049.7
-11686.8
-11186.4
-10367
-7507.98
-7891.6
-4328.43
-439.92
1304.36
1373.03
1161.57
621.378
832.969
745.012
823.216
491.863
465.47
533.727
649.85
410.388
-2080.1
1529.18
-17800.9
-6246.28
-27236.2
-11446.6
-20349
-10228.6
-11930.6
-7684.21
-4051.95
-657.978
1440.32
1301.91
1696.19
903.016
670.342
592.302
983.158
1001.15
780.337
843.16
978.784
586.62
-567.722
-7372.12
-8495.51
-10960.3
-17973.9
-15099.3
-19013.6
-17256.5
-15194
-5449.97
-2085.71
-1147.7
1698.33
2009.48
1188.03
1033.68
850.021
771.74
1065.51
1027.18
771.744
1033.69
756.632
663.889
-785.456
-8859.32
-12070
-20996.8
-17696.5
-14552.1
-15318.9
-11315.8
-11330.7
-9827.42
-4184.61
-1390.75
903.356
1310.69
859.794
782.869
710.603
644.671
606.024
699.431
928.944
674.299
1142.61
936.956
-1165.64
1040.37
-8526.24
-22736.6
-22192.9
-11479.7
-10482.4
-21160.4
-10727.1
-11802.5
-3419.95
-416.001
1401.24
1351.8
1427.73
798.126
682.058
863.521
874.199
1004.76
1113.77
1066.72
1156.96
696.273
-405.379
-7292.58
-15056.6
-10930.9
-17603.6
-11285.5
-10752.5
1782.53
-10672.5
-10236.1
-2100.85
-1085.38
1080.13
1091.63
1366.52
700.288
874.134
600.89
624.328
798.842
1095.92
1125.88
808.948
558.367
-1519.27
-4656.81
-11892.3
-15192.7
1610.13
-22941.9
1725.3
-9881.57
-7073.15
-7219.25
-2029.96
389.383
1610.76
1637.71
1629.47
980.148
890.977
748.878
734.682
1015.66
894.462
877.543
1065.99
695.374
-1453.27
-4643.97
-16359.2
-12798.9
-20996.4
2029.53
-23035.7
-18852.9
-14014.5
-10088.2
-2667.22
-593.496
1936.01
1738.44
1329.35
677.805
682.69
674.794
770.887
1038.72
935.238
900.302
1082.74
577.918
-1203.49
-7529.06
-14971.2
-22848.3
-27214.3
-15695.5
-23782.2
-19750.5
-16589
-7300.05
980.208
-707.02
367.323
484.222
1244.42
451.77
511.25
313.311
644.906
477.603
621.454
785.056
849.155
623.57
721.738
-7377.66
-16569.1
-9358.72
-17591.7
-23461.8
-9893.27
-9802
-14961.1
-10227.8
-3471.68
-503.438
1151.45
1300.49
847.498
398.397
757.406
697.66
769.131
641.205
532.63
608.212
854.411
603.952
438.927
363.062
-15320.4
-11040.9
-12077.5
-21329.9
-19404.5
-4763.74
-15211.8
-6877
-5363.4
-139.31
1142.9
1072.67
916.129
910.535
541.299
899.319
763.226
709.811
803.242
811.017
934.774
637.911
-1201.42
-10407.4
-17563.2
-15043.1
-18778.6
-15038.2
-22941.8
-4457.38
-14589
-9553.53
-4652.54
-476.537
554.403
1363.18
1344.91
458.134
539.941
1041.97
960.453
796.758
1204.64
966.021
1232
868.879
-890.948
-8488.22
-14874.4
-22624.6
816.873
-19010.7
-19021.4
-17913.6
-16652.2
-6807.76
-2657.26
1051.15
541.085
701.611
732.602
665.132
560.61
562.832
733.912
794.731
993.235
638.281
897.178
459.132
-724.938
-10136.4
69.8057
-9841.91
-10793.8
-15824.4
-16636.1
-13695.5
-7500.15
-11061.1
-4297.75
-1304.66
-239.729
-300.231
1733.23
1199.49
1039.59
1373.21
1308.02
1102.4
1480.95
1368.36
1293.56
1126.43
-6.68963
-7341.02
-10833.8
-17630
-25976.6
-9654.53
-20250.9
-8849.46
-13985.9
-4028.1
-2326.68
482.903
1884.2
1973.77
2161.84
1119.94
1118.73
1085.15
1383.91
1387.24
1546.37
1506.71
1406.49
1519.57
-341.597
-8590.3
-13449
-8919.08
-10341.2
-18322
-20007.5
-8682.73
-5993.2
-4991.1
-2410.21
639.542
1819.56
2109.22
1830.54
1341.89
1045.18
1412.45
1288.96
1545.31
1195.41
1414.4
1469.74
1571.27
-225.892
-10654.5
-8532.44
-10294.4
-22250.8
-22066.1
-15184.1
-20774.3
-7265.39
-10510.2
-4571.09
-995.935
243.731
115.078
528.781
434.633
292.662
518.191
607.299
538.498
524.02
946.035
1100.3
865.641
-120.141
-9141.55
-9130.9
-14276.4
-11813.4
-14657.7
937.295
-14324
-14029.4
-6466.27
-3390.11
1127.86
1109.17
1445.99
1911.25
980.685
1084.24
877.177
1104.6
1044.26
1162.98
1048.71
971.37
1024.35
-333.816
-5688.09
-7206.25
-14297.7
-21101.3
-18766.2
-8932.47
-8908.32
-6626.39
-8776.53
-2020.9
-307.336
687.79
556.636
766.849
654.908
601.8
1045.68
975.496
971.39
934.961
1000.54
1120.22
1200.32
-61.7714
-7311.35
-7162.63
-14436.8
1078.42
-14215.8
-8908.6
-19350.5
-14191.9
-2016.71
-2350.72
-48.1978
523.737
1081.64
1013.26
340.331
577.017
489.101
843.851
640.287
580.749
680.639
605.344
573.86
-543.144
-9439.08
-11940.2
-9575.06
-9083.8
-23000.6
-14898.9
-20084.9
-15919
-8811.47
-2772.81
1189.33
1842.53
1.05795
181.289
-82.9456
4.80385
365.816
350.366
128.518
277.436
1669.41
1463.73
1446.63
237.931
-8014.53
-15353.7
-7542.36
-20258.4
-13815.5
-19589
-15410.2
-12518.9
-7881.43
-746.437
1405.18
2493.22
2462.49
2827.21
1537.52
1278.08
1649.53
1535.55
1468.57
1488.85
1571.14
1492.15
1403.15
145.523
-2396.04
-13911.6
-13129.8
-9807.94
-20592.2
-7672.63
-17337
1695.27
-1196.54
-2488.6
956.229
2345.18
2582.43
2882.28
1556.04
1414.44
1526.19
1621.69
1638.35
1724.47
1496.81
1879.24
1804.89
-7.32441
-1970.21
-9469.29
-20385
-19601.3
-16825.4
-7720.47
-17662.4
-12796.8
-8088.32
141.052
1503.22
2125.53
2413.27
2587.27
1621.01
1685.45
1728.56
1601.97
278.432
553.991
613.884
889.688
1025.74
-893.312
-8009.13
-15284.9
-14247.3
-20466.9
-17600.2
-8310.92
-18330.3
-9309.91
-8606.63
-482.517
1314.93
1920.24
2030.84
2808.33
1212.38
1482.71
1511.17
1533.42
1569.09
1586.59
1557.72
1678.15
1669.54
575.637
-2263.91
-4628.71
-20529.6
-23945.1
-8204.41
-17164.1
-14748.1
-4715.47
-5182.19
-2267.19
1062.55
2274.04
1817.68
2268.73
1140.61
1289.31
1515.57
1586.23
1454.95
1444.69
1684.66
1700.2
1836.27
390.496
-7037.1
-5181.81
-13276.3
-19164.8
-8424.05
-13110.3
1181.4
-4643.54
-5435.57
-1409.62
1172.68
1732.63
1661.9
1915.67
1159.6
966.591
1170.24
1186.24
1130.66
1321.85
1315.67
1232.98
1484.53
190.038
-4356.81
-5048.04
-13919.3
-24107.3
-5306.53
-5830.7
-3711.02
896.374
-8002.81
-47.172
768.062
1664.82
1171.3
2055.6
588.907
753.653
593.809
1479.83
1848.19
1657.1
1905.64
1886.23
2088.59
1066.56
-3909.71
-6799.17
-7412.23
-14667.2
-19992.6
-16066.5
-11229.3
-5580.37
-8228.72
-3425.66
-70.3215
829.67
1396.1
1258.49
833.639
916.836
832.399
1100.06
855.544
1164.48
1192.43
1545.69
1601.28
142.935
-7000.75
923.306
-20380.5
-9925.95
-21593.7
-12622.1
-13920.2
-12042.6
-2070.74
-1392.61
2390.22
2765.43
2609.1
2427.45
1417.88
1524.23
1618.72
1785.83
1780.37
1610.84
1776.91
1796.97
1735.87
893.246
-849.373
-8161.93
2385.58
-22739.1
-8529.43
-20613.7
-16460.1
-5169.48
-2710.3
-884.476
1124.22
1376.12
1840.49
2394.14
1048.89
1290.99
1284.92
1522.58
1482.95
1477.67
1743.91
1478.56
1459.57
438.67
-3647.34
-10848.5
-18251.2
-14636.2
-7485.67
1272.18
-9898.18
-8360.22
-2353.55
804.529
1905.65
1804.59
2440.7
1935.16
984.231
1431.2
1282.46
1124.26
1256.23
1729.46
2014.12
1796.78
2151.56
946.741
2447.13
-10515.1
-6754.51
-8195.63
-15853.7
-13155.5
-16504
-3923.28
-1807.5
2074.21
2638.35
2525.73
2751.23
2898.52
676.427
991.951
1461.64
1688.44
1454.61
1704.48
1562.34
1580.77
1733.35
530.899
-3591.11
-13145.8
-14794
-15749.6
-13243.4
-19299
-14773.1
-9991.28
-4511.82
-1303.7
1630.84
1209.75
707.46
796.903
425.649
459.317
782.847
599.183
696.877
650.289
2207.06
2229.68
1915.3
1099.27
406.167
-7800.75
-6397.33
-8134.8
-15414.7
1633.59
-14358.5
-10769.7
-6480.46
1432
1981.3
3151.28
3306.27
3133.57
1551.28
1866.73
1935.72
1949.74
2142.17
2032.37
1889.27
1874.71
1928.42
877.115
-605.308
-3544.97
-12287.5
-7949.34
-6286.89
-17013.8
-16364.5
-11658
-3574.38
318.911
2217.23
3230.73
3370.78
2966.56
1632.63
1554.83
1986.99
1678.56
1741.54
2163.63
2201.38
2224.25
1930.65
781.859
-3880.37
-9746.67
-6118.99
-8434.61
-14693
2042.38
1863.39
-7323.03
-5250.66
210.53
2683.41
2863.18
571.223
1272.62
519.545
725.899
758.75
872.046
950.932
1061.15
1268.08
1234.25
1603.83
520.254
-3314.27
-11432.2
-12284.4
1250.59
-7056.04
-7442.65
-13979
-10757.7
-1404.57
323.542
2281.27
2423.33
2700.86
3026.75
1503.56
1424.59
1804.45
1672.7
1678.29
1967.96
2031.31
1983.63
1758.08
1483.92
-5136.2
-12302.1
-17725.4
-19490.2
-12555
-12270
-2730.43
-9057.7
-613.87
-197.865
2007.75
1658.16
2273.63
2254.81
1104.14
955.795
1009.84
1042.35
1420.12
1069.63
1303.58
1281.7
1430.66
570.068
-4767.08
-4369.34
-7234.25
-14568.6
-3961.78
-12988.9
-6041.39
-5805.39
-7300.07
-1701.41
906.526
1187.61
1568.81
1475.04
861.605
982.072
931.754
1283.45
1309.64
1451
1235.52
1252.46
1105.55
233.815
-1907.4
-9090.34
-19026.3
-6283.41
-17149
-11692.6
-12118.1
-3356.02
-1046.34
460.257
2439.12
2809.72
3289.72
3609.19
1924.46
2089.79
891.788
861.379
1102.89
1115.91
948.663
899.834
2343.05
1528.07
-66.6499
-2499.15
-14970.2
-12757
-6010.03
-11371
-14995
-8583.12
-1315.83
-330.529
3020.22
3234.11
3077.15
3725.08
2028.38
1975
2088.78
2072.63
757.497
1173.1
1261.4
1280.18
954.638
254.124
-3666.32
664.711
-12503.3
-13916.2
-19010.2
-15854.4
-12954.6
-11511.8
-947.521
-1102.72
1096.2
1461.91
1980.36
2522.82
1037.52
1280.05
1484.68
1490.56
1741.28
1835.13
1698.7
1923.61
1614.99
1000.62
-2189.38
-8871.53
-6044
-12931.5
-6495.45
-16088.8
-13616.9
-4135.84
-5397.84
127.735
1925
2599.94
2304.46
2709.72
1630.88
1665.52
1714.76
1891.16
1668.37
1689.41
1688.75
2064.16
2052.86
1342.54
-479.583
2152.26
1857.42
-7613.37
-18266.5
-11220.7
-8082.27
-3594.95
-5073.63
-425.09
2172.19
2370.74
2565.09
2493.61
1521.7
1422.63
1557.67
1631.2
1462.96
1861.79
1791.62
1764.8
1587.88
1049.08
-2484.1
-2958.14
-10314.7
-20769.1
-18252.9
-11160.9
-9169.98
-3438.42
-4395.33
640.826
2618.21
2717.2
2844.27
2648.29
1808.65
1628.97
1950.25
2006.66
2064.59
1964.33
2246.77
1834.46
2017.62
1633.07
-3537.33
-2708.01
-11978
-12545.7
-10881
-13835.3
-5320.72
-8032.74
-1143.34
1034.45
2850.95
3376.47
3547.8
3326.33
2053.42
1696.92
1801.34
2105.79
1974.36
2307.01
2280.3
2366.01
2171.8
1738.75
-2815.07
-5872.21
-5571.43
-7630.77
-10387.6
-5239.04
-11007.8
-7692.64
-4315.16
422.413
2591.08
3230.03
2966.66
3812.29
1985.02
1909.94
1794.01
1973.77
1921.13
2380.74
2280.89
2351.43
2161.56
1730.91
339.364
-5433.3
-4841.41
-12055.5
-10039
-13158.3
-8483.12
-3032.6
-77.1023
1451.91
3249.86
3263.27
3568.75
3331.21
1708.69
2031.04
2091.77
1957.29
2166.95
1942.05
2282.05
2136.01
1995.27
1798.47
180.944
-9858.64
-5591.26
-12664
-13485.8
-16545.8
-5083.05
-9277.12
-4368.18
527.157
2083.32
2720.32
2945.75
2781.18
1491.19
1513.1
1767.7
1914.18
1761.35
1994.44
1796.08
2026.09
1900.15
1960.49
-982.07
-5943.03
-8837.17
-7351.78
-16735.5
-16189.9
-11186.3
-3511.33
-4024.46
919.33
2370.08
3175.37
3411.14
3654.12
1733.43
1965.96
1968.89
1777.78
1924.16
2152.64
2161.98
2295.72
1954.53
1526.95
664.4
-2162.33
-11583.7
-4064.11
-5028.02
-5312.22
-8060.65
-2742.64
-3930.44
949.37
2847.23
3291.62
2926.79
2897.26
1882.47
1958.82
1824.35
1807.5
1710.02
2096.33
1915.33
2132.7
2089.29
1945.87
832.556
-5739.2
-4773.73
-12217.6
-5550.32
-13622.8
-13809.7
-3064.32
-3311.79
763.942
2068.73
2181.73
3044.92
3084.87
1605.62
1478.4
1592.29
1530.76
1747.71
1578.74
1979.82
1955.33
2022.16
1319.22
-1073.09
-9701.57
-5430.95
-18774.4
-5967.94
-5467.61
-4647.22
-5984.46
-601.188
417.9
2269.49
2948.86
2953.37
2992.13
1747.15
1709.02
1685.86
1587.48
1587.61
1999.6
1968.61
1842.75
1758.14
1973.01
-1027.18
-2123.59
-2614.72
-18225.9
-10391.7
-5243.39
-4610.71
-1361.6
-3034.23
1186.37
1974.95
2690.11
2438.14
2753.04
1304.13
1699.35
1889.33
1913.92
1700.42
1684
2123.78
1970.7
2308.16
1919.86
-1640.2
-6643.71
-4858.39
-11122.7
-9852.77
-9057.88
-2017.84
-7131.98
-2844.36
1869.43
2819.85
3373.3
3120.96
3651.91
1667.11
1956.22
1832.96
1883.19
2297.51
2218.84
2401.94
2109.95
2355.44
2244.66
2460.62
-4354.66
-3658.03
-17370.9
-5229.63
-8378.88
-3809.8
-2465.32
-1302.27
1152.06
2975.59
3395.93
3486.65
3415.16
1833.86
1731.89
2056.02
2193.95
1845.76
1971.9
2238.12
1902.24
2313.57
2320.45
-1295.76
-1622.08
-4029.09
-5944.32
-12597.3
-8734.13
-12040.1
-7234.83
-3270.67
1127.7
2359.77
2556.13
2520.82
2309.87
1276.43
1502.89
1052.7
1106.93
2449.87
2699.32
2818.59
2842.16
2787.08
2453.95
-328.419
-5942.34
-3120.13
-10369.4
-13542.7
-7595.82
-3347.72
-6070.64
-1592.53
2167.56
3880.46
4663.84
4758.48
4883.57
2447.49
2511.41
2278.06
2731.44
2815.05
2593.56
2789.09
2925.79
2714.77
2361.04
-451.783
-3621.36
-9202.91
-12311.5
-14424.9
-7600.13
-8016.08
-6425.33
987.244
2669.48
4353.85
4757.33
4319.1
4843.85
2309.49
2412.45
2609.31
2504.48
2657.06
2804.87
1288.09
1548.18
1675.62
1553.83
-1433.98
-7001.44
-10378.4
-8968.08
-11970.6
-1920.4
-8557.34
-1993.4
151.375
1958.97
3136.2
3729.66
3486.34
4270.22
2254.82
2507.47
2240.49
2308.4
2410.15
2469.24
2671.43
2854.09
2986.05
2627.07
-406.748
-5165.96
-6546.7
-1656.35
-1957.11
-14027.6
-3200.61
-1343.69
-1220.76
2691.08
4335.62
4501.64
4232.21
4125.44
2229.72
2351.75
2471.94
2341.56
2364.77
2426.09
2537.92
2744.22
2766.17
2511.99
613.599
-2124.83
-10898.7
-13376.7
-14026.4
-13776.2
-2544.16
-3510.46
923.753
2660.82
4140.89
4401.23
4395.36
5024.31
2358.13
2525.26
2737.81
2772.56
2495.67
2673.43
2968.15
2816.24
3084.22
2930.88
315.847
-2380.58
-3820.33
-9405.68
-1699.76
-11976.3
-10589.8
-5068.17
-1130.36
2910.93
4791.65
4651.71
4634.23
4993.06
2473.73
2497.23
2828.04
2740.17
2685.66
2882.88
2909.78
2915.66
2822.49
2879.28
611.518
-2602.32
-10235.1
-5882.54
-7781.55
-6504.41
-5439.97
-1391.04
-1629.38
2495.53
3941.03
3724.45
3629.18
3827.47
2169.64
2277.59
2287.87
2282.46
2326.23
2095.78
1991.66
2250.1
2353.2
2244.14
599.366
-5516.39
-7024.7
-16193.4
-10613.3
-3540.25
-11007.8
-1633.26
-1778.97
2057.43
2810.19
3113.58
3370.79
3276.09
1441.1
1843.4
1493.52
1869.29
1672.21
1857.54
1860.73
2119.84
1863.68
2289.97
1547.96
-2761.81
-9998.99
-9888.17
-12949.6
-11239
-3359.33
-5350.42
211.375
2611.39
3120.17
3886.38
3817.28
4300.81
1932.88
2376.01
2185.09
2529.55
2450.45
2611.74
2297.11
2328.07
2498.12
2419.55
533.394
1465.9
-2399.55
-3859.67
-7177.5
-13063.6
-1662.82
-3224.02
-715.22
3347.41
4797.14
4483.05
4682.91
5033.47
2717.22
2793.19
2759.42
2679.19
2825.64
2751.81
3039.46
2982.22
3183.44
3131.99
4310.93
-4771.52
-10480.9
-13914.3
-3422.37
-5861.57
-2021.55
-5338.91
1475.71
3631.96
4694.27
4545.97
5393.6
4884.15
2835.03
2714.23
2832.5
2963.03
2894.23
2898
3201.89
2895.44
3268.41
3107.41
3929.24
1206.1
-10016.3
-3264.68
-2949.3
-5739.53
-4808.97
-4995.19
606.306
3410.03
4358.05
5000.88
5292.62
4686.56
2568.02
2850.8
2913.29
2788.39
2703.94
2953.99
2748.64
2944.48
2820.27
2694.91
3410.3
569.049
-8282.07
-7949.05
-3720.85
-10779.9
-4626.78
-836.549
1.61669
3149.51
4152.24
3647.34
3648.44
3594.83
2471.5
2393.87
2487.17
2736.39
2630.78
2711.55
2640.69
2810.82
2456.08
2638.8
3381.84
-4259.37
-2235.67
-3893.75
-7402.52
-2991.86
-931.211
-2937.74
-94.8017
2585.97
3184.98
3017.81
3055.52
3433.11
1884.75
1836.83
1772.13
1915.89
2269.89
2355.49
2216.04
2411.94
2257.72
2589.33
1218.76
-26.6689
-2091.76
-7830.11
-9608.09
-3140.92
-2165.95
-2921.46
1331.96
3559.73
4112.45
4400.59
4408.82
4690.94
2553.98
2620.32
2927.62
3164.39
3113.36
3290.84
2978.86
3236.38
3131.2
3297.47
4161.97
-2647.19
-9750.99
-12698.9
-6260.81
-10763.3
-1677.85
-692.606
0.219078
3584.97
4871.73
4758.43
5410.92
5322.3
2637.19
2707.65
2947.74
3049.59
2730.46
3089.23
2738.85
3136.82
3110.78
2996.96
4037.14
-2600.28
-897.195
-6785.1
-9112.24
-5108.7
-1978.77
-4193.55
-254.111
2890.99
4030.5
4344.24
4273.31
4134.67
2272.45
2427.69
2264.49
2343.6
2327.22
2300.38
2354.95
2481.78
2254.16
2648.56
1014.5
1382.79
-4920.24
-3373.26
-3260.06
-10583.4
-8889.93
-4232.48
832.035
3113.32
4003.28
4554.5
4355.5
4776.2
2341.4
2799.16
2866.01
2675.08
2850.36
3095.02
3094.69
3228.08
3029.76
3197.73
3085.35
1367.11
-7241.49
-6450.78
-2156.75
-2126.54
-4279.48
-190.726
0.115895
3572.4
4723.48
5020.29
4716.75
5698.66
2610.54
2952.33
3058.73
3134.08
3036.41
3224.8
3215.76
3153.83
3059.39
2943.67
3348.14
-3103.71
-3735.94
-5910.33
-6096.33
-9337.49
-7201.91
3508.93
1699.27
3746.24
5383.07
5584.81
5435.19
5766.79
3123.66
2771.88
2992.74
3164.58
3035.07
3150.56
3055.53
3401.86
3102.85
3564.98
4026.22
-1255.01
-5971.68
-1771.69
-5095.95
-4653.01
-1013.85
-2813.95
491.756
4564.71
5085.39
5480.44
6052.24
5719.64
2947.4
3262.41
2999.2
3317.79
3231.11
3455.35
3441.3
3173.7
3624.32
3530.86
3759.1
2709.13
106.664
-8018.87
-5201.42
-10106.1
-4270.66
-2894.38
1361.15
3925.12
5036.89
5299.32
4945.15
5665.99
2912.69
2754.42
2639.05
2513.13
2786.75
2700.85
2534.28
2566.79
2507.32
2861.96
2938.96
2090.21
-4257.38
-9258.9
-11058.5
-5786.17
-1488.06
-336.656
648.683
3409.9
3703
3926.47
4583.02
4546.92
2238.38
2396.84
2183.88
2265.51
2023.62
3283.46
3645
3559.98
3573.33
3474.7
4568.67
525.444
-5620.09
-4499.23
-1454.97
-1484.6
-3315.62
-3211.66
1737.7
4343.11
6128.75
5704.76
6024.95
6463.3
3056.18
3425.76
3516.2
3368.13
3610.61
3601.03
3627.15
3441.17
3555.2
3424.63
4967.95
-1722.47
-6817.81
-7724.43
-5158.49
-7280.75
-7247.21
-3198.72
2986.07
4637.33
5863.51
6470.4
6261.52
5997.05
3372.69
3423.98
3506.89
3340.25
3706.21
3669.68
3413.78
3662.78
3782.82
3532.82
5492.32
2868.2
1000.9
-470.338
4461.7
-1083.19
-3040.63
-2434.34
1514.82
5144.94
5993.62
6060.2
6032.05
6119.91
3300.56
3648.96
3421.94
3597.6
3436.44
3706.07
3404.34
3485.87
3636.38
3547.6
4684.2
3276.63
-2308.98
-366.17
-4630.24
-511.708
250.396
-3084.36
3335.72
4661.45
5824.09
6781.79
6110.62
3931.46
2301.96
2422.5
2568.02
2555.01
2715.63
2678.94
2909.93
2675.54
2577.43
3024.36
3052.13
-2143.8
-6553.4
-11342.1
-921.711
-10193.7
-887.542
-1587.03
1958.57
4093.9
4781.18
4622.21
4891.37
5467.81
2822.92
2919.61
3125.58
3008.38
3188.3
3164.01
3273.13
3276.82
3451.56
3306.5
5242.76
-2044.05
-38.6752
-7925.75
-5385.26
-9919.1
-3911.07
-2856.09
1535.29
4394.48
5342.32
5126.03
5284.79
5140.83
2740.24
3021.66
2787.88
2933.13
2949.03
2955.27
3120.91
3113.55
2812.03
3083.83
4029.99
243.043
-5247.56
329.388
-5420.68
-9530.04
-3876.91
1613.94
2131.9
3947.84
4601.73
5463.01
4898.42
5694.12
2776.56
2665.14
2845.52
2642.12
2619.48
2490.38
2424.03
2653.81
2669.18
2854.35
4514.11
4361.46
-2242.93
-9103.86
-952.141
-10115.7
3163.61
-1951.22
2111.93
4154.15
5158.28
5828.45
5176.53
5873.86
2991.36
2917.95
3399.21
3089.45
3491.28
3592.17
3653.23
3391.18
3355.27
3482.24
6588.97
-861.675
-3918.07
-9156.18
-4321.12
-3843.07
353.595
-2939.27
3481.2
4795.11
6106.89
6180.82
6580.56
6927.34
3430.28
3666.75
3475.64
3664.28
3547.17
3641.04
3700.17
3577.19
3800.87
3596.04
5937.06
4621.01
1444.18
-8804.23
-7989.14
-439.086
-4245.01
-214.61
3366.89
5178.53
6467.07
6634.26
6382.24
7263.52
3717.72
3451.2
3277.22
3227.68
3363.2
3108.63
3181.72
3215.69
3603.67
3867.26
6736.17
1213.98
-1769.8
-16.7667
-8507.47
-7075
245.617
3242.72
3257.21
5350.93
6700.88
7188.9
6964.52
6880.63
3598.94
3620.84
3755.03
4002.22
3798.9
3992.98
3902.53
3931.28
3913.26
4178.3
5923.38
5437.23
1068.84
-8719.34
-8732.73
-6778.21
-4470.57
-583.681
2270.01
4822.33
6647.02
6320.81
6700.77
6326.4
3520.97
3705.2
3613.83
3593.99
3782.78
3749.95
3747.71
3684.47
3758.67
4112.75
6671.54
927.109
-2200.98
-3.41566
-5935.8
-8378.47
13.1054
1234.5
2559.99
5328
6863.72
6680.68
6840.89
7189.71
3278.13
3422.29
3212.08
3037.37
2689.4
3969.34
4193.84
3088.78
3258.44
3401.02
5530.01
1996.91
-2127.35
-3581.76
-444.98
-2434.65
424.096
-1906.45
2429.68
5431.9
6965.04
7178.67
7170.9
6964.33
3427.85
3534.3
3576.73
3828.71
3550.72
3485.19
3563.45
3637.01
3303.56
3580.22
5328.75
3414.13
809.53
-8825.22
-4887.21
-4527.99
-6522.99
1421.88
3059.87
5056.09
5570.71
6429.89
6528.19
6240.21
3380.55
3359.5
3320.16
3619.38
3702.03
3643.38
3379.93
3559.22
3608.58
3622.31
5980.87
4264.13
-1718.91
-3128.44
-492.811
-518.082
-3404.9
5245.45
2584.28
5550.3
6753.9
7358.96
7110
6944.31
3887.92
4134.81
3836.18
4227.11
4342.01
4087.33
3984.89
4284.48
4276.32
4130.39
6605.56
2924.83
-3441.1
878.719
-3384.4
-2965.78
-5388.15
-1718.08
2960.6
6232.08
6928.66
7361.82
7915.06
7937.28
4010.42
4033.36
4306.34
4249.23
4348.4
4083.6
4242.55
4209.44
4487.67
4407.91
7463.81
2110.88
3071.67
2087.67
-5467.01
-5064.08
-5412.13
-1453.35
5826.78
6021
7810.57
7929.2
8225.95
7964.57
4059.4
3926.17
4095.99
4313.85
4432.33
4286.36
4399.31
4461.67
4134.99
4354.37
6581.97
2907.22
-3811.08
-6943.67
-8182.43
-3159.71
-5334.86
2761.46
3352.72
6182.07
7119.7
7324.47
7392.23
7418.02
3740.35
3717.38
3715.32
3602.28
3532.99
3314.67
2938.53
3174.09
3050.37
3425.05
5476.7
-71.5302
-4996.7
-3677.55
-1035.6
-1166.97
-389.92
869.772
2530.59
4507.2
5933.18
6215.6
6660.05
6703.94
3791.75
3563.39
3666.93
3982.43
4067.77
3683.99
3954.94
3992.27
3763.71
3742.74
6135.55
4410.64
-2889
-7700.96
5487.34
-390.297
376.437
2242.66
2712.14
5491.13
7153.47
7487.33
7711.18
7283.96
4037.78
3834.31
4187.55
4290.09
3913.01
4204.29
4282.86
4321.14
4214.53
4049.79
7474.66
2082.54
-3558.79
-6933.86
-2761.57
-661.197
-1317.71
145.696
3623.47
6087.51
7295.12
7065.27
7663.55
7231.23
3974.7
4140.09
3841.43
4205.73
4078.72
4290.87
4069.61
4443.14
4131.67
4485.18
7728.08
2208.81
-625.748
7752.56
175.316
-7501.29
-4502.18
2615.81
3598.37
5749.31
7466.79
7737.32
8023.83
7567.44
4032.2
4342.19
4028.58
4425.82
4076.17
4380.82
4525.78
4419.95
4359.25
4409.99
7659.36
5389.01
-2834.59
-1895.67
-2456.68
-2863.36
834.254
-1832.71
4430.47
5929.7
7551.72
7581.07
7830.15
8223.72
4343.52
4255.66
4336.39
4161.76
4478.45
4408.88
4336.58
4483.74
4569.8
4495.09
8408.97
4424.35
3614.31
147.705
5944.9
435.565
-935.046
-1284.98
4484.43
6079.64
7793.85
7979.97
8071.08
8645.67
4307.72
4495.81
4521.43
4346.39
4549.95
4250.84
4483.24
4567.01
4653.66
4552.48
8078.59
5282.64
2295.25
1105.21
-5574.73
-3058.44
-4991.8
2296.95
3693.82
4983.45
6702.47
7044.52
7310.76
7465.03
3832.86
3837.76
3800.92
3764.87
4022.53
3996.66
4314.47
4163.74
4072.48
4112.39
6947.53
2892.8
3067.08
884.117
-5624.53
-6289.25
1353.98
-2141.28
3681.45
5544.77
6923.08
6967.23
7183.67
6965.4
3906.5
3716.68
3755.25
3662.05
4080.05
3717.9
3841.2
3856.43
3914.52
4078.11
7193.38
2510.15
-4300.84
-6947.62
-3653.96
-604.719
-1784.6
2178.91
4324.7
5819.56
7161.25
7794.59
7383.12
7465.59
3833.24
4058.32
4278.39
4050.32
4030.77
4271.08
4265.18
4282.69
3910.68
4135.62
6740.48
2673.94
-3973.06
-7064.92
-3884.65
-5150.35
1386.09
7.03839
3746.94
5347.92
6634.11
6031.09
6148.97
6530.93
3320.43
3498.46
3487.47
3238.07
3123.73
3175.74
3396.75
3297.6
3428.15
3529.85
6140.74
4542.4
-1124.8
-1015.34
-5714.77
1566.3
-6348.3
-2265.21
3591.24
5168.52
6380.78
6274.06
6208.69
6154.03
3159.3
3556.43
3479.78
3247.15
3377.97
3517.69
3493.24
3446.18
3696.6
3699.39
6704.56
2735.79
-1881.02
-7341.43
-506.539
-8082.18
-1886.1
-1316.82
4040.64
5642.63
6840.86
6867.94
7359.41
6561.1
3467.44
3505.52
3361.77
3192.68
3244.72
3129.18
3485.2
3557.86
3367.59
3424.88
6543.25
1459.46
-1804.69
-6730.16
-6195.04
-3284.95
-6533.5
-121.809
3582.66
5023.81
6682.31
6439.31
6471.42
6956.63
3783.1
3908.29
3961.35
3801.45
3814.06
3957.03
4107.21
4221.61
4522.18
4509.33
7686.77
3465.42
4179.25
1735.61
-3324.78
-2528.32
-1056.4
2367.26
3651.64
6193.71
7869.58
7803.94
7996.95
8142.21
3944.08
4065.28
4253.51
4395.98
4248.55
4160.33
4174.1
4384.63
3975.01
4064.69
7304.86
5557.64
-362.483
1515.62
5832.66
-3400.85
1322.86
1935.47
1546
5159.54
5820.9
6492.02
6394.85
6211.57
3376.96
3171.93
3197.19
3440.76
3107.42
3227.15
4642.31
4740.87
4547.96
4769.51
8341.2
6271.82
-2818.35
1804.72
482.891
-7169.22
-4358.31
2763.81
4788.72
5807.35
8052.78
8084.05
5583.2
5656.36
3058.78
3433.79
3328.93
3260.15
3418.27
3440.73
3198.29
4708.66
4777.44
4533.64
8502.79
7016.56
3680.2
-1917.24
291.355
-8492.49
1549.88
-1531.98
3804.38
6654.46
8348.62
8143.35
5370.91
6110.04
3208.9
