1
TransitionPrice*(amount['BC'] + amount['BG'] + amount['GB'] + amount['RB']) + 
  ReservePrice*(InitBattery - amount['BC'] - amount['BG'] + amount['GB'] + 
  amount['RB']) + BuyingPrice*(amount['GB'] + amount['GC']) - SellingPrice*(
  amount['BG'] + amount['RG']) = 3091.76

: _objname    _obj      :=
1   cost     6247.17
;

2
TransitionPrice*(amount['BC'] + amount['BG'] + amount['GB'] + amount['RB']) + 
  ReservePrice*(InitBattery - amount['BC'] - amount['BG'] + amount['GB'] + 
  amount['RB']) + BuyingPrice*(amount['GB'] + amount['GC']) - SellingPrice*(
  amount['BG'] + amount['RG']) = 2919.22

: _objname    _obj      :=
1   cost     6305.43
;

3
TransitionPrice*(amount['BC'] + amount['BG'] + amount['GB'] + amount['RB']) + 
  ReservePrice*(InitBattery - amount['BC'] - amount['BG'] + amount['GB'] + 
  amount['RB']) + BuyingPrice*(amount['GB'] + amount['GC']) - SellingPrice*(
  amount['BG'] + amount['RG']) = 3163.65

: _objname    _obj      :=
1   cost     6508.91
;

4
TransitionPrice*(amount['BC'] + amount['BG'] + amount['GB'] + amount['RB']) + 
  ReservePrice*(InitBattery - amount['BC'] - amount['BG'] + amount['GB'] + 
  amount['RB']) + BuyingPrice*(amount['GB'] + amount['GC']) - SellingPrice*(
  amount['BG'] + amount['RG']) = 3122.7

: _objname    _obj      :=
1   cost     6556.42
;

5
TransitionPrice*(amount['BC'] + amount['BG'] + amount['GB'] + amount['RB']) + 
  ReservePrice*(InitBattery - amount['BC'] - amount['BG'] + amount['GB'] + 
  amount['RB']) + BuyingPrice*(amount['GB'] + amount['GC']) - SellingPrice*(
  amount['BG'] + amount['RG']) = 3217.78

: _objname    _obj      :=
1   cost     6614.22
;

6
TransitionPrice*(amount['BC'] + amount['BG'] + amount['GB'] + amount['RB']) + 
  ReservePrice*(InitBattery - amount['BC'] - amount['BG'] + amount['GB'] + 
  amount['RB']) + BuyingPrice*(amount['GB'] + amount['GC']) - SellingPrice*(
  amount['BG'] + amount['RG']) = 3180.5

: _objname    _obj      :=
1   cost     6980.13
;

7
TransitionPrice*(amount['BC'] + amount['BG'] + amount['GB'] + amount['RB']) + 
  ReservePrice*(InitBattery - amount['BC'] - amount['BG'] + amount['GB'] + 
  amount['RB']) + BuyingPrice*(amount['GB'] + amount['GC']) - SellingPrice*(
  amount['BG'] + amount['RG']) = 3519.7

: _objname    _obj      :=
1   cost     9159.51
;

8
TransitionPrice*(amount['BC'] + amount['BG'] + amount['GB'] + amount['RB']) + 
  ReservePrice*(InitBattery - amount['BC'] - amount['BG'] + amount['GB'] + 
  amount['RB']) + BuyingPrice*(amount['GB'] + amount['GC']) - SellingPrice*(
  amount['BG'] + amount['RG']) = 5002.54

: _objname    _obj      :=
1   cost     9609.28
;

9
TransitionPrice*(amount['BC'] + amount['BG'] + amount['GB'] + amount['RB']) + 
  ReservePrice*(InitBattery - amount['BC'] - amount['BG'] + amount['GB'] + 
  amount['RB']) + BuyingPrice*(amount['GB'] + amount['GC']) - SellingPrice*(
  amount['BG'] + amount['RG']) = 3807.72

: _objname    _obj      :=
1   cost     7877.01
;

