_obj [*] :=
1  1277840
;

:         _varname        _var _var.stage     _var.rc      :=
1     "x['g1']"              0      1         46.6
2     "x['g2']"           3400      1          0
3     "y['g1','d1',1]"       0      2          0
4     "y['g1','d1',2]"       0      2          0
5     "y['g1','d1',3]"       0      2          0
6     "y['g1','d1',4]"       0      2          0
7     "y['g1','d1',5]"       0      2          0
8     "y['g1','d1',6]"       0      2          0
9     "y['g1','d1',7]"       0      2          0
10    "y['g1','d1',8]"       0      2          0
11    "y['g1','d1',9]"       0      2          0
12    "y['g1','d1',10]"      0      2          0
13    "y['g1','d1',11]"      0      2          0
14    "y['g1','d1',12]"      0      2          0
15    "y['g1','d1',13]"      0      2          0
16    "y['g1','d1',14]"      0      2          0
17    "y['g1','d1',15]"      0      2          0
18    "y['g1','d1',16]"      0      2          0
19    "y['g1','d1',17]"      0      2          0
20    "y['g1','d1',18]"      0      2          0
21    "y['g1','d1',19]"      0      2          0
22    "y['g1','d1',20]"      0      2          0
23    "y['g1','d1',21]"      0      2          0
24    "y['g1','d1',22]"      0      2          0
25    "y['g1','d1',23]"      0      2          0
26    "y['g1','d1',24]"      0      2          0
27    "y['g1','d1',25]"      0      2          0
28    "y['g1','d1',26]"      0      2          0
29    "y['g1','d1',27]"      0      2          0
30    "y['g1','d2',1]"       0      2          0.1029
31    "y['g1','d2',2]"       0      2          0.1617
32    "y['g1','d2',3]"       0      2          0.0294
33    "y['g1','d2',4]"       0      2          0.1617
34    "y['g1','d2',5]"       0      2          0.2541
35    "y['g1','d2',6]"       0      2          0.0462
36    "y['g1','d2',7]"       0      2          0.0294
37    "y['g1','d2',8]"       0      2          0.0462
38    "y['g1','d2',9]"       0      2          0.0084
39    "y['g1','d2',10]"      0      2          0.1617
40    "y['g1','d2',11]"      0      2          0.2541
41    "y['g1','d2',12]"      0      2          0.0462
42    "y['g1','d2',13]"      0      2          0.2541
43    "y['g1','d2',14]"      0      2          0.3993
44    "y['g1','d2',15]"      0      2          0.0726
45    "y['g1','d2',16]"      0      2          0.0462
46    "y['g1','d2',17]"      0      2          0.0726
47    "y['g1','d2',18]"      0      2          0.0132
48    "y['g1','d2',19]"      0      2          0.0294
49    "y['g1','d2',20]"      0      2          0.0462
50    "y['g1','d2',21]"      0      2          0.0084
51    "y['g1','d2',22]"      0      2          0.0462
52    "y['g1','d2',23]"      0      2          0.0726
53    "y['g1','d2',24]"      0      2          0.0132
54    "y['g1','d2',25]"      0      2          0.0084
55    "y['g1','d2',26]"      0      2          0.0132
56    "y['g1','d2',27]"      0      2          0.0024
57    "y['g1','d3',1]"       0      2          0.124338
58    "y['g1','d3',2]"       0      2          0.195388
59    "y['g1','d3',3]"       0      2          0.035525
60    "y['g1','d3',4]"       0      2          0.195388
61    "y['g1','d3',5]"       0      2          0.307038
62    "y['g1','d3',6]"       0      2          0.055825
63    "y['g1','d3',7]"       0      2          0.035525
64    "y['g1','d3',8]"       0      2          0.055825
65    "y['g1','d3',9]"       0      2          0.01015
66    "y['g1','d3',10]"      0      2          0.195388
67    "y['g1','d3',11]"      0      2          0.307038
68    "y['g1','d3',12]"      0      2          0.055825
69    "y['g1','d3',13]"      0      2          0.307038
70    "y['g1','d3',14]"      0      2          0.482488
71    "y['g1','d3',15]"      0      2          0.087725
72    "y['g1','d3',16]"      0      2          0.055825
73    "y['g1','d3',17]"      0      2          0.087725
74    "y['g1','d3',18]"      0      2          0.01595
75    "y['g1','d3',19]"      0      2          0.035525
76    "y['g1','d3',20]"      0      2          0.055825
77    "y['g1','d3',21]"      0      2          0.01015
78    "y['g1','d3',22]"      0      2          0.055825
79    "y['g1','d3',23]"      0      2          0.087725
80    "y['g1','d3',24]"      0      2          0.01595
81    "y['g1','d3',25]"      0      2          0.01015
82    "y['g1','d3',26]"      0      2          0.01595
83    "y['g1','d3',27]"      0      2          0.0029
84    "y['g2','d1',1]"     900      2          0
85    "y['g2','d1',2]"     900      2          0
86    "y['g2','d1',3]"     900      2          0
87    "y['g2','d1',4]"     900      2          0
88    "y['g2','d1',5]"     900      2          0
89    "y['g2','d1',6]"     900      2          0
90    "y['g2','d1',7]"     900      2          0
91    "y['g2','d1',8]"     900      2          0
92    "y['g2','d1',9]"     750      2          0
93    "y['g2','d1',10]"   1000      2          0
94    "y['g2','d1',11]"   1000      2          0
95    "y['g2','d1',12]"   1000      2          0
96    "y['g2','d1',13]"   1000      2          0
97    "y['g2','d1',14]"   1000      2          0
98    "y['g2','d1',15]"   1000      2          0
99    "y['g2','d1',16]"   1000      2          0
100   "y['g2','d1',17]"   1000      2          0
101   "y['g2','d1',18]"    750      2          0
102   "y['g2','d1',19]"   1300      2          0
103   "y['g2','d1',20]"   1300      2          0
104   "y['g2','d1',21]"   1100      2          0
105   "y['g2','d1',22]"   1300      2          0
106   "y['g2','d1',23]"   1300      2          0
107   "y['g2','d1',24]"   1000      2          0
108   "y['g2','d1',25]"   1250      2          0
109   "y['g2','d1',26]"   1050      2          0
110   "y['g2','d1',27]"    750      2          0
111   "y['g2','d2',1]"     900      2          0
112   "y['g2','d2',2]"     900      2          0
113   "y['g2','d2',3]"     900      2          0
114   "y['g2','d2',4]"    1000      2          0
115   "y['g2','d2',5]"    1000      2          0
116   "y['g2','d2',6]"    1000      2          0
117   "y['g2','d2',7]"    1250      2          0
118   "y['g2','d2',8]"    1250      2          0
119   "y['g2','d2',9]"    1250      2          0
120   "y['g2','d2',10]"    900      2          0
121   "y['g2','d2',11]"    900      2          0
122   "y['g2','d2',12]"    900      2          0
123   "y['g2','d2',13]"   1000      2          0
124   "y['g2','d2',14]"   1000      2          0
125   "y['g2','d2',15]"   1000      2          0
126   "y['g2','d2',16]"   1250      2          0
127   "y['g2','d2',17]"   1250      2          0
128   "y['g2','d2',18]"   1250      2          0
129   "y['g2','d2',19]"    900      2          0
130   "y['g2','d2',20]"    900      2          0
131   "y['g2','d2',21]"    900      2          0
132   "y['g2','d2',22]"   1000      2          0
133   "y['g2','d2',23]"   1000      2          0
134   "y['g2','d2',24]"   1000      2          0
135   "y['g2','d2',25]"   1250      2          0
136   "y['g2','d2',26]"   1250      2          0
137   "y['g2','d2',27]"   1250      2          0
138   "y['g2','d3',1]"     900      2          0
139   "y['g2','d3',2]"    1100      2          0
140   "y['g2','d3',3]"    1400      2          0
141   "y['g2','d3',4]"     900      2          0
142   "y['g2','d3',5]"    1100      2          0
143   "y['g2','d3',6]"    1400      2          0
144   "y['g2','d3',7]"     900      2          0
145   "y['g2','d3',8]"    1100      2          0
146   "y['g2','d3',9]"    1400      2          0
147   "y['g2','d3',10]"    900      2          0
148   "y['g2','d3',11]"   1100      2          0
149   "y['g2','d3',12]"   1400      2          0
150   "y['g2','d3',13]"    900      2          0
151   "y['g2','d3',14]"   1100      2          0
152   "y['g2','d3',15]"   1400      2          0
153   "y['g2','d3',16]"    900      2          0
154   "y['g2','d3',17]"   1100      2          0
155   "y['g2','d3',18]"   1400      2          0
156   "y['g2','d3',19]"    900      2          0
157   "y['g2','d3',20]"   1100      2          0
158   "y['g2','d3',21]"   1400      2          0
159   "y['g2','d3',22]"    900      2          0
160   "y['g2','d3',23]"   1100      2          0
161   "y['g2','d3',24]"   1400      2          0
162   "y['g2','d3',25]"    900      2          0
163   "y['g2','d3',26]"   1100      2          0
164   "y['g2','d3',27]"   1400      2          0
165   "z['d1',1]"            0      2        514.17
166   "z['d1',2]"            0      2        807.981
167   "z['d1',3]"            0      2        146.906
168   "z['d1',4]"            0      2        807.981
169   "z['d1',5]"            0      2       1269.68
170   "z['d1',6]"            0      2        230.852
171   "z['d1',7]"            0      2        146.906
172   "z['d1',8]"            0      2        230.852
173   "z['d1',9]"          150      2          0
174   "z['d1',10]"           0      2        807.981
175   "z['d1',11]"           0      2       1269.68
176   "z['d1',12]"           0      2        230.852
177   "z['d1',13]"           0      2       1269.68
178   "z['d1',14]"           0      2       1995.22
179   "z['d1',15]"           0      2        348.551
180   "z['d1',16]"           0      2        230.852
181   "z['d1',17]"           0      2        362.767
182   "z['d1',18]"         250      2          0
183   "z['d1',19]"           0      2        146.906
184   "z['d1',20]"           0      2        230.852
185   "z['d1',21]"         200      2          0
186   "z['d1',22]"           0      2        230.852
187   "z['d1',23]"           0      2        362.767
188   "z['d1',24]"         300      2          0
189   "z['d1',25]"          50      2          0
190   "z['d1',26]"         250      2          0
191   "z['d1',27]"         550      2          0
192   "z['d2',1]"            0      2        514.371
193   "z['d2',2]"            0      2        808.298
194   "z['d2',3]"            0      2        146.963
195   "z['d2',4]"            0      2        808.298
196   "z['d2',5]"            0      2       1270.18
197   "z['d2',6]"            0      2        230.942
198   "z['d2',7]"            0      2        146.963
199   "z['d2',8]"            0      2        230.942
200   "z['d2',9]"            0      2          0.01645
201   "z['d2',10]"           0      2        808.298
202   "z['d2',11]"           0      2       1270.18
203   "z['d2',12]"           0      2        230.942
204   "z['d2',13]"           0      2       1270.18
205   "z['d2',14]"           0      2       1996
206   "z['d2',15]"           0      2        348.694
207   "z['d2',16]"           0      2        230.942
208   "z['d2',17]"           0      2        362.909
209   "z['d2',18]"           0      2          0.02585
210   "z['d2',19]"           0      2        146.963
211   "z['d2',20]"           0      2        230.942
212   "z['d2',21]"           0      2          0.01645
213   "z['d2',22]"           0      2        230.942
214   "z['d2',23]"           0      2        362.909
215   "z['d2',24]"           0      2          0.02585
216   "z['d2',25]"           0      2          0.01645
217   "z['d2',26]"           0      2          0.02585
218   "z['d2',27]"           0      2          0.0047
219   "z['d3',1]"            0      2        514.457
220   "z['d3',2]"            0      2        808.433
221   "z['d3',3]"            0      2        146.988
222   "z['d3',4]"            0      2        808.433
223   "z['d3',5]"            0      2       1270.39
224   "z['d3',6]"            0      2        230.981
225   "z['d3',7]"            0      2        146.988
226   "z['d3',8]"            0      2        230.981
227   "z['d3',9]"            0      2          0.02345
228   "z['d3',10]"           0      2        808.433
229   "z['d3',11]"           0      2       1270.39
230   "z['d3',12]"           0      2        230.981
231   "z['d3',13]"           0      2       1270.39
232   "z['d3',14]"           0      2       1996.33
233   "z['d3',15]"           0      2        348.754
234   "z['d3',16]"           0      2        230.981
235   "z['d3',17]"           0      2        362.97
236   "z['d3',18]"           0      2          0.03685
237   "z['d3',19]"           0      2        146.988
238   "z['d3',20]"           0      2        230.981
239   "z['d3',21]"           0      2          0.02345
240   "z['d3',22]"           0      2        230.981
241   "z['d3',23]"           0      2        362.97
242   "z['d3',24]"           0      2          0.03685
243   "z['d3',25]"           0      2          0.02345
244   "z['d3',26]"           0      2          0.03685
245   "z['d3',27]"           0      2          0.0067
;

